+ [ ! -z '' ]
+ . ./environment.ksh
+ set -ax
+ MACHINE=gpsc4
+ CONTAINER=dfo/dfo_all_default_ubuntu-18.04-amd64_latest
+ PROJECT=rrg-nereusvc
+ TIMELIMIT=04:00:00
+ TIMELIMIT_PP=01:00:00
+ MEMLIMIT=3900M
+ QUEUE=dev
+ JPNI=5
+ JPNJ=19
+ NBPROC=95
+ NBPROC_XIO=1
+ expr 95 + 1
+ TOTPROC=96
+ MAXSUB=12
+ NDATEDEB=20151129
+ PASDETEMPS=120
+ NNBARO=20
+ NNSTOCK=72000
+ SPLIT_FREQ=100
+ MESHRUN=no
+ RESTART=no
+ CONF_NAME=SalishSea1500
+ CONF_NBR=RUN181
+ CONFIG=SalishSea1500-RUN181
+ SEAICE_MODULE=NONE
+ ATMOS_DATA=NONE
+ OBC_ACTIVE=no
+ TIDE_ACTIVE=no
+ TIDE_2Dfile=no
+ RIVER_ACTIVE=no
+ DIR_CALCU_EXE=/home/mdunphy/project/mdunphy/Software/NEMO36OPP/NEMOGCM/CONFIG/SalishSea1500/BLD/bin
+ DIR_CALCU_SHR=/home/mdunphy/project/mdunphy/Software/NEMO36OPP/NEMOGCM/CONFIG/SHARED
+ DIR_CALCU_RBL=/home/mdunphy/project/mdunphy/Software/NEMO36OPP/NEMOGCM/TOOLS/REBUILD_NEMO
+ DIR_CALCU_XIO=/home/mdunphy/project/mdunphy/Software/XIOS/bin
+ DIR_CALCU_CTL=/home/mdunphy/project/mdunphy/control/SalishSea1500-RUN181
+ DIR_CALCU_UTL=/home/mdunphy/bin
+ DIR_ARCHI_FORC=/home/mdunphy/project/mdunphy/Forcing/grid
+ DIR_ARCHI_ATMOS=/home/mdunphy/project/mdunphy/Forcing/OPPwestSS
+ DIR_ARCHI_INPUT=/home/mdunphy/project/mdunphy/Forcing/grid
+ DIR_ARCHI_CLIM=/unused
+ DIR_ARCHI_OBC=/unused
+ DIR_ARCHI_OBCN=/unused
+ DIR_ARCHI_TIDE=/unused
+ DIR_ARCHI_HOME=/home/mdunphy/project/mdunphy/nemo_results/SalishSea1500/SalishSea1500-RUN181
+ DIR_ARCHI_CDF=/home/mdunphy/project/mdunphy/nemo_results/SalishSea1500/SalishSea1500-RUN181/CDF
+ DIR_ARCHI_LOG=/home/mdunphy/project/mdunphy/nemo_results/SalishSea1500/SalishSea1500-RUN181/LOG
+ DIR_ARCHI_RST=/home/mdunphy/project/mdunphy/nemo_results/SalishSea1500/SalishSea1500-RUN181/RST
+ [ ! -d /home/mdunphy/project/mdunphy/nemo_results/SalishSea1500/SalishSea1500-RUN181 ]
+ [ ! -d /home/mdunphy/project/mdunphy/nemo_results/SalishSea1500/SalishSea1500-RUN181/RST ]
+ [ ! -d /home/mdunphy/project/mdunphy/nemo_results/SalishSea1500/SalishSea1500-RUN181/CDF ]
+ [ ! -d /home/mdunphy/project/mdunphy/nemo_results/SalishSea1500/SalishSea1500-RUN181/LOG ]
+ DIR_TMP_HOME=/home/mdunphy/scratch/nemo_temp/SalishSea1500/SalishSea1500-RUN181
+ DIR_TMP_RST=/home/mdunphy/scratch/nemo_temp/SalishSea1500/SalishSea1500-RUN181/RST
+ DIR_TMP_CDF=/home/mdunphy/scratch/nemo_temp/SalishSea1500/SalishSea1500-RUN181/CDF
+ DIR_TMP_LOG=/home/mdunphy/scratch/nemo_temp/SalishSea1500/SalishSea1500-RUN181/LOG
+ DIR_TMP_RUN=/home/mdunphy/scratch/nemo_temp/SalishSea1500/SalishSea1500-RUN181/RUN
+ DIR_TMP_ATM=/home/mdunphy/scratch/nemo_temp/SalishSea1500/SalishSea1500-RUN181/RUN/ATMDATA
+ DIR_TMP_OBC=/home/mdunphy/scratch/nemo_temp/SalishSea1500/SalishSea1500-RUN181/RUN/BDY
+ DIR_TMP_RVR=/home/mdunphy/scratch/nemo_temp/SalishSea1500/SalishSea1500-RUN181/RUN/RIVER
+ [ ! -d /home/mdunphy/scratch/nemo_temp/SalishSea1500/SalishSea1500-RUN181 ]
+ [ ! -d /home/mdunphy/scratch/nemo_temp/SalishSea1500/SalishSea1500-RUN181/RST ]
+ [ ! -d /home/mdunphy/scratch/nemo_temp/SalishSea1500/SalishSea1500-RUN181/CDF ]
+ [ ! -d /home/mdunphy/scratch/nemo_temp/SalishSea1500/SalishSea1500-RUN181/LOG ]
+ [ ! -d /home/mdunphy/scratch/nemo_temp/SalishSea1500/SalishSea1500-RUN181/RUN ]
+ EXEC_NAME=nemo.exe
+ BATMET_FIL=bathy_salishsea_1500m_20210706.nc
+ COORD_FIL=coordinates_salishsea_1500m.nc
+ BATLE_FIL=''
+ BFRI_FIL=''
+ SHLAT_FIL=''
+ TEMP_FIL=''
+ SAL_FIL=''
+ U_FIL=''
+ V_FIL=''
+ SSH_FIL=''
+ RUNOFF_FIL=''
+ RUNOFF_TEMP_FIL=''
+ RUNOFF_MASK_FIL=''
+ CHLA_FIL=''
+ RGB_FIL=''
+ INITICE_FIL=''
+ CICE_GRID=''
+ compo_list=M2
+ TIDE_PREF=''
+ TIDEH_FIL=''
+ TIDEU_FIL=''
+ TIDEV_FIL=''
+ TMX_K1=''
+ TMX_M2=''
+ TMX_MASK=''
+ TMX_MASK=''
+ DUST_FIL=''
+ RIVER_FIL=''
+ obc_list=''
+ obcpref2D=''
+ obcsuf2D=''
+ obcprefNorth=''
+ WEIGHTS_FIL=weights_bilin_OPPwestSS.nc
+ RESTART_FILE=/home/mdunphy/MEOPAR/forcing/restart/hindcast.201812/31dec15/SalishSea_01682640_restart.nc

Configuration name : SalishSea1500-RUN181
Number of procs : 95

Initialisation from climatology or analytical profiles


home : /home/mdunphy

CALCU directories :
~~~~~~~~~~~~~~~~~~~~~~~~~~~~
/home/mdunphy/project/mdunphy/Software/NEMO36OPP/NEMOGCM/CONFIG/SalishSea1500/BLD/bin : directory where is the NEMO executable
/home/mdunphy/project/mdunphy/Software/NEMO36OPP/NEMOGCM/CONFIG/SHARED : directory where is the shared files
/home/mdunphy/project/mdunphy/Software/XIOS/bin : directory where is the XIOS server
/home/mdunphy/project/mdunphy/control/SalishSea1500-RUN181 : directory where are control files of the run
/home/mdunphy/bin : directory where to find utilities

MACHINEARCHI directories :
~~~~~~~~~~~~~~~~~~~~~~~~~~~~
/home/mdunphy/project/mdunphy/Forcing/OPPwestSS : directory to stock the atmos forcing fields
/home/mdunphy/project/mdunphy/Forcing/grid : directory for the input files
/unused : directory for the climatology files
/unused : directory for the obc files
/home/mdunphy/project/mdunphy/nemo_results/SalishSea1500/SalishSea1500-RUN181 : directory to stock the results
/home/mdunphy/project/mdunphy/nemo_results/SalishSea1500/SalishSea1500-RUN181/RST : directory to stock the restarts
/home/mdunphy/project/mdunphy/nemo_results/SalishSea1500/SalishSea1500-RUN181/CDF : directory for combined netCDF results
/home/mdunphy/project/mdunphy/nemo_results/SalishSea1500/SalishSea1500-RUN181/LOG : directory for ice something ...

TEMP directories :
~~~~~~~~~~~~~~~~~~~~
/home/mdunphy/scratch/nemo_temp/SalishSea1500/SalishSea1500-RUN181 : home temp directory
/home/mdunphy/scratch/nemo_temp/SalishSea1500/SalishSea1500-RUN181/RST : directory for the restart
/home/mdunphy/scratch/nemo_temp/SalishSea1500/SalishSea1500-RUN181/CDF : directory for the cdf
/home/mdunphy/scratch/nemo_temp/SalishSea1500/SalishSea1500-RUN181/LOG : directory for the log
/home/mdunphy/scratch/nemo_temp/SalishSea1500/SalishSea1500-RUN181/RUN : directory to run
/home/mdunphy/scratch/nemo_temp/SalishSea1500/SalishSea1500-RUN181/RUN/ATMDATA : directory for the atmos forcing
/home/mdunphy/scratch/nemo_temp/SalishSea1500/SalishSea1500-RUN181/RUN/BDY : directory for the obc files

Run features :
~~~~~~~~~~~~~~
Executable name : nemo.exe
Bathymetry : bathy_salishsea_1500m_20210706.nc
Coordinates : coordinates_salishsea_1500m.nc
K1 tidal mixing :
M2 tidal mixing :
Mask tidal mixing :
Shlat :
Clim T :
Clim S :
Clim U :
Clim V :
Runoff :
Chlorophyl :
List of the open boundaries :

Rebuild lddcheck
gra582
ldd /home/mdunphy/project/mdunphy/Software/NEMO36OPP/NEMOGCM/TOOLS/REBUILD_NEMO/BLD/bin/rebuild_nemo.exe
	linux-vdso.so.1 (0x00007fffaa9a7000)
	libstdc++.so.6 => /cvmfs/soft.computecanada.ca/gentoo/2020/usr/lib/gcc/x86_64-pc-linux-gnu/11.3.0/libstdc++.so.6 (0x00002addbce35000)
	libz.so.1 => /cvmfs/soft.computecanada.ca/gentoo/2020/usr/lib64/libz.so.1 (0x00002addbd0d9000)
	libnetcdff.so.7 => /cvmfs/soft.computecanada.ca/easybuild/software/2020/avx2/MPI/intel2020/openmpi4/netcdf-fortran-mpi/4.5.2/lib/libnetcdff.so.7 (0x00002addbd0f3000)
	libnetcdf.so.18 => /cvmfs/soft.computecanada.ca/easybuild/software/2020/avx2/MPI/intel2020/openmpi4/netcdf-mpi/4.7.4/lib64/libnetcdf.so.18 (0x00002addbd611000)
	libm.so.6 => /cvmfs/soft.computecanada.ca/gentoo/2020/lib64/libm.so.6 (0x00002addbd7ff000)
	libiomp5.so => /cvmfs/soft.computecanada.ca/easybuild/software/2020/Core/intel/2020.1.217/lib/intel64/libiomp5.so (0x00002addbd942000)
	libpthread.so.0 => /cvmfs/soft.computecanada.ca/gentoo/2020/lib64/libpthread.so.0 (0x00002addbdd4c000)
	libmpi_usempif08.so.40 => /cvmfs/soft.computecanada.ca/easybuild/software/2020/avx2/Compiler/intel2020/openmpi/4.0.3/lib/libmpi_usempif08.so.40 (0x00002addbdd6c000)
	libmpi_usempi_ignore_tkr.so.40 => /cvmfs/soft.computecanada.ca/easybuild/software/2020/avx2/Compiler/intel2020/openmpi/4.0.3/lib/libmpi_usempi_ignore_tkr.so.40 (0x00002addbdda7000)
	libmpi_mpifh.so.40 => /cvmfs/soft.computecanada.ca/easybuild/software/2020/avx2/Compiler/intel2020/openmpi/4.0.3/lib/libmpi_mpifh.so.40 (0x00002addbddb6000)
	libmpi.so.40 => /cvmfs/soft.computecanada.ca/easybuild/software/2020/avx2/Compiler/intel2020/openmpi/4.0.3/lib/libmpi.so.40 (0x00002addbde24000)
	libc.so.6 => /cvmfs/soft.computecanada.ca/gentoo/2020/lib64/libc.so.6 (0x00002addbe165000)
	libgcc_s.so.1 => /cvmfs/soft.computecanada.ca/gentoo/2020/usr/lib/gcc/x86_64-pc-linux-gnu/11.3.0/libgcc_s.so.1 (0x00002addbe31f000)
	libdl.so.2 => /cvmfs/soft.computecanada.ca/gentoo/2020/lib64/libdl.so.2 (0x00002addbe33a000)
	/cvmfs/soft.computecanada.ca/gentoo/2020/lib64/ld-linux-x86-64.so.2 (0x00002addbcdd3000)
	libifport.so.5 => /cvmfs/soft.computecanada.ca/easybuild/software/2020/Core/intel/2020.1.217/lib/intel64/libifport.so.5 (0x00002addbe341000)
	libifcoremt.so.5 => /cvmfs/soft.computecanada.ca/easybuild/software/2020/Core/intel/2020.1.217/lib/intel64/libifcoremt.so.5 (0x00002addbe572000)
	libimf.so => /cvmfs/soft.computecanada.ca/easybuild/software/2020/Core/intel/2020.1.217/lib/intel64/libimf.so (0x00002addbe917000)
	libsvml.so => /cvmfs/soft.computecanada.ca/easybuild/software/2020/Core/intel/2020.1.217/lib/intel64/libsvml.so (0x00002addbf01a000)
	libintlc.so.5 => /cvmfs/soft.computecanada.ca/easybuild/software/2020/Core/intel/2020.1.217/lib/intel64/libintlc.so.5 (0x00002addc0b25000)
	libhdf5_hl.so.100 => /cvmfs/soft.computecanada.ca/easybuild/software/2020/avx2/MPI/intel2020/openmpi4/hdf5-mpi/1.10.6/lib/libhdf5_hl.so.100 (0x00002addc0da0000)
	libhdf5.so.103 => /cvmfs/soft.computecanada.ca/easybuild/software/2020/avx2/MPI/intel2020/openmpi4/hdf5-mpi/1.10.6/lib/libhdf5.so.103 (0x00002addc0dca000)
	libsz.so.2 => /cvmfs/soft.computecanada.ca/gentoo/2020/usr/lib64/libsz.so.2 (0x00002addc12c5000)
	libcurl.so.4 => /cvmfs/soft.computecanada.ca/gentoo/2020/usr/lib64/libcurl.so.4 (0x00002addc12dc000)
	libirng.so => /cvmfs/soft.computecanada.ca/easybuild/software/2020/Core/intel/2020.1.217/lib/intel64/libirng.so (0x00002addc1367000)
	libopen-rte.so.40 => /cvmfs/soft.computecanada.ca/easybuild/software/2020/avx2/Compiler/intel2020/openmpi/4.0.3/lib/libopen-rte.so.40 (0x00002addc16d3000)
	libopen-pal.so.40 => /cvmfs/soft.computecanada.ca/easybuild/software/2020/avx2/Compiler/intel2020/openmpi/4.0.3/lib/libopen-pal.so.40 (0x00002addc1812000)
	librt.so.1 => /cvmfs/soft.computecanada.ca/gentoo/2020/lib64/librt.so.1 (0x00002addc1ab7000)
	libutil.so.1 => /cvmfs/soft.computecanada.ca/gentoo/2020/lib64/libutil.so.1 (0x00002addc1ac1000)
	libhwloc.so.5 => /cvmfs/soft.computecanada.ca/gentoo/2020/usr/lib64/libhwloc.so.5 (0x00002addc1ac6000)
	libevent-2.1.so.6 => /cvmfs/soft.computecanada.ca/gentoo/2020/usr/lib64/libevent-2.1.so.6 (0x00002addc1b0a000)
	libevent_pthreads-2.1.so.6 => /cvmfs/soft.computecanada.ca/gentoo/2020/usr/lib64/libevent_pthreads-2.1.so.6 (0x00002addc1b5f000)
	libnghttp2.so.14 => /cvmfs/soft.computecanada.ca/gentoo/2020/usr/lib64/libnghttp2.so.14 (0x00002addc1b64000)
	libssl.so.1.1 => /cvmfs/soft.computecanada.ca/gentoo/2020/usr/lib64/libssl.so.1.1 (0x00002addc1b8e000)
	libcrypto.so.1.1 => /cvmfs/soft.computecanada.ca/gentoo/2020/usr/lib64/libcrypto.so.1.1 (0x00002addc1c20000)
	libgssapi_krb5.so.2 => /cvmfs/soft.computecanada.ca/gentoo/2020/usr/lib64/libgssapi_krb5.so.2 (0x00002addc1ede000)
	libkrb5.so.3 => /cvmfs/soft.computecanada.ca/gentoo/2020/usr/lib64/libkrb5.so.3 (0x00002addc1f2d000)
	libk5crypto.so.3 => /cvmfs/soft.computecanada.ca/gentoo/2020/usr/lib64/libk5crypto.so.3 (0x00002addc200c000)
	libcom_err.so.2 => /cvmfs/soft.computecanada.ca/gentoo/2020/usr/lib64/libcom_err.so.2 (0x00002addc2042000)
	libzstd.so.1 => /cvmfs/soft.computecanada.ca/gentoo/2020/usr/lib64/libzstd.so.1 (0x00002addc2048000)
	libnuma.so.1 => /cvmfs/soft.computecanada.ca/gentoo/2020/usr/lib64/libnuma.so.1 (0x00002addc20f8000)
	libudev.so.1 => /cvmfs/soft.computecanada.ca/gentoo/2020/lib64/libudev.so.1 (0x00002addc2106000)
	libpciaccess.so.0 => /cvmfs/soft.computecanada.ca/gentoo/2020/usr/lib64/libpciaccess.so.0 (0x00002addc212e000)
	libxml2.so.2 => /cvmfs/soft.computecanada.ca/gentoo/2020/usr/lib64/libxml2.so.2 (0x00002addc2139000)
	libkrb5support.so.0 => /cvmfs/soft.computecanada.ca/gentoo/2020/usr/lib64/libkrb5support.so.0 (0x00002addc22a2000)
	libkeyutils.so.1 => /cvmfs/soft.computecanada.ca/gentoo/2020/usr/lib64/libkeyutils.so.1 (0x00002addc22b1000)
	libresolv.so.2 => /cvmfs/soft.computecanada.ca/gentoo/2020/lib64/libresolv.so.2 (0x00002addc22b8000)
	libselinux.so.1 => /cvmfs/soft.computecanada.ca/gentoo/2020/lib64/libselinux.so.1 (0x00002addc22d0000)
	libicuuc.so.65 => /cvmfs/soft.computecanada.ca/gentoo/2020/usr/lib64/libicuuc.so.65 (0x00002addc22fb000)
	liblzma.so.5 => /cvmfs/soft.computecanada.ca/gentoo/2020/usr/lib64/liblzma.so.5 (0x00002addc24dd000)
	libpcre.so.1 => /cvmfs/soft.computecanada.ca/gentoo/2020/usr/lib64/libpcre.so.1 (0x00002addc2505000)
	libicudata.so.65 => /cvmfs/soft.computecanada.ca/gentoo/2020/usr/lib64/libicudata.so.65 (0x00002addc2578000)
Rebuilding SalishSea1500-RUN181_00432000_restart
Restart rebuild of SalishSea1500-RUN181_00432000_restart successful
sending incremental file list
layout.dat_R006_00360001_00432000
namelist_cfg_R006_00360001_00432000
namelist_ref_R006_00360001_00432000
nemo.stderr_R006_00360001_00432000
nemo.stdout_R006_00360001_00432000
ocean.output_R006_00360001_00432000
output.namelist.dyn_R006_00360001_00432000
solver.stat_R006_00360001_00432000
time.step_R006_00360001_00432000
timing.output_R006_00360001_00432000

sent 9,982,301 bytes  received 210 bytes  3,993,004.40 bytes/sec
total size is 9,979,002  speedup is 1.00
sending incremental file list
SalishSea1500-RUN181_1d_grid_T_20170412-20170412.nc
SalishSea1500-RUN181_1d_grid_T_20170413-20170413.nc
SalishSea1500-RUN181_1d_grid_T_20170414-20170414.nc
SalishSea1500-RUN181_1d_grid_T_20170415-20170415.nc
SalishSea1500-RUN181_1d_grid_T_20170416-20170416.nc
SalishSea1500-RUN181_1d_grid_T_20170417-20170417.nc
SalishSea1500-RUN181_1d_grid_T_20170418-20170418.nc
SalishSea1500-RUN181_1d_grid_T_20170419-20170419.nc
SalishSea1500-RUN181_1d_grid_T_20170420-20170420.nc
SalishSea1500-RUN181_1d_grid_T_20170421-20170421.nc
SalishSea1500-RUN181_1d_grid_T_20170422-20170422.nc
SalishSea1500-RUN181_1d_grid_T_20170423-20170423.nc
SalishSea1500-RUN181_1d_grid_T_20170424-20170424.nc
SalishSea1500-RUN181_1d_grid_T_20170425-20170425.nc
SalishSea1500-RUN181_1d_grid_T_20170426-20170426.nc
SalishSea1500-RUN181_1d_grid_T_20170427-20170427.nc
SalishSea1500-RUN181_1d_grid_T_20170428-20170428.nc
SalishSea1500-RUN181_1d_grid_T_20170429-20170429.nc
SalishSea1500-RUN181_1d_grid_T_20170430-20170430.nc
SalishSea1500-RUN181_1d_grid_T_20170501-20170501.nc
SalishSea1500-RUN181_1d_grid_T_20170502-20170502.nc
SalishSea1500-RUN181_1d_grid_T_20170503-20170503.nc
SalishSea1500-RUN181_1d_grid_T_20170504-20170504.nc
SalishSea1500-RUN181_1d_grid_T_20170505-20170505.nc
SalishSea1500-RUN181_1d_grid_T_20170506-20170506.nc
SalishSea1500-RUN181_1d_grid_T_20170507-20170507.nc
SalishSea1500-RUN181_1d_grid_T_20170508-20170508.nc
SalishSea1500-RUN181_1d_grid_T_20170509-20170509.nc
SalishSea1500-RUN181_1d_grid_T_20170510-20170510.nc
SalishSea1500-RUN181_1d_grid_T_20170511-20170511.nc
SalishSea1500-RUN181_1d_grid_T_20170512-20170512.nc
SalishSea1500-RUN181_1d_grid_T_20170513-20170513.nc
SalishSea1500-RUN181_1d_grid_T_20170514-20170514.nc
SalishSea1500-RUN181_1d_grid_T_20170515-20170515.nc
SalishSea1500-RUN181_1d_grid_T_20170516-20170516.nc
SalishSea1500-RUN181_1d_grid_T_20170517-20170517.nc
SalishSea1500-RUN181_1d_grid_T_20170518-20170518.nc
SalishSea1500-RUN181_1d_grid_T_20170519-20170519.nc
SalishSea1500-RUN181_1d_grid_T_20170520-20170520.nc
SalishSea1500-RUN181_1d_grid_T_20170521-20170521.nc
SalishSea1500-RUN181_1d_grid_T_20170522-20170522.nc
SalishSea1500-RUN181_1d_grid_T_20170523-20170523.nc
SalishSea1500-RUN181_1d_grid_T_20170524-20170524.nc
SalishSea1500-RUN181_1d_grid_T_20170525-20170525.nc
SalishSea1500-RUN181_1d_grid_T_20170526-20170526.nc
SalishSea1500-RUN181_1d_grid_T_20170527-20170527.nc
SalishSea1500-RUN181_1d_grid_T_20170528-20170528.nc
SalishSea1500-RUN181_1d_grid_T_20170529-20170529.nc
SalishSea1500-RUN181_1d_grid_T_20170530-20170530.nc
SalishSea1500-RUN181_1d_grid_T_20170531-20170531.nc
SalishSea1500-RUN181_1d_grid_T_20170601-20170601.nc
SalishSea1500-RUN181_1d_grid_T_20170602-20170602.nc
SalishSea1500-RUN181_1d_grid_T_20170603-20170603.nc
SalishSea1500-RUN181_1d_grid_T_20170604-20170604.nc
SalishSea1500-RUN181_1d_grid_T_20170605-20170605.nc
SalishSea1500-RUN181_1d_grid_T_20170606-20170606.nc
SalishSea1500-RUN181_1d_grid_T_20170607-20170607.nc
SalishSea1500-RUN181_1d_grid_T_20170608-20170608.nc
SalishSea1500-RUN181_1d_grid_T_20170609-20170609.nc
SalishSea1500-RUN181_1d_grid_T_20170610-20170610.nc
SalishSea1500-RUN181_1d_grid_T_20170611-20170611.nc
SalishSea1500-RUN181_1d_grid_T_20170612-20170612.nc
SalishSea1500-RUN181_1d_grid_T_20170613-20170613.nc
SalishSea1500-RUN181_1d_grid_T_20170614-20170614.nc
SalishSea1500-RUN181_1d_grid_T_20170615-20170615.nc
SalishSea1500-RUN181_1d_grid_T_20170616-20170616.nc
SalishSea1500-RUN181_1d_grid_T_20170617-20170617.nc
SalishSea1500-RUN181_1d_grid_T_20170618-20170618.nc
SalishSea1500-RUN181_1d_grid_T_20170619-20170619.nc
SalishSea1500-RUN181_1d_grid_T_20170620-20170620.nc
SalishSea1500-RUN181_1d_grid_T_20170621-20170621.nc
SalishSea1500-RUN181_1d_grid_T_20170622-20170622.nc
SalishSea1500-RUN181_1d_grid_T_20170623-20170623.nc
SalishSea1500-RUN181_1d_grid_T_20170624-20170624.nc
SalishSea1500-RUN181_1d_grid_T_20170625-20170625.nc
SalishSea1500-RUN181_1d_grid_T_20170626-20170626.nc
SalishSea1500-RUN181_1d_grid_T_20170627-20170627.nc
SalishSea1500-RUN181_1d_grid_T_20170628-20170628.nc
SalishSea1500-RUN181_1d_grid_T_20170629-20170629.nc
SalishSea1500-RUN181_1d_grid_T_20170630-20170630.nc
SalishSea1500-RUN181_1d_grid_T_20170701-20170701.nc
SalishSea1500-RUN181_1d_grid_T_20170702-20170702.nc
SalishSea1500-RUN181_1d_grid_T_20170703-20170703.nc
SalishSea1500-RUN181_1d_grid_T_20170704-20170704.nc
SalishSea1500-RUN181_1d_grid_T_20170705-20170705.nc
SalishSea1500-RUN181_1d_grid_T_20170706-20170706.nc
SalishSea1500-RUN181_1d_grid_T_20170707-20170707.nc
SalishSea1500-RUN181_1d_grid_T_20170708-20170708.nc
SalishSea1500-RUN181_1d_grid_T_20170709-20170709.nc
SalishSea1500-RUN181_1d_grid_T_20170710-20170710.nc
SalishSea1500-RUN181_1d_grid_T_20170711-20170711.nc
SalishSea1500-RUN181_1d_grid_T_20170712-20170712.nc
SalishSea1500-RUN181_1d_grid_T_20170713-20170713.nc
SalishSea1500-RUN181_1d_grid_T_20170714-20170714.nc
SalishSea1500-RUN181_1d_grid_T_20170715-20170715.nc
SalishSea1500-RUN181_1d_grid_T_20170716-20170716.nc
SalishSea1500-RUN181_1d_grid_T_20170717-20170717.nc
SalishSea1500-RUN181_1d_grid_T_20170718-20170718.nc
SalishSea1500-RUN181_1d_grid_T_20170719-20170719.nc
SalishSea1500-RUN181_1d_grid_T_20170720-20170720.nc
SalishSea1500-RUN181_1d_grid_T_2D_20170412-20170412.nc
SalishSea1500-RUN181_1d_grid_T_2D_20170413-20170413.nc
SalishSea1500-RUN181_1d_grid_T_2D_20170414-20170414.nc
SalishSea1500-RUN181_1d_grid_T_2D_20170415-20170415.nc
SalishSea1500-RUN181_1d_grid_T_2D_20170416-20170416.nc
SalishSea1500-RUN181_1d_grid_T_2D_20170417-20170417.nc
SalishSea1500-RUN181_1d_grid_T_2D_20170418-20170418.nc
SalishSea1500-RUN181_1d_grid_T_2D_20170419-20170419.nc
SalishSea1500-RUN181_1d_grid_T_2D_20170420-20170420.nc
SalishSea1500-RUN181_1d_grid_T_2D_20170421-20170421.nc
SalishSea1500-RUN181_1d_grid_T_2D_20170422-20170422.nc
SalishSea1500-RUN181_1d_grid_T_2D_20170423-20170423.nc
SalishSea1500-RUN181_1d_grid_T_2D_20170424-20170424.nc
SalishSea1500-RUN181_1d_grid_T_2D_20170425-20170425.nc
SalishSea1500-RUN181_1d_grid_T_2D_20170426-20170426.nc
SalishSea1500-RUN181_1d_grid_T_2D_20170427-20170427.nc
SalishSea1500-RUN181_1d_grid_T_2D_20170428-20170428.nc
SalishSea1500-RUN181_1d_grid_T_2D_20170429-20170429.nc
SalishSea1500-RUN181_1d_grid_T_2D_20170430-20170430.nc
SalishSea1500-RUN181_1d_grid_T_2D_20170501-20170501.nc
SalishSea1500-RUN181_1d_grid_T_2D_20170502-20170502.nc
SalishSea1500-RUN181_1d_grid_T_2D_20170503-20170503.nc
SalishSea1500-RUN181_1d_grid_T_2D_20170504-20170504.nc
SalishSea1500-RUN181_1d_grid_T_2D_20170505-20170505.nc
SalishSea1500-RUN181_1d_grid_T_2D_20170506-20170506.nc
SalishSea1500-RUN181_1d_grid_T_2D_20170507-20170507.nc
SalishSea1500-RUN181_1d_grid_T_2D_20170508-20170508.nc
SalishSea1500-RUN181_1d_grid_T_2D_20170509-20170509.nc
SalishSea1500-RUN181_1d_grid_T_2D_20170510-20170510.nc
SalishSea1500-RUN181_1d_grid_T_2D_20170511-20170511.nc
SalishSea1500-RUN181_1d_grid_T_2D_20170512-20170512.nc
SalishSea1500-RUN181_1d_grid_T_2D_20170513-20170513.nc
SalishSea1500-RUN181_1d_grid_T_2D_20170514-20170514.nc
SalishSea1500-RUN181_1d_grid_T_2D_20170515-20170515.nc
SalishSea1500-RUN181_1d_grid_T_2D_20170516-20170516.nc
SalishSea1500-RUN181_1d_grid_T_2D_20170517-20170517.nc
SalishSea1500-RUN181_1d_grid_T_2D_20170518-20170518.nc
SalishSea1500-RUN181_1d_grid_T_2D_20170519-20170519.nc
SalishSea1500-RUN181_1d_grid_T_2D_20170520-20170520.nc
SalishSea1500-RUN181_1d_grid_T_2D_20170521-20170521.nc
SalishSea1500-RUN181_1d_grid_T_2D_20170522-20170522.nc
SalishSea1500-RUN181_1d_grid_T_2D_20170523-20170523.nc
SalishSea1500-RUN181_1d_grid_T_2D_20170524-20170524.nc
SalishSea1500-RUN181_1d_grid_T_2D_20170525-20170525.nc
SalishSea1500-RUN181_1d_grid_T_2D_20170526-20170526.nc
SalishSea1500-RUN181_1d_grid_T_2D_20170527-20170527.nc
SalishSea1500-RUN181_1d_grid_T_2D_20170528-20170528.nc
SalishSea1500-RUN181_1d_grid_T_2D_20170529-20170529.nc
SalishSea1500-RUN181_1d_grid_T_2D_20170530-20170530.nc
SalishSea1500-RUN181_1d_grid_T_2D_20170531-20170531.nc
SalishSea1500-RUN181_1d_grid_T_2D_20170601-20170601.nc
SalishSea1500-RUN181_1d_grid_T_2D_20170602-20170602.nc
SalishSea1500-RUN181_1d_grid_T_2D_20170603-20170603.nc
SalishSea1500-RUN181_1d_grid_T_2D_20170604-20170604.nc
SalishSea1500-RUN181_1d_grid_T_2D_20170605-20170605.nc
SalishSea1500-RUN181_1d_grid_T_2D_20170606-20170606.nc
SalishSea1500-RUN181_1d_grid_T_2D_20170607-20170607.nc
SalishSea1500-RUN181_1d_grid_T_2D_20170608-20170608.nc
SalishSea1500-RUN181_1d_grid_T_2D_20170609-20170609.nc
SalishSea1500-RUN181_1d_grid_T_2D_20170610-20170610.nc
SalishSea1500-RUN181_1d_grid_T_2D_20170611-20170611.nc
SalishSea1500-RUN181_1d_grid_T_2D_20170612-20170612.nc
SalishSea1500-RUN181_1d_grid_T_2D_20170613-20170613.nc
SalishSea1500-RUN181_1d_grid_T_2D_20170614-20170614.nc
SalishSea1500-RUN181_1d_grid_T_2D_20170615-20170615.nc
SalishSea1500-RUN181_1d_grid_T_2D_20170616-20170616.nc
SalishSea1500-RUN181_1d_grid_T_2D_20170617-20170617.nc
SalishSea1500-RUN181_1d_grid_T_2D_20170618-20170618.nc
SalishSea1500-RUN181_1d_grid_T_2D_20170619-20170619.nc
SalishSea1500-RUN181_1d_grid_T_2D_20170620-20170620.nc
SalishSea1500-RUN181_1d_grid_T_2D_20170621-20170621.nc
SalishSea1500-RUN181_1d_grid_T_2D_20170622-20170622.nc
SalishSea1500-RUN181_1d_grid_T_2D_20170623-20170623.nc
SalishSea1500-RUN181_1d_grid_T_2D_20170624-20170624.nc
SalishSea1500-RUN181_1d_grid_T_2D_20170625-20170625.nc
SalishSea1500-RUN181_1d_grid_T_2D_20170626-20170626.nc
SalishSea1500-RUN181_1d_grid_T_2D_20170627-20170627.nc
SalishSea1500-RUN181_1d_grid_T_2D_20170628-20170628.nc
SalishSea1500-RUN181_1d_grid_T_2D_20170629-20170629.nc
SalishSea1500-RUN181_1d_grid_T_2D_20170630-20170630.nc
SalishSea1500-RUN181_1d_grid_T_2D_20170701-20170701.nc
SalishSea1500-RUN181_1d_grid_T_2D_20170702-20170702.nc
SalishSea1500-RUN181_1d_grid_T_2D_20170703-20170703.nc
SalishSea1500-RUN181_1d_grid_T_2D_20170704-20170704.nc
SalishSea1500-RUN181_1d_grid_T_2D_20170705-20170705.nc
SalishSea1500-RUN181_1d_grid_T_2D_20170706-20170706.nc
SalishSea1500-RUN181_1d_grid_T_2D_20170707-20170707.nc
SalishSea1500-RUN181_1d_grid_T_2D_20170708-20170708.nc
SalishSea1500-RUN181_1d_grid_T_2D_20170709-20170709.nc
SalishSea1500-RUN181_1d_grid_T_2D_20170710-20170710.nc
SalishSea1500-RUN181_1d_grid_T_2D_20170711-20170711.nc
SalishSea1500-RUN181_1d_grid_T_2D_20170712-20170712.nc
SalishSea1500-RUN181_1d_grid_T_2D_20170713-20170713.nc
SalishSea1500-RUN181_1d_grid_T_2D_20170714-20170714.nc
SalishSea1500-RUN181_1d_grid_T_2D_20170715-20170715.nc
SalishSea1500-RUN181_1d_grid_T_2D_20170716-20170716.nc
SalishSea1500-RUN181_1d_grid_T_2D_20170717-20170717.nc
SalishSea1500-RUN181_1d_grid_T_2D_20170718-20170718.nc
SalishSea1500-RUN181_1d_grid_T_2D_20170719-20170719.nc
SalishSea1500-RUN181_1d_grid_T_2D_20170720-20170720.nc
SalishSea1500-RUN181_1d_grid_U_20170412-20170412.nc
SalishSea1500-RUN181_1d_grid_U_20170413-20170413.nc
SalishSea1500-RUN181_1d_grid_U_20170414-20170414.nc
SalishSea1500-RUN181_1d_grid_U_20170415-20170415.nc
SalishSea1500-RUN181_1d_grid_U_20170416-20170416.nc
SalishSea1500-RUN181_1d_grid_U_20170417-20170417.nc
SalishSea1500-RUN181_1d_grid_U_20170418-20170418.nc
SalishSea1500-RUN181_1d_grid_U_20170419-20170419.nc
SalishSea1500-RUN181_1d_grid_U_20170420-20170420.nc
SalishSea1500-RUN181_1d_grid_U_20170421-20170421.nc
SalishSea1500-RUN181_1d_grid_U_20170422-20170422.nc
SalishSea1500-RUN181_1d_grid_U_20170423-20170423.nc
SalishSea1500-RUN181_1d_grid_U_20170424-20170424.nc
SalishSea1500-RUN181_1d_grid_U_20170425-20170425.nc
SalishSea1500-RUN181_1d_grid_U_20170426-20170426.nc
SalishSea1500-RUN181_1d_grid_U_20170427-20170427.nc
SalishSea1500-RUN181_1d_grid_U_20170428-20170428.nc
SalishSea1500-RUN181_1d_grid_U_20170429-20170429.nc
SalishSea1500-RUN181_1d_grid_U_20170430-20170430.nc
SalishSea1500-RUN181_1d_grid_U_20170501-20170501.nc
SalishSea1500-RUN181_1d_grid_U_20170502-20170502.nc
SalishSea1500-RUN181_1d_grid_U_20170503-20170503.nc
SalishSea1500-RUN181_1d_grid_U_20170504-20170504.nc
SalishSea1500-RUN181_1d_grid_U_20170505-20170505.nc
SalishSea1500-RUN181_1d_grid_U_20170506-20170506.nc
SalishSea1500-RUN181_1d_grid_U_20170507-20170507.nc
SalishSea1500-RUN181_1d_grid_U_20170508-20170508.nc
SalishSea1500-RUN181_1d_grid_U_20170509-20170509.nc
SalishSea1500-RUN181_1d_grid_U_20170510-20170510.nc
SalishSea1500-RUN181_1d_grid_U_20170511-20170511.nc
SalishSea1500-RUN181_1d_grid_U_20170512-20170512.nc
SalishSea1500-RUN181_1d_grid_U_20170513-20170513.nc
SalishSea1500-RUN181_1d_grid_U_20170514-20170514.nc
SalishSea1500-RUN181_1d_grid_U_20170515-20170515.nc
SalishSea1500-RUN181_1d_grid_U_20170516-20170516.nc
SalishSea1500-RUN181_1d_grid_U_20170517-20170517.nc
SalishSea1500-RUN181_1d_grid_U_20170518-20170518.nc
SalishSea1500-RUN181_1d_grid_U_20170519-20170519.nc
SalishSea1500-RUN181_1d_grid_U_20170520-20170520.nc
SalishSea1500-RUN181_1d_grid_U_20170521-20170521.nc
SalishSea1500-RUN181_1d_grid_U_20170522-20170522.nc
SalishSea1500-RUN181_1d_grid_U_20170523-20170523.nc
SalishSea1500-RUN181_1d_grid_U_20170524-20170524.nc
SalishSea1500-RUN181_1d_grid_U_20170525-20170525.nc
SalishSea1500-RUN181_1d_grid_U_20170526-20170526.nc
SalishSea1500-RUN181_1d_grid_U_20170527-20170527.nc
SalishSea1500-RUN181_1d_grid_U_20170528-20170528.nc
SalishSea1500-RUN181_1d_grid_U_20170529-20170529.nc
SalishSea1500-RUN181_1d_grid_U_20170530-20170530.nc
SalishSea1500-RUN181_1d_grid_U_20170531-20170531.nc
SalishSea1500-RUN181_1d_grid_U_20170601-20170601.nc
SalishSea1500-RUN181_1d_grid_U_20170602-20170602.nc
SalishSea1500-RUN181_1d_grid_U_20170603-20170603.nc
SalishSea1500-RUN181_1d_grid_U_20170604-20170604.nc
SalishSea1500-RUN181_1d_grid_U_20170605-20170605.nc
SalishSea1500-RUN181_1d_grid_U_20170606-20170606.nc
SalishSea1500-RUN181_1d_grid_U_20170607-20170607.nc
SalishSea1500-RUN181_1d_grid_U_20170608-20170608.nc
SalishSea1500-RUN181_1d_grid_U_20170609-20170609.nc
SalishSea1500-RUN181_1d_grid_U_20170610-20170610.nc
SalishSea1500-RUN181_1d_grid_U_20170611-20170611.nc
SalishSea1500-RUN181_1d_grid_U_20170612-20170612.nc
SalishSea1500-RUN181_1d_grid_U_20170613-20170613.nc
SalishSea1500-RUN181_1d_grid_U_20170614-20170614.nc
SalishSea1500-RUN181_1d_grid_U_20170615-20170615.nc
SalishSea1500-RUN181_1d_grid_U_20170616-20170616.nc
SalishSea1500-RUN181_1d_grid_U_20170617-20170617.nc
SalishSea1500-RUN181_1d_grid_U_20170618-20170618.nc
SalishSea1500-RUN181_1d_grid_U_20170619-20170619.nc
SalishSea1500-RUN181_1d_grid_U_20170620-20170620.nc
SalishSea1500-RUN181_1d_grid_U_20170621-20170621.nc
SalishSea1500-RUN181_1d_grid_U_20170622-20170622.nc
SalishSea1500-RUN181_1d_grid_U_20170623-20170623.nc
SalishSea1500-RUN181_1d_grid_U_20170624-20170624.nc
SalishSea1500-RUN181_1d_grid_U_20170625-20170625.nc
SalishSea1500-RUN181_1d_grid_U_20170626-20170626.nc
SalishSea1500-RUN181_1d_grid_U_20170627-20170627.nc
SalishSea1500-RUN181_1d_grid_U_20170628-20170628.nc
SalishSea1500-RUN181_1d_grid_U_20170629-20170629.nc
SalishSea1500-RUN181_1d_grid_U_20170630-20170630.nc
SalishSea1500-RUN181_1d_grid_U_20170701-20170701.nc
SalishSea1500-RUN181_1d_grid_U_20170702-20170702.nc
SalishSea1500-RUN181_1d_grid_U_20170703-20170703.nc
SalishSea1500-RUN181_1d_grid_U_20170704-20170704.nc
SalishSea1500-RUN181_1d_grid_U_20170705-20170705.nc
SalishSea1500-RUN181_1d_grid_U_20170706-20170706.nc
SalishSea1500-RUN181_1d_grid_U_20170707-20170707.nc
SalishSea1500-RUN181_1d_grid_U_20170708-20170708.nc
SalishSea1500-RUN181_1d_grid_U_20170709-20170709.nc
SalishSea1500-RUN181_1d_grid_U_20170710-20170710.nc
SalishSea1500-RUN181_1d_grid_U_20170711-20170711.nc
SalishSea1500-RUN181_1d_grid_U_20170712-20170712.nc
SalishSea1500-RUN181_1d_grid_U_20170713-20170713.nc
SalishSea1500-RUN181_1d_grid_U_20170714-20170714.nc
SalishSea1500-RUN181_1d_grid_U_20170715-20170715.nc
SalishSea1500-RUN181_1d_grid_U_20170716-20170716.nc
SalishSea1500-RUN181_1d_grid_U_20170717-20170717.nc
SalishSea1500-RUN181_1d_grid_U_20170718-20170718.nc
SalishSea1500-RUN181_1d_grid_U_20170719-20170719.nc
SalishSea1500-RUN181_1d_grid_U_20170720-20170720.nc
SalishSea1500-RUN181_1d_grid_V_20170412-20170412.nc
SalishSea1500-RUN181_1d_grid_V_20170413-20170413.nc
SalishSea1500-RUN181_1d_grid_V_20170414-20170414.nc
SalishSea1500-RUN181_1d_grid_V_20170415-20170415.nc
SalishSea1500-RUN181_1d_grid_V_20170416-20170416.nc
SalishSea1500-RUN181_1d_grid_V_20170417-20170417.nc
SalishSea1500-RUN181_1d_grid_V_20170418-20170418.nc
SalishSea1500-RUN181_1d_grid_V_20170419-20170419.nc
SalishSea1500-RUN181_1d_grid_V_20170420-20170420.nc
SalishSea1500-RUN181_1d_grid_V_20170421-20170421.nc
SalishSea1500-RUN181_1d_grid_V_20170422-20170422.nc
SalishSea1500-RUN181_1d_grid_V_20170423-20170423.nc
SalishSea1500-RUN181_1d_grid_V_20170424-20170424.nc
SalishSea1500-RUN181_1d_grid_V_20170425-20170425.nc
SalishSea1500-RUN181_1d_grid_V_20170426-20170426.nc
SalishSea1500-RUN181_1d_grid_V_20170427-20170427.nc
SalishSea1500-RUN181_1d_grid_V_20170428-20170428.nc
SalishSea1500-RUN181_1d_grid_V_20170429-20170429.nc
SalishSea1500-RUN181_1d_grid_V_20170430-20170430.nc
SalishSea1500-RUN181_1d_grid_V_20170501-20170501.nc
SalishSea1500-RUN181_1d_grid_V_20170502-20170502.nc
SalishSea1500-RUN181_1d_grid_V_20170503-20170503.nc
SalishSea1500-RUN181_1d_grid_V_20170504-20170504.nc
SalishSea1500-RUN181_1d_grid_V_20170505-20170505.nc
SalishSea1500-RUN181_1d_grid_V_20170506-20170506.nc
SalishSea1500-RUN181_1d_grid_V_20170507-20170507.nc
SalishSea1500-RUN181_1d_grid_V_20170508-20170508.nc
SalishSea1500-RUN181_1d_grid_V_20170509-20170509.nc
SalishSea1500-RUN181_1d_grid_V_20170510-20170510.nc
SalishSea1500-RUN181_1d_grid_V_20170511-20170511.nc
SalishSea1500-RUN181_1d_grid_V_20170512-20170512.nc
SalishSea1500-RUN181_1d_grid_V_20170513-20170513.nc
SalishSea1500-RUN181_1d_grid_V_20170514-20170514.nc
SalishSea1500-RUN181_1d_grid_V_20170515-20170515.nc
SalishSea1500-RUN181_1d_grid_V_20170516-20170516.nc
SalishSea1500-RUN181_1d_grid_V_20170517-20170517.nc
SalishSea1500-RUN181_1d_grid_V_20170518-20170518.nc
SalishSea1500-RUN181_1d_grid_V_20170519-20170519.nc
SalishSea1500-RUN181_1d_grid_V_20170520-20170520.nc
SalishSea1500-RUN181_1d_grid_V_20170521-20170521.nc
SalishSea1500-RUN181_1d_grid_V_20170522-20170522.nc
SalishSea1500-RUN181_1d_grid_V_20170523-20170523.nc
SalishSea1500-RUN181_1d_grid_V_20170524-20170524.nc
SalishSea1500-RUN181_1d_grid_V_20170525-20170525.nc
SalishSea1500-RUN181_1d_grid_V_20170526-20170526.nc
SalishSea1500-RUN181_1d_grid_V_20170527-20170527.nc
SalishSea1500-RUN181_1d_grid_V_20170528-20170528.nc
SalishSea1500-RUN181_1d_grid_V_20170529-20170529.nc
SalishSea1500-RUN181_1d_grid_V_20170530-20170530.nc
SalishSea1500-RUN181_1d_grid_V_20170531-20170531.nc
SalishSea1500-RUN181_1d_grid_V_20170601-20170601.nc
SalishSea1500-RUN181_1d_grid_V_20170602-20170602.nc
SalishSea1500-RUN181_1d_grid_V_20170603-20170603.nc
SalishSea1500-RUN181_1d_grid_V_20170604-20170604.nc
SalishSea1500-RUN181_1d_grid_V_20170605-20170605.nc
SalishSea1500-RUN181_1d_grid_V_20170606-20170606.nc
SalishSea1500-RUN181_1d_grid_V_20170607-20170607.nc
SalishSea1500-RUN181_1d_grid_V_20170608-20170608.nc
SalishSea1500-RUN181_1d_grid_V_20170609-20170609.nc
SalishSea1500-RUN181_1d_grid_V_20170610-20170610.nc
SalishSea1500-RUN181_1d_grid_V_20170611-20170611.nc
SalishSea1500-RUN181_1d_grid_V_20170612-20170612.nc
SalishSea1500-RUN181_1d_grid_V_20170613-20170613.nc
SalishSea1500-RUN181_1d_grid_V_20170614-20170614.nc
SalishSea1500-RUN181_1d_grid_V_20170615-20170615.nc
SalishSea1500-RUN181_1d_grid_V_20170616-20170616.nc
SalishSea1500-RUN181_1d_grid_V_20170617-20170617.nc
SalishSea1500-RUN181_1d_grid_V_20170618-20170618.nc
SalishSea1500-RUN181_1d_grid_V_20170619-20170619.nc
SalishSea1500-RUN181_1d_grid_V_20170620-20170620.nc
SalishSea1500-RUN181_1d_grid_V_20170621-20170621.nc
SalishSea1500-RUN181_1d_grid_V_20170622-20170622.nc
SalishSea1500-RUN181_1d_grid_V_20170623-20170623.nc
SalishSea1500-RUN181_1d_grid_V_20170624-20170624.nc
SalishSea1500-RUN181_1d_grid_V_20170625-20170625.nc
SalishSea1500-RUN181_1d_grid_V_20170626-20170626.nc
SalishSea1500-RUN181_1d_grid_V_20170627-20170627.nc
SalishSea1500-RUN181_1d_grid_V_20170628-20170628.nc
SalishSea1500-RUN181_1d_grid_V_20170629-20170629.nc
SalishSea1500-RUN181_1d_grid_V_20170630-20170630.nc
SalishSea1500-RUN181_1d_grid_V_20170701-20170701.nc
SalishSea1500-RUN181_1d_grid_V_20170702-20170702.nc
SalishSea1500-RUN181_1d_grid_V_20170703-20170703.nc
SalishSea1500-RUN181_1d_grid_V_20170704-20170704.nc
SalishSea1500-RUN181_1d_grid_V_20170705-20170705.nc
SalishSea1500-RUN181_1d_grid_V_20170706-20170706.nc
SalishSea1500-RUN181_1d_grid_V_20170707-20170707.nc
SalishSea1500-RUN181_1d_grid_V_20170708-20170708.nc
SalishSea1500-RUN181_1d_grid_V_20170709-20170709.nc
SalishSea1500-RUN181_1d_grid_V_20170710-20170710.nc
SalishSea1500-RUN181_1d_grid_V_20170711-20170711.nc
SalishSea1500-RUN181_1d_grid_V_20170712-20170712.nc
SalishSea1500-RUN181_1d_grid_V_20170713-20170713.nc
SalishSea1500-RUN181_1d_grid_V_20170714-20170714.nc
SalishSea1500-RUN181_1d_grid_V_20170715-20170715.nc
SalishSea1500-RUN181_1d_grid_V_20170716-20170716.nc
SalishSea1500-RUN181_1d_grid_V_20170717-20170717.nc
SalishSea1500-RUN181_1d_grid_V_20170718-20170718.nc
SalishSea1500-RUN181_1d_grid_V_20170719-20170719.nc
SalishSea1500-RUN181_1d_grid_V_20170720-20170720.nc
SalishSea1500-RUN181_1d_grid_W_20170412-20170412.nc
SalishSea1500-RUN181_1d_grid_W_20170413-20170413.nc
SalishSea1500-RUN181_1d_grid_W_20170414-20170414.nc
SalishSea1500-RUN181_1d_grid_W_20170415-20170415.nc
SalishSea1500-RUN181_1d_grid_W_20170416-20170416.nc
SalishSea1500-RUN181_1d_grid_W_20170417-20170417.nc
SalishSea1500-RUN181_1d_grid_W_20170418-20170418.nc
SalishSea1500-RUN181_1d_grid_W_20170419-20170419.nc
SalishSea1500-RUN181_1d_grid_W_20170420-20170420.nc
SalishSea1500-RUN181_1d_grid_W_20170421-20170421.nc
SalishSea1500-RUN181_1d_grid_W_20170422-20170422.nc
SalishSea1500-RUN181_1d_grid_W_20170423-20170423.nc
SalishSea1500-RUN181_1d_grid_W_20170424-20170424.nc
SalishSea1500-RUN181_1d_grid_W_20170425-20170425.nc
SalishSea1500-RUN181_1d_grid_W_20170426-20170426.nc
SalishSea1500-RUN181_1d_grid_W_20170427-20170427.nc
SalishSea1500-RUN181_1d_grid_W_20170428-20170428.nc
SalishSea1500-RUN181_1d_grid_W_20170429-20170429.nc
SalishSea1500-RUN181_1d_grid_W_20170430-20170430.nc
SalishSea1500-RUN181_1d_grid_W_20170501-20170501.nc
SalishSea1500-RUN181_1d_grid_W_20170502-20170502.nc
SalishSea1500-RUN181_1d_grid_W_20170503-20170503.nc
SalishSea1500-RUN181_1d_grid_W_20170504-20170504.nc
SalishSea1500-RUN181_1d_grid_W_20170505-20170505.nc
SalishSea1500-RUN181_1d_grid_W_20170506-20170506.nc
SalishSea1500-RUN181_1d_grid_W_20170507-20170507.nc
SalishSea1500-RUN181_1d_grid_W_20170508-20170508.nc
SalishSea1500-RUN181_1d_grid_W_20170509-20170509.nc
SalishSea1500-RUN181_1d_grid_W_20170510-20170510.nc
SalishSea1500-RUN181_1d_grid_W_20170511-20170511.nc
SalishSea1500-RUN181_1d_grid_W_20170512-20170512.nc
SalishSea1500-RUN181_1d_grid_W_20170513-20170513.nc
SalishSea1500-RUN181_1d_grid_W_20170514-20170514.nc
SalishSea1500-RUN181_1d_grid_W_20170515-20170515.nc
SalishSea1500-RUN181_1d_grid_W_20170516-20170516.nc
SalishSea1500-RUN181_1d_grid_W_20170517-20170517.nc
SalishSea1500-RUN181_1d_grid_W_20170518-20170518.nc
SalishSea1500-RUN181_1d_grid_W_20170519-20170519.nc
SalishSea1500-RUN181_1d_grid_W_20170520-20170520.nc
SalishSea1500-RUN181_1d_grid_W_20170521-20170521.nc
SalishSea1500-RUN181_1d_grid_W_20170522-20170522.nc
SalishSea1500-RUN181_1d_grid_W_20170523-20170523.nc
SalishSea1500-RUN181_1d_grid_W_20170524-20170524.nc
SalishSea1500-RUN181_1d_grid_W_20170525-20170525.nc
SalishSea1500-RUN181_1d_grid_W_20170526-20170526.nc
SalishSea1500-RUN181_1d_grid_W_20170527-20170527.nc
SalishSea1500-RUN181_1d_grid_W_20170528-20170528.nc
SalishSea1500-RUN181_1d_grid_W_20170529-20170529.nc
SalishSea1500-RUN181_1d_grid_W_20170530-20170530.nc
SalishSea1500-RUN181_1d_grid_W_20170531-20170531.nc
SalishSea1500-RUN181_1d_grid_W_20170601-20170601.nc
SalishSea1500-RUN181_1d_grid_W_20170602-20170602.nc
SalishSea1500-RUN181_1d_grid_W_20170603-20170603.nc
SalishSea1500-RUN181_1d_grid_W_20170604-20170604.nc
SalishSea1500-RUN181_1d_grid_W_20170605-20170605.nc
SalishSea1500-RUN181_1d_grid_W_20170606-20170606.nc
SalishSea1500-RUN181_1d_grid_W_20170607-20170607.nc
SalishSea1500-RUN181_1d_grid_W_20170608-20170608.nc
SalishSea1500-RUN181_1d_grid_W_20170609-20170609.nc
SalishSea1500-RUN181_1d_grid_W_20170610-20170610.nc
SalishSea1500-RUN181_1d_grid_W_20170611-20170611.nc
SalishSea1500-RUN181_1d_grid_W_20170612-20170612.nc
SalishSea1500-RUN181_1d_grid_W_20170613-20170613.nc
SalishSea1500-RUN181_1d_grid_W_20170614-20170614.nc
SalishSea1500-RUN181_1d_grid_W_20170615-20170615.nc
SalishSea1500-RUN181_1d_grid_W_20170616-20170616.nc
SalishSea1500-RUN181_1d_grid_W_20170617-20170617.nc
SalishSea1500-RUN181_1d_grid_W_20170618-20170618.nc
SalishSea1500-RUN181_1d_grid_W_20170619-20170619.nc
SalishSea1500-RUN181_1d_grid_W_20170620-20170620.nc
SalishSea1500-RUN181_1d_grid_W_20170621-20170621.nc
SalishSea1500-RUN181_1d_grid_W_20170622-20170622.nc
SalishSea1500-RUN181_1d_grid_W_20170623-20170623.nc
SalishSea1500-RUN181_1d_grid_W_20170624-20170624.nc
SalishSea1500-RUN181_1d_grid_W_20170625-20170625.nc
SalishSea1500-RUN181_1d_grid_W_20170626-20170626.nc
SalishSea1500-RUN181_1d_grid_W_20170627-20170627.nc
SalishSea1500-RUN181_1d_grid_W_20170628-20170628.nc
SalishSea1500-RUN181_1d_grid_W_20170629-20170629.nc
SalishSea1500-RUN181_1d_grid_W_20170630-20170630.nc
SalishSea1500-RUN181_1d_grid_W_20170701-20170701.nc
SalishSea1500-RUN181_1d_grid_W_20170702-20170702.nc
SalishSea1500-RUN181_1d_grid_W_20170703-20170703.nc
SalishSea1500-RUN181_1d_grid_W_20170704-20170704.nc
SalishSea1500-RUN181_1d_grid_W_20170705-20170705.nc
SalishSea1500-RUN181_1d_grid_W_20170706-20170706.nc
SalishSea1500-RUN181_1d_grid_W_20170707-20170707.nc
SalishSea1500-RUN181_1d_grid_W_20170708-20170708.nc
SalishSea1500-RUN181_1d_grid_W_20170709-20170709.nc
SalishSea1500-RUN181_1d_grid_W_20170710-20170710.nc
SalishSea1500-RUN181_1d_grid_W_20170711-20170711.nc
SalishSea1500-RUN181_1d_grid_W_20170712-20170712.nc
SalishSea1500-RUN181_1d_grid_W_20170713-20170713.nc
SalishSea1500-RUN181_1d_grid_W_20170714-20170714.nc
SalishSea1500-RUN181_1d_grid_W_20170715-20170715.nc
SalishSea1500-RUN181_1d_grid_W_20170716-20170716.nc
SalishSea1500-RUN181_1d_grid_W_20170717-20170717.nc
SalishSea1500-RUN181_1d_grid_W_20170718-20170718.nc
SalishSea1500-RUN181_1d_grid_W_20170719-20170719.nc
SalishSea1500-RUN181_1d_grid_W_20170720-20170720.nc
SalishSea1500-RUN181_1h_grid_T_20170412-20170412.nc
SalishSea1500-RUN181_1h_grid_T_20170413-20170413.nc
SalishSea1500-RUN181_1h_grid_T_20170414-20170414.nc
SalishSea1500-RUN181_1h_grid_T_20170415-20170415.nc
SalishSea1500-RUN181_1h_grid_T_20170416-20170416.nc
SalishSea1500-RUN181_1h_grid_T_20170417-20170417.nc
SalishSea1500-RUN181_1h_grid_T_20170418-20170418.nc
SalishSea1500-RUN181_1h_grid_T_20170419-20170419.nc
SalishSea1500-RUN181_1h_grid_T_20170420-20170420.nc
SalishSea1500-RUN181_1h_grid_T_20170421-20170421.nc
SalishSea1500-RUN181_1h_grid_T_20170422-20170422.nc
SalishSea1500-RUN181_1h_grid_T_20170423-20170423.nc
SalishSea1500-RUN181_1h_grid_T_20170424-20170424.nc
SalishSea1500-RUN181_1h_grid_T_20170425-20170425.nc
SalishSea1500-RUN181_1h_grid_T_20170426-20170426.nc
SalishSea1500-RUN181_1h_grid_T_20170427-20170427.nc
SalishSea1500-RUN181_1h_grid_T_20170428-20170428.nc
SalishSea1500-RUN181_1h_grid_T_20170429-20170429.nc
SalishSea1500-RUN181_1h_grid_T_20170430-20170430.nc
SalishSea1500-RUN181_1h_grid_T_20170501-20170501.nc
SalishSea1500-RUN181_1h_grid_T_20170502-20170502.nc
SalishSea1500-RUN181_1h_grid_T_20170503-20170503.nc
SalishSea1500-RUN181_1h_grid_T_20170504-20170504.nc
SalishSea1500-RUN181_1h_grid_T_20170505-20170505.nc
SalishSea1500-RUN181_1h_grid_T_20170506-20170506.nc
SalishSea1500-RUN181_1h_grid_T_20170507-20170507.nc
SalishSea1500-RUN181_1h_grid_T_20170508-20170508.nc
SalishSea1500-RUN181_1h_grid_T_20170509-20170509.nc
SalishSea1500-RUN181_1h_grid_T_20170510-20170510.nc
SalishSea1500-RUN181_1h_grid_T_20170511-20170511.nc
SalishSea1500-RUN181_1h_grid_T_20170512-20170512.nc
SalishSea1500-RUN181_1h_grid_T_20170513-20170513.nc
SalishSea1500-RUN181_1h_grid_T_20170514-20170514.nc
SalishSea1500-RUN181_1h_grid_T_20170515-20170515.nc
SalishSea1500-RUN181_1h_grid_T_20170516-20170516.nc
SalishSea1500-RUN181_1h_grid_T_20170517-20170517.nc
SalishSea1500-RUN181_1h_grid_T_20170518-20170518.nc
SalishSea1500-RUN181_1h_grid_T_20170519-20170519.nc
SalishSea1500-RUN181_1h_grid_T_20170520-20170520.nc
SalishSea1500-RUN181_1h_grid_T_20170521-20170521.nc
SalishSea1500-RUN181_1h_grid_T_20170522-20170522.nc
SalishSea1500-RUN181_1h_grid_T_20170523-20170523.nc
SalishSea1500-RUN181_1h_grid_T_20170524-20170524.nc
SalishSea1500-RUN181_1h_grid_T_20170525-20170525.nc
SalishSea1500-RUN181_1h_grid_T_20170526-20170526.nc
SalishSea1500-RUN181_1h_grid_T_20170527-20170527.nc
SalishSea1500-RUN181_1h_grid_T_20170528-20170528.nc
SalishSea1500-RUN181_1h_grid_T_20170529-20170529.nc
SalishSea1500-RUN181_1h_grid_T_20170530-20170530.nc
SalishSea1500-RUN181_1h_grid_T_20170531-20170531.nc
SalishSea1500-RUN181_1h_grid_T_20170601-20170601.nc
SalishSea1500-RUN181_1h_grid_T_20170602-20170602.nc
SalishSea1500-RUN181_1h_grid_T_20170603-20170603.nc
SalishSea1500-RUN181_1h_grid_T_20170604-20170604.nc
SalishSea1500-RUN181_1h_grid_T_20170605-20170605.nc
SalishSea1500-RUN181_1h_grid_T_20170606-20170606.nc
SalishSea1500-RUN181_1h_grid_T_20170607-20170607.nc
SalishSea1500-RUN181_1h_grid_T_20170608-20170608.nc
SalishSea1500-RUN181_1h_grid_T_20170609-20170609.nc
SalishSea1500-RUN181_1h_grid_T_20170610-20170610.nc
SalishSea1500-RUN181_1h_grid_T_20170611-20170611.nc
SalishSea1500-RUN181_1h_grid_T_20170612-20170612.nc
SalishSea1500-RUN181_1h_grid_T_20170613-20170613.nc
SalishSea1500-RUN181_1h_grid_T_20170614-20170614.nc
SalishSea1500-RUN181_1h_grid_T_20170615-20170615.nc
SalishSea1500-RUN181_1h_grid_T_20170616-20170616.nc
SalishSea1500-RUN181_1h_grid_T_20170617-20170617.nc
SalishSea1500-RUN181_1h_grid_T_20170618-20170618.nc
SalishSea1500-RUN181_1h_grid_T_20170619-20170619.nc
SalishSea1500-RUN181_1h_grid_T_20170620-20170620.nc
SalishSea1500-RUN181_1h_grid_T_20170621-20170621.nc
SalishSea1500-RUN181_1h_grid_T_20170622-20170622.nc
SalishSea1500-RUN181_1h_grid_T_20170623-20170623.nc
SalishSea1500-RUN181_1h_grid_T_20170624-20170624.nc
SalishSea1500-RUN181_1h_grid_T_20170625-20170625.nc
SalishSea1500-RUN181_1h_grid_T_20170626-20170626.nc
SalishSea1500-RUN181_1h_grid_T_20170627-20170627.nc
SalishSea1500-RUN181_1h_grid_T_20170628-20170628.nc
SalishSea1500-RUN181_1h_grid_T_20170629-20170629.nc
SalishSea1500-RUN181_1h_grid_T_20170630-20170630.nc
SalishSea1500-RUN181_1h_grid_T_20170701-20170701.nc
SalishSea1500-RUN181_1h_grid_T_20170702-20170702.nc
SalishSea1500-RUN181_1h_grid_T_20170703-20170703.nc
SalishSea1500-RUN181_1h_grid_T_20170704-20170704.nc
SalishSea1500-RUN181_1h_grid_T_20170705-20170705.nc
SalishSea1500-RUN181_1h_grid_T_20170706-20170706.nc
SalishSea1500-RUN181_1h_grid_T_20170707-20170707.nc
SalishSea1500-RUN181_1h_grid_T_20170708-20170708.nc
SalishSea1500-RUN181_1h_grid_T_20170709-20170709.nc
SalishSea1500-RUN181_1h_grid_T_20170710-20170710.nc
SalishSea1500-RUN181_1h_grid_T_20170711-20170711.nc
SalishSea1500-RUN181_1h_grid_T_20170712-20170712.nc
SalishSea1500-RUN181_1h_grid_T_20170713-20170713.nc
SalishSea1500-RUN181_1h_grid_T_20170714-20170714.nc
SalishSea1500-RUN181_1h_grid_T_20170715-20170715.nc
SalishSea1500-RUN181_1h_grid_T_20170716-20170716.nc
SalishSea1500-RUN181_1h_grid_T_20170717-20170717.nc
SalishSea1500-RUN181_1h_grid_T_20170718-20170718.nc
SalishSea1500-RUN181_1h_grid_T_20170719-20170719.nc
SalishSea1500-RUN181_1h_grid_T_20170720-20170720.nc
SalishSea1500-RUN181_1h_grid_T_2D_20170412-20170412.nc
SalishSea1500-RUN181_1h_grid_T_2D_20170413-20170413.nc
SalishSea1500-RUN181_1h_grid_T_2D_20170414-20170414.nc
SalishSea1500-RUN181_1h_grid_T_2D_20170415-20170415.nc
SalishSea1500-RUN181_1h_grid_T_2D_20170416-20170416.nc
SalishSea1500-RUN181_1h_grid_T_2D_20170417-20170417.nc
SalishSea1500-RUN181_1h_grid_T_2D_20170418-20170418.nc
SalishSea1500-RUN181_1h_grid_T_2D_20170419-20170419.nc
SalishSea1500-RUN181_1h_grid_T_2D_20170420-20170420.nc
SalishSea1500-RUN181_1h_grid_T_2D_20170421-20170421.nc
SalishSea1500-RUN181_1h_grid_T_2D_20170422-20170422.nc
SalishSea1500-RUN181_1h_grid_T_2D_20170423-20170423.nc
SalishSea1500-RUN181_1h_grid_T_2D_20170424-20170424.nc
SalishSea1500-RUN181_1h_grid_T_2D_20170425-20170425.nc
SalishSea1500-RUN181_1h_grid_T_2D_20170426-20170426.nc
SalishSea1500-RUN181_1h_grid_T_2D_20170427-20170427.nc
SalishSea1500-RUN181_1h_grid_T_2D_20170428-20170428.nc
SalishSea1500-RUN181_1h_grid_T_2D_20170429-20170429.nc
SalishSea1500-RUN181_1h_grid_T_2D_20170430-20170430.nc
SalishSea1500-RUN181_1h_grid_T_2D_20170501-20170501.nc
SalishSea1500-RUN181_1h_grid_T_2D_20170502-20170502.nc
SalishSea1500-RUN181_1h_grid_T_2D_20170503-20170503.nc
SalishSea1500-RUN181_1h_grid_T_2D_20170504-20170504.nc
SalishSea1500-RUN181_1h_grid_T_2D_20170505-20170505.nc
SalishSea1500-RUN181_1h_grid_T_2D_20170506-20170506.nc
SalishSea1500-RUN181_1h_grid_T_2D_20170507-20170507.nc
SalishSea1500-RUN181_1h_grid_T_2D_20170508-20170508.nc
SalishSea1500-RUN181_1h_grid_T_2D_20170509-20170509.nc
SalishSea1500-RUN181_1h_grid_T_2D_20170510-20170510.nc
SalishSea1500-RUN181_1h_grid_T_2D_20170511-20170511.nc
SalishSea1500-RUN181_1h_grid_T_2D_20170512-20170512.nc
SalishSea1500-RUN181_1h_grid_T_2D_20170513-20170513.nc
SalishSea1500-RUN181_1h_grid_T_2D_20170514-20170514.nc
SalishSea1500-RUN181_1h_grid_T_2D_20170515-20170515.nc
SalishSea1500-RUN181_1h_grid_T_2D_20170516-20170516.nc
SalishSea1500-RUN181_1h_grid_T_2D_20170517-20170517.nc
SalishSea1500-RUN181_1h_grid_T_2D_20170518-20170518.nc
SalishSea1500-RUN181_1h_grid_T_2D_20170519-20170519.nc
SalishSea1500-RUN181_1h_grid_T_2D_20170520-20170520.nc
SalishSea1500-RUN181_1h_grid_T_2D_20170521-20170521.nc
SalishSea1500-RUN181_1h_grid_T_2D_20170522-20170522.nc
SalishSea1500-RUN181_1h_grid_T_2D_20170523-20170523.nc
SalishSea1500-RUN181_1h_grid_T_2D_20170524-20170524.nc
SalishSea1500-RUN181_1h_grid_T_2D_20170525-20170525.nc
SalishSea1500-RUN181_1h_grid_T_2D_20170526-20170526.nc
SalishSea1500-RUN181_1h_grid_T_2D_20170527-20170527.nc
SalishSea1500-RUN181_1h_grid_T_2D_20170528-20170528.nc
SalishSea1500-RUN181_1h_grid_T_2D_20170529-20170529.nc
SalishSea1500-RUN181_1h_grid_T_2D_20170530-20170530.nc
SalishSea1500-RUN181_1h_grid_T_2D_20170531-20170531.nc
SalishSea1500-RUN181_1h_grid_T_2D_20170601-20170601.nc
SalishSea1500-RUN181_1h_grid_T_2D_20170602-20170602.nc
SalishSea1500-RUN181_1h_grid_T_2D_20170603-20170603.nc
SalishSea1500-RUN181_1h_grid_T_2D_20170604-20170604.nc
SalishSea1500-RUN181_1h_grid_T_2D_20170605-20170605.nc
SalishSea1500-RUN181_1h_grid_T_2D_20170606-20170606.nc
SalishSea1500-RUN181_1h_grid_T_2D_20170607-20170607.nc
SalishSea1500-RUN181_1h_grid_T_2D_20170608-20170608.nc
SalishSea1500-RUN181_1h_grid_T_2D_20170609-20170609.nc
SalishSea1500-RUN181_1h_grid_T_2D_20170610-20170610.nc
SalishSea1500-RUN181_1h_grid_T_2D_20170611-20170611.nc
SalishSea1500-RUN181_1h_grid_T_2D_20170612-20170612.nc
SalishSea1500-RUN181_1h_grid_T_2D_20170613-20170613.nc
SalishSea1500-RUN181_1h_grid_T_2D_20170614-20170614.nc
SalishSea1500-RUN181_1h_grid_T_2D_20170615-20170615.nc
SalishSea1500-RUN181_1h_grid_T_2D_20170616-20170616.nc
SalishSea1500-RUN181_1h_grid_T_2D_20170617-20170617.nc
SalishSea1500-RUN181_1h_grid_T_2D_20170618-20170618.nc
SalishSea1500-RUN181_1h_grid_T_2D_20170619-20170619.nc
SalishSea1500-RUN181_1h_grid_T_2D_20170620-20170620.nc
SalishSea1500-RUN181_1h_grid_T_2D_20170621-20170621.nc
SalishSea1500-RUN181_1h_grid_T_2D_20170622-20170622.nc
SalishSea1500-RUN181_1h_grid_T_2D_20170623-20170623.nc
SalishSea1500-RUN181_1h_grid_T_2D_20170624-20170624.nc
SalishSea1500-RUN181_1h_grid_T_2D_20170625-20170625.nc
SalishSea1500-RUN181_1h_grid_T_2D_20170626-20170626.nc
SalishSea1500-RUN181_1h_grid_T_2D_20170627-20170627.nc
SalishSea1500-RUN181_1h_grid_T_2D_20170628-20170628.nc
SalishSea1500-RUN181_1h_grid_T_2D_20170629-20170629.nc
SalishSea1500-RUN181_1h_grid_T_2D_20170630-20170630.nc
SalishSea1500-RUN181_1h_grid_T_2D_20170701-20170701.nc
SalishSea1500-RUN181_1h_grid_T_2D_20170702-20170702.nc
SalishSea1500-RUN181_1h_grid_T_2D_20170703-20170703.nc
SalishSea1500-RUN181_1h_grid_T_2D_20170704-20170704.nc
SalishSea1500-RUN181_1h_grid_T_2D_20170705-20170705.nc
SalishSea1500-RUN181_1h_grid_T_2D_20170706-20170706.nc
SalishSea1500-RUN181_1h_grid_T_2D_20170707-20170707.nc
SalishSea1500-RUN181_1h_grid_T_2D_20170708-20170708.nc
SalishSea1500-RUN181_1h_grid_T_2D_20170709-20170709.nc
SalishSea1500-RUN181_1h_grid_T_2D_20170710-20170710.nc
SalishSea1500-RUN181_1h_grid_T_2D_20170711-20170711.nc
SalishSea1500-RUN181_1h_grid_T_2D_20170712-20170712.nc
SalishSea1500-RUN181_1h_grid_T_2D_20170713-20170713.nc
SalishSea1500-RUN181_1h_grid_T_2D_20170714-20170714.nc
SalishSea1500-RUN181_1h_grid_T_2D_20170715-20170715.nc
SalishSea1500-RUN181_1h_grid_T_2D_20170716-20170716.nc
SalishSea1500-RUN181_1h_grid_T_2D_20170717-20170717.nc
SalishSea1500-RUN181_1h_grid_T_2D_20170718-20170718.nc
SalishSea1500-RUN181_1h_grid_T_2D_20170719-20170719.nc
SalishSea1500-RUN181_1h_grid_T_2D_20170720-20170720.nc
SalishSea1500-RUN181_1h_grid_U_20170412-20170412.nc
SalishSea1500-RUN181_1h_grid_U_20170413-20170413.nc
SalishSea1500-RUN181_1h_grid_U_20170414-20170414.nc
SalishSea1500-RUN181_1h_grid_U_20170415-20170415.nc
SalishSea1500-RUN181_1h_grid_U_20170416-20170416.nc
SalishSea1500-RUN181_1h_grid_U_20170417-20170417.nc
SalishSea1500-RUN181_1h_grid_U_20170418-20170418.nc
SalishSea1500-RUN181_1h_grid_U_20170419-20170419.nc
SalishSea1500-RUN181_1h_grid_U_20170420-20170420.nc
SalishSea1500-RUN181_1h_grid_U_20170421-20170421.nc
SalishSea1500-RUN181_1h_grid_U_20170422-20170422.nc
SalishSea1500-RUN181_1h_grid_U_20170423-20170423.nc
SalishSea1500-RUN181_1h_grid_U_20170424-20170424.nc
SalishSea1500-RUN181_1h_grid_U_20170425-20170425.nc
SalishSea1500-RUN181_1h_grid_U_20170426-20170426.nc
SalishSea1500-RUN181_1h_grid_U_20170427-20170427.nc
SalishSea1500-RUN181_1h_grid_U_20170428-20170428.nc
SalishSea1500-RUN181_1h_grid_U_20170429-20170429.nc
SalishSea1500-RUN181_1h_grid_U_20170430-20170430.nc
SalishSea1500-RUN181_1h_grid_U_20170501-20170501.nc
SalishSea1500-RUN181_1h_grid_U_20170502-20170502.nc
SalishSea1500-RUN181_1h_grid_U_20170503-20170503.nc
SalishSea1500-RUN181_1h_grid_U_20170504-20170504.nc
SalishSea1500-RUN181_1h_grid_U_20170505-20170505.nc
SalishSea1500-RUN181_1h_grid_U_20170506-20170506.nc
SalishSea1500-RUN181_1h_grid_U_20170507-20170507.nc
SalishSea1500-RUN181_1h_grid_U_20170508-20170508.nc
SalishSea1500-RUN181_1h_grid_U_20170509-20170509.nc
SalishSea1500-RUN181_1h_grid_U_20170510-20170510.nc
SalishSea1500-RUN181_1h_grid_U_20170511-20170511.nc
SalishSea1500-RUN181_1h_grid_U_20170512-20170512.nc
SalishSea1500-RUN181_1h_grid_U_20170513-20170513.nc
SalishSea1500-RUN181_1h_grid_U_20170514-20170514.nc
SalishSea1500-RUN181_1h_grid_U_20170515-20170515.nc
SalishSea1500-RUN181_1h_grid_U_20170516-20170516.nc
SalishSea1500-RUN181_1h_grid_U_20170517-20170517.nc
SalishSea1500-RUN181_1h_grid_U_20170518-20170518.nc
SalishSea1500-RUN181_1h_grid_U_20170519-20170519.nc
SalishSea1500-RUN181_1h_grid_U_20170520-20170520.nc
SalishSea1500-RUN181_1h_grid_U_20170521-20170521.nc
SalishSea1500-RUN181_1h_grid_U_20170522-20170522.nc
SalishSea1500-RUN181_1h_grid_U_20170523-20170523.nc
SalishSea1500-RUN181_1h_grid_U_20170524-20170524.nc
SalishSea1500-RUN181_1h_grid_U_20170525-20170525.nc
SalishSea1500-RUN181_1h_grid_U_20170526-20170526.nc
SalishSea1500-RUN181_1h_grid_U_20170527-20170527.nc
SalishSea1500-RUN181_1h_grid_U_20170528-20170528.nc
SalishSea1500-RUN181_1h_grid_U_20170529-20170529.nc
SalishSea1500-RUN181_1h_grid_U_20170530-20170530.nc
SalishSea1500-RUN181_1h_grid_U_20170531-20170531.nc
SalishSea1500-RUN181_1h_grid_U_20170601-20170601.nc
SalishSea1500-RUN181_1h_grid_U_20170602-20170602.nc
SalishSea1500-RUN181_1h_grid_U_20170603-20170603.nc
SalishSea1500-RUN181_1h_grid_U_20170604-20170604.nc
SalishSea1500-RUN181_1h_grid_U_20170605-20170605.nc
SalishSea1500-RUN181_1h_grid_U_20170606-20170606.nc
SalishSea1500-RUN181_1h_grid_U_20170607-20170607.nc
SalishSea1500-RUN181_1h_grid_U_20170608-20170608.nc
SalishSea1500-RUN181_1h_grid_U_20170609-20170609.nc
SalishSea1500-RUN181_1h_grid_U_20170610-20170610.nc
SalishSea1500-RUN181_1h_grid_U_20170611-20170611.nc
SalishSea1500-RUN181_1h_grid_U_20170612-20170612.nc
SalishSea1500-RUN181_1h_grid_U_20170613-20170613.nc
SalishSea1500-RUN181_1h_grid_U_20170614-20170614.nc
SalishSea1500-RUN181_1h_grid_U_20170615-20170615.nc
SalishSea1500-RUN181_1h_grid_U_20170616-20170616.nc
SalishSea1500-RUN181_1h_grid_U_20170617-20170617.nc
SalishSea1500-RUN181_1h_grid_U_20170618-20170618.nc
SalishSea1500-RUN181_1h_grid_U_20170619-20170619.nc
SalishSea1500-RUN181_1h_grid_U_20170620-20170620.nc
SalishSea1500-RUN181_1h_grid_U_20170621-20170621.nc
SalishSea1500-RUN181_1h_grid_U_20170622-20170622.nc
SalishSea1500-RUN181_1h_grid_U_20170623-20170623.nc
SalishSea1500-RUN181_1h_grid_U_20170624-20170624.nc
SalishSea1500-RUN181_1h_grid_U_20170625-20170625.nc
SalishSea1500-RUN181_1h_grid_U_20170626-20170626.nc
SalishSea1500-RUN181_1h_grid_U_20170627-20170627.nc
SalishSea1500-RUN181_1h_grid_U_20170628-20170628.nc
SalishSea1500-RUN181_1h_grid_U_20170629-20170629.nc
SalishSea1500-RUN181_1h_grid_U_20170630-20170630.nc
SalishSea1500-RUN181_1h_grid_U_20170701-20170701.nc
SalishSea1500-RUN181_1h_grid_U_20170702-20170702.nc
SalishSea1500-RUN181_1h_grid_U_20170703-20170703.nc
SalishSea1500-RUN181_1h_grid_U_20170704-20170704.nc
SalishSea1500-RUN181_1h_grid_U_20170705-20170705.nc
SalishSea1500-RUN181_1h_grid_U_20170706-20170706.nc
SalishSea1500-RUN181_1h_grid_U_20170707-20170707.nc
SalishSea1500-RUN181_1h_grid_U_20170708-20170708.nc
SalishSea1500-RUN181_1h_grid_U_20170709-20170709.nc
SalishSea1500-RUN181_1h_grid_U_20170710-20170710.nc
SalishSea1500-RUN181_1h_grid_U_20170711-20170711.nc
SalishSea1500-RUN181_1h_grid_U_20170712-20170712.nc
SalishSea1500-RUN181_1h_grid_U_20170713-20170713.nc
SalishSea1500-RUN181_1h_grid_U_20170714-20170714.nc
SalishSea1500-RUN181_1h_grid_U_20170715-20170715.nc
SalishSea1500-RUN181_1h_grid_U_20170716-20170716.nc
SalishSea1500-RUN181_1h_grid_U_20170717-20170717.nc
SalishSea1500-RUN181_1h_grid_U_20170718-20170718.nc
SalishSea1500-RUN181_1h_grid_U_20170719-20170719.nc
SalishSea1500-RUN181_1h_grid_U_20170720-20170720.nc
SalishSea1500-RUN181_1h_grid_U_2D_20170412-20170412.nc
SalishSea1500-RUN181_1h_grid_U_2D_20170413-20170413.nc
SalishSea1500-RUN181_1h_grid_U_2D_20170414-20170414.nc
SalishSea1500-RUN181_1h_grid_U_2D_20170415-20170415.nc
SalishSea1500-RUN181_1h_grid_U_2D_20170416-20170416.nc
SalishSea1500-RUN181_1h_grid_U_2D_20170417-20170417.nc
SalishSea1500-RUN181_1h_grid_U_2D_20170418-20170418.nc
SalishSea1500-RUN181_1h_grid_U_2D_20170419-20170419.nc
SalishSea1500-RUN181_1h_grid_U_2D_20170420-20170420.nc
SalishSea1500-RUN181_1h_grid_U_2D_20170421-20170421.nc
SalishSea1500-RUN181_1h_grid_U_2D_20170422-20170422.nc
SalishSea1500-RUN181_1h_grid_U_2D_20170423-20170423.nc
SalishSea1500-RUN181_1h_grid_U_2D_20170424-20170424.nc
SalishSea1500-RUN181_1h_grid_U_2D_20170425-20170425.nc
SalishSea1500-RUN181_1h_grid_U_2D_20170426-20170426.nc
SalishSea1500-RUN181_1h_grid_U_2D_20170427-20170427.nc
SalishSea1500-RUN181_1h_grid_U_2D_20170428-20170428.nc
SalishSea1500-RUN181_1h_grid_U_2D_20170429-20170429.nc
SalishSea1500-RUN181_1h_grid_U_2D_20170430-20170430.nc
SalishSea1500-RUN181_1h_grid_U_2D_20170501-20170501.nc
SalishSea1500-RUN181_1h_grid_U_2D_20170502-20170502.nc
SalishSea1500-RUN181_1h_grid_U_2D_20170503-20170503.nc
SalishSea1500-RUN181_1h_grid_U_2D_20170504-20170504.nc
SalishSea1500-RUN181_1h_grid_U_2D_20170505-20170505.nc
SalishSea1500-RUN181_1h_grid_U_2D_20170506-20170506.nc
SalishSea1500-RUN181_1h_grid_U_2D_20170507-20170507.nc
SalishSea1500-RUN181_1h_grid_U_2D_20170508-20170508.nc
SalishSea1500-RUN181_1h_grid_U_2D_20170509-20170509.nc
SalishSea1500-RUN181_1h_grid_U_2D_20170510-20170510.nc
SalishSea1500-RUN181_1h_grid_U_2D_20170511-20170511.nc
SalishSea1500-RUN181_1h_grid_U_2D_20170512-20170512.nc
SalishSea1500-RUN181_1h_grid_U_2D_20170513-20170513.nc
SalishSea1500-RUN181_1h_grid_U_2D_20170514-20170514.nc
SalishSea1500-RUN181_1h_grid_U_2D_20170515-20170515.nc
SalishSea1500-RUN181_1h_grid_U_2D_20170516-20170516.nc
SalishSea1500-RUN181_1h_grid_U_2D_20170517-20170517.nc
SalishSea1500-RUN181_1h_grid_U_2D_20170518-20170518.nc
SalishSea1500-RUN181_1h_grid_U_2D_20170519-20170519.nc
SalishSea1500-RUN181_1h_grid_U_2D_20170520-20170520.nc
SalishSea1500-RUN181_1h_grid_U_2D_20170521-20170521.nc
SalishSea1500-RUN181_1h_grid_U_2D_20170522-20170522.nc
SalishSea1500-RUN181_1h_grid_U_2D_20170523-20170523.nc
SalishSea1500-RUN181_1h_grid_U_2D_20170524-20170524.nc
SalishSea1500-RUN181_1h_grid_U_2D_20170525-20170525.nc
SalishSea1500-RUN181_1h_grid_U_2D_20170526-20170526.nc
SalishSea1500-RUN181_1h_grid_U_2D_20170527-20170527.nc
SalishSea1500-RUN181_1h_grid_U_2D_20170528-20170528.nc
SalishSea1500-RUN181_1h_grid_U_2D_20170529-20170529.nc
SalishSea1500-RUN181_1h_grid_U_2D_20170530-20170530.nc
SalishSea1500-RUN181_1h_grid_U_2D_20170531-20170531.nc
SalishSea1500-RUN181_1h_grid_U_2D_20170601-20170601.nc
SalishSea1500-RUN181_1h_grid_U_2D_20170602-20170602.nc
SalishSea1500-RUN181_1h_grid_U_2D_20170603-20170603.nc
SalishSea1500-RUN181_1h_grid_U_2D_20170604-20170604.nc
SalishSea1500-RUN181_1h_grid_U_2D_20170605-20170605.nc
SalishSea1500-RUN181_1h_grid_U_2D_20170606-20170606.nc
SalishSea1500-RUN181_1h_grid_U_2D_20170607-20170607.nc
SalishSea1500-RUN181_1h_grid_U_2D_20170608-20170608.nc
SalishSea1500-RUN181_1h_grid_U_2D_20170609-20170609.nc
SalishSea1500-RUN181_1h_grid_U_2D_20170610-20170610.nc
SalishSea1500-RUN181_1h_grid_U_2D_20170611-20170611.nc
SalishSea1500-RUN181_1h_grid_U_2D_20170612-20170612.nc
SalishSea1500-RUN181_1h_grid_U_2D_20170613-20170613.nc
SalishSea1500-RUN181_1h_grid_U_2D_20170614-20170614.nc
SalishSea1500-RUN181_1h_grid_U_2D_20170615-20170615.nc
SalishSea1500-RUN181_1h_grid_U_2D_20170616-20170616.nc
SalishSea1500-RUN181_1h_grid_U_2D_20170617-20170617.nc
SalishSea1500-RUN181_1h_grid_U_2D_20170618-20170618.nc
SalishSea1500-RUN181_1h_grid_U_2D_20170619-20170619.nc
SalishSea1500-RUN181_1h_grid_U_2D_20170620-20170620.nc
SalishSea1500-RUN181_1h_grid_U_2D_20170621-20170621.nc
SalishSea1500-RUN181_1h_grid_U_2D_20170622-20170622.nc
SalishSea1500-RUN181_1h_grid_U_2D_20170623-20170623.nc
SalishSea1500-RUN181_1h_grid_U_2D_20170624-20170624.nc
SalishSea1500-RUN181_1h_grid_U_2D_20170625-20170625.nc
SalishSea1500-RUN181_1h_grid_U_2D_20170626-20170626.nc
SalishSea1500-RUN181_1h_grid_U_2D_20170627-20170627.nc
SalishSea1500-RUN181_1h_grid_U_2D_20170628-20170628.nc
SalishSea1500-RUN181_1h_grid_U_2D_20170629-20170629.nc
SalishSea1500-RUN181_1h_grid_U_2D_20170630-20170630.nc
SalishSea1500-RUN181_1h_grid_U_2D_20170701-20170701.nc
SalishSea1500-RUN181_1h_grid_U_2D_20170702-20170702.nc
SalishSea1500-RUN181_1h_grid_U_2D_20170703-20170703.nc
SalishSea1500-RUN181_1h_grid_U_2D_20170704-20170704.nc
SalishSea1500-RUN181_1h_grid_U_2D_20170705-20170705.nc
SalishSea1500-RUN181_1h_grid_U_2D_20170706-20170706.nc
SalishSea1500-RUN181_1h_grid_U_2D_20170707-20170707.nc
SalishSea1500-RUN181_1h_grid_U_2D_20170708-20170708.nc
SalishSea1500-RUN181_1h_grid_U_2D_20170709-20170709.nc
SalishSea1500-RUN181_1h_grid_U_2D_20170710-20170710.nc
SalishSea1500-RUN181_1h_grid_U_2D_20170711-20170711.nc
SalishSea1500-RUN181_1h_grid_U_2D_20170712-20170712.nc
SalishSea1500-RUN181_1h_grid_U_2D_20170713-20170713.nc
SalishSea1500-RUN181_1h_grid_U_2D_20170714-20170714.nc
SalishSea1500-RUN181_1h_grid_U_2D_20170715-20170715.nc
SalishSea1500-RUN181_1h_grid_U_2D_20170716-20170716.nc
SalishSea1500-RUN181_1h_grid_U_2D_20170717-20170717.nc
SalishSea1500-RUN181_1h_grid_U_2D_20170718-20170718.nc
SalishSea1500-RUN181_1h_grid_U_2D_20170719-20170719.nc
SalishSea1500-RUN181_1h_grid_U_2D_20170720-20170720.nc
SalishSea1500-RUN181_1h_grid_V_20170412-20170412.nc
SalishSea1500-RUN181_1h_grid_V_20170413-20170413.nc
SalishSea1500-RUN181_1h_grid_V_20170414-20170414.nc
SalishSea1500-RUN181_1h_grid_V_20170415-20170415.nc
SalishSea1500-RUN181_1h_grid_V_20170416-20170416.nc
SalishSea1500-RUN181_1h_grid_V_20170417-20170417.nc
SalishSea1500-RUN181_1h_grid_V_20170418-20170418.nc
SalishSea1500-RUN181_1h_grid_V_20170419-20170419.nc
SalishSea1500-RUN181_1h_grid_V_20170420-20170420.nc
SalishSea1500-RUN181_1h_grid_V_20170421-20170421.nc
SalishSea1500-RUN181_1h_grid_V_20170422-20170422.nc
SalishSea1500-RUN181_1h_grid_V_20170423-20170423.nc
SalishSea1500-RUN181_1h_grid_V_20170424-20170424.nc
SalishSea1500-RUN181_1h_grid_V_20170425-20170425.nc
SalishSea1500-RUN181_1h_grid_V_20170426-20170426.nc
SalishSea1500-RUN181_1h_grid_V_20170427-20170427.nc
SalishSea1500-RUN181_1h_grid_V_20170428-20170428.nc
SalishSea1500-RUN181_1h_grid_V_20170429-20170429.nc
SalishSea1500-RUN181_1h_grid_V_20170430-20170430.nc
SalishSea1500-RUN181_1h_grid_V_20170501-20170501.nc
SalishSea1500-RUN181_1h_grid_V_20170502-20170502.nc
SalishSea1500-RUN181_1h_grid_V_20170503-20170503.nc
SalishSea1500-RUN181_1h_grid_V_20170504-20170504.nc
SalishSea1500-RUN181_1h_grid_V_20170505-20170505.nc
SalishSea1500-RUN181_1h_grid_V_20170506-20170506.nc
SalishSea1500-RUN181_1h_grid_V_20170507-20170507.nc
SalishSea1500-RUN181_1h_grid_V_20170508-20170508.nc
SalishSea1500-RUN181_1h_grid_V_20170509-20170509.nc
SalishSea1500-RUN181_1h_grid_V_20170510-20170510.nc
SalishSea1500-RUN181_1h_grid_V_20170511-20170511.nc
SalishSea1500-RUN181_1h_grid_V_20170512-20170512.nc
SalishSea1500-RUN181_1h_grid_V_20170513-20170513.nc
SalishSea1500-RUN181_1h_grid_V_20170514-20170514.nc
SalishSea1500-RUN181_1h_grid_V_20170515-20170515.nc
SalishSea1500-RUN181_1h_grid_V_20170516-20170516.nc
SalishSea1500-RUN181_1h_grid_V_20170517-20170517.nc
SalishSea1500-RUN181_1h_grid_V_20170518-20170518.nc
SalishSea1500-RUN181_1h_grid_V_20170519-20170519.nc
SalishSea1500-RUN181_1h_grid_V_20170520-20170520.nc
SalishSea1500-RUN181_1h_grid_V_20170521-20170521.nc
SalishSea1500-RUN181_1h_grid_V_20170522-20170522.nc
SalishSea1500-RUN181_1h_grid_V_20170523-20170523.nc
SalishSea1500-RUN181_1h_grid_V_20170524-20170524.nc
SalishSea1500-RUN181_1h_grid_V_20170525-20170525.nc
SalishSea1500-RUN181_1h_grid_V_20170526-20170526.nc
SalishSea1500-RUN181_1h_grid_V_20170527-20170527.nc
SalishSea1500-RUN181_1h_grid_V_20170528-20170528.nc
SalishSea1500-RUN181_1h_grid_V_20170529-20170529.nc
SalishSea1500-RUN181_1h_grid_V_20170530-20170530.nc
SalishSea1500-RUN181_1h_grid_V_20170531-20170531.nc
SalishSea1500-RUN181_1h_grid_V_20170601-20170601.nc
SalishSea1500-RUN181_1h_grid_V_20170602-20170602.nc
SalishSea1500-RUN181_1h_grid_V_20170603-20170603.nc
SalishSea1500-RUN181_1h_grid_V_20170604-20170604.nc
SalishSea1500-RUN181_1h_grid_V_20170605-20170605.nc
SalishSea1500-RUN181_1h_grid_V_20170606-20170606.nc
SalishSea1500-RUN181_1h_grid_V_20170607-20170607.nc
SalishSea1500-RUN181_1h_grid_V_20170608-20170608.nc
SalishSea1500-RUN181_1h_grid_V_20170609-20170609.nc
SalishSea1500-RUN181_1h_grid_V_20170610-20170610.nc
SalishSea1500-RUN181_1h_grid_V_20170611-20170611.nc
SalishSea1500-RUN181_1h_grid_V_20170612-20170612.nc
SalishSea1500-RUN181_1h_grid_V_20170613-20170613.nc
SalishSea1500-RUN181_1h_grid_V_20170614-20170614.nc
SalishSea1500-RUN181_1h_grid_V_20170615-20170615.nc
SalishSea1500-RUN181_1h_grid_V_20170616-20170616.nc
SalishSea1500-RUN181_1h_grid_V_20170617-20170617.nc
SalishSea1500-RUN181_1h_grid_V_20170618-20170618.nc
SalishSea1500-RUN181_1h_grid_V_20170619-20170619.nc
SalishSea1500-RUN181_1h_grid_V_20170620-20170620.nc
SalishSea1500-RUN181_1h_grid_V_20170621-20170621.nc
SalishSea1500-RUN181_1h_grid_V_20170622-20170622.nc
SalishSea1500-RUN181_1h_grid_V_20170623-20170623.nc
SalishSea1500-RUN181_1h_grid_V_20170624-20170624.nc
SalishSea1500-RUN181_1h_grid_V_20170625-20170625.nc
SalishSea1500-RUN181_1h_grid_V_20170626-20170626.nc
SalishSea1500-RUN181_1h_grid_V_20170627-20170627.nc
SalishSea1500-RUN181_1h_grid_V_20170628-20170628.nc
SalishSea1500-RUN181_1h_grid_V_20170629-20170629.nc
SalishSea1500-RUN181_1h_grid_V_20170630-20170630.nc
SalishSea1500-RUN181_1h_grid_V_20170701-20170701.nc
SalishSea1500-RUN181_1h_grid_V_20170702-20170702.nc
SalishSea1500-RUN181_1h_grid_V_20170703-20170703.nc
SalishSea1500-RUN181_1h_grid_V_20170704-20170704.nc
SalishSea1500-RUN181_1h_grid_V_20170705-20170705.nc
SalishSea1500-RUN181_1h_grid_V_20170706-20170706.nc
SalishSea1500-RUN181_1h_grid_V_20170707-20170707.nc
SalishSea1500-RUN181_1h_grid_V_20170708-20170708.nc
SalishSea1500-RUN181_1h_grid_V_20170709-20170709.nc
SalishSea1500-RUN181_1h_grid_V_20170710-20170710.nc
SalishSea1500-RUN181_1h_grid_V_20170711-20170711.nc
SalishSea1500-RUN181_1h_grid_V_20170712-20170712.nc
SalishSea1500-RUN181_1h_grid_V_20170713-20170713.nc
SalishSea1500-RUN181_1h_grid_V_20170714-20170714.nc
SalishSea1500-RUN181_1h_grid_V_20170715-20170715.nc
SalishSea1500-RUN181_1h_grid_V_20170716-20170716.nc
SalishSea1500-RUN181_1h_grid_V_20170717-20170717.nc
SalishSea1500-RUN181_1h_grid_V_20170718-20170718.nc
SalishSea1500-RUN181_1h_grid_V_20170719-20170719.nc
SalishSea1500-RUN181_1h_grid_V_20170720-20170720.nc
SalishSea1500-RUN181_1h_grid_V_2D_20170412-20170412.nc
SalishSea1500-RUN181_1h_grid_V_2D_20170413-20170413.nc
SalishSea1500-RUN181_1h_grid_V_2D_20170414-20170414.nc
SalishSea1500-RUN181_1h_grid_V_2D_20170415-20170415.nc
SalishSea1500-RUN181_1h_grid_V_2D_20170416-20170416.nc
SalishSea1500-RUN181_1h_grid_V_2D_20170417-20170417.nc
SalishSea1500-RUN181_1h_grid_V_2D_20170418-20170418.nc
SalishSea1500-RUN181_1h_grid_V_2D_20170419-20170419.nc
SalishSea1500-RUN181_1h_grid_V_2D_20170420-20170420.nc
SalishSea1500-RUN181_1h_grid_V_2D_20170421-20170421.nc
SalishSea1500-RUN181_1h_grid_V_2D_20170422-20170422.nc
SalishSea1500-RUN181_1h_grid_V_2D_20170423-20170423.nc
SalishSea1500-RUN181_1h_grid_V_2D_20170424-20170424.nc
SalishSea1500-RUN181_1h_grid_V_2D_20170425-20170425.nc
SalishSea1500-RUN181_1h_grid_V_2D_20170426-20170426.nc
SalishSea1500-RUN181_1h_grid_V_2D_20170427-20170427.nc
SalishSea1500-RUN181_1h_grid_V_2D_20170428-20170428.nc
SalishSea1500-RUN181_1h_grid_V_2D_20170429-20170429.nc
SalishSea1500-RUN181_1h_grid_V_2D_20170430-20170430.nc
SalishSea1500-RUN181_1h_grid_V_2D_20170501-20170501.nc
SalishSea1500-RUN181_1h_grid_V_2D_20170502-20170502.nc
SalishSea1500-RUN181_1h_grid_V_2D_20170503-20170503.nc
SalishSea1500-RUN181_1h_grid_V_2D_20170504-20170504.nc
SalishSea1500-RUN181_1h_grid_V_2D_20170505-20170505.nc
SalishSea1500-RUN181_1h_grid_V_2D_20170506-20170506.nc
SalishSea1500-RUN181_1h_grid_V_2D_20170507-20170507.nc
SalishSea1500-RUN181_1h_grid_V_2D_20170508-20170508.nc
SalishSea1500-RUN181_1h_grid_V_2D_20170509-20170509.nc
SalishSea1500-RUN181_1h_grid_V_2D_20170510-20170510.nc
SalishSea1500-RUN181_1h_grid_V_2D_20170511-20170511.nc
SalishSea1500-RUN181_1h_grid_V_2D_20170512-20170512.nc
SalishSea1500-RUN181_1h_grid_V_2D_20170513-20170513.nc
SalishSea1500-RUN181_1h_grid_V_2D_20170514-20170514.nc
SalishSea1500-RUN181_1h_grid_V_2D_20170515-20170515.nc
SalishSea1500-RUN181_1h_grid_V_2D_20170516-20170516.nc
SalishSea1500-RUN181_1h_grid_V_2D_20170517-20170517.nc
SalishSea1500-RUN181_1h_grid_V_2D_20170518-20170518.nc
SalishSea1500-RUN181_1h_grid_V_2D_20170519-20170519.nc
SalishSea1500-RUN181_1h_grid_V_2D_20170520-20170520.nc
SalishSea1500-RUN181_1h_grid_V_2D_20170521-20170521.nc
SalishSea1500-RUN181_1h_grid_V_2D_20170522-20170522.nc
SalishSea1500-RUN181_1h_grid_V_2D_20170523-20170523.nc
SalishSea1500-RUN181_1h_grid_V_2D_20170524-20170524.nc
SalishSea1500-RUN181_1h_grid_V_2D_20170525-20170525.nc
SalishSea1500-RUN181_1h_grid_V_2D_20170526-20170526.nc
SalishSea1500-RUN181_1h_grid_V_2D_20170527-20170527.nc
SalishSea1500-RUN181_1h_grid_V_2D_20170528-20170528.nc
SalishSea1500-RUN181_1h_grid_V_2D_20170529-20170529.nc
SalishSea1500-RUN181_1h_grid_V_2D_20170530-20170530.nc
SalishSea1500-RUN181_1h_grid_V_2D_20170531-20170531.nc
SalishSea1500-RUN181_1h_grid_V_2D_20170601-20170601.nc
SalishSea1500-RUN181_1h_grid_V_2D_20170602-20170602.nc
SalishSea1500-RUN181_1h_grid_V_2D_20170603-20170603.nc
SalishSea1500-RUN181_1h_grid_V_2D_20170604-20170604.nc
SalishSea1500-RUN181_1h_grid_V_2D_20170605-20170605.nc
SalishSea1500-RUN181_1h_grid_V_2D_20170606-20170606.nc
SalishSea1500-RUN181_1h_grid_V_2D_20170607-20170607.nc
SalishSea1500-RUN181_1h_grid_V_2D_20170608-20170608.nc
SalishSea1500-RUN181_1h_grid_V_2D_20170609-20170609.nc
SalishSea1500-RUN181_1h_grid_V_2D_20170610-20170610.nc
SalishSea1500-RUN181_1h_grid_V_2D_20170611-20170611.nc
SalishSea1500-RUN181_1h_grid_V_2D_20170612-20170612.nc
SalishSea1500-RUN181_1h_grid_V_2D_20170613-20170613.nc
SalishSea1500-RUN181_1h_grid_V_2D_20170614-20170614.nc
SalishSea1500-RUN181_1h_grid_V_2D_20170615-20170615.nc
SalishSea1500-RUN181_1h_grid_V_2D_20170616-20170616.nc
SalishSea1500-RUN181_1h_grid_V_2D_20170617-20170617.nc
SalishSea1500-RUN181_1h_grid_V_2D_20170618-20170618.nc
SalishSea1500-RUN181_1h_grid_V_2D_20170619-20170619.nc
SalishSea1500-RUN181_1h_grid_V_2D_20170620-20170620.nc
SalishSea1500-RUN181_1h_grid_V_2D_20170621-20170621.nc
SalishSea1500-RUN181_1h_grid_V_2D_20170622-20170622.nc
SalishSea1500-RUN181_1h_grid_V_2D_20170623-20170623.nc
SalishSea1500-RUN181_1h_grid_V_2D_20170624-20170624.nc
SalishSea1500-RUN181_1h_grid_V_2D_20170625-20170625.nc
SalishSea1500-RUN181_1h_grid_V_2D_20170626-20170626.nc
SalishSea1500-RUN181_1h_grid_V_2D_20170627-20170627.nc
SalishSea1500-RUN181_1h_grid_V_2D_20170628-20170628.nc
SalishSea1500-RUN181_1h_grid_V_2D_20170629-20170629.nc
SalishSea1500-RUN181_1h_grid_V_2D_20170630-20170630.nc
SalishSea1500-RUN181_1h_grid_V_2D_20170701-20170701.nc
SalishSea1500-RUN181_1h_grid_V_2D_20170702-20170702.nc
SalishSea1500-RUN181_1h_grid_V_2D_20170703-20170703.nc
SalishSea1500-RUN181_1h_grid_V_2D_20170704-20170704.nc
SalishSea1500-RUN181_1h_grid_V_2D_20170705-20170705.nc
SalishSea1500-RUN181_1h_grid_V_2D_20170706-20170706.nc
SalishSea1500-RUN181_1h_grid_V_2D_20170707-20170707.nc
SalishSea1500-RUN181_1h_grid_V_2D_20170708-20170708.nc
SalishSea1500-RUN181_1h_grid_V_2D_20170709-20170709.nc
SalishSea1500-RUN181_1h_grid_V_2D_20170710-20170710.nc
SalishSea1500-RUN181_1h_grid_V_2D_20170711-20170711.nc
SalishSea1500-RUN181_1h_grid_V_2D_20170712-20170712.nc
SalishSea1500-RUN181_1h_grid_V_2D_20170713-20170713.nc
SalishSea1500-RUN181_1h_grid_V_2D_20170714-20170714.nc
SalishSea1500-RUN181_1h_grid_V_2D_20170715-20170715.nc
SalishSea1500-RUN181_1h_grid_V_2D_20170716-20170716.nc
SalishSea1500-RUN181_1h_grid_V_2D_20170717-20170717.nc
SalishSea1500-RUN181_1h_grid_V_2D_20170718-20170718.nc
SalishSea1500-RUN181_1h_grid_V_2D_20170719-20170719.nc
SalishSea1500-RUN181_1h_grid_V_2D_20170720-20170720.nc
SalishSea1500-RUN181_1h_grid_W_20170412-20170412.nc
SalishSea1500-RUN181_1h_grid_W_20170413-20170413.nc
SalishSea1500-RUN181_1h_grid_W_20170414-20170414.nc
SalishSea1500-RUN181_1h_grid_W_20170415-20170415.nc
SalishSea1500-RUN181_1h_grid_W_20170416-20170416.nc
SalishSea1500-RUN181_1h_grid_W_20170417-20170417.nc
SalishSea1500-RUN181_1h_grid_W_20170418-20170418.nc
SalishSea1500-RUN181_1h_grid_W_20170419-20170419.nc
SalishSea1500-RUN181_1h_grid_W_20170420-20170420.nc
SalishSea1500-RUN181_1h_grid_W_20170421-20170421.nc
SalishSea1500-RUN181_1h_grid_W_20170422-20170422.nc
SalishSea1500-RUN181_1h_grid_W_20170423-20170423.nc
SalishSea1500-RUN181_1h_grid_W_20170424-20170424.nc
SalishSea1500-RUN181_1h_grid_W_20170425-20170425.nc
SalishSea1500-RUN181_1h_grid_W_20170426-20170426.nc
SalishSea1500-RUN181_1h_grid_W_20170427-20170427.nc
SalishSea1500-RUN181_1h_grid_W_20170428-20170428.nc
SalishSea1500-RUN181_1h_grid_W_20170429-20170429.nc
SalishSea1500-RUN181_1h_grid_W_20170430-20170430.nc
SalishSea1500-RUN181_1h_grid_W_20170501-20170501.nc
SalishSea1500-RUN181_1h_grid_W_20170502-20170502.nc
SalishSea1500-RUN181_1h_grid_W_20170503-20170503.nc
SalishSea1500-RUN181_1h_grid_W_20170504-20170504.nc
SalishSea1500-RUN181_1h_grid_W_20170505-20170505.nc
SalishSea1500-RUN181_1h_grid_W_20170506-20170506.nc
SalishSea1500-RUN181_1h_grid_W_20170507-20170507.nc
SalishSea1500-RUN181_1h_grid_W_20170508-20170508.nc
SalishSea1500-RUN181_1h_grid_W_20170509-20170509.nc
SalishSea1500-RUN181_1h_grid_W_20170510-20170510.nc
SalishSea1500-RUN181_1h_grid_W_20170511-20170511.nc
SalishSea1500-RUN181_1h_grid_W_20170512-20170512.nc
SalishSea1500-RUN181_1h_grid_W_20170513-20170513.nc
SalishSea1500-RUN181_1h_grid_W_20170514-20170514.nc
SalishSea1500-RUN181_1h_grid_W_20170515-20170515.nc
SalishSea1500-RUN181_1h_grid_W_20170516-20170516.nc
SalishSea1500-RUN181_1h_grid_W_20170517-20170517.nc
SalishSea1500-RUN181_1h_grid_W_20170518-20170518.nc
SalishSea1500-RUN181_1h_grid_W_20170519-20170519.nc
SalishSea1500-RUN181_1h_grid_W_20170520-20170520.nc
SalishSea1500-RUN181_1h_grid_W_20170521-20170521.nc
SalishSea1500-RUN181_1h_grid_W_20170522-20170522.nc
SalishSea1500-RUN181_1h_grid_W_20170523-20170523.nc
SalishSea1500-RUN181_1h_grid_W_20170524-20170524.nc
SalishSea1500-RUN181_1h_grid_W_20170525-20170525.nc
SalishSea1500-RUN181_1h_grid_W_20170526-20170526.nc
SalishSea1500-RUN181_1h_grid_W_20170527-20170527.nc
SalishSea1500-RUN181_1h_grid_W_20170528-20170528.nc
SalishSea1500-RUN181_1h_grid_W_20170529-20170529.nc
SalishSea1500-RUN181_1h_grid_W_20170530-20170530.nc
SalishSea1500-RUN181_1h_grid_W_20170531-20170531.nc
SalishSea1500-RUN181_1h_grid_W_20170601-20170601.nc
SalishSea1500-RUN181_1h_grid_W_20170602-20170602.nc
SalishSea1500-RUN181_1h_grid_W_20170603-20170603.nc
SalishSea1500-RUN181_1h_grid_W_20170604-20170604.nc
SalishSea1500-RUN181_1h_grid_W_20170605-20170605.nc
SalishSea1500-RUN181_1h_grid_W_20170606-20170606.nc
SalishSea1500-RUN181_1h_grid_W_20170607-20170607.nc
SalishSea1500-RUN181_1h_grid_W_20170608-20170608.nc
SalishSea1500-RUN181_1h_grid_W_20170609-20170609.nc
SalishSea1500-RUN181_1h_grid_W_20170610-20170610.nc
SalishSea1500-RUN181_1h_grid_W_20170611-20170611.nc
SalishSea1500-RUN181_1h_grid_W_20170612-20170612.nc
SalishSea1500-RUN181_1h_grid_W_20170613-20170613.nc
SalishSea1500-RUN181_1h_grid_W_20170614-20170614.nc
SalishSea1500-RUN181_1h_grid_W_20170615-20170615.nc
SalishSea1500-RUN181_1h_grid_W_20170616-20170616.nc
SalishSea1500-RUN181_1h_grid_W_20170617-20170617.nc
SalishSea1500-RUN181_1h_grid_W_20170618-20170618.nc
SalishSea1500-RUN181_1h_grid_W_20170619-20170619.nc
SalishSea1500-RUN181_1h_grid_W_20170620-20170620.nc
SalishSea1500-RUN181_1h_grid_W_20170621-20170621.nc
SalishSea1500-RUN181_1h_grid_W_20170622-20170622.nc
SalishSea1500-RUN181_1h_grid_W_20170623-20170623.nc
SalishSea1500-RUN181_1h_grid_W_20170624-20170624.nc
SalishSea1500-RUN181_1h_grid_W_20170625-20170625.nc
SalishSea1500-RUN181_1h_grid_W_20170626-20170626.nc
SalishSea1500-RUN181_1h_grid_W_20170627-20170627.nc
SalishSea1500-RUN181_1h_grid_W_20170628-20170628.nc
SalishSea1500-RUN181_1h_grid_W_20170629-20170629.nc
SalishSea1500-RUN181_1h_grid_W_20170630-20170630.nc
SalishSea1500-RUN181_1h_grid_W_20170701-20170701.nc
SalishSea1500-RUN181_1h_grid_W_20170702-20170702.nc
SalishSea1500-RUN181_1h_grid_W_20170703-20170703.nc
SalishSea1500-RUN181_1h_grid_W_20170704-20170704.nc
SalishSea1500-RUN181_1h_grid_W_20170705-20170705.nc
SalishSea1500-RUN181_1h_grid_W_20170706-20170706.nc
SalishSea1500-RUN181_1h_grid_W_20170707-20170707.nc
SalishSea1500-RUN181_1h_grid_W_20170708-20170708.nc
SalishSea1500-RUN181_1h_grid_W_20170709-20170709.nc
SalishSea1500-RUN181_1h_grid_W_20170710-20170710.nc
SalishSea1500-RUN181_1h_grid_W_20170711-20170711.nc
SalishSea1500-RUN181_1h_grid_W_20170712-20170712.nc
SalishSea1500-RUN181_1h_grid_W_20170713-20170713.nc
SalishSea1500-RUN181_1h_grid_W_20170714-20170714.nc
SalishSea1500-RUN181_1h_grid_W_20170715-20170715.nc
SalishSea1500-RUN181_1h_grid_W_20170716-20170716.nc
SalishSea1500-RUN181_1h_grid_W_20170717-20170717.nc
SalishSea1500-RUN181_1h_grid_W_20170718-20170718.nc
SalishSea1500-RUN181_1h_grid_W_20170719-20170719.nc
SalishSea1500-RUN181_1h_grid_W_20170720-20170720.nc

sent 84,205,758,771 bytes  received 22,816 bytes  67,825,840.99 bytes/sec
total size is 84,185,131,200  speedup is 1.00
sending incremental file list
SalishSea1500-RUN181_00432000_restart.nc

sent 283,294,417 bytes  received 35 bytes  113,317,780.80 bytes/sec
total size is 283,225,144  speedup is 1.00
Automatic resubmit for job 007
+ . ./environment.ksh
+ set -ax
+ MACHINE=gpsc4
+ CONTAINER=dfo/dfo_all_default_ubuntu-18.04-amd64_latest
+ PROJECT=rrg-nereusvc
+ TIMELIMIT=04:00:00
+ TIMELIMIT_PP=01:00:00
+ MEMLIMIT=3900M
+ QUEUE=dev
+ JPNI=5
+ JPNJ=19
+ NBPROC=95
+ NBPROC_XIO=1
+ expr 95 + 1
+ TOTPROC=96
+ MAXSUB=12
+ NDATEDEB=20151129
+ PASDETEMPS=120
+ NNBARO=20
+ NNSTOCK=72000
+ SPLIT_FREQ=100
+ MESHRUN=no
+ RESTART=no
+ CONF_NAME=SalishSea1500
+ CONF_NBR=RUN181
+ CONFIG=SalishSea1500-RUN181
+ SEAICE_MODULE=NONE
+ ATMOS_DATA=NONE
+ OBC_ACTIVE=no
+ TIDE_ACTIVE=no
+ TIDE_2Dfile=no
+ RIVER_ACTIVE=no
+ DIR_CALCU_EXE=/home/mdunphy/project/mdunphy/Software/NEMO36OPP/NEMOGCM/CONFIG/SalishSea1500/BLD/bin
+ DIR_CALCU_SHR=/home/mdunphy/project/mdunphy/Software/NEMO36OPP/NEMOGCM/CONFIG/SHARED
+ DIR_CALCU_RBL=/home/mdunphy/project/mdunphy/Software/NEMO36OPP/NEMOGCM/TOOLS/REBUILD_NEMO
+ DIR_CALCU_XIO=/home/mdunphy/project/mdunphy/Software/XIOS/bin
+ DIR_CALCU_CTL=/home/mdunphy/project/mdunphy/control/SalishSea1500-RUN181
+ DIR_CALCU_UTL=/home/mdunphy/bin
+ DIR_ARCHI_FORC=/home/mdunphy/project/mdunphy/Forcing/grid
+ DIR_ARCHI_ATMOS=/home/mdunphy/project/mdunphy/Forcing/OPPwestSS
+ DIR_ARCHI_INPUT=/home/mdunphy/project/mdunphy/Forcing/grid
+ DIR_ARCHI_CLIM=/unused
+ DIR_ARCHI_OBC=/unused
+ DIR_ARCHI_OBCN=/unused
+ DIR_ARCHI_TIDE=/unused
+ DIR_ARCHI_HOME=/home/mdunphy/project/mdunphy/nemo_results/SalishSea1500/SalishSea1500-RUN181
+ DIR_ARCHI_CDF=/home/mdunphy/project/mdunphy/nemo_results/SalishSea1500/SalishSea1500-RUN181/CDF
+ DIR_ARCHI_LOG=/home/mdunphy/project/mdunphy/nemo_results/SalishSea1500/SalishSea1500-RUN181/LOG
+ DIR_ARCHI_RST=/home/mdunphy/project/mdunphy/nemo_results/SalishSea1500/SalishSea1500-RUN181/RST
+ [ ! -d /home/mdunphy/project/mdunphy/nemo_results/SalishSea1500/SalishSea1500-RUN181 ]
+ [ ! -d /home/mdunphy/project/mdunphy/nemo_results/SalishSea1500/SalishSea1500-RUN181/RST ]
+ [ ! -d /home/mdunphy/project/mdunphy/nemo_results/SalishSea1500/SalishSea1500-RUN181/CDF ]
+ [ ! -d /home/mdunphy/project/mdunphy/nemo_results/SalishSea1500/SalishSea1500-RUN181/LOG ]
+ DIR_TMP_HOME=/home/mdunphy/scratch/nemo_temp/SalishSea1500/SalishSea1500-RUN181
+ DIR_TMP_RST=/home/mdunphy/scratch/nemo_temp/SalishSea1500/SalishSea1500-RUN181/RST
+ DIR_TMP_CDF=/home/mdunphy/scratch/nemo_temp/SalishSea1500/SalishSea1500-RUN181/CDF
+ DIR_TMP_LOG=/home/mdunphy/scratch/nemo_temp/SalishSea1500/SalishSea1500-RUN181/LOG
+ DIR_TMP_RUN=/home/mdunphy/scratch/nemo_temp/SalishSea1500/SalishSea1500-RUN181/RUN
+ DIR_TMP_ATM=/home/mdunphy/scratch/nemo_temp/SalishSea1500/SalishSea1500-RUN181/RUN/ATMDATA
+ DIR_TMP_OBC=/home/mdunphy/scratch/nemo_temp/SalishSea1500/SalishSea1500-RUN181/RUN/BDY
+ DIR_TMP_RVR=/home/mdunphy/scratch/nemo_temp/SalishSea1500/SalishSea1500-RUN181/RUN/RIVER
+ [ ! -d /home/mdunphy/scratch/nemo_temp/SalishSea1500/SalishSea1500-RUN181 ]
+ [ ! -d /home/mdunphy/scratch/nemo_temp/SalishSea1500/SalishSea1500-RUN181/RST ]
+ [ ! -d /home/mdunphy/scratch/nemo_temp/SalishSea1500/SalishSea1500-RUN181/CDF ]
+ [ ! -d /home/mdunphy/scratch/nemo_temp/SalishSea1500/SalishSea1500-RUN181/LOG ]
+ [ ! -d /home/mdunphy/scratch/nemo_temp/SalishSea1500/SalishSea1500-RUN181/RUN ]
+ EXEC_NAME=nemo.exe
+ BATMET_FIL=bathy_salishsea_1500m_20210706.nc
+ COORD_FIL=coordinates_salishsea_1500m.nc
+ BATLE_FIL=''
+ BFRI_FIL=''
+ SHLAT_FIL=''
+ TEMP_FIL=''
+ SAL_FIL=''
+ U_FIL=''
+ V_FIL=''
+ SSH_FIL=''
+ RUNOFF_FIL=''
+ RUNOFF_TEMP_FIL=''
+ RUNOFF_MASK_FIL=''
+ CHLA_FIL=''
+ RGB_FIL=''
+ INITICE_FIL=''
+ CICE_GRID=''
+ compo_list=M2
+ TIDE_PREF=''
+ TIDEH_FIL=''
+ TIDEU_FIL=''
+ TIDEV_FIL=''
+ TMX_K1=''
+ TMX_M2=''
+ TMX_MASK=''
+ TMX_MASK=''
+ DUST_FIL=''
+ RIVER_FIL=''
+ obc_list=''
+ obcpref2D=''
+ obcsuf2D=''
+ obcprefNorth=''
+ WEIGHTS_FIL=weights_bilin_OPPwestSS.nc
+ RESTART_FILE=/home/mdunphy/MEOPAR/forcing/restart/hindcast.201812/31dec15/SalishSea_01682640_restart.nc

Configuration name : SalishSea1500-RUN181
Number of procs : 95

Initialisation from climatology or analytical profiles


home : /home/mdunphy

CALCU directories :
~~~~~~~~~~~~~~~~~~~~~~~~~~~~
/home/mdunphy/project/mdunphy/Software/NEMO36OPP/NEMOGCM/CONFIG/SalishSea1500/BLD/bin : directory where is the NEMO executable
/home/mdunphy/project/mdunphy/Software/NEMO36OPP/NEMOGCM/CONFIG/SHARED : directory where is the shared files
/home/mdunphy/project/mdunphy/Software/XIOS/bin : directory where is the XIOS server
/home/mdunphy/project/mdunphy/control/SalishSea1500-RUN181 : directory where are control files of the run
/home/mdunphy/bin : directory where to find utilities

MACHINEARCHI directories :
~~~~~~~~~~~~~~~~~~~~~~~~~~~~
/home/mdunphy/project/mdunphy/Forcing/OPPwestSS : directory to stock the atmos forcing fields
/home/mdunphy/project/mdunphy/Forcing/grid : directory for the input files
/unused : directory for the climatology files
/unused : directory for the obc files
/home/mdunphy/project/mdunphy/nemo_results/SalishSea1500/SalishSea1500-RUN181 : directory to stock the results
/home/mdunphy/project/mdunphy/nemo_results/SalishSea1500/SalishSea1500-RUN181/RST : directory to stock the restarts
/home/mdunphy/project/mdunphy/nemo_results/SalishSea1500/SalishSea1500-RUN181/CDF : directory for combined netCDF results
/home/mdunphy/project/mdunphy/nemo_results/SalishSea1500/SalishSea1500-RUN181/LOG : directory for ice something ...

TEMP directories :
~~~~~~~~~~~~~~~~~~~~
/home/mdunphy/scratch/nemo_temp/SalishSea1500/SalishSea1500-RUN181 : home temp directory
/home/mdunphy/scratch/nemo_temp/SalishSea1500/SalishSea1500-RUN181/RST : directory for the restart
/home/mdunphy/scratch/nemo_temp/SalishSea1500/SalishSea1500-RUN181/CDF : directory for the cdf
/home/mdunphy/scratch/nemo_temp/SalishSea1500/SalishSea1500-RUN181/LOG : directory for the log
/home/mdunphy/scratch/nemo_temp/SalishSea1500/SalishSea1500-RUN181/RUN : directory to run
/home/mdunphy/scratch/nemo_temp/SalishSea1500/SalishSea1500-RUN181/RUN/ATMDATA : directory for the atmos forcing
/home/mdunphy/scratch/nemo_temp/SalishSea1500/SalishSea1500-RUN181/RUN/BDY : directory for the obc files

Run features :
~~~~~~~~~~~~~~
Executable name : nemo.exe
Bathymetry : bathy_salishsea_1500m_20210706.nc
Coordinates : coordinates_salishsea_1500m.nc
K1 tidal mixing :
M2 tidal mixing :
Mask tidal mixing :
Shlat :
Clim T :
Clim S :
Clim U :
Clim V :
Runoff :
Chlorophyl :
List of the open boundaries :

 G O O D   T O   G O !!!
100 days to run, starting 20170721 (24673) ending 20171029 (24773)
FOUND COMBINED RESTART FILE:  /home/mdunphy/project/mdunphy/nemo_results/SalishSea1500/SalishSea1500-RUN181/RST/SalishSea1500-RUN181_00432000_restart.nc
Submitting job, 96 cores, 04:00:00s runlimit, control path /home/mdunphy/project/mdunphy/control/SalishSea1500-RUN181
sbatch --time=04:00:00 --job-name=RUN181 --mem-per-cpu=3900M --ntasks=96 -o /home/mdunphy/scratch/nemo_temp/SalishSea1500/SalishSea1500-RUN181/RUN/nemo.stdout -e /home/mdunphy/scratch/nemo_temp/SalishSea1500/SalishSea1500-RUN181/RUN/nemo.stderr RUN181.ksh
Submitted batch job 5122185
