+ [ ! -z '' ]
+ . ./environment.ksh
+ set -ax
+ MACHINE=gpsc4
+ CONTAINER=dfo/dfo_all_default_ubuntu-18.04-amd64_latest
+ PROJECT=rrg-nereusvc
+ TIMELIMIT=04:00:00
+ TIMELIMIT_PP=01:00:00
+ MEMLIMIT=3900M
+ QUEUE=dev
+ JPNI=5
+ JPNJ=19
+ NBPROC=95
+ NBPROC_XIO=1
+ expr 95 + 1
+ TOTPROC=96
+ MAXSUB=12
+ NDATEDEB=20151129
+ PASDETEMPS=120
+ NNBARO=20
+ NNSTOCK=72000
+ SPLIT_FREQ=100
+ MESHRUN=no
+ RESTART=no
+ CONF_NAME=SalishSea1500
+ CONF_NBR=RUN181
+ CONFIG=SalishSea1500-RUN181
+ SEAICE_MODULE=NONE
+ ATMOS_DATA=NONE
+ OBC_ACTIVE=no
+ TIDE_ACTIVE=no
+ TIDE_2Dfile=no
+ RIVER_ACTIVE=no
+ DIR_CALCU_EXE=/home/mdunphy/project/mdunphy/Software/NEMO36OPP/NEMOGCM/CONFIG/SalishSea1500/BLD/bin
+ DIR_CALCU_SHR=/home/mdunphy/project/mdunphy/Software/NEMO36OPP/NEMOGCM/CONFIG/SHARED
+ DIR_CALCU_RBL=/home/mdunphy/project/mdunphy/Software/NEMO36OPP/NEMOGCM/TOOLS/REBUILD_NEMO
+ DIR_CALCU_XIO=/home/mdunphy/project/mdunphy/Software/XIOS/bin
+ DIR_CALCU_CTL=/home/mdunphy/project/mdunphy/control/SalishSea1500-RUN181
+ DIR_CALCU_UTL=/home/mdunphy/bin
+ DIR_ARCHI_FORC=/home/mdunphy/project/mdunphy/Forcing/grid
+ DIR_ARCHI_ATMOS=/home/mdunphy/project/mdunphy/Forcing/OPPwestSS
+ DIR_ARCHI_INPUT=/home/mdunphy/project/mdunphy/Forcing/grid
+ DIR_ARCHI_CLIM=/unused
+ DIR_ARCHI_OBC=/unused
+ DIR_ARCHI_OBCN=/unused
+ DIR_ARCHI_TIDE=/unused
+ DIR_ARCHI_HOME=/home/mdunphy/project/mdunphy/nemo_results/SalishSea1500/SalishSea1500-RUN181
+ DIR_ARCHI_CDF=/home/mdunphy/project/mdunphy/nemo_results/SalishSea1500/SalishSea1500-RUN181/CDF
+ DIR_ARCHI_LOG=/home/mdunphy/project/mdunphy/nemo_results/SalishSea1500/SalishSea1500-RUN181/LOG
+ DIR_ARCHI_RST=/home/mdunphy/project/mdunphy/nemo_results/SalishSea1500/SalishSea1500-RUN181/RST
+ [ ! -d /home/mdunphy/project/mdunphy/nemo_results/SalishSea1500/SalishSea1500-RUN181 ]
+ [ ! -d /home/mdunphy/project/mdunphy/nemo_results/SalishSea1500/SalishSea1500-RUN181/RST ]
+ [ ! -d /home/mdunphy/project/mdunphy/nemo_results/SalishSea1500/SalishSea1500-RUN181/CDF ]
+ [ ! -d /home/mdunphy/project/mdunphy/nemo_results/SalishSea1500/SalishSea1500-RUN181/LOG ]
+ DIR_TMP_HOME=/home/mdunphy/scratch/nemo_temp/SalishSea1500/SalishSea1500-RUN181
+ DIR_TMP_RST=/home/mdunphy/scratch/nemo_temp/SalishSea1500/SalishSea1500-RUN181/RST
+ DIR_TMP_CDF=/home/mdunphy/scratch/nemo_temp/SalishSea1500/SalishSea1500-RUN181/CDF
+ DIR_TMP_LOG=/home/mdunphy/scratch/nemo_temp/SalishSea1500/SalishSea1500-RUN181/LOG
+ DIR_TMP_RUN=/home/mdunphy/scratch/nemo_temp/SalishSea1500/SalishSea1500-RUN181/RUN
+ DIR_TMP_ATM=/home/mdunphy/scratch/nemo_temp/SalishSea1500/SalishSea1500-RUN181/RUN/ATMDATA
+ DIR_TMP_OBC=/home/mdunphy/scratch/nemo_temp/SalishSea1500/SalishSea1500-RUN181/RUN/BDY
+ DIR_TMP_RVR=/home/mdunphy/scratch/nemo_temp/SalishSea1500/SalishSea1500-RUN181/RUN/RIVER
+ [ ! -d /home/mdunphy/scratch/nemo_temp/SalishSea1500/SalishSea1500-RUN181 ]
+ [ ! -d /home/mdunphy/scratch/nemo_temp/SalishSea1500/SalishSea1500-RUN181/RST ]
+ [ ! -d /home/mdunphy/scratch/nemo_temp/SalishSea1500/SalishSea1500-RUN181/CDF ]
+ [ ! -d /home/mdunphy/scratch/nemo_temp/SalishSea1500/SalishSea1500-RUN181/LOG ]
+ [ ! -d /home/mdunphy/scratch/nemo_temp/SalishSea1500/SalishSea1500-RUN181/RUN ]
+ EXEC_NAME=nemo.exe
+ BATMET_FIL=bathy_salishsea_1500m_20210706.nc
+ COORD_FIL=coordinates_salishsea_1500m.nc
+ BATLE_FIL=''
+ BFRI_FIL=''
+ SHLAT_FIL=''
+ TEMP_FIL=''
+ SAL_FIL=''
+ U_FIL=''
+ V_FIL=''
+ SSH_FIL=''
+ RUNOFF_FIL=''
+ RUNOFF_TEMP_FIL=''
+ RUNOFF_MASK_FIL=''
+ CHLA_FIL=''
+ RGB_FIL=''
+ INITICE_FIL=''
+ CICE_GRID=''
+ compo_list=M2
+ TIDE_PREF=''
+ TIDEH_FIL=''
+ TIDEU_FIL=''
+ TIDEV_FIL=''
+ TMX_K1=''
+ TMX_M2=''
+ TMX_MASK=''
+ TMX_MASK=''
+ DUST_FIL=''
+ RIVER_FIL=''
+ obc_list=''
+ obcpref2D=''
+ obcsuf2D=''
+ obcprefNorth=''
+ WEIGHTS_FIL=weights_bilin_OPPwestSS.nc
+ RESTART_FILE=/home/mdunphy/MEOPAR/forcing/restart/hindcast.201812/31dec15/SalishSea_01682640_restart.nc

Configuration name : SalishSea1500-RUN181
Number of procs : 95

Initialisation from climatology or analytical profiles


home : /home/mdunphy

CALCU directories :
~~~~~~~~~~~~~~~~~~~~~~~~~~~~
/home/mdunphy/project/mdunphy/Software/NEMO36OPP/NEMOGCM/CONFIG/SalishSea1500/BLD/bin : directory where is the NEMO executable
/home/mdunphy/project/mdunphy/Software/NEMO36OPP/NEMOGCM/CONFIG/SHARED : directory where is the shared files
/home/mdunphy/project/mdunphy/Software/XIOS/bin : directory where is the XIOS server
/home/mdunphy/project/mdunphy/control/SalishSea1500-RUN181 : directory where are control files of the run
/home/mdunphy/bin : directory where to find utilities

MACHINEARCHI directories :
~~~~~~~~~~~~~~~~~~~~~~~~~~~~
/home/mdunphy/project/mdunphy/Forcing/OPPwestSS : directory to stock the atmos forcing fields
/home/mdunphy/project/mdunphy/Forcing/grid : directory for the input files
/unused : directory for the climatology files
/unused : directory for the obc files
/home/mdunphy/project/mdunphy/nemo_results/SalishSea1500/SalishSea1500-RUN181 : directory to stock the results
/home/mdunphy/project/mdunphy/nemo_results/SalishSea1500/SalishSea1500-RUN181/RST : directory to stock the restarts
/home/mdunphy/project/mdunphy/nemo_results/SalishSea1500/SalishSea1500-RUN181/CDF : directory for combined netCDF results
/home/mdunphy/project/mdunphy/nemo_results/SalishSea1500/SalishSea1500-RUN181/LOG : directory for ice something ...

TEMP directories :
~~~~~~~~~~~~~~~~~~~~
/home/mdunphy/scratch/nemo_temp/SalishSea1500/SalishSea1500-RUN181 : home temp directory
/home/mdunphy/scratch/nemo_temp/SalishSea1500/SalishSea1500-RUN181/RST : directory for the restart
/home/mdunphy/scratch/nemo_temp/SalishSea1500/SalishSea1500-RUN181/CDF : directory for the cdf
/home/mdunphy/scratch/nemo_temp/SalishSea1500/SalishSea1500-RUN181/LOG : directory for the log
/home/mdunphy/scratch/nemo_temp/SalishSea1500/SalishSea1500-RUN181/RUN : directory to run
/home/mdunphy/scratch/nemo_temp/SalishSea1500/SalishSea1500-RUN181/RUN/ATMDATA : directory for the atmos forcing
/home/mdunphy/scratch/nemo_temp/SalishSea1500/SalishSea1500-RUN181/RUN/BDY : directory for the obc files

Run features :
~~~~~~~~~~~~~~
Executable name : nemo.exe
Bathymetry : bathy_salishsea_1500m_20210706.nc
Coordinates : coordinates_salishsea_1500m.nc
K1 tidal mixing :
M2 tidal mixing :
Mask tidal mixing :
Shlat :
Clim T :
Clim S :
Clim U :
Clim V :
Runoff :
Chlorophyl :
List of the open boundaries :

Rebuild lddcheck
gra398
ldd /home/mdunphy/project/mdunphy/Software/NEMO36OPP/NEMOGCM/TOOLS/REBUILD_NEMO/BLD/bin/rebuild_nemo.exe
	linux-vdso.so.1 (0x00007ffe729d0000)
	libstdc++.so.6 => /cvmfs/soft.computecanada.ca/gentoo/2020/usr/lib/gcc/x86_64-pc-linux-gnu/11.3.0/libstdc++.so.6 (0x00002b718cf1c000)
	libz.so.1 => /cvmfs/soft.computecanada.ca/gentoo/2020/usr/lib64/libz.so.1 (0x00002b718d1c0000)
	libnetcdff.so.7 => /cvmfs/soft.computecanada.ca/easybuild/software/2020/avx2/MPI/intel2020/openmpi4/netcdf-fortran-mpi/4.5.2/lib/libnetcdff.so.7 (0x00002b718d1da000)
	libnetcdf.so.18 => /cvmfs/soft.computecanada.ca/easybuild/software/2020/avx2/MPI/intel2020/openmpi4/netcdf-mpi/4.7.4/lib64/libnetcdf.so.18 (0x00002b718d6f8000)
	libm.so.6 => /cvmfs/soft.computecanada.ca/gentoo/2020/lib64/libm.so.6 (0x00002b718d8e6000)
	libiomp5.so => /cvmfs/soft.computecanada.ca/easybuild/software/2020/Core/intel/2020.1.217/lib/intel64/libiomp5.so (0x00002b718da29000)
	libpthread.so.0 => /cvmfs/soft.computecanada.ca/gentoo/2020/lib64/libpthread.so.0 (0x00002b718de33000)
	libmpi_usempif08.so.40 => /cvmfs/soft.computecanada.ca/easybuild/software/2020/avx2/Compiler/intel2020/openmpi/4.0.3/lib/libmpi_usempif08.so.40 (0x00002b718de53000)
	libmpi_usempi_ignore_tkr.so.40 => /cvmfs/soft.computecanada.ca/easybuild/software/2020/avx2/Compiler/intel2020/openmpi/4.0.3/lib/libmpi_usempi_ignore_tkr.so.40 (0x00002b718de8e000)
	libmpi_mpifh.so.40 => /cvmfs/soft.computecanada.ca/easybuild/software/2020/avx2/Compiler/intel2020/openmpi/4.0.3/lib/libmpi_mpifh.so.40 (0x00002b718de9d000)
	libmpi.so.40 => /cvmfs/soft.computecanada.ca/easybuild/software/2020/avx2/Compiler/intel2020/openmpi/4.0.3/lib/libmpi.so.40 (0x00002b718df0b000)
	libc.so.6 => /cvmfs/soft.computecanada.ca/gentoo/2020/lib64/libc.so.6 (0x00002b718e24c000)
	libgcc_s.so.1 => /cvmfs/soft.computecanada.ca/gentoo/2020/usr/lib/gcc/x86_64-pc-linux-gnu/11.3.0/libgcc_s.so.1 (0x00002b718e406000)
	libdl.so.2 => /cvmfs/soft.computecanada.ca/gentoo/2020/lib64/libdl.so.2 (0x00002b718e421000)
	/cvmfs/soft.computecanada.ca/gentoo/2020/lib64/ld-linux-x86-64.so.2 (0x00002b718ceba000)
	libifport.so.5 => /cvmfs/soft.computecanada.ca/easybuild/software/2020/Core/intel/2020.1.217/lib/intel64/libifport.so.5 (0x00002b718e428000)
	libifcoremt.so.5 => /cvmfs/soft.computecanada.ca/easybuild/software/2020/Core/intel/2020.1.217/lib/intel64/libifcoremt.so.5 (0x00002b718e659000)
	libimf.so => /cvmfs/soft.computecanada.ca/easybuild/software/2020/Core/intel/2020.1.217/lib/intel64/libimf.so (0x00002b718e9fe000)
	libsvml.so => /cvmfs/soft.computecanada.ca/easybuild/software/2020/Core/intel/2020.1.217/lib/intel64/libsvml.so (0x00002b718f101000)
	libintlc.so.5 => /cvmfs/soft.computecanada.ca/easybuild/software/2020/Core/intel/2020.1.217/lib/intel64/libintlc.so.5 (0x00002b7190c0c000)
	libhdf5_hl.so.100 => /cvmfs/soft.computecanada.ca/easybuild/software/2020/avx2/MPI/intel2020/openmpi4/hdf5-mpi/1.10.6/lib/libhdf5_hl.so.100 (0x00002b7190e87000)
	libhdf5.so.103 => /cvmfs/soft.computecanada.ca/easybuild/software/2020/avx2/MPI/intel2020/openmpi4/hdf5-mpi/1.10.6/lib/libhdf5.so.103 (0x00002b7190eb1000)
	libsz.so.2 => /cvmfs/soft.computecanada.ca/gentoo/2020/usr/lib64/libsz.so.2 (0x00002b71913ac000)
	libcurl.so.4 => /cvmfs/soft.computecanada.ca/gentoo/2020/usr/lib64/libcurl.so.4 (0x00002b71913c3000)
	libirng.so => /cvmfs/soft.computecanada.ca/easybuild/software/2020/Core/intel/2020.1.217/lib/intel64/libirng.so (0x00002b719144e000)
	libopen-rte.so.40 => /cvmfs/soft.computecanada.ca/easybuild/software/2020/avx2/Compiler/intel2020/openmpi/4.0.3/lib/libopen-rte.so.40 (0x00002b71917ba000)
	libopen-pal.so.40 => /cvmfs/soft.computecanada.ca/easybuild/software/2020/avx2/Compiler/intel2020/openmpi/4.0.3/lib/libopen-pal.so.40 (0x00002b71918f9000)
	librt.so.1 => /cvmfs/soft.computecanada.ca/gentoo/2020/lib64/librt.so.1 (0x00002b7191b9e000)
	libutil.so.1 => /cvmfs/soft.computecanada.ca/gentoo/2020/lib64/libutil.so.1 (0x00002b7191ba8000)
	libhwloc.so.5 => /cvmfs/soft.computecanada.ca/gentoo/2020/usr/lib64/libhwloc.so.5 (0x00002b7191bad000)
	libevent-2.1.so.6 => /cvmfs/soft.computecanada.ca/gentoo/2020/usr/lib64/libevent-2.1.so.6 (0x00002b7191bf1000)
	libevent_pthreads-2.1.so.6 => /cvmfs/soft.computecanada.ca/gentoo/2020/usr/lib64/libevent_pthreads-2.1.so.6 (0x00002b7191c46000)
	libnghttp2.so.14 => /cvmfs/soft.computecanada.ca/gentoo/2020/usr/lib64/libnghttp2.so.14 (0x00002b7191c4b000)
	libssl.so.1.1 => /cvmfs/soft.computecanada.ca/gentoo/2020/usr/lib64/libssl.so.1.1 (0x00002b7191c75000)
	libcrypto.so.1.1 => /cvmfs/soft.computecanada.ca/gentoo/2020/usr/lib64/libcrypto.so.1.1 (0x00002b7191d07000)
	libgssapi_krb5.so.2 => /cvmfs/soft.computecanada.ca/gentoo/2020/usr/lib64/libgssapi_krb5.so.2 (0x00002b7191fc5000)
	libkrb5.so.3 => /cvmfs/soft.computecanada.ca/gentoo/2020/usr/lib64/libkrb5.so.3 (0x00002b7192014000)
	libk5crypto.so.3 => /cvmfs/soft.computecanada.ca/gentoo/2020/usr/lib64/libk5crypto.so.3 (0x00002b71920f3000)
	libcom_err.so.2 => /cvmfs/soft.computecanada.ca/gentoo/2020/usr/lib64/libcom_err.so.2 (0x00002b7192129000)
	libzstd.so.1 => /cvmfs/soft.computecanada.ca/gentoo/2020/usr/lib64/libzstd.so.1 (0x00002b719212f000)
	libnuma.so.1 => /cvmfs/soft.computecanada.ca/gentoo/2020/usr/lib64/libnuma.so.1 (0x00002b71921df000)
	libudev.so.1 => /cvmfs/soft.computecanada.ca/gentoo/2020/lib64/libudev.so.1 (0x00002b71921ed000)
	libpciaccess.so.0 => /cvmfs/soft.computecanada.ca/gentoo/2020/usr/lib64/libpciaccess.so.0 (0x00002b7192215000)
	libxml2.so.2 => /cvmfs/soft.computecanada.ca/gentoo/2020/usr/lib64/libxml2.so.2 (0x00002b7192220000)
	libkrb5support.so.0 => /cvmfs/soft.computecanada.ca/gentoo/2020/usr/lib64/libkrb5support.so.0 (0x00002b7192389000)
	libkeyutils.so.1 => /cvmfs/soft.computecanada.ca/gentoo/2020/usr/lib64/libkeyutils.so.1 (0x00002b7192398000)
	libresolv.so.2 => /cvmfs/soft.computecanada.ca/gentoo/2020/lib64/libresolv.so.2 (0x00002b719239f000)
	libselinux.so.1 => /cvmfs/soft.computecanada.ca/gentoo/2020/lib64/libselinux.so.1 (0x00002b71923b7000)
	libicuuc.so.65 => /cvmfs/soft.computecanada.ca/gentoo/2020/usr/lib64/libicuuc.so.65 (0x00002b71923e2000)
	liblzma.so.5 => /cvmfs/soft.computecanada.ca/gentoo/2020/usr/lib64/liblzma.so.5 (0x00002b71925c4000)
	libpcre.so.1 => /cvmfs/soft.computecanada.ca/gentoo/2020/usr/lib64/libpcre.so.1 (0x00002b71925ec000)
	libicudata.so.65 => /cvmfs/soft.computecanada.ca/gentoo/2020/usr/lib64/libicudata.so.65 (0x00002b719265f000)
Rebuilding SalishSea1500-RUN181_00504000_restart
Restart rebuild of SalishSea1500-RUN181_00504000_restart successful
sending incremental file list
layout.dat_R007_00432001_00504000
namelist_cfg_R007_00432001_00504000
namelist_ref_R007_00432001_00504000
nemo.stderr_R007_00432001_00504000
nemo.stdout_R007_00432001_00504000
ocean.output_R007_00432001_00504000
output.namelist.dyn_R007_00432001_00504000
solver.stat_R007_00432001_00504000
time.step_R007_00432001_00504000
timing.output_R007_00432001_00504000

sent 9,980,175 bytes  received 210 bytes  2,851,538.57 bytes/sec
total size is 9,976,876  speedup is 1.00
sending incremental file list
SalishSea1500-RUN181_1d_grid_T_20170721-20170721.nc
SalishSea1500-RUN181_1d_grid_T_20170722-20170722.nc
SalishSea1500-RUN181_1d_grid_T_20170723-20170723.nc
SalishSea1500-RUN181_1d_grid_T_20170724-20170724.nc
SalishSea1500-RUN181_1d_grid_T_20170725-20170725.nc
SalishSea1500-RUN181_1d_grid_T_20170726-20170726.nc
SalishSea1500-RUN181_1d_grid_T_20170727-20170727.nc
SalishSea1500-RUN181_1d_grid_T_20170728-20170728.nc
SalishSea1500-RUN181_1d_grid_T_20170729-20170729.nc
SalishSea1500-RUN181_1d_grid_T_20170730-20170730.nc
SalishSea1500-RUN181_1d_grid_T_20170731-20170731.nc
SalishSea1500-RUN181_1d_grid_T_20170801-20170801.nc
SalishSea1500-RUN181_1d_grid_T_20170802-20170802.nc
SalishSea1500-RUN181_1d_grid_T_20170803-20170803.nc
SalishSea1500-RUN181_1d_grid_T_20170804-20170804.nc
SalishSea1500-RUN181_1d_grid_T_20170805-20170805.nc
SalishSea1500-RUN181_1d_grid_T_20170806-20170806.nc
SalishSea1500-RUN181_1d_grid_T_20170807-20170807.nc
SalishSea1500-RUN181_1d_grid_T_20170808-20170808.nc
SalishSea1500-RUN181_1d_grid_T_20170809-20170809.nc
SalishSea1500-RUN181_1d_grid_T_20170810-20170810.nc
SalishSea1500-RUN181_1d_grid_T_20170811-20170811.nc
SalishSea1500-RUN181_1d_grid_T_20170812-20170812.nc
SalishSea1500-RUN181_1d_grid_T_20170813-20170813.nc
SalishSea1500-RUN181_1d_grid_T_20170814-20170814.nc
SalishSea1500-RUN181_1d_grid_T_20170815-20170815.nc
SalishSea1500-RUN181_1d_grid_T_20170816-20170816.nc
SalishSea1500-RUN181_1d_grid_T_20170817-20170817.nc
SalishSea1500-RUN181_1d_grid_T_20170818-20170818.nc
SalishSea1500-RUN181_1d_grid_T_20170819-20170819.nc
SalishSea1500-RUN181_1d_grid_T_20170820-20170820.nc
SalishSea1500-RUN181_1d_grid_T_20170821-20170821.nc
SalishSea1500-RUN181_1d_grid_T_20170822-20170822.nc
SalishSea1500-RUN181_1d_grid_T_20170823-20170823.nc
SalishSea1500-RUN181_1d_grid_T_20170824-20170824.nc
SalishSea1500-RUN181_1d_grid_T_20170825-20170825.nc
SalishSea1500-RUN181_1d_grid_T_20170826-20170826.nc
SalishSea1500-RUN181_1d_grid_T_20170827-20170827.nc
SalishSea1500-RUN181_1d_grid_T_20170828-20170828.nc
SalishSea1500-RUN181_1d_grid_T_20170829-20170829.nc
SalishSea1500-RUN181_1d_grid_T_20170830-20170830.nc
SalishSea1500-RUN181_1d_grid_T_20170831-20170831.nc
SalishSea1500-RUN181_1d_grid_T_20170901-20170901.nc
SalishSea1500-RUN181_1d_grid_T_20170902-20170902.nc
SalishSea1500-RUN181_1d_grid_T_20170903-20170903.nc
SalishSea1500-RUN181_1d_grid_T_20170904-20170904.nc
SalishSea1500-RUN181_1d_grid_T_20170905-20170905.nc
SalishSea1500-RUN181_1d_grid_T_20170906-20170906.nc
SalishSea1500-RUN181_1d_grid_T_20170907-20170907.nc
SalishSea1500-RUN181_1d_grid_T_20170908-20170908.nc
SalishSea1500-RUN181_1d_grid_T_20170909-20170909.nc
SalishSea1500-RUN181_1d_grid_T_20170910-20170910.nc
SalishSea1500-RUN181_1d_grid_T_20170911-20170911.nc
SalishSea1500-RUN181_1d_grid_T_20170912-20170912.nc
SalishSea1500-RUN181_1d_grid_T_20170913-20170913.nc
SalishSea1500-RUN181_1d_grid_T_20170914-20170914.nc
SalishSea1500-RUN181_1d_grid_T_20170915-20170915.nc
SalishSea1500-RUN181_1d_grid_T_20170916-20170916.nc
SalishSea1500-RUN181_1d_grid_T_20170917-20170917.nc
SalishSea1500-RUN181_1d_grid_T_20170918-20170918.nc
SalishSea1500-RUN181_1d_grid_T_20170919-20170919.nc
SalishSea1500-RUN181_1d_grid_T_20170920-20170920.nc
SalishSea1500-RUN181_1d_grid_T_20170921-20170921.nc
SalishSea1500-RUN181_1d_grid_T_20170922-20170922.nc
SalishSea1500-RUN181_1d_grid_T_20170923-20170923.nc
SalishSea1500-RUN181_1d_grid_T_20170924-20170924.nc
SalishSea1500-RUN181_1d_grid_T_20170925-20170925.nc
SalishSea1500-RUN181_1d_grid_T_20170926-20170926.nc
SalishSea1500-RUN181_1d_grid_T_20170927-20170927.nc
SalishSea1500-RUN181_1d_grid_T_20170928-20170928.nc
SalishSea1500-RUN181_1d_grid_T_20170929-20170929.nc
SalishSea1500-RUN181_1d_grid_T_20170930-20170930.nc
SalishSea1500-RUN181_1d_grid_T_20171001-20171001.nc
SalishSea1500-RUN181_1d_grid_T_20171002-20171002.nc
SalishSea1500-RUN181_1d_grid_T_20171003-20171003.nc
SalishSea1500-RUN181_1d_grid_T_20171004-20171004.nc
SalishSea1500-RUN181_1d_grid_T_20171005-20171005.nc
SalishSea1500-RUN181_1d_grid_T_20171006-20171006.nc
SalishSea1500-RUN181_1d_grid_T_20171007-20171007.nc
SalishSea1500-RUN181_1d_grid_T_20171008-20171008.nc
SalishSea1500-RUN181_1d_grid_T_20171009-20171009.nc
SalishSea1500-RUN181_1d_grid_T_20171010-20171010.nc
SalishSea1500-RUN181_1d_grid_T_20171011-20171011.nc
SalishSea1500-RUN181_1d_grid_T_20171012-20171012.nc
SalishSea1500-RUN181_1d_grid_T_20171013-20171013.nc
SalishSea1500-RUN181_1d_grid_T_20171014-20171014.nc
SalishSea1500-RUN181_1d_grid_T_20171015-20171015.nc
SalishSea1500-RUN181_1d_grid_T_20171016-20171016.nc
SalishSea1500-RUN181_1d_grid_T_20171017-20171017.nc
SalishSea1500-RUN181_1d_grid_T_20171018-20171018.nc
SalishSea1500-RUN181_1d_grid_T_20171019-20171019.nc
SalishSea1500-RUN181_1d_grid_T_20171020-20171020.nc
SalishSea1500-RUN181_1d_grid_T_20171021-20171021.nc
SalishSea1500-RUN181_1d_grid_T_20171022-20171022.nc
SalishSea1500-RUN181_1d_grid_T_20171023-20171023.nc
SalishSea1500-RUN181_1d_grid_T_20171024-20171024.nc
SalishSea1500-RUN181_1d_grid_T_20171025-20171025.nc
SalishSea1500-RUN181_1d_grid_T_20171026-20171026.nc
SalishSea1500-RUN181_1d_grid_T_20171027-20171027.nc
SalishSea1500-RUN181_1d_grid_T_20171028-20171028.nc
SalishSea1500-RUN181_1d_grid_T_2D_20170721-20170721.nc
SalishSea1500-RUN181_1d_grid_T_2D_20170722-20170722.nc
SalishSea1500-RUN181_1d_grid_T_2D_20170723-20170723.nc
SalishSea1500-RUN181_1d_grid_T_2D_20170724-20170724.nc
SalishSea1500-RUN181_1d_grid_T_2D_20170725-20170725.nc
SalishSea1500-RUN181_1d_grid_T_2D_20170726-20170726.nc
SalishSea1500-RUN181_1d_grid_T_2D_20170727-20170727.nc
SalishSea1500-RUN181_1d_grid_T_2D_20170728-20170728.nc
SalishSea1500-RUN181_1d_grid_T_2D_20170729-20170729.nc
SalishSea1500-RUN181_1d_grid_T_2D_20170730-20170730.nc
SalishSea1500-RUN181_1d_grid_T_2D_20170731-20170731.nc
SalishSea1500-RUN181_1d_grid_T_2D_20170801-20170801.nc
SalishSea1500-RUN181_1d_grid_T_2D_20170802-20170802.nc
SalishSea1500-RUN181_1d_grid_T_2D_20170803-20170803.nc
SalishSea1500-RUN181_1d_grid_T_2D_20170804-20170804.nc
SalishSea1500-RUN181_1d_grid_T_2D_20170805-20170805.nc
SalishSea1500-RUN181_1d_grid_T_2D_20170806-20170806.nc
SalishSea1500-RUN181_1d_grid_T_2D_20170807-20170807.nc
SalishSea1500-RUN181_1d_grid_T_2D_20170808-20170808.nc
SalishSea1500-RUN181_1d_grid_T_2D_20170809-20170809.nc
SalishSea1500-RUN181_1d_grid_T_2D_20170810-20170810.nc
SalishSea1500-RUN181_1d_grid_T_2D_20170811-20170811.nc
SalishSea1500-RUN181_1d_grid_T_2D_20170812-20170812.nc
SalishSea1500-RUN181_1d_grid_T_2D_20170813-20170813.nc
SalishSea1500-RUN181_1d_grid_T_2D_20170814-20170814.nc
SalishSea1500-RUN181_1d_grid_T_2D_20170815-20170815.nc
SalishSea1500-RUN181_1d_grid_T_2D_20170816-20170816.nc
SalishSea1500-RUN181_1d_grid_T_2D_20170817-20170817.nc
SalishSea1500-RUN181_1d_grid_T_2D_20170818-20170818.nc
SalishSea1500-RUN181_1d_grid_T_2D_20170819-20170819.nc
SalishSea1500-RUN181_1d_grid_T_2D_20170820-20170820.nc
SalishSea1500-RUN181_1d_grid_T_2D_20170821-20170821.nc
SalishSea1500-RUN181_1d_grid_T_2D_20170822-20170822.nc
SalishSea1500-RUN181_1d_grid_T_2D_20170823-20170823.nc
SalishSea1500-RUN181_1d_grid_T_2D_20170824-20170824.nc
SalishSea1500-RUN181_1d_grid_T_2D_20170825-20170825.nc
SalishSea1500-RUN181_1d_grid_T_2D_20170826-20170826.nc
SalishSea1500-RUN181_1d_grid_T_2D_20170827-20170827.nc
SalishSea1500-RUN181_1d_grid_T_2D_20170828-20170828.nc
SalishSea1500-RUN181_1d_grid_T_2D_20170829-20170829.nc
SalishSea1500-RUN181_1d_grid_T_2D_20170830-20170830.nc
SalishSea1500-RUN181_1d_grid_T_2D_20170831-20170831.nc
SalishSea1500-RUN181_1d_grid_T_2D_20170901-20170901.nc
SalishSea1500-RUN181_1d_grid_T_2D_20170902-20170902.nc
SalishSea1500-RUN181_1d_grid_T_2D_20170903-20170903.nc
SalishSea1500-RUN181_1d_grid_T_2D_20170904-20170904.nc
SalishSea1500-RUN181_1d_grid_T_2D_20170905-20170905.nc
SalishSea1500-RUN181_1d_grid_T_2D_20170906-20170906.nc
SalishSea1500-RUN181_1d_grid_T_2D_20170907-20170907.nc
SalishSea1500-RUN181_1d_grid_T_2D_20170908-20170908.nc
SalishSea1500-RUN181_1d_grid_T_2D_20170909-20170909.nc
SalishSea1500-RUN181_1d_grid_T_2D_20170910-20170910.nc
SalishSea1500-RUN181_1d_grid_T_2D_20170911-20170911.nc
SalishSea1500-RUN181_1d_grid_T_2D_20170912-20170912.nc
SalishSea1500-RUN181_1d_grid_T_2D_20170913-20170913.nc
SalishSea1500-RUN181_1d_grid_T_2D_20170914-20170914.nc
SalishSea1500-RUN181_1d_grid_T_2D_20170915-20170915.nc
SalishSea1500-RUN181_1d_grid_T_2D_20170916-20170916.nc
SalishSea1500-RUN181_1d_grid_T_2D_20170917-20170917.nc
SalishSea1500-RUN181_1d_grid_T_2D_20170918-20170918.nc
SalishSea1500-RUN181_1d_grid_T_2D_20170919-20170919.nc
SalishSea1500-RUN181_1d_grid_T_2D_20170920-20170920.nc
SalishSea1500-RUN181_1d_grid_T_2D_20170921-20170921.nc
SalishSea1500-RUN181_1d_grid_T_2D_20170922-20170922.nc
SalishSea1500-RUN181_1d_grid_T_2D_20170923-20170923.nc
SalishSea1500-RUN181_1d_grid_T_2D_20170924-20170924.nc
SalishSea1500-RUN181_1d_grid_T_2D_20170925-20170925.nc
SalishSea1500-RUN181_1d_grid_T_2D_20170926-20170926.nc
SalishSea1500-RUN181_1d_grid_T_2D_20170927-20170927.nc
SalishSea1500-RUN181_1d_grid_T_2D_20170928-20170928.nc
SalishSea1500-RUN181_1d_grid_T_2D_20170929-20170929.nc
SalishSea1500-RUN181_1d_grid_T_2D_20170930-20170930.nc
SalishSea1500-RUN181_1d_grid_T_2D_20171001-20171001.nc
SalishSea1500-RUN181_1d_grid_T_2D_20171002-20171002.nc
SalishSea1500-RUN181_1d_grid_T_2D_20171003-20171003.nc
SalishSea1500-RUN181_1d_grid_T_2D_20171004-20171004.nc
SalishSea1500-RUN181_1d_grid_T_2D_20171005-20171005.nc
SalishSea1500-RUN181_1d_grid_T_2D_20171006-20171006.nc
SalishSea1500-RUN181_1d_grid_T_2D_20171007-20171007.nc
SalishSea1500-RUN181_1d_grid_T_2D_20171008-20171008.nc
SalishSea1500-RUN181_1d_grid_T_2D_20171009-20171009.nc
SalishSea1500-RUN181_1d_grid_T_2D_20171010-20171010.nc
SalishSea1500-RUN181_1d_grid_T_2D_20171011-20171011.nc
SalishSea1500-RUN181_1d_grid_T_2D_20171012-20171012.nc
SalishSea1500-RUN181_1d_grid_T_2D_20171013-20171013.nc
SalishSea1500-RUN181_1d_grid_T_2D_20171014-20171014.nc
SalishSea1500-RUN181_1d_grid_T_2D_20171015-20171015.nc
SalishSea1500-RUN181_1d_grid_T_2D_20171016-20171016.nc
SalishSea1500-RUN181_1d_grid_T_2D_20171017-20171017.nc
SalishSea1500-RUN181_1d_grid_T_2D_20171018-20171018.nc
SalishSea1500-RUN181_1d_grid_T_2D_20171019-20171019.nc
SalishSea1500-RUN181_1d_grid_T_2D_20171020-20171020.nc
SalishSea1500-RUN181_1d_grid_T_2D_20171021-20171021.nc
SalishSea1500-RUN181_1d_grid_T_2D_20171022-20171022.nc
SalishSea1500-RUN181_1d_grid_T_2D_20171023-20171023.nc
SalishSea1500-RUN181_1d_grid_T_2D_20171024-20171024.nc
SalishSea1500-RUN181_1d_grid_T_2D_20171025-20171025.nc
SalishSea1500-RUN181_1d_grid_T_2D_20171026-20171026.nc
SalishSea1500-RUN181_1d_grid_T_2D_20171027-20171027.nc
SalishSea1500-RUN181_1d_grid_T_2D_20171028-20171028.nc
SalishSea1500-RUN181_1d_grid_U_20170721-20170721.nc
SalishSea1500-RUN181_1d_grid_U_20170722-20170722.nc
SalishSea1500-RUN181_1d_grid_U_20170723-20170723.nc
SalishSea1500-RUN181_1d_grid_U_20170724-20170724.nc
SalishSea1500-RUN181_1d_grid_U_20170725-20170725.nc
SalishSea1500-RUN181_1d_grid_U_20170726-20170726.nc
SalishSea1500-RUN181_1d_grid_U_20170727-20170727.nc
SalishSea1500-RUN181_1d_grid_U_20170728-20170728.nc
SalishSea1500-RUN181_1d_grid_U_20170729-20170729.nc
SalishSea1500-RUN181_1d_grid_U_20170730-20170730.nc
SalishSea1500-RUN181_1d_grid_U_20170731-20170731.nc
SalishSea1500-RUN181_1d_grid_U_20170801-20170801.nc
SalishSea1500-RUN181_1d_grid_U_20170802-20170802.nc
SalishSea1500-RUN181_1d_grid_U_20170803-20170803.nc
SalishSea1500-RUN181_1d_grid_U_20170804-20170804.nc
SalishSea1500-RUN181_1d_grid_U_20170805-20170805.nc
SalishSea1500-RUN181_1d_grid_U_20170806-20170806.nc
SalishSea1500-RUN181_1d_grid_U_20170807-20170807.nc
SalishSea1500-RUN181_1d_grid_U_20170808-20170808.nc
SalishSea1500-RUN181_1d_grid_U_20170809-20170809.nc
SalishSea1500-RUN181_1d_grid_U_20170810-20170810.nc
SalishSea1500-RUN181_1d_grid_U_20170811-20170811.nc
SalishSea1500-RUN181_1d_grid_U_20170812-20170812.nc
SalishSea1500-RUN181_1d_grid_U_20170813-20170813.nc
SalishSea1500-RUN181_1d_grid_U_20170814-20170814.nc
SalishSea1500-RUN181_1d_grid_U_20170815-20170815.nc
SalishSea1500-RUN181_1d_grid_U_20170816-20170816.nc
SalishSea1500-RUN181_1d_grid_U_20170817-20170817.nc
SalishSea1500-RUN181_1d_grid_U_20170818-20170818.nc
SalishSea1500-RUN181_1d_grid_U_20170819-20170819.nc
SalishSea1500-RUN181_1d_grid_U_20170820-20170820.nc
SalishSea1500-RUN181_1d_grid_U_20170821-20170821.nc
SalishSea1500-RUN181_1d_grid_U_20170822-20170822.nc
SalishSea1500-RUN181_1d_grid_U_20170823-20170823.nc
SalishSea1500-RUN181_1d_grid_U_20170824-20170824.nc
SalishSea1500-RUN181_1d_grid_U_20170825-20170825.nc
SalishSea1500-RUN181_1d_grid_U_20170826-20170826.nc
SalishSea1500-RUN181_1d_grid_U_20170827-20170827.nc
SalishSea1500-RUN181_1d_grid_U_20170828-20170828.nc
SalishSea1500-RUN181_1d_grid_U_20170829-20170829.nc
SalishSea1500-RUN181_1d_grid_U_20170830-20170830.nc
SalishSea1500-RUN181_1d_grid_U_20170831-20170831.nc
SalishSea1500-RUN181_1d_grid_U_20170901-20170901.nc
SalishSea1500-RUN181_1d_grid_U_20170902-20170902.nc
SalishSea1500-RUN181_1d_grid_U_20170903-20170903.nc
SalishSea1500-RUN181_1d_grid_U_20170904-20170904.nc
SalishSea1500-RUN181_1d_grid_U_20170905-20170905.nc
SalishSea1500-RUN181_1d_grid_U_20170906-20170906.nc
SalishSea1500-RUN181_1d_grid_U_20170907-20170907.nc
SalishSea1500-RUN181_1d_grid_U_20170908-20170908.nc
SalishSea1500-RUN181_1d_grid_U_20170909-20170909.nc
SalishSea1500-RUN181_1d_grid_U_20170910-20170910.nc
SalishSea1500-RUN181_1d_grid_U_20170911-20170911.nc
SalishSea1500-RUN181_1d_grid_U_20170912-20170912.nc
SalishSea1500-RUN181_1d_grid_U_20170913-20170913.nc
SalishSea1500-RUN181_1d_grid_U_20170914-20170914.nc
SalishSea1500-RUN181_1d_grid_U_20170915-20170915.nc
SalishSea1500-RUN181_1d_grid_U_20170916-20170916.nc
SalishSea1500-RUN181_1d_grid_U_20170917-20170917.nc
SalishSea1500-RUN181_1d_grid_U_20170918-20170918.nc
SalishSea1500-RUN181_1d_grid_U_20170919-20170919.nc
SalishSea1500-RUN181_1d_grid_U_20170920-20170920.nc
SalishSea1500-RUN181_1d_grid_U_20170921-20170921.nc
SalishSea1500-RUN181_1d_grid_U_20170922-20170922.nc
SalishSea1500-RUN181_1d_grid_U_20170923-20170923.nc
SalishSea1500-RUN181_1d_grid_U_20170924-20170924.nc
SalishSea1500-RUN181_1d_grid_U_20170925-20170925.nc
SalishSea1500-RUN181_1d_grid_U_20170926-20170926.nc
SalishSea1500-RUN181_1d_grid_U_20170927-20170927.nc
SalishSea1500-RUN181_1d_grid_U_20170928-20170928.nc
SalishSea1500-RUN181_1d_grid_U_20170929-20170929.nc
SalishSea1500-RUN181_1d_grid_U_20170930-20170930.nc
SalishSea1500-RUN181_1d_grid_U_20171001-20171001.nc
SalishSea1500-RUN181_1d_grid_U_20171002-20171002.nc
SalishSea1500-RUN181_1d_grid_U_20171003-20171003.nc
SalishSea1500-RUN181_1d_grid_U_20171004-20171004.nc
SalishSea1500-RUN181_1d_grid_U_20171005-20171005.nc
SalishSea1500-RUN181_1d_grid_U_20171006-20171006.nc
SalishSea1500-RUN181_1d_grid_U_20171007-20171007.nc
SalishSea1500-RUN181_1d_grid_U_20171008-20171008.nc
SalishSea1500-RUN181_1d_grid_U_20171009-20171009.nc
SalishSea1500-RUN181_1d_grid_U_20171010-20171010.nc
SalishSea1500-RUN181_1d_grid_U_20171011-20171011.nc
SalishSea1500-RUN181_1d_grid_U_20171012-20171012.nc
SalishSea1500-RUN181_1d_grid_U_20171013-20171013.nc
SalishSea1500-RUN181_1d_grid_U_20171014-20171014.nc
SalishSea1500-RUN181_1d_grid_U_20171015-20171015.nc
SalishSea1500-RUN181_1d_grid_U_20171016-20171016.nc
SalishSea1500-RUN181_1d_grid_U_20171017-20171017.nc
SalishSea1500-RUN181_1d_grid_U_20171018-20171018.nc
SalishSea1500-RUN181_1d_grid_U_20171019-20171019.nc
SalishSea1500-RUN181_1d_grid_U_20171020-20171020.nc
SalishSea1500-RUN181_1d_grid_U_20171021-20171021.nc
SalishSea1500-RUN181_1d_grid_U_20171022-20171022.nc
SalishSea1500-RUN181_1d_grid_U_20171023-20171023.nc
SalishSea1500-RUN181_1d_grid_U_20171024-20171024.nc
SalishSea1500-RUN181_1d_grid_U_20171025-20171025.nc
SalishSea1500-RUN181_1d_grid_U_20171026-20171026.nc
SalishSea1500-RUN181_1d_grid_U_20171027-20171027.nc
SalishSea1500-RUN181_1d_grid_U_20171028-20171028.nc
SalishSea1500-RUN181_1d_grid_V_20170721-20170721.nc
SalishSea1500-RUN181_1d_grid_V_20170722-20170722.nc
SalishSea1500-RUN181_1d_grid_V_20170723-20170723.nc
SalishSea1500-RUN181_1d_grid_V_20170724-20170724.nc
SalishSea1500-RUN181_1d_grid_V_20170725-20170725.nc
SalishSea1500-RUN181_1d_grid_V_20170726-20170726.nc
SalishSea1500-RUN181_1d_grid_V_20170727-20170727.nc
SalishSea1500-RUN181_1d_grid_V_20170728-20170728.nc
SalishSea1500-RUN181_1d_grid_V_20170729-20170729.nc
SalishSea1500-RUN181_1d_grid_V_20170730-20170730.nc
SalishSea1500-RUN181_1d_grid_V_20170731-20170731.nc
SalishSea1500-RUN181_1d_grid_V_20170801-20170801.nc
SalishSea1500-RUN181_1d_grid_V_20170802-20170802.nc
SalishSea1500-RUN181_1d_grid_V_20170803-20170803.nc
SalishSea1500-RUN181_1d_grid_V_20170804-20170804.nc
SalishSea1500-RUN181_1d_grid_V_20170805-20170805.nc
SalishSea1500-RUN181_1d_grid_V_20170806-20170806.nc
SalishSea1500-RUN181_1d_grid_V_20170807-20170807.nc
SalishSea1500-RUN181_1d_grid_V_20170808-20170808.nc
SalishSea1500-RUN181_1d_grid_V_20170809-20170809.nc
SalishSea1500-RUN181_1d_grid_V_20170810-20170810.nc
SalishSea1500-RUN181_1d_grid_V_20170811-20170811.nc
SalishSea1500-RUN181_1d_grid_V_20170812-20170812.nc
SalishSea1500-RUN181_1d_grid_V_20170813-20170813.nc
SalishSea1500-RUN181_1d_grid_V_20170814-20170814.nc
SalishSea1500-RUN181_1d_grid_V_20170815-20170815.nc
SalishSea1500-RUN181_1d_grid_V_20170816-20170816.nc
SalishSea1500-RUN181_1d_grid_V_20170817-20170817.nc
SalishSea1500-RUN181_1d_grid_V_20170818-20170818.nc
SalishSea1500-RUN181_1d_grid_V_20170819-20170819.nc
SalishSea1500-RUN181_1d_grid_V_20170820-20170820.nc
SalishSea1500-RUN181_1d_grid_V_20170821-20170821.nc
SalishSea1500-RUN181_1d_grid_V_20170822-20170822.nc
SalishSea1500-RUN181_1d_grid_V_20170823-20170823.nc
SalishSea1500-RUN181_1d_grid_V_20170824-20170824.nc
SalishSea1500-RUN181_1d_grid_V_20170825-20170825.nc
SalishSea1500-RUN181_1d_grid_V_20170826-20170826.nc
SalishSea1500-RUN181_1d_grid_V_20170827-20170827.nc
SalishSea1500-RUN181_1d_grid_V_20170828-20170828.nc
SalishSea1500-RUN181_1d_grid_V_20170829-20170829.nc
SalishSea1500-RUN181_1d_grid_V_20170830-20170830.nc
SalishSea1500-RUN181_1d_grid_V_20170831-20170831.nc
SalishSea1500-RUN181_1d_grid_V_20170901-20170901.nc
SalishSea1500-RUN181_1d_grid_V_20170902-20170902.nc
SalishSea1500-RUN181_1d_grid_V_20170903-20170903.nc
SalishSea1500-RUN181_1d_grid_V_20170904-20170904.nc
SalishSea1500-RUN181_1d_grid_V_20170905-20170905.nc
SalishSea1500-RUN181_1d_grid_V_20170906-20170906.nc
SalishSea1500-RUN181_1d_grid_V_20170907-20170907.nc
SalishSea1500-RUN181_1d_grid_V_20170908-20170908.nc
SalishSea1500-RUN181_1d_grid_V_20170909-20170909.nc
SalishSea1500-RUN181_1d_grid_V_20170910-20170910.nc
SalishSea1500-RUN181_1d_grid_V_20170911-20170911.nc
SalishSea1500-RUN181_1d_grid_V_20170912-20170912.nc
SalishSea1500-RUN181_1d_grid_V_20170913-20170913.nc
SalishSea1500-RUN181_1d_grid_V_20170914-20170914.nc
SalishSea1500-RUN181_1d_grid_V_20170915-20170915.nc
SalishSea1500-RUN181_1d_grid_V_20170916-20170916.nc
SalishSea1500-RUN181_1d_grid_V_20170917-20170917.nc
SalishSea1500-RUN181_1d_grid_V_20170918-20170918.nc
SalishSea1500-RUN181_1d_grid_V_20170919-20170919.nc
SalishSea1500-RUN181_1d_grid_V_20170920-20170920.nc
SalishSea1500-RUN181_1d_grid_V_20170921-20170921.nc
SalishSea1500-RUN181_1d_grid_V_20170922-20170922.nc
SalishSea1500-RUN181_1d_grid_V_20170923-20170923.nc
SalishSea1500-RUN181_1d_grid_V_20170924-20170924.nc
SalishSea1500-RUN181_1d_grid_V_20170925-20170925.nc
SalishSea1500-RUN181_1d_grid_V_20170926-20170926.nc
SalishSea1500-RUN181_1d_grid_V_20170927-20170927.nc
SalishSea1500-RUN181_1d_grid_V_20170928-20170928.nc
SalishSea1500-RUN181_1d_grid_V_20170929-20170929.nc
SalishSea1500-RUN181_1d_grid_V_20170930-20170930.nc
SalishSea1500-RUN181_1d_grid_V_20171001-20171001.nc
SalishSea1500-RUN181_1d_grid_V_20171002-20171002.nc
SalishSea1500-RUN181_1d_grid_V_20171003-20171003.nc
SalishSea1500-RUN181_1d_grid_V_20171004-20171004.nc
SalishSea1500-RUN181_1d_grid_V_20171005-20171005.nc
SalishSea1500-RUN181_1d_grid_V_20171006-20171006.nc
SalishSea1500-RUN181_1d_grid_V_20171007-20171007.nc
SalishSea1500-RUN181_1d_grid_V_20171008-20171008.nc
SalishSea1500-RUN181_1d_grid_V_20171009-20171009.nc
SalishSea1500-RUN181_1d_grid_V_20171010-20171010.nc
SalishSea1500-RUN181_1d_grid_V_20171011-20171011.nc
SalishSea1500-RUN181_1d_grid_V_20171012-20171012.nc
SalishSea1500-RUN181_1d_grid_V_20171013-20171013.nc
SalishSea1500-RUN181_1d_grid_V_20171014-20171014.nc
SalishSea1500-RUN181_1d_grid_V_20171015-20171015.nc
SalishSea1500-RUN181_1d_grid_V_20171016-20171016.nc
SalishSea1500-RUN181_1d_grid_V_20171017-20171017.nc
SalishSea1500-RUN181_1d_grid_V_20171018-20171018.nc
SalishSea1500-RUN181_1d_grid_V_20171019-20171019.nc
SalishSea1500-RUN181_1d_grid_V_20171020-20171020.nc
SalishSea1500-RUN181_1d_grid_V_20171021-20171021.nc
SalishSea1500-RUN181_1d_grid_V_20171022-20171022.nc
SalishSea1500-RUN181_1d_grid_V_20171023-20171023.nc
SalishSea1500-RUN181_1d_grid_V_20171024-20171024.nc
SalishSea1500-RUN181_1d_grid_V_20171025-20171025.nc
SalishSea1500-RUN181_1d_grid_V_20171026-20171026.nc
SalishSea1500-RUN181_1d_grid_V_20171027-20171027.nc
SalishSea1500-RUN181_1d_grid_V_20171028-20171028.nc
SalishSea1500-RUN181_1d_grid_W_20170721-20170721.nc
SalishSea1500-RUN181_1d_grid_W_20170722-20170722.nc
SalishSea1500-RUN181_1d_grid_W_20170723-20170723.nc
SalishSea1500-RUN181_1d_grid_W_20170724-20170724.nc
SalishSea1500-RUN181_1d_grid_W_20170725-20170725.nc
SalishSea1500-RUN181_1d_grid_W_20170726-20170726.nc
SalishSea1500-RUN181_1d_grid_W_20170727-20170727.nc
SalishSea1500-RUN181_1d_grid_W_20170728-20170728.nc
SalishSea1500-RUN181_1d_grid_W_20170729-20170729.nc
SalishSea1500-RUN181_1d_grid_W_20170730-20170730.nc
SalishSea1500-RUN181_1d_grid_W_20170731-20170731.nc
SalishSea1500-RUN181_1d_grid_W_20170801-20170801.nc
SalishSea1500-RUN181_1d_grid_W_20170802-20170802.nc
SalishSea1500-RUN181_1d_grid_W_20170803-20170803.nc
SalishSea1500-RUN181_1d_grid_W_20170804-20170804.nc
SalishSea1500-RUN181_1d_grid_W_20170805-20170805.nc
SalishSea1500-RUN181_1d_grid_W_20170806-20170806.nc
SalishSea1500-RUN181_1d_grid_W_20170807-20170807.nc
SalishSea1500-RUN181_1d_grid_W_20170808-20170808.nc
SalishSea1500-RUN181_1d_grid_W_20170809-20170809.nc
SalishSea1500-RUN181_1d_grid_W_20170810-20170810.nc
SalishSea1500-RUN181_1d_grid_W_20170811-20170811.nc
SalishSea1500-RUN181_1d_grid_W_20170812-20170812.nc
SalishSea1500-RUN181_1d_grid_W_20170813-20170813.nc
SalishSea1500-RUN181_1d_grid_W_20170814-20170814.nc
SalishSea1500-RUN181_1d_grid_W_20170815-20170815.nc
SalishSea1500-RUN181_1d_grid_W_20170816-20170816.nc
SalishSea1500-RUN181_1d_grid_W_20170817-20170817.nc
SalishSea1500-RUN181_1d_grid_W_20170818-20170818.nc
SalishSea1500-RUN181_1d_grid_W_20170819-20170819.nc
SalishSea1500-RUN181_1d_grid_W_20170820-20170820.nc
SalishSea1500-RUN181_1d_grid_W_20170821-20170821.nc
SalishSea1500-RUN181_1d_grid_W_20170822-20170822.nc
SalishSea1500-RUN181_1d_grid_W_20170823-20170823.nc
SalishSea1500-RUN181_1d_grid_W_20170824-20170824.nc
SalishSea1500-RUN181_1d_grid_W_20170825-20170825.nc
SalishSea1500-RUN181_1d_grid_W_20170826-20170826.nc
SalishSea1500-RUN181_1d_grid_W_20170827-20170827.nc
SalishSea1500-RUN181_1d_grid_W_20170828-20170828.nc
SalishSea1500-RUN181_1d_grid_W_20170829-20170829.nc
SalishSea1500-RUN181_1d_grid_W_20170830-20170830.nc
SalishSea1500-RUN181_1d_grid_W_20170831-20170831.nc
SalishSea1500-RUN181_1d_grid_W_20170901-20170901.nc
SalishSea1500-RUN181_1d_grid_W_20170902-20170902.nc
SalishSea1500-RUN181_1d_grid_W_20170903-20170903.nc
SalishSea1500-RUN181_1d_grid_W_20170904-20170904.nc
SalishSea1500-RUN181_1d_grid_W_20170905-20170905.nc
SalishSea1500-RUN181_1d_grid_W_20170906-20170906.nc
SalishSea1500-RUN181_1d_grid_W_20170907-20170907.nc
SalishSea1500-RUN181_1d_grid_W_20170908-20170908.nc
SalishSea1500-RUN181_1d_grid_W_20170909-20170909.nc
SalishSea1500-RUN181_1d_grid_W_20170910-20170910.nc
SalishSea1500-RUN181_1d_grid_W_20170911-20170911.nc
SalishSea1500-RUN181_1d_grid_W_20170912-20170912.nc
SalishSea1500-RUN181_1d_grid_W_20170913-20170913.nc
SalishSea1500-RUN181_1d_grid_W_20170914-20170914.nc
SalishSea1500-RUN181_1d_grid_W_20170915-20170915.nc
SalishSea1500-RUN181_1d_grid_W_20170916-20170916.nc
SalishSea1500-RUN181_1d_grid_W_20170917-20170917.nc
SalishSea1500-RUN181_1d_grid_W_20170918-20170918.nc
SalishSea1500-RUN181_1d_grid_W_20170919-20170919.nc
SalishSea1500-RUN181_1d_grid_W_20170920-20170920.nc
SalishSea1500-RUN181_1d_grid_W_20170921-20170921.nc
SalishSea1500-RUN181_1d_grid_W_20170922-20170922.nc
SalishSea1500-RUN181_1d_grid_W_20170923-20170923.nc
SalishSea1500-RUN181_1d_grid_W_20170924-20170924.nc
SalishSea1500-RUN181_1d_grid_W_20170925-20170925.nc
SalishSea1500-RUN181_1d_grid_W_20170926-20170926.nc
SalishSea1500-RUN181_1d_grid_W_20170927-20170927.nc
SalishSea1500-RUN181_1d_grid_W_20170928-20170928.nc
SalishSea1500-RUN181_1d_grid_W_20170929-20170929.nc
SalishSea1500-RUN181_1d_grid_W_20170930-20170930.nc
SalishSea1500-RUN181_1d_grid_W_20171001-20171001.nc
SalishSea1500-RUN181_1d_grid_W_20171002-20171002.nc
SalishSea1500-RUN181_1d_grid_W_20171003-20171003.nc
SalishSea1500-RUN181_1d_grid_W_20171004-20171004.nc
SalishSea1500-RUN181_1d_grid_W_20171005-20171005.nc
SalishSea1500-RUN181_1d_grid_W_20171006-20171006.nc
SalishSea1500-RUN181_1d_grid_W_20171007-20171007.nc
SalishSea1500-RUN181_1d_grid_W_20171008-20171008.nc
SalishSea1500-RUN181_1d_grid_W_20171009-20171009.nc
SalishSea1500-RUN181_1d_grid_W_20171010-20171010.nc
SalishSea1500-RUN181_1d_grid_W_20171011-20171011.nc
SalishSea1500-RUN181_1d_grid_W_20171012-20171012.nc
SalishSea1500-RUN181_1d_grid_W_20171013-20171013.nc
SalishSea1500-RUN181_1d_grid_W_20171014-20171014.nc
SalishSea1500-RUN181_1d_grid_W_20171015-20171015.nc
SalishSea1500-RUN181_1d_grid_W_20171016-20171016.nc
SalishSea1500-RUN181_1d_grid_W_20171017-20171017.nc
SalishSea1500-RUN181_1d_grid_W_20171018-20171018.nc
SalishSea1500-RUN181_1d_grid_W_20171019-20171019.nc
SalishSea1500-RUN181_1d_grid_W_20171020-20171020.nc
SalishSea1500-RUN181_1d_grid_W_20171021-20171021.nc
SalishSea1500-RUN181_1d_grid_W_20171022-20171022.nc
SalishSea1500-RUN181_1d_grid_W_20171023-20171023.nc
SalishSea1500-RUN181_1d_grid_W_20171024-20171024.nc
SalishSea1500-RUN181_1d_grid_W_20171025-20171025.nc
SalishSea1500-RUN181_1d_grid_W_20171026-20171026.nc
SalishSea1500-RUN181_1d_grid_W_20171027-20171027.nc
SalishSea1500-RUN181_1d_grid_W_20171028-20171028.nc
SalishSea1500-RUN181_1h_grid_T_20170721-20170721.nc
SalishSea1500-RUN181_1h_grid_T_20170722-20170722.nc
SalishSea1500-RUN181_1h_grid_T_20170723-20170723.nc
SalishSea1500-RUN181_1h_grid_T_20170724-20170724.nc
SalishSea1500-RUN181_1h_grid_T_20170725-20170725.nc
SalishSea1500-RUN181_1h_grid_T_20170726-20170726.nc
SalishSea1500-RUN181_1h_grid_T_20170727-20170727.nc
SalishSea1500-RUN181_1h_grid_T_20170728-20170728.nc
SalishSea1500-RUN181_1h_grid_T_20170729-20170729.nc
SalishSea1500-RUN181_1h_grid_T_20170730-20170730.nc
SalishSea1500-RUN181_1h_grid_T_20170731-20170731.nc
SalishSea1500-RUN181_1h_grid_T_20170801-20170801.nc
SalishSea1500-RUN181_1h_grid_T_20170802-20170802.nc
SalishSea1500-RUN181_1h_grid_T_20170803-20170803.nc
SalishSea1500-RUN181_1h_grid_T_20170804-20170804.nc
SalishSea1500-RUN181_1h_grid_T_20170805-20170805.nc
SalishSea1500-RUN181_1h_grid_T_20170806-20170806.nc
SalishSea1500-RUN181_1h_grid_T_20170807-20170807.nc
SalishSea1500-RUN181_1h_grid_T_20170808-20170808.nc
SalishSea1500-RUN181_1h_grid_T_20170809-20170809.nc
SalishSea1500-RUN181_1h_grid_T_20170810-20170810.nc
SalishSea1500-RUN181_1h_grid_T_20170811-20170811.nc
SalishSea1500-RUN181_1h_grid_T_20170812-20170812.nc
SalishSea1500-RUN181_1h_grid_T_20170813-20170813.nc
SalishSea1500-RUN181_1h_grid_T_20170814-20170814.nc
SalishSea1500-RUN181_1h_grid_T_20170815-20170815.nc
SalishSea1500-RUN181_1h_grid_T_20170816-20170816.nc
SalishSea1500-RUN181_1h_grid_T_20170817-20170817.nc
SalishSea1500-RUN181_1h_grid_T_20170818-20170818.nc
SalishSea1500-RUN181_1h_grid_T_20170819-20170819.nc
SalishSea1500-RUN181_1h_grid_T_20170820-20170820.nc
SalishSea1500-RUN181_1h_grid_T_20170821-20170821.nc
SalishSea1500-RUN181_1h_grid_T_20170822-20170822.nc
SalishSea1500-RUN181_1h_grid_T_20170823-20170823.nc
SalishSea1500-RUN181_1h_grid_T_20170824-20170824.nc
SalishSea1500-RUN181_1h_grid_T_20170825-20170825.nc
SalishSea1500-RUN181_1h_grid_T_20170826-20170826.nc
SalishSea1500-RUN181_1h_grid_T_20170827-20170827.nc
SalishSea1500-RUN181_1h_grid_T_20170828-20170828.nc
SalishSea1500-RUN181_1h_grid_T_20170829-20170829.nc
SalishSea1500-RUN181_1h_grid_T_20170830-20170830.nc
SalishSea1500-RUN181_1h_grid_T_20170831-20170831.nc
SalishSea1500-RUN181_1h_grid_T_20170901-20170901.nc
SalishSea1500-RUN181_1h_grid_T_20170902-20170902.nc
SalishSea1500-RUN181_1h_grid_T_20170903-20170903.nc
SalishSea1500-RUN181_1h_grid_T_20170904-20170904.nc
SalishSea1500-RUN181_1h_grid_T_20170905-20170905.nc
SalishSea1500-RUN181_1h_grid_T_20170906-20170906.nc
SalishSea1500-RUN181_1h_grid_T_20170907-20170907.nc
SalishSea1500-RUN181_1h_grid_T_20170908-20170908.nc
SalishSea1500-RUN181_1h_grid_T_20170909-20170909.nc
SalishSea1500-RUN181_1h_grid_T_20170910-20170910.nc
SalishSea1500-RUN181_1h_grid_T_20170911-20170911.nc
SalishSea1500-RUN181_1h_grid_T_20170912-20170912.nc
SalishSea1500-RUN181_1h_grid_T_20170913-20170913.nc
SalishSea1500-RUN181_1h_grid_T_20170914-20170914.nc
SalishSea1500-RUN181_1h_grid_T_20170915-20170915.nc
SalishSea1500-RUN181_1h_grid_T_20170916-20170916.nc
SalishSea1500-RUN181_1h_grid_T_20170917-20170917.nc
SalishSea1500-RUN181_1h_grid_T_20170918-20170918.nc
SalishSea1500-RUN181_1h_grid_T_20170919-20170919.nc
SalishSea1500-RUN181_1h_grid_T_20170920-20170920.nc
SalishSea1500-RUN181_1h_grid_T_20170921-20170921.nc
SalishSea1500-RUN181_1h_grid_T_20170922-20170922.nc
SalishSea1500-RUN181_1h_grid_T_20170923-20170923.nc
SalishSea1500-RUN181_1h_grid_T_20170924-20170924.nc
SalishSea1500-RUN181_1h_grid_T_20170925-20170925.nc
SalishSea1500-RUN181_1h_grid_T_20170926-20170926.nc
SalishSea1500-RUN181_1h_grid_T_20170927-20170927.nc
SalishSea1500-RUN181_1h_grid_T_20170928-20170928.nc
SalishSea1500-RUN181_1h_grid_T_20170929-20170929.nc
SalishSea1500-RUN181_1h_grid_T_20170930-20170930.nc
SalishSea1500-RUN181_1h_grid_T_20171001-20171001.nc
SalishSea1500-RUN181_1h_grid_T_20171002-20171002.nc
SalishSea1500-RUN181_1h_grid_T_20171003-20171003.nc
SalishSea1500-RUN181_1h_grid_T_20171004-20171004.nc
SalishSea1500-RUN181_1h_grid_T_20171005-20171005.nc
SalishSea1500-RUN181_1h_grid_T_20171006-20171006.nc
SalishSea1500-RUN181_1h_grid_T_20171007-20171007.nc
SalishSea1500-RUN181_1h_grid_T_20171008-20171008.nc
SalishSea1500-RUN181_1h_grid_T_20171009-20171009.nc
SalishSea1500-RUN181_1h_grid_T_20171010-20171010.nc
SalishSea1500-RUN181_1h_grid_T_20171011-20171011.nc
SalishSea1500-RUN181_1h_grid_T_20171012-20171012.nc
SalishSea1500-RUN181_1h_grid_T_20171013-20171013.nc
SalishSea1500-RUN181_1h_grid_T_20171014-20171014.nc
SalishSea1500-RUN181_1h_grid_T_20171015-20171015.nc
SalishSea1500-RUN181_1h_grid_T_20171016-20171016.nc
SalishSea1500-RUN181_1h_grid_T_20171017-20171017.nc
SalishSea1500-RUN181_1h_grid_T_20171018-20171018.nc
SalishSea1500-RUN181_1h_grid_T_20171019-20171019.nc
SalishSea1500-RUN181_1h_grid_T_20171020-20171020.nc
SalishSea1500-RUN181_1h_grid_T_20171021-20171021.nc
SalishSea1500-RUN181_1h_grid_T_20171022-20171022.nc
SalishSea1500-RUN181_1h_grid_T_20171023-20171023.nc
SalishSea1500-RUN181_1h_grid_T_20171024-20171024.nc
SalishSea1500-RUN181_1h_grid_T_20171025-20171025.nc
SalishSea1500-RUN181_1h_grid_T_20171026-20171026.nc
SalishSea1500-RUN181_1h_grid_T_20171027-20171027.nc
SalishSea1500-RUN181_1h_grid_T_20171028-20171028.nc
SalishSea1500-RUN181_1h_grid_T_2D_20170721-20170721.nc
SalishSea1500-RUN181_1h_grid_T_2D_20170722-20170722.nc
SalishSea1500-RUN181_1h_grid_T_2D_20170723-20170723.nc
SalishSea1500-RUN181_1h_grid_T_2D_20170724-20170724.nc
SalishSea1500-RUN181_1h_grid_T_2D_20170725-20170725.nc
SalishSea1500-RUN181_1h_grid_T_2D_20170726-20170726.nc
SalishSea1500-RUN181_1h_grid_T_2D_20170727-20170727.nc
SalishSea1500-RUN181_1h_grid_T_2D_20170728-20170728.nc
SalishSea1500-RUN181_1h_grid_T_2D_20170729-20170729.nc
SalishSea1500-RUN181_1h_grid_T_2D_20170730-20170730.nc
SalishSea1500-RUN181_1h_grid_T_2D_20170731-20170731.nc
SalishSea1500-RUN181_1h_grid_T_2D_20170801-20170801.nc
SalishSea1500-RUN181_1h_grid_T_2D_20170802-20170802.nc
SalishSea1500-RUN181_1h_grid_T_2D_20170803-20170803.nc
SalishSea1500-RUN181_1h_grid_T_2D_20170804-20170804.nc
SalishSea1500-RUN181_1h_grid_T_2D_20170805-20170805.nc
SalishSea1500-RUN181_1h_grid_T_2D_20170806-20170806.nc
SalishSea1500-RUN181_1h_grid_T_2D_20170807-20170807.nc
SalishSea1500-RUN181_1h_grid_T_2D_20170808-20170808.nc
SalishSea1500-RUN181_1h_grid_T_2D_20170809-20170809.nc
SalishSea1500-RUN181_1h_grid_T_2D_20170810-20170810.nc
SalishSea1500-RUN181_1h_grid_T_2D_20170811-20170811.nc
SalishSea1500-RUN181_1h_grid_T_2D_20170812-20170812.nc
SalishSea1500-RUN181_1h_grid_T_2D_20170813-20170813.nc
SalishSea1500-RUN181_1h_grid_T_2D_20170814-20170814.nc
SalishSea1500-RUN181_1h_grid_T_2D_20170815-20170815.nc
SalishSea1500-RUN181_1h_grid_T_2D_20170816-20170816.nc
SalishSea1500-RUN181_1h_grid_T_2D_20170817-20170817.nc
SalishSea1500-RUN181_1h_grid_T_2D_20170818-20170818.nc
SalishSea1500-RUN181_1h_grid_T_2D_20170819-20170819.nc
SalishSea1500-RUN181_1h_grid_T_2D_20170820-20170820.nc
SalishSea1500-RUN181_1h_grid_T_2D_20170821-20170821.nc
SalishSea1500-RUN181_1h_grid_T_2D_20170822-20170822.nc
SalishSea1500-RUN181_1h_grid_T_2D_20170823-20170823.nc
SalishSea1500-RUN181_1h_grid_T_2D_20170824-20170824.nc
SalishSea1500-RUN181_1h_grid_T_2D_20170825-20170825.nc
SalishSea1500-RUN181_1h_grid_T_2D_20170826-20170826.nc
SalishSea1500-RUN181_1h_grid_T_2D_20170827-20170827.nc
SalishSea1500-RUN181_1h_grid_T_2D_20170828-20170828.nc
SalishSea1500-RUN181_1h_grid_T_2D_20170829-20170829.nc
SalishSea1500-RUN181_1h_grid_T_2D_20170830-20170830.nc
SalishSea1500-RUN181_1h_grid_T_2D_20170831-20170831.nc
SalishSea1500-RUN181_1h_grid_T_2D_20170901-20170901.nc
SalishSea1500-RUN181_1h_grid_T_2D_20170902-20170902.nc
SalishSea1500-RUN181_1h_grid_T_2D_20170903-20170903.nc
SalishSea1500-RUN181_1h_grid_T_2D_20170904-20170904.nc
SalishSea1500-RUN181_1h_grid_T_2D_20170905-20170905.nc
SalishSea1500-RUN181_1h_grid_T_2D_20170906-20170906.nc
SalishSea1500-RUN181_1h_grid_T_2D_20170907-20170907.nc
SalishSea1500-RUN181_1h_grid_T_2D_20170908-20170908.nc
SalishSea1500-RUN181_1h_grid_T_2D_20170909-20170909.nc
SalishSea1500-RUN181_1h_grid_T_2D_20170910-20170910.nc
SalishSea1500-RUN181_1h_grid_T_2D_20170911-20170911.nc
SalishSea1500-RUN181_1h_grid_T_2D_20170912-20170912.nc
SalishSea1500-RUN181_1h_grid_T_2D_20170913-20170913.nc
SalishSea1500-RUN181_1h_grid_T_2D_20170914-20170914.nc
SalishSea1500-RUN181_1h_grid_T_2D_20170915-20170915.nc
SalishSea1500-RUN181_1h_grid_T_2D_20170916-20170916.nc
SalishSea1500-RUN181_1h_grid_T_2D_20170917-20170917.nc
SalishSea1500-RUN181_1h_grid_T_2D_20170918-20170918.nc
SalishSea1500-RUN181_1h_grid_T_2D_20170919-20170919.nc
SalishSea1500-RUN181_1h_grid_T_2D_20170920-20170920.nc
SalishSea1500-RUN181_1h_grid_T_2D_20170921-20170921.nc
SalishSea1500-RUN181_1h_grid_T_2D_20170922-20170922.nc
SalishSea1500-RUN181_1h_grid_T_2D_20170923-20170923.nc
SalishSea1500-RUN181_1h_grid_T_2D_20170924-20170924.nc
SalishSea1500-RUN181_1h_grid_T_2D_20170925-20170925.nc
SalishSea1500-RUN181_1h_grid_T_2D_20170926-20170926.nc
SalishSea1500-RUN181_1h_grid_T_2D_20170927-20170927.nc
SalishSea1500-RUN181_1h_grid_T_2D_20170928-20170928.nc
SalishSea1500-RUN181_1h_grid_T_2D_20170929-20170929.nc
SalishSea1500-RUN181_1h_grid_T_2D_20170930-20170930.nc
SalishSea1500-RUN181_1h_grid_T_2D_20171001-20171001.nc
SalishSea1500-RUN181_1h_grid_T_2D_20171002-20171002.nc
SalishSea1500-RUN181_1h_grid_T_2D_20171003-20171003.nc
SalishSea1500-RUN181_1h_grid_T_2D_20171004-20171004.nc
SalishSea1500-RUN181_1h_grid_T_2D_20171005-20171005.nc
SalishSea1500-RUN181_1h_grid_T_2D_20171006-20171006.nc
SalishSea1500-RUN181_1h_grid_T_2D_20171007-20171007.nc
SalishSea1500-RUN181_1h_grid_T_2D_20171008-20171008.nc
SalishSea1500-RUN181_1h_grid_T_2D_20171009-20171009.nc
SalishSea1500-RUN181_1h_grid_T_2D_20171010-20171010.nc
SalishSea1500-RUN181_1h_grid_T_2D_20171011-20171011.nc
SalishSea1500-RUN181_1h_grid_T_2D_20171012-20171012.nc
SalishSea1500-RUN181_1h_grid_T_2D_20171013-20171013.nc
SalishSea1500-RUN181_1h_grid_T_2D_20171014-20171014.nc
SalishSea1500-RUN181_1h_grid_T_2D_20171015-20171015.nc
SalishSea1500-RUN181_1h_grid_T_2D_20171016-20171016.nc
SalishSea1500-RUN181_1h_grid_T_2D_20171017-20171017.nc
SalishSea1500-RUN181_1h_grid_T_2D_20171018-20171018.nc
SalishSea1500-RUN181_1h_grid_T_2D_20171019-20171019.nc
SalishSea1500-RUN181_1h_grid_T_2D_20171020-20171020.nc
SalishSea1500-RUN181_1h_grid_T_2D_20171021-20171021.nc
SalishSea1500-RUN181_1h_grid_T_2D_20171022-20171022.nc
SalishSea1500-RUN181_1h_grid_T_2D_20171023-20171023.nc
SalishSea1500-RUN181_1h_grid_T_2D_20171024-20171024.nc
SalishSea1500-RUN181_1h_grid_T_2D_20171025-20171025.nc
SalishSea1500-RUN181_1h_grid_T_2D_20171026-20171026.nc
SalishSea1500-RUN181_1h_grid_T_2D_20171027-20171027.nc
SalishSea1500-RUN181_1h_grid_T_2D_20171028-20171028.nc
SalishSea1500-RUN181_1h_grid_U_20170721-20170721.nc
SalishSea1500-RUN181_1h_grid_U_20170722-20170722.nc
SalishSea1500-RUN181_1h_grid_U_20170723-20170723.nc
SalishSea1500-RUN181_1h_grid_U_20170724-20170724.nc
SalishSea1500-RUN181_1h_grid_U_20170725-20170725.nc
SalishSea1500-RUN181_1h_grid_U_20170726-20170726.nc
SalishSea1500-RUN181_1h_grid_U_20170727-20170727.nc
SalishSea1500-RUN181_1h_grid_U_20170728-20170728.nc
SalishSea1500-RUN181_1h_grid_U_20170729-20170729.nc
SalishSea1500-RUN181_1h_grid_U_20170730-20170730.nc
SalishSea1500-RUN181_1h_grid_U_20170731-20170731.nc
SalishSea1500-RUN181_1h_grid_U_20170801-20170801.nc
SalishSea1500-RUN181_1h_grid_U_20170802-20170802.nc
SalishSea1500-RUN181_1h_grid_U_20170803-20170803.nc
SalishSea1500-RUN181_1h_grid_U_20170804-20170804.nc
SalishSea1500-RUN181_1h_grid_U_20170805-20170805.nc
SalishSea1500-RUN181_1h_grid_U_20170806-20170806.nc
SalishSea1500-RUN181_1h_grid_U_20170807-20170807.nc
SalishSea1500-RUN181_1h_grid_U_20170808-20170808.nc
SalishSea1500-RUN181_1h_grid_U_20170809-20170809.nc
SalishSea1500-RUN181_1h_grid_U_20170810-20170810.nc
SalishSea1500-RUN181_1h_grid_U_20170811-20170811.nc
SalishSea1500-RUN181_1h_grid_U_20170812-20170812.nc
SalishSea1500-RUN181_1h_grid_U_20170813-20170813.nc
SalishSea1500-RUN181_1h_grid_U_20170814-20170814.nc
SalishSea1500-RUN181_1h_grid_U_20170815-20170815.nc
SalishSea1500-RUN181_1h_grid_U_20170816-20170816.nc
SalishSea1500-RUN181_1h_grid_U_20170817-20170817.nc
SalishSea1500-RUN181_1h_grid_U_20170818-20170818.nc
SalishSea1500-RUN181_1h_grid_U_20170819-20170819.nc
SalishSea1500-RUN181_1h_grid_U_20170820-20170820.nc
SalishSea1500-RUN181_1h_grid_U_20170821-20170821.nc
SalishSea1500-RUN181_1h_grid_U_20170822-20170822.nc
SalishSea1500-RUN181_1h_grid_U_20170823-20170823.nc
SalishSea1500-RUN181_1h_grid_U_20170824-20170824.nc
SalishSea1500-RUN181_1h_grid_U_20170825-20170825.nc
SalishSea1500-RUN181_1h_grid_U_20170826-20170826.nc
SalishSea1500-RUN181_1h_grid_U_20170827-20170827.nc
SalishSea1500-RUN181_1h_grid_U_20170828-20170828.nc
SalishSea1500-RUN181_1h_grid_U_20170829-20170829.nc
SalishSea1500-RUN181_1h_grid_U_20170830-20170830.nc
SalishSea1500-RUN181_1h_grid_U_20170831-20170831.nc
SalishSea1500-RUN181_1h_grid_U_20170901-20170901.nc
SalishSea1500-RUN181_1h_grid_U_20170902-20170902.nc
SalishSea1500-RUN181_1h_grid_U_20170903-20170903.nc
SalishSea1500-RUN181_1h_grid_U_20170904-20170904.nc
SalishSea1500-RUN181_1h_grid_U_20170905-20170905.nc
SalishSea1500-RUN181_1h_grid_U_20170906-20170906.nc
SalishSea1500-RUN181_1h_grid_U_20170907-20170907.nc
SalishSea1500-RUN181_1h_grid_U_20170908-20170908.nc
SalishSea1500-RUN181_1h_grid_U_20170909-20170909.nc
SalishSea1500-RUN181_1h_grid_U_20170910-20170910.nc
SalishSea1500-RUN181_1h_grid_U_20170911-20170911.nc
SalishSea1500-RUN181_1h_grid_U_20170912-20170912.nc
SalishSea1500-RUN181_1h_grid_U_20170913-20170913.nc
SalishSea1500-RUN181_1h_grid_U_20170914-20170914.nc
SalishSea1500-RUN181_1h_grid_U_20170915-20170915.nc
SalishSea1500-RUN181_1h_grid_U_20170916-20170916.nc
SalishSea1500-RUN181_1h_grid_U_20170917-20170917.nc
SalishSea1500-RUN181_1h_grid_U_20170918-20170918.nc
SalishSea1500-RUN181_1h_grid_U_20170919-20170919.nc
SalishSea1500-RUN181_1h_grid_U_20170920-20170920.nc
SalishSea1500-RUN181_1h_grid_U_20170921-20170921.nc
SalishSea1500-RUN181_1h_grid_U_20170922-20170922.nc
SalishSea1500-RUN181_1h_grid_U_20170923-20170923.nc
SalishSea1500-RUN181_1h_grid_U_20170924-20170924.nc
SalishSea1500-RUN181_1h_grid_U_20170925-20170925.nc
SalishSea1500-RUN181_1h_grid_U_20170926-20170926.nc
SalishSea1500-RUN181_1h_grid_U_20170927-20170927.nc
SalishSea1500-RUN181_1h_grid_U_20170928-20170928.nc
SalishSea1500-RUN181_1h_grid_U_20170929-20170929.nc
SalishSea1500-RUN181_1h_grid_U_20170930-20170930.nc
SalishSea1500-RUN181_1h_grid_U_20171001-20171001.nc
SalishSea1500-RUN181_1h_grid_U_20171002-20171002.nc
SalishSea1500-RUN181_1h_grid_U_20171003-20171003.nc
SalishSea1500-RUN181_1h_grid_U_20171004-20171004.nc
SalishSea1500-RUN181_1h_grid_U_20171005-20171005.nc
SalishSea1500-RUN181_1h_grid_U_20171006-20171006.nc
SalishSea1500-RUN181_1h_grid_U_20171007-20171007.nc
SalishSea1500-RUN181_1h_grid_U_20171008-20171008.nc
SalishSea1500-RUN181_1h_grid_U_20171009-20171009.nc
SalishSea1500-RUN181_1h_grid_U_20171010-20171010.nc
SalishSea1500-RUN181_1h_grid_U_20171011-20171011.nc
SalishSea1500-RUN181_1h_grid_U_20171012-20171012.nc
SalishSea1500-RUN181_1h_grid_U_20171013-20171013.nc
SalishSea1500-RUN181_1h_grid_U_20171014-20171014.nc
SalishSea1500-RUN181_1h_grid_U_20171015-20171015.nc
SalishSea1500-RUN181_1h_grid_U_20171016-20171016.nc
SalishSea1500-RUN181_1h_grid_U_20171017-20171017.nc
SalishSea1500-RUN181_1h_grid_U_20171018-20171018.nc
SalishSea1500-RUN181_1h_grid_U_20171019-20171019.nc
SalishSea1500-RUN181_1h_grid_U_20171020-20171020.nc
SalishSea1500-RUN181_1h_grid_U_20171021-20171021.nc
SalishSea1500-RUN181_1h_grid_U_20171022-20171022.nc
SalishSea1500-RUN181_1h_grid_U_20171023-20171023.nc
SalishSea1500-RUN181_1h_grid_U_20171024-20171024.nc
SalishSea1500-RUN181_1h_grid_U_20171025-20171025.nc
SalishSea1500-RUN181_1h_grid_U_20171026-20171026.nc
SalishSea1500-RUN181_1h_grid_U_20171027-20171027.nc
SalishSea1500-RUN181_1h_grid_U_20171028-20171028.nc
SalishSea1500-RUN181_1h_grid_U_2D_20170721-20170721.nc
SalishSea1500-RUN181_1h_grid_U_2D_20170722-20170722.nc
SalishSea1500-RUN181_1h_grid_U_2D_20170723-20170723.nc
SalishSea1500-RUN181_1h_grid_U_2D_20170724-20170724.nc
SalishSea1500-RUN181_1h_grid_U_2D_20170725-20170725.nc
SalishSea1500-RUN181_1h_grid_U_2D_20170726-20170726.nc
SalishSea1500-RUN181_1h_grid_U_2D_20170727-20170727.nc
SalishSea1500-RUN181_1h_grid_U_2D_20170728-20170728.nc
SalishSea1500-RUN181_1h_grid_U_2D_20170729-20170729.nc
SalishSea1500-RUN181_1h_grid_U_2D_20170730-20170730.nc
SalishSea1500-RUN181_1h_grid_U_2D_20170731-20170731.nc
SalishSea1500-RUN181_1h_grid_U_2D_20170801-20170801.nc
SalishSea1500-RUN181_1h_grid_U_2D_20170802-20170802.nc
SalishSea1500-RUN181_1h_grid_U_2D_20170803-20170803.nc
SalishSea1500-RUN181_1h_grid_U_2D_20170804-20170804.nc
SalishSea1500-RUN181_1h_grid_U_2D_20170805-20170805.nc
SalishSea1500-RUN181_1h_grid_U_2D_20170806-20170806.nc
SalishSea1500-RUN181_1h_grid_U_2D_20170807-20170807.nc
SalishSea1500-RUN181_1h_grid_U_2D_20170808-20170808.nc
SalishSea1500-RUN181_1h_grid_U_2D_20170809-20170809.nc
SalishSea1500-RUN181_1h_grid_U_2D_20170810-20170810.nc
SalishSea1500-RUN181_1h_grid_U_2D_20170811-20170811.nc
SalishSea1500-RUN181_1h_grid_U_2D_20170812-20170812.nc
SalishSea1500-RUN181_1h_grid_U_2D_20170813-20170813.nc
SalishSea1500-RUN181_1h_grid_U_2D_20170814-20170814.nc
SalishSea1500-RUN181_1h_grid_U_2D_20170815-20170815.nc
SalishSea1500-RUN181_1h_grid_U_2D_20170816-20170816.nc
SalishSea1500-RUN181_1h_grid_U_2D_20170817-20170817.nc
SalishSea1500-RUN181_1h_grid_U_2D_20170818-20170818.nc
SalishSea1500-RUN181_1h_grid_U_2D_20170819-20170819.nc
SalishSea1500-RUN181_1h_grid_U_2D_20170820-20170820.nc
SalishSea1500-RUN181_1h_grid_U_2D_20170821-20170821.nc
SalishSea1500-RUN181_1h_grid_U_2D_20170822-20170822.nc
SalishSea1500-RUN181_1h_grid_U_2D_20170823-20170823.nc
SalishSea1500-RUN181_1h_grid_U_2D_20170824-20170824.nc
SalishSea1500-RUN181_1h_grid_U_2D_20170825-20170825.nc
SalishSea1500-RUN181_1h_grid_U_2D_20170826-20170826.nc
SalishSea1500-RUN181_1h_grid_U_2D_20170827-20170827.nc
SalishSea1500-RUN181_1h_grid_U_2D_20170828-20170828.nc
SalishSea1500-RUN181_1h_grid_U_2D_20170829-20170829.nc
SalishSea1500-RUN181_1h_grid_U_2D_20170830-20170830.nc
SalishSea1500-RUN181_1h_grid_U_2D_20170831-20170831.nc
SalishSea1500-RUN181_1h_grid_U_2D_20170901-20170901.nc
SalishSea1500-RUN181_1h_grid_U_2D_20170902-20170902.nc
SalishSea1500-RUN181_1h_grid_U_2D_20170903-20170903.nc
SalishSea1500-RUN181_1h_grid_U_2D_20170904-20170904.nc
SalishSea1500-RUN181_1h_grid_U_2D_20170905-20170905.nc
SalishSea1500-RUN181_1h_grid_U_2D_20170906-20170906.nc
SalishSea1500-RUN181_1h_grid_U_2D_20170907-20170907.nc
SalishSea1500-RUN181_1h_grid_U_2D_20170908-20170908.nc
SalishSea1500-RUN181_1h_grid_U_2D_20170909-20170909.nc
SalishSea1500-RUN181_1h_grid_U_2D_20170910-20170910.nc
SalishSea1500-RUN181_1h_grid_U_2D_20170911-20170911.nc
SalishSea1500-RUN181_1h_grid_U_2D_20170912-20170912.nc
SalishSea1500-RUN181_1h_grid_U_2D_20170913-20170913.nc
SalishSea1500-RUN181_1h_grid_U_2D_20170914-20170914.nc
SalishSea1500-RUN181_1h_grid_U_2D_20170915-20170915.nc
SalishSea1500-RUN181_1h_grid_U_2D_20170916-20170916.nc
SalishSea1500-RUN181_1h_grid_U_2D_20170917-20170917.nc
SalishSea1500-RUN181_1h_grid_U_2D_20170918-20170918.nc
SalishSea1500-RUN181_1h_grid_U_2D_20170919-20170919.nc
SalishSea1500-RUN181_1h_grid_U_2D_20170920-20170920.nc
SalishSea1500-RUN181_1h_grid_U_2D_20170921-20170921.nc
SalishSea1500-RUN181_1h_grid_U_2D_20170922-20170922.nc
SalishSea1500-RUN181_1h_grid_U_2D_20170923-20170923.nc
SalishSea1500-RUN181_1h_grid_U_2D_20170924-20170924.nc
SalishSea1500-RUN181_1h_grid_U_2D_20170925-20170925.nc
SalishSea1500-RUN181_1h_grid_U_2D_20170926-20170926.nc
SalishSea1500-RUN181_1h_grid_U_2D_20170927-20170927.nc
SalishSea1500-RUN181_1h_grid_U_2D_20170928-20170928.nc
SalishSea1500-RUN181_1h_grid_U_2D_20170929-20170929.nc
SalishSea1500-RUN181_1h_grid_U_2D_20170930-20170930.nc
SalishSea1500-RUN181_1h_grid_U_2D_20171001-20171001.nc
SalishSea1500-RUN181_1h_grid_U_2D_20171002-20171002.nc
SalishSea1500-RUN181_1h_grid_U_2D_20171003-20171003.nc
SalishSea1500-RUN181_1h_grid_U_2D_20171004-20171004.nc
SalishSea1500-RUN181_1h_grid_U_2D_20171005-20171005.nc
SalishSea1500-RUN181_1h_grid_U_2D_20171006-20171006.nc
SalishSea1500-RUN181_1h_grid_U_2D_20171007-20171007.nc
SalishSea1500-RUN181_1h_grid_U_2D_20171008-20171008.nc
SalishSea1500-RUN181_1h_grid_U_2D_20171009-20171009.nc
SalishSea1500-RUN181_1h_grid_U_2D_20171010-20171010.nc
SalishSea1500-RUN181_1h_grid_U_2D_20171011-20171011.nc
SalishSea1500-RUN181_1h_grid_U_2D_20171012-20171012.nc
SalishSea1500-RUN181_1h_grid_U_2D_20171013-20171013.nc
SalishSea1500-RUN181_1h_grid_U_2D_20171014-20171014.nc
SalishSea1500-RUN181_1h_grid_U_2D_20171015-20171015.nc
SalishSea1500-RUN181_1h_grid_U_2D_20171016-20171016.nc
SalishSea1500-RUN181_1h_grid_U_2D_20171017-20171017.nc
SalishSea1500-RUN181_1h_grid_U_2D_20171018-20171018.nc
SalishSea1500-RUN181_1h_grid_U_2D_20171019-20171019.nc
SalishSea1500-RUN181_1h_grid_U_2D_20171020-20171020.nc
SalishSea1500-RUN181_1h_grid_U_2D_20171021-20171021.nc
SalishSea1500-RUN181_1h_grid_U_2D_20171022-20171022.nc
SalishSea1500-RUN181_1h_grid_U_2D_20171023-20171023.nc
SalishSea1500-RUN181_1h_grid_U_2D_20171024-20171024.nc
SalishSea1500-RUN181_1h_grid_U_2D_20171025-20171025.nc
SalishSea1500-RUN181_1h_grid_U_2D_20171026-20171026.nc
SalishSea1500-RUN181_1h_grid_U_2D_20171027-20171027.nc
SalishSea1500-RUN181_1h_grid_U_2D_20171028-20171028.nc
SalishSea1500-RUN181_1h_grid_V_20170721-20170721.nc
SalishSea1500-RUN181_1h_grid_V_20170722-20170722.nc
SalishSea1500-RUN181_1h_grid_V_20170723-20170723.nc
SalishSea1500-RUN181_1h_grid_V_20170724-20170724.nc
SalishSea1500-RUN181_1h_grid_V_20170725-20170725.nc
SalishSea1500-RUN181_1h_grid_V_20170726-20170726.nc
SalishSea1500-RUN181_1h_grid_V_20170727-20170727.nc
SalishSea1500-RUN181_1h_grid_V_20170728-20170728.nc
SalishSea1500-RUN181_1h_grid_V_20170729-20170729.nc
SalishSea1500-RUN181_1h_grid_V_20170730-20170730.nc
SalishSea1500-RUN181_1h_grid_V_20170731-20170731.nc
SalishSea1500-RUN181_1h_grid_V_20170801-20170801.nc
SalishSea1500-RUN181_1h_grid_V_20170802-20170802.nc
SalishSea1500-RUN181_1h_grid_V_20170803-20170803.nc
SalishSea1500-RUN181_1h_grid_V_20170804-20170804.nc
SalishSea1500-RUN181_1h_grid_V_20170805-20170805.nc
SalishSea1500-RUN181_1h_grid_V_20170806-20170806.nc
SalishSea1500-RUN181_1h_grid_V_20170807-20170807.nc
SalishSea1500-RUN181_1h_grid_V_20170808-20170808.nc
SalishSea1500-RUN181_1h_grid_V_20170809-20170809.nc
SalishSea1500-RUN181_1h_grid_V_20170810-20170810.nc
SalishSea1500-RUN181_1h_grid_V_20170811-20170811.nc
SalishSea1500-RUN181_1h_grid_V_20170812-20170812.nc
SalishSea1500-RUN181_1h_grid_V_20170813-20170813.nc
SalishSea1500-RUN181_1h_grid_V_20170814-20170814.nc
SalishSea1500-RUN181_1h_grid_V_20170815-20170815.nc
SalishSea1500-RUN181_1h_grid_V_20170816-20170816.nc
SalishSea1500-RUN181_1h_grid_V_20170817-20170817.nc
SalishSea1500-RUN181_1h_grid_V_20170818-20170818.nc
SalishSea1500-RUN181_1h_grid_V_20170819-20170819.nc
SalishSea1500-RUN181_1h_grid_V_20170820-20170820.nc
SalishSea1500-RUN181_1h_grid_V_20170821-20170821.nc
SalishSea1500-RUN181_1h_grid_V_20170822-20170822.nc
SalishSea1500-RUN181_1h_grid_V_20170823-20170823.nc
SalishSea1500-RUN181_1h_grid_V_20170824-20170824.nc
SalishSea1500-RUN181_1h_grid_V_20170825-20170825.nc
SalishSea1500-RUN181_1h_grid_V_20170826-20170826.nc
SalishSea1500-RUN181_1h_grid_V_20170827-20170827.nc
SalishSea1500-RUN181_1h_grid_V_20170828-20170828.nc
SalishSea1500-RUN181_1h_grid_V_20170829-20170829.nc
SalishSea1500-RUN181_1h_grid_V_20170830-20170830.nc
SalishSea1500-RUN181_1h_grid_V_20170831-20170831.nc
SalishSea1500-RUN181_1h_grid_V_20170901-20170901.nc
SalishSea1500-RUN181_1h_grid_V_20170902-20170902.nc
SalishSea1500-RUN181_1h_grid_V_20170903-20170903.nc
SalishSea1500-RUN181_1h_grid_V_20170904-20170904.nc
SalishSea1500-RUN181_1h_grid_V_20170905-20170905.nc
SalishSea1500-RUN181_1h_grid_V_20170906-20170906.nc
SalishSea1500-RUN181_1h_grid_V_20170907-20170907.nc
SalishSea1500-RUN181_1h_grid_V_20170908-20170908.nc
SalishSea1500-RUN181_1h_grid_V_20170909-20170909.nc
SalishSea1500-RUN181_1h_grid_V_20170910-20170910.nc
SalishSea1500-RUN181_1h_grid_V_20170911-20170911.nc
SalishSea1500-RUN181_1h_grid_V_20170912-20170912.nc
SalishSea1500-RUN181_1h_grid_V_20170913-20170913.nc
SalishSea1500-RUN181_1h_grid_V_20170914-20170914.nc
SalishSea1500-RUN181_1h_grid_V_20170915-20170915.nc
SalishSea1500-RUN181_1h_grid_V_20170916-20170916.nc
SalishSea1500-RUN181_1h_grid_V_20170917-20170917.nc
SalishSea1500-RUN181_1h_grid_V_20170918-20170918.nc
SalishSea1500-RUN181_1h_grid_V_20170919-20170919.nc
SalishSea1500-RUN181_1h_grid_V_20170920-20170920.nc
SalishSea1500-RUN181_1h_grid_V_20170921-20170921.nc
SalishSea1500-RUN181_1h_grid_V_20170922-20170922.nc
SalishSea1500-RUN181_1h_grid_V_20170923-20170923.nc
SalishSea1500-RUN181_1h_grid_V_20170924-20170924.nc
SalishSea1500-RUN181_1h_grid_V_20170925-20170925.nc
SalishSea1500-RUN181_1h_grid_V_20170926-20170926.nc
SalishSea1500-RUN181_1h_grid_V_20170927-20170927.nc
SalishSea1500-RUN181_1h_grid_V_20170928-20170928.nc
SalishSea1500-RUN181_1h_grid_V_20170929-20170929.nc
SalishSea1500-RUN181_1h_grid_V_20170930-20170930.nc
SalishSea1500-RUN181_1h_grid_V_20171001-20171001.nc
SalishSea1500-RUN181_1h_grid_V_20171002-20171002.nc
SalishSea1500-RUN181_1h_grid_V_20171003-20171003.nc
SalishSea1500-RUN181_1h_grid_V_20171004-20171004.nc
SalishSea1500-RUN181_1h_grid_V_20171005-20171005.nc
SalishSea1500-RUN181_1h_grid_V_20171006-20171006.nc
SalishSea1500-RUN181_1h_grid_V_20171007-20171007.nc
SalishSea1500-RUN181_1h_grid_V_20171008-20171008.nc
SalishSea1500-RUN181_1h_grid_V_20171009-20171009.nc
SalishSea1500-RUN181_1h_grid_V_20171010-20171010.nc
SalishSea1500-RUN181_1h_grid_V_20171011-20171011.nc
SalishSea1500-RUN181_1h_grid_V_20171012-20171012.nc
SalishSea1500-RUN181_1h_grid_V_20171013-20171013.nc
SalishSea1500-RUN181_1h_grid_V_20171014-20171014.nc
SalishSea1500-RUN181_1h_grid_V_20171015-20171015.nc
SalishSea1500-RUN181_1h_grid_V_20171016-20171016.nc
SalishSea1500-RUN181_1h_grid_V_20171017-20171017.nc
SalishSea1500-RUN181_1h_grid_V_20171018-20171018.nc
SalishSea1500-RUN181_1h_grid_V_20171019-20171019.nc
SalishSea1500-RUN181_1h_grid_V_20171020-20171020.nc
SalishSea1500-RUN181_1h_grid_V_20171021-20171021.nc
SalishSea1500-RUN181_1h_grid_V_20171022-20171022.nc
SalishSea1500-RUN181_1h_grid_V_20171023-20171023.nc
SalishSea1500-RUN181_1h_grid_V_20171024-20171024.nc
SalishSea1500-RUN181_1h_grid_V_20171025-20171025.nc
SalishSea1500-RUN181_1h_grid_V_20171026-20171026.nc
SalishSea1500-RUN181_1h_grid_V_20171027-20171027.nc
SalishSea1500-RUN181_1h_grid_V_20171028-20171028.nc
SalishSea1500-RUN181_1h_grid_V_2D_20170721-20170721.nc
SalishSea1500-RUN181_1h_grid_V_2D_20170722-20170722.nc
SalishSea1500-RUN181_1h_grid_V_2D_20170723-20170723.nc
SalishSea1500-RUN181_1h_grid_V_2D_20170724-20170724.nc
SalishSea1500-RUN181_1h_grid_V_2D_20170725-20170725.nc
SalishSea1500-RUN181_1h_grid_V_2D_20170726-20170726.nc
SalishSea1500-RUN181_1h_grid_V_2D_20170727-20170727.nc
SalishSea1500-RUN181_1h_grid_V_2D_20170728-20170728.nc
SalishSea1500-RUN181_1h_grid_V_2D_20170729-20170729.nc
SalishSea1500-RUN181_1h_grid_V_2D_20170730-20170730.nc
SalishSea1500-RUN181_1h_grid_V_2D_20170731-20170731.nc
SalishSea1500-RUN181_1h_grid_V_2D_20170801-20170801.nc
SalishSea1500-RUN181_1h_grid_V_2D_20170802-20170802.nc
SalishSea1500-RUN181_1h_grid_V_2D_20170803-20170803.nc
SalishSea1500-RUN181_1h_grid_V_2D_20170804-20170804.nc
SalishSea1500-RUN181_1h_grid_V_2D_20170805-20170805.nc
SalishSea1500-RUN181_1h_grid_V_2D_20170806-20170806.nc
SalishSea1500-RUN181_1h_grid_V_2D_20170807-20170807.nc
SalishSea1500-RUN181_1h_grid_V_2D_20170808-20170808.nc
SalishSea1500-RUN181_1h_grid_V_2D_20170809-20170809.nc
SalishSea1500-RUN181_1h_grid_V_2D_20170810-20170810.nc
SalishSea1500-RUN181_1h_grid_V_2D_20170811-20170811.nc
SalishSea1500-RUN181_1h_grid_V_2D_20170812-20170812.nc
SalishSea1500-RUN181_1h_grid_V_2D_20170813-20170813.nc
SalishSea1500-RUN181_1h_grid_V_2D_20170814-20170814.nc
SalishSea1500-RUN181_1h_grid_V_2D_20170815-20170815.nc
SalishSea1500-RUN181_1h_grid_V_2D_20170816-20170816.nc
SalishSea1500-RUN181_1h_grid_V_2D_20170817-20170817.nc
SalishSea1500-RUN181_1h_grid_V_2D_20170818-20170818.nc
SalishSea1500-RUN181_1h_grid_V_2D_20170819-20170819.nc
SalishSea1500-RUN181_1h_grid_V_2D_20170820-20170820.nc
SalishSea1500-RUN181_1h_grid_V_2D_20170821-20170821.nc
SalishSea1500-RUN181_1h_grid_V_2D_20170822-20170822.nc
SalishSea1500-RUN181_1h_grid_V_2D_20170823-20170823.nc
SalishSea1500-RUN181_1h_grid_V_2D_20170824-20170824.nc
SalishSea1500-RUN181_1h_grid_V_2D_20170825-20170825.nc
SalishSea1500-RUN181_1h_grid_V_2D_20170826-20170826.nc
SalishSea1500-RUN181_1h_grid_V_2D_20170827-20170827.nc
SalishSea1500-RUN181_1h_grid_V_2D_20170828-20170828.nc
SalishSea1500-RUN181_1h_grid_V_2D_20170829-20170829.nc
SalishSea1500-RUN181_1h_grid_V_2D_20170830-20170830.nc
SalishSea1500-RUN181_1h_grid_V_2D_20170831-20170831.nc
SalishSea1500-RUN181_1h_grid_V_2D_20170901-20170901.nc
SalishSea1500-RUN181_1h_grid_V_2D_20170902-20170902.nc
SalishSea1500-RUN181_1h_grid_V_2D_20170903-20170903.nc
SalishSea1500-RUN181_1h_grid_V_2D_20170904-20170904.nc
SalishSea1500-RUN181_1h_grid_V_2D_20170905-20170905.nc
SalishSea1500-RUN181_1h_grid_V_2D_20170906-20170906.nc
SalishSea1500-RUN181_1h_grid_V_2D_20170907-20170907.nc
SalishSea1500-RUN181_1h_grid_V_2D_20170908-20170908.nc
SalishSea1500-RUN181_1h_grid_V_2D_20170909-20170909.nc
SalishSea1500-RUN181_1h_grid_V_2D_20170910-20170910.nc
SalishSea1500-RUN181_1h_grid_V_2D_20170911-20170911.nc
SalishSea1500-RUN181_1h_grid_V_2D_20170912-20170912.nc
SalishSea1500-RUN181_1h_grid_V_2D_20170913-20170913.nc
SalishSea1500-RUN181_1h_grid_V_2D_20170914-20170914.nc
SalishSea1500-RUN181_1h_grid_V_2D_20170915-20170915.nc
SalishSea1500-RUN181_1h_grid_V_2D_20170916-20170916.nc
SalishSea1500-RUN181_1h_grid_V_2D_20170917-20170917.nc
SalishSea1500-RUN181_1h_grid_V_2D_20170918-20170918.nc
SalishSea1500-RUN181_1h_grid_V_2D_20170919-20170919.nc
SalishSea1500-RUN181_1h_grid_V_2D_20170920-20170920.nc
SalishSea1500-RUN181_1h_grid_V_2D_20170921-20170921.nc
SalishSea1500-RUN181_1h_grid_V_2D_20170922-20170922.nc
SalishSea1500-RUN181_1h_grid_V_2D_20170923-20170923.nc
SalishSea1500-RUN181_1h_grid_V_2D_20170924-20170924.nc
SalishSea1500-RUN181_1h_grid_V_2D_20170925-20170925.nc
SalishSea1500-RUN181_1h_grid_V_2D_20170926-20170926.nc
SalishSea1500-RUN181_1h_grid_V_2D_20170927-20170927.nc
SalishSea1500-RUN181_1h_grid_V_2D_20170928-20170928.nc
SalishSea1500-RUN181_1h_grid_V_2D_20170929-20170929.nc
SalishSea1500-RUN181_1h_grid_V_2D_20170930-20170930.nc
SalishSea1500-RUN181_1h_grid_V_2D_20171001-20171001.nc
SalishSea1500-RUN181_1h_grid_V_2D_20171002-20171002.nc
SalishSea1500-RUN181_1h_grid_V_2D_20171003-20171003.nc
SalishSea1500-RUN181_1h_grid_V_2D_20171004-20171004.nc
SalishSea1500-RUN181_1h_grid_V_2D_20171005-20171005.nc
SalishSea1500-RUN181_1h_grid_V_2D_20171006-20171006.nc
SalishSea1500-RUN181_1h_grid_V_2D_20171007-20171007.nc
SalishSea1500-RUN181_1h_grid_V_2D_20171008-20171008.nc
SalishSea1500-RUN181_1h_grid_V_2D_20171009-20171009.nc
SalishSea1500-RUN181_1h_grid_V_2D_20171010-20171010.nc
SalishSea1500-RUN181_1h_grid_V_2D_20171011-20171011.nc
SalishSea1500-RUN181_1h_grid_V_2D_20171012-20171012.nc
SalishSea1500-RUN181_1h_grid_V_2D_20171013-20171013.nc
SalishSea1500-RUN181_1h_grid_V_2D_20171014-20171014.nc
SalishSea1500-RUN181_1h_grid_V_2D_20171015-20171015.nc
SalishSea1500-RUN181_1h_grid_V_2D_20171016-20171016.nc
SalishSea1500-RUN181_1h_grid_V_2D_20171017-20171017.nc
SalishSea1500-RUN181_1h_grid_V_2D_20171018-20171018.nc
SalishSea1500-RUN181_1h_grid_V_2D_20171019-20171019.nc
SalishSea1500-RUN181_1h_grid_V_2D_20171020-20171020.nc
SalishSea1500-RUN181_1h_grid_V_2D_20171021-20171021.nc
SalishSea1500-RUN181_1h_grid_V_2D_20171022-20171022.nc
SalishSea1500-RUN181_1h_grid_V_2D_20171023-20171023.nc
SalishSea1500-RUN181_1h_grid_V_2D_20171024-20171024.nc
SalishSea1500-RUN181_1h_grid_V_2D_20171025-20171025.nc
SalishSea1500-RUN181_1h_grid_V_2D_20171026-20171026.nc
SalishSea1500-RUN181_1h_grid_V_2D_20171027-20171027.nc
SalishSea1500-RUN181_1h_grid_V_2D_20171028-20171028.nc
SalishSea1500-RUN181_1h_grid_W_20170721-20170721.nc
SalishSea1500-RUN181_1h_grid_W_20170722-20170722.nc
SalishSea1500-RUN181_1h_grid_W_20170723-20170723.nc
SalishSea1500-RUN181_1h_grid_W_20170724-20170724.nc
SalishSea1500-RUN181_1h_grid_W_20170725-20170725.nc
SalishSea1500-RUN181_1h_grid_W_20170726-20170726.nc
SalishSea1500-RUN181_1h_grid_W_20170727-20170727.nc
SalishSea1500-RUN181_1h_grid_W_20170728-20170728.nc
SalishSea1500-RUN181_1h_grid_W_20170729-20170729.nc
SalishSea1500-RUN181_1h_grid_W_20170730-20170730.nc
SalishSea1500-RUN181_1h_grid_W_20170731-20170731.nc
SalishSea1500-RUN181_1h_grid_W_20170801-20170801.nc
SalishSea1500-RUN181_1h_grid_W_20170802-20170802.nc
SalishSea1500-RUN181_1h_grid_W_20170803-20170803.nc
SalishSea1500-RUN181_1h_grid_W_20170804-20170804.nc
SalishSea1500-RUN181_1h_grid_W_20170805-20170805.nc
SalishSea1500-RUN181_1h_grid_W_20170806-20170806.nc
SalishSea1500-RUN181_1h_grid_W_20170807-20170807.nc
SalishSea1500-RUN181_1h_grid_W_20170808-20170808.nc
SalishSea1500-RUN181_1h_grid_W_20170809-20170809.nc
SalishSea1500-RUN181_1h_grid_W_20170810-20170810.nc
SalishSea1500-RUN181_1h_grid_W_20170811-20170811.nc
SalishSea1500-RUN181_1h_grid_W_20170812-20170812.nc
SalishSea1500-RUN181_1h_grid_W_20170813-20170813.nc
SalishSea1500-RUN181_1h_grid_W_20170814-20170814.nc
SalishSea1500-RUN181_1h_grid_W_20170815-20170815.nc
SalishSea1500-RUN181_1h_grid_W_20170816-20170816.nc
SalishSea1500-RUN181_1h_grid_W_20170817-20170817.nc
SalishSea1500-RUN181_1h_grid_W_20170818-20170818.nc
SalishSea1500-RUN181_1h_grid_W_20170819-20170819.nc
SalishSea1500-RUN181_1h_grid_W_20170820-20170820.nc
SalishSea1500-RUN181_1h_grid_W_20170821-20170821.nc
SalishSea1500-RUN181_1h_grid_W_20170822-20170822.nc
SalishSea1500-RUN181_1h_grid_W_20170823-20170823.nc
SalishSea1500-RUN181_1h_grid_W_20170824-20170824.nc
SalishSea1500-RUN181_1h_grid_W_20170825-20170825.nc
SalishSea1500-RUN181_1h_grid_W_20170826-20170826.nc
SalishSea1500-RUN181_1h_grid_W_20170827-20170827.nc
SalishSea1500-RUN181_1h_grid_W_20170828-20170828.nc
SalishSea1500-RUN181_1h_grid_W_20170829-20170829.nc
SalishSea1500-RUN181_1h_grid_W_20170830-20170830.nc
SalishSea1500-RUN181_1h_grid_W_20170831-20170831.nc
SalishSea1500-RUN181_1h_grid_W_20170901-20170901.nc
SalishSea1500-RUN181_1h_grid_W_20170902-20170902.nc
SalishSea1500-RUN181_1h_grid_W_20170903-20170903.nc
SalishSea1500-RUN181_1h_grid_W_20170904-20170904.nc
SalishSea1500-RUN181_1h_grid_W_20170905-20170905.nc
SalishSea1500-RUN181_1h_grid_W_20170906-20170906.nc
SalishSea1500-RUN181_1h_grid_W_20170907-20170907.nc
SalishSea1500-RUN181_1h_grid_W_20170908-20170908.nc
SalishSea1500-RUN181_1h_grid_W_20170909-20170909.nc
SalishSea1500-RUN181_1h_grid_W_20170910-20170910.nc
SalishSea1500-RUN181_1h_grid_W_20170911-20170911.nc
SalishSea1500-RUN181_1h_grid_W_20170912-20170912.nc
SalishSea1500-RUN181_1h_grid_W_20170913-20170913.nc
SalishSea1500-RUN181_1h_grid_W_20170914-20170914.nc
SalishSea1500-RUN181_1h_grid_W_20170915-20170915.nc
SalishSea1500-RUN181_1h_grid_W_20170916-20170916.nc
SalishSea1500-RUN181_1h_grid_W_20170917-20170917.nc
SalishSea1500-RUN181_1h_grid_W_20170918-20170918.nc
SalishSea1500-RUN181_1h_grid_W_20170919-20170919.nc
SalishSea1500-RUN181_1h_grid_W_20170920-20170920.nc
SalishSea1500-RUN181_1h_grid_W_20170921-20170921.nc
SalishSea1500-RUN181_1h_grid_W_20170922-20170922.nc
SalishSea1500-RUN181_1h_grid_W_20170923-20170923.nc
SalishSea1500-RUN181_1h_grid_W_20170924-20170924.nc
SalishSea1500-RUN181_1h_grid_W_20170925-20170925.nc
SalishSea1500-RUN181_1h_grid_W_20170926-20170926.nc
SalishSea1500-RUN181_1h_grid_W_20170927-20170927.nc
SalishSea1500-RUN181_1h_grid_W_20170928-20170928.nc
SalishSea1500-RUN181_1h_grid_W_20170929-20170929.nc
SalishSea1500-RUN181_1h_grid_W_20170930-20170930.nc
SalishSea1500-RUN181_1h_grid_W_20171001-20171001.nc
SalishSea1500-RUN181_1h_grid_W_20171002-20171002.nc
SalishSea1500-RUN181_1h_grid_W_20171003-20171003.nc
SalishSea1500-RUN181_1h_grid_W_20171004-20171004.nc
SalishSea1500-RUN181_1h_grid_W_20171005-20171005.nc
SalishSea1500-RUN181_1h_grid_W_20171006-20171006.nc
SalishSea1500-RUN181_1h_grid_W_20171007-20171007.nc
SalishSea1500-RUN181_1h_grid_W_20171008-20171008.nc
SalishSea1500-RUN181_1h_grid_W_20171009-20171009.nc
SalishSea1500-RUN181_1h_grid_W_20171010-20171010.nc
SalishSea1500-RUN181_1h_grid_W_20171011-20171011.nc
SalishSea1500-RUN181_1h_grid_W_20171012-20171012.nc
SalishSea1500-RUN181_1h_grid_W_20171013-20171013.nc
SalishSea1500-RUN181_1h_grid_W_20171014-20171014.nc
SalishSea1500-RUN181_1h_grid_W_20171015-20171015.nc
SalishSea1500-RUN181_1h_grid_W_20171016-20171016.nc
SalishSea1500-RUN181_1h_grid_W_20171017-20171017.nc
SalishSea1500-RUN181_1h_grid_W_20171018-20171018.nc
SalishSea1500-RUN181_1h_grid_W_20171019-20171019.nc
SalishSea1500-RUN181_1h_grid_W_20171020-20171020.nc
SalishSea1500-RUN181_1h_grid_W_20171021-20171021.nc
SalishSea1500-RUN181_1h_grid_W_20171022-20171022.nc
SalishSea1500-RUN181_1h_grid_W_20171023-20171023.nc
SalishSea1500-RUN181_1h_grid_W_20171024-20171024.nc
SalishSea1500-RUN181_1h_grid_W_20171025-20171025.nc
SalishSea1500-RUN181_1h_grid_W_20171026-20171026.nc
SalishSea1500-RUN181_1h_grid_W_20171027-20171027.nc
SalishSea1500-RUN181_1h_grid_W_20171028-20171028.nc

sent 84,205,758,771 bytes  received 22,816 bytes  66,750,520.48 bytes/sec
total size is 84,185,131,200  speedup is 1.00
sending incremental file list
SalishSea1500-RUN181_00504000_restart.nc

sent 283,294,417 bytes  received 35 bytes  113,317,780.80 bytes/sec
total size is 283,225,144  speedup is 1.00
Automatic resubmit for job 008
+ . ./environment.ksh
+ set -ax
+ MACHINE=gpsc4
+ CONTAINER=dfo/dfo_all_default_ubuntu-18.04-amd64_latest
+ PROJECT=rrg-nereusvc
+ TIMELIMIT=04:00:00
+ TIMELIMIT_PP=01:00:00
+ MEMLIMIT=3900M
+ QUEUE=dev
+ JPNI=5
+ JPNJ=19
+ NBPROC=95
+ NBPROC_XIO=1
+ expr 95 + 1
+ TOTPROC=96
+ MAXSUB=12
+ NDATEDEB=20151129
+ PASDETEMPS=120
+ NNBARO=20
+ NNSTOCK=72000
+ SPLIT_FREQ=100
+ MESHRUN=no
+ RESTART=no
+ CONF_NAME=SalishSea1500
+ CONF_NBR=RUN181
+ CONFIG=SalishSea1500-RUN181
+ SEAICE_MODULE=NONE
+ ATMOS_DATA=NONE
+ OBC_ACTIVE=no
+ TIDE_ACTIVE=no
+ TIDE_2Dfile=no
+ RIVER_ACTIVE=no
+ DIR_CALCU_EXE=/home/mdunphy/project/mdunphy/Software/NEMO36OPP/NEMOGCM/CONFIG/SalishSea1500/BLD/bin
+ DIR_CALCU_SHR=/home/mdunphy/project/mdunphy/Software/NEMO36OPP/NEMOGCM/CONFIG/SHARED
+ DIR_CALCU_RBL=/home/mdunphy/project/mdunphy/Software/NEMO36OPP/NEMOGCM/TOOLS/REBUILD_NEMO
+ DIR_CALCU_XIO=/home/mdunphy/project/mdunphy/Software/XIOS/bin
+ DIR_CALCU_CTL=/home/mdunphy/project/mdunphy/control/SalishSea1500-RUN181
+ DIR_CALCU_UTL=/home/mdunphy/bin
+ DIR_ARCHI_FORC=/home/mdunphy/project/mdunphy/Forcing/grid
+ DIR_ARCHI_ATMOS=/home/mdunphy/project/mdunphy/Forcing/OPPwestSS
+ DIR_ARCHI_INPUT=/home/mdunphy/project/mdunphy/Forcing/grid
+ DIR_ARCHI_CLIM=/unused
+ DIR_ARCHI_OBC=/unused
+ DIR_ARCHI_OBCN=/unused
+ DIR_ARCHI_TIDE=/unused
+ DIR_ARCHI_HOME=/home/mdunphy/project/mdunphy/nemo_results/SalishSea1500/SalishSea1500-RUN181
+ DIR_ARCHI_CDF=/home/mdunphy/project/mdunphy/nemo_results/SalishSea1500/SalishSea1500-RUN181/CDF
+ DIR_ARCHI_LOG=/home/mdunphy/project/mdunphy/nemo_results/SalishSea1500/SalishSea1500-RUN181/LOG
+ DIR_ARCHI_RST=/home/mdunphy/project/mdunphy/nemo_results/SalishSea1500/SalishSea1500-RUN181/RST
+ [ ! -d /home/mdunphy/project/mdunphy/nemo_results/SalishSea1500/SalishSea1500-RUN181 ]
+ [ ! -d /home/mdunphy/project/mdunphy/nemo_results/SalishSea1500/SalishSea1500-RUN181/RST ]
+ [ ! -d /home/mdunphy/project/mdunphy/nemo_results/SalishSea1500/SalishSea1500-RUN181/CDF ]
+ [ ! -d /home/mdunphy/project/mdunphy/nemo_results/SalishSea1500/SalishSea1500-RUN181/LOG ]
+ DIR_TMP_HOME=/home/mdunphy/scratch/nemo_temp/SalishSea1500/SalishSea1500-RUN181
+ DIR_TMP_RST=/home/mdunphy/scratch/nemo_temp/SalishSea1500/SalishSea1500-RUN181/RST
+ DIR_TMP_CDF=/home/mdunphy/scratch/nemo_temp/SalishSea1500/SalishSea1500-RUN181/CDF
+ DIR_TMP_LOG=/home/mdunphy/scratch/nemo_temp/SalishSea1500/SalishSea1500-RUN181/LOG
+ DIR_TMP_RUN=/home/mdunphy/scratch/nemo_temp/SalishSea1500/SalishSea1500-RUN181/RUN
+ DIR_TMP_ATM=/home/mdunphy/scratch/nemo_temp/SalishSea1500/SalishSea1500-RUN181/RUN/ATMDATA
+ DIR_TMP_OBC=/home/mdunphy/scratch/nemo_temp/SalishSea1500/SalishSea1500-RUN181/RUN/BDY
+ DIR_TMP_RVR=/home/mdunphy/scratch/nemo_temp/SalishSea1500/SalishSea1500-RUN181/RUN/RIVER
+ [ ! -d /home/mdunphy/scratch/nemo_temp/SalishSea1500/SalishSea1500-RUN181 ]
+ [ ! -d /home/mdunphy/scratch/nemo_temp/SalishSea1500/SalishSea1500-RUN181/RST ]
+ [ ! -d /home/mdunphy/scratch/nemo_temp/SalishSea1500/SalishSea1500-RUN181/CDF ]
+ [ ! -d /home/mdunphy/scratch/nemo_temp/SalishSea1500/SalishSea1500-RUN181/LOG ]
+ [ ! -d /home/mdunphy/scratch/nemo_temp/SalishSea1500/SalishSea1500-RUN181/RUN ]
+ EXEC_NAME=nemo.exe
+ BATMET_FIL=bathy_salishsea_1500m_20210706.nc
+ COORD_FIL=coordinates_salishsea_1500m.nc
+ BATLE_FIL=''
+ BFRI_FIL=''
+ SHLAT_FIL=''
+ TEMP_FIL=''
+ SAL_FIL=''
+ U_FIL=''
+ V_FIL=''
+ SSH_FIL=''
+ RUNOFF_FIL=''
+ RUNOFF_TEMP_FIL=''
+ RUNOFF_MASK_FIL=''
+ CHLA_FIL=''
+ RGB_FIL=''
+ INITICE_FIL=''
+ CICE_GRID=''
+ compo_list=M2
+ TIDE_PREF=''
+ TIDEH_FIL=''
+ TIDEU_FIL=''
+ TIDEV_FIL=''
+ TMX_K1=''
+ TMX_M2=''
+ TMX_MASK=''
+ TMX_MASK=''
+ DUST_FIL=''
+ RIVER_FIL=''
+ obc_list=''
+ obcpref2D=''
+ obcsuf2D=''
+ obcprefNorth=''
+ WEIGHTS_FIL=weights_bilin_OPPwestSS.nc
+ RESTART_FILE=/home/mdunphy/MEOPAR/forcing/restart/hindcast.201812/31dec15/SalishSea_01682640_restart.nc

Configuration name : SalishSea1500-RUN181
Number of procs : 95

Initialisation from climatology or analytical profiles


home : /home/mdunphy

CALCU directories :
~~~~~~~~~~~~~~~~~~~~~~~~~~~~
/home/mdunphy/project/mdunphy/Software/NEMO36OPP/NEMOGCM/CONFIG/SalishSea1500/BLD/bin : directory where is the NEMO executable
/home/mdunphy/project/mdunphy/Software/NEMO36OPP/NEMOGCM/CONFIG/SHARED : directory where is the shared files
/home/mdunphy/project/mdunphy/Software/XIOS/bin : directory where is the XIOS server
/home/mdunphy/project/mdunphy/control/SalishSea1500-RUN181 : directory where are control files of the run
/home/mdunphy/bin : directory where to find utilities

MACHINEARCHI directories :
~~~~~~~~~~~~~~~~~~~~~~~~~~~~
/home/mdunphy/project/mdunphy/Forcing/OPPwestSS : directory to stock the atmos forcing fields
/home/mdunphy/project/mdunphy/Forcing/grid : directory for the input files
/unused : directory for the climatology files
/unused : directory for the obc files
/home/mdunphy/project/mdunphy/nemo_results/SalishSea1500/SalishSea1500-RUN181 : directory to stock the results
/home/mdunphy/project/mdunphy/nemo_results/SalishSea1500/SalishSea1500-RUN181/RST : directory to stock the restarts
/home/mdunphy/project/mdunphy/nemo_results/SalishSea1500/SalishSea1500-RUN181/CDF : directory for combined netCDF results
/home/mdunphy/project/mdunphy/nemo_results/SalishSea1500/SalishSea1500-RUN181/LOG : directory for ice something ...

TEMP directories :
~~~~~~~~~~~~~~~~~~~~
/home/mdunphy/scratch/nemo_temp/SalishSea1500/SalishSea1500-RUN181 : home temp directory
/home/mdunphy/scratch/nemo_temp/SalishSea1500/SalishSea1500-RUN181/RST : directory for the restart
/home/mdunphy/scratch/nemo_temp/SalishSea1500/SalishSea1500-RUN181/CDF : directory for the cdf
/home/mdunphy/scratch/nemo_temp/SalishSea1500/SalishSea1500-RUN181/LOG : directory for the log
/home/mdunphy/scratch/nemo_temp/SalishSea1500/SalishSea1500-RUN181/RUN : directory to run
/home/mdunphy/scratch/nemo_temp/SalishSea1500/SalishSea1500-RUN181/RUN/ATMDATA : directory for the atmos forcing
/home/mdunphy/scratch/nemo_temp/SalishSea1500/SalishSea1500-RUN181/RUN/BDY : directory for the obc files

Run features :
~~~~~~~~~~~~~~
Executable name : nemo.exe
Bathymetry : bathy_salishsea_1500m_20210706.nc
Coordinates : coordinates_salishsea_1500m.nc
K1 tidal mixing :
M2 tidal mixing :
Mask tidal mixing :
Shlat :
Clim T :
Clim S :
Clim U :
Clim V :
Runoff :
Chlorophyl :
List of the open boundaries :

 G O O D   T O   G O !!!
100 days to run, starting 20171029 (24773) ending 20180206 (24873)
FOUND COMBINED RESTART FILE:  /home/mdunphy/project/mdunphy/nemo_results/SalishSea1500/SalishSea1500-RUN181/RST/SalishSea1500-RUN181_00504000_restart.nc
Submitting job, 96 cores, 04:00:00s runlimit, control path /home/mdunphy/project/mdunphy/control/SalishSea1500-RUN181
sbatch --time=04:00:00 --job-name=RUN181 --mem-per-cpu=3900M --ntasks=96 -o /home/mdunphy/scratch/nemo_temp/SalishSea1500/SalishSea1500-RUN181/RUN/nemo.stdout -e /home/mdunphy/scratch/nemo_temp/SalishSea1500/SalishSea1500-RUN181/RUN/nemo.stderr RUN181.ksh
Submitted batch job 5123796
