+ [ ! -z '' ]
+ . ./environment.ksh
+ set -ax
+ MACHINE=gpsc4
+ CONTAINER=dfo/dfo_all_default_ubuntu-18.04-amd64_latest
+ PROJECT=rrg-nereusvc
+ TIMELIMIT=04:00:00
+ TIMELIMIT_PP=01:00:00
+ MEMLIMIT=3900M
+ QUEUE=dev
+ JPNI=5
+ JPNJ=19
+ NBPROC=95
+ NBPROC_XIO=1
+ expr 95 + 1
+ TOTPROC=96
+ MAXSUB=12
+ NDATEDEB=20151129
+ PASDETEMPS=120
+ NNBARO=20
+ NNSTOCK=72000
+ SPLIT_FREQ=100
+ MESHRUN=no
+ RESTART=no
+ CONF_NAME=SalishSea1500
+ CONF_NBR=RUN181
+ CONFIG=SalishSea1500-RUN181
+ SEAICE_MODULE=NONE
+ ATMOS_DATA=NONE
+ OBC_ACTIVE=no
+ TIDE_ACTIVE=no
+ TIDE_2Dfile=no
+ RIVER_ACTIVE=no
+ DIR_CALCU_EXE=/home/mdunphy/project/mdunphy/Software/NEMO36OPP/NEMOGCM/CONFIG/SalishSea1500/BLD/bin
+ DIR_CALCU_SHR=/home/mdunphy/project/mdunphy/Software/NEMO36OPP/NEMOGCM/CONFIG/SHARED
+ DIR_CALCU_RBL=/home/mdunphy/project/mdunphy/Software/NEMO36OPP/NEMOGCM/TOOLS/REBUILD_NEMO
+ DIR_CALCU_XIO=/home/mdunphy/project/mdunphy/Software/XIOS/bin
+ DIR_CALCU_CTL=/home/mdunphy/project/mdunphy/control/SalishSea1500-RUN181
+ DIR_CALCU_UTL=/home/mdunphy/bin
+ DIR_ARCHI_FORC=/home/mdunphy/project/mdunphy/Forcing/grid
+ DIR_ARCHI_ATMOS=/home/mdunphy/project/mdunphy/Forcing/OPPwestSS
+ DIR_ARCHI_INPUT=/home/mdunphy/project/mdunphy/Forcing/grid
+ DIR_ARCHI_CLIM=/unused
+ DIR_ARCHI_OBC=/unused
+ DIR_ARCHI_OBCN=/unused
+ DIR_ARCHI_TIDE=/unused
+ DIR_ARCHI_HOME=/home/mdunphy/project/mdunphy/nemo_results/SalishSea1500/SalishSea1500-RUN181
+ DIR_ARCHI_CDF=/home/mdunphy/project/mdunphy/nemo_results/SalishSea1500/SalishSea1500-RUN181/CDF
+ DIR_ARCHI_LOG=/home/mdunphy/project/mdunphy/nemo_results/SalishSea1500/SalishSea1500-RUN181/LOG
+ DIR_ARCHI_RST=/home/mdunphy/project/mdunphy/nemo_results/SalishSea1500/SalishSea1500-RUN181/RST
+ [ ! -d /home/mdunphy/project/mdunphy/nemo_results/SalishSea1500/SalishSea1500-RUN181 ]
+ [ ! -d /home/mdunphy/project/mdunphy/nemo_results/SalishSea1500/SalishSea1500-RUN181/RST ]
+ [ ! -d /home/mdunphy/project/mdunphy/nemo_results/SalishSea1500/SalishSea1500-RUN181/CDF ]
+ [ ! -d /home/mdunphy/project/mdunphy/nemo_results/SalishSea1500/SalishSea1500-RUN181/LOG ]
+ DIR_TMP_HOME=/home/mdunphy/scratch/nemo_temp/SalishSea1500/SalishSea1500-RUN181
+ DIR_TMP_RST=/home/mdunphy/scratch/nemo_temp/SalishSea1500/SalishSea1500-RUN181/RST
+ DIR_TMP_CDF=/home/mdunphy/scratch/nemo_temp/SalishSea1500/SalishSea1500-RUN181/CDF
+ DIR_TMP_LOG=/home/mdunphy/scratch/nemo_temp/SalishSea1500/SalishSea1500-RUN181/LOG
+ DIR_TMP_RUN=/home/mdunphy/scratch/nemo_temp/SalishSea1500/SalishSea1500-RUN181/RUN
+ DIR_TMP_ATM=/home/mdunphy/scratch/nemo_temp/SalishSea1500/SalishSea1500-RUN181/RUN/ATMDATA
+ DIR_TMP_OBC=/home/mdunphy/scratch/nemo_temp/SalishSea1500/SalishSea1500-RUN181/RUN/BDY
+ DIR_TMP_RVR=/home/mdunphy/scratch/nemo_temp/SalishSea1500/SalishSea1500-RUN181/RUN/RIVER
+ [ ! -d /home/mdunphy/scratch/nemo_temp/SalishSea1500/SalishSea1500-RUN181 ]
+ [ ! -d /home/mdunphy/scratch/nemo_temp/SalishSea1500/SalishSea1500-RUN181/RST ]
+ [ ! -d /home/mdunphy/scratch/nemo_temp/SalishSea1500/SalishSea1500-RUN181/CDF ]
+ [ ! -d /home/mdunphy/scratch/nemo_temp/SalishSea1500/SalishSea1500-RUN181/LOG ]
+ [ ! -d /home/mdunphy/scratch/nemo_temp/SalishSea1500/SalishSea1500-RUN181/RUN ]
+ EXEC_NAME=nemo.exe
+ BATMET_FIL=bathy_salishsea_1500m_20210706.nc
+ COORD_FIL=coordinates_salishsea_1500m.nc
+ BATLE_FIL=''
+ BFRI_FIL=''
+ SHLAT_FIL=''
+ TEMP_FIL=''
+ SAL_FIL=''
+ U_FIL=''
+ V_FIL=''
+ SSH_FIL=''
+ RUNOFF_FIL=''
+ RUNOFF_TEMP_FIL=''
+ RUNOFF_MASK_FIL=''
+ CHLA_FIL=''
+ RGB_FIL=''
+ INITICE_FIL=''
+ CICE_GRID=''
+ compo_list=M2
+ TIDE_PREF=''
+ TIDEH_FIL=''
+ TIDEU_FIL=''
+ TIDEV_FIL=''
+ TMX_K1=''
+ TMX_M2=''
+ TMX_MASK=''
+ TMX_MASK=''
+ DUST_FIL=''
+ RIVER_FIL=''
+ obc_list=''
+ obcpref2D=''
+ obcsuf2D=''
+ obcprefNorth=''
+ WEIGHTS_FIL=weights_bilin_OPPwestSS.nc
+ RESTART_FILE=/home/mdunphy/MEOPAR/forcing/restart/hindcast.201812/31dec15/SalishSea_01682640_restart.nc

Configuration name : SalishSea1500-RUN181
Number of procs : 95

Initialisation from climatology or analytical profiles


home : /home/mdunphy

CALCU directories :
~~~~~~~~~~~~~~~~~~~~~~~~~~~~
/home/mdunphy/project/mdunphy/Software/NEMO36OPP/NEMOGCM/CONFIG/SalishSea1500/BLD/bin : directory where is the NEMO executable
/home/mdunphy/project/mdunphy/Software/NEMO36OPP/NEMOGCM/CONFIG/SHARED : directory where is the shared files
/home/mdunphy/project/mdunphy/Software/XIOS/bin : directory where is the XIOS server
/home/mdunphy/project/mdunphy/control/SalishSea1500-RUN181 : directory where are control files of the run
/home/mdunphy/bin : directory where to find utilities

MACHINEARCHI directories :
~~~~~~~~~~~~~~~~~~~~~~~~~~~~
/home/mdunphy/project/mdunphy/Forcing/OPPwestSS : directory to stock the atmos forcing fields
/home/mdunphy/project/mdunphy/Forcing/grid : directory for the input files
/unused : directory for the climatology files
/unused : directory for the obc files
/home/mdunphy/project/mdunphy/nemo_results/SalishSea1500/SalishSea1500-RUN181 : directory to stock the results
/home/mdunphy/project/mdunphy/nemo_results/SalishSea1500/SalishSea1500-RUN181/RST : directory to stock the restarts
/home/mdunphy/project/mdunphy/nemo_results/SalishSea1500/SalishSea1500-RUN181/CDF : directory for combined netCDF results
/home/mdunphy/project/mdunphy/nemo_results/SalishSea1500/SalishSea1500-RUN181/LOG : directory for ice something ...

TEMP directories :
~~~~~~~~~~~~~~~~~~~~
/home/mdunphy/scratch/nemo_temp/SalishSea1500/SalishSea1500-RUN181 : home temp directory
/home/mdunphy/scratch/nemo_temp/SalishSea1500/SalishSea1500-RUN181/RST : directory for the restart
/home/mdunphy/scratch/nemo_temp/SalishSea1500/SalishSea1500-RUN181/CDF : directory for the cdf
/home/mdunphy/scratch/nemo_temp/SalishSea1500/SalishSea1500-RUN181/LOG : directory for the log
/home/mdunphy/scratch/nemo_temp/SalishSea1500/SalishSea1500-RUN181/RUN : directory to run
/home/mdunphy/scratch/nemo_temp/SalishSea1500/SalishSea1500-RUN181/RUN/ATMDATA : directory for the atmos forcing
/home/mdunphy/scratch/nemo_temp/SalishSea1500/SalishSea1500-RUN181/RUN/BDY : directory for the obc files

Run features :
~~~~~~~~~~~~~~
Executable name : nemo.exe
Bathymetry : bathy_salishsea_1500m_20210706.nc
Coordinates : coordinates_salishsea_1500m.nc
K1 tidal mixing :
M2 tidal mixing :
Mask tidal mixing :
Shlat :
Clim T :
Clim S :
Clim U :
Clim V :
Runoff :
Chlorophyl :
List of the open boundaries :

Rebuild lddcheck
gra770
ldd /home/mdunphy/project/mdunphy/Software/NEMO36OPP/NEMOGCM/TOOLS/REBUILD_NEMO/BLD/bin/rebuild_nemo.exe
	linux-vdso.so.1 (0x00007ffcd65f2000)
	libstdc++.so.6 => /cvmfs/soft.computecanada.ca/gentoo/2020/usr/lib/gcc/x86_64-pc-linux-gnu/11.3.0/libstdc++.so.6 (0x00002b85f6071000)
	libz.so.1 => /cvmfs/soft.computecanada.ca/gentoo/2020/usr/lib64/libz.so.1 (0x00002b85f6315000)
	libnetcdff.so.7 => /cvmfs/soft.computecanada.ca/easybuild/software/2020/avx2/MPI/intel2020/openmpi4/netcdf-fortran-mpi/4.5.2/lib/libnetcdff.so.7 (0x00002b85f632f000)
	libnetcdf.so.18 => /cvmfs/soft.computecanada.ca/easybuild/software/2020/avx2/MPI/intel2020/openmpi4/netcdf-mpi/4.7.4/lib64/libnetcdf.so.18 (0x00002b85f684d000)
	libm.so.6 => /cvmfs/soft.computecanada.ca/gentoo/2020/lib64/libm.so.6 (0x00002b85f6a3b000)
	libiomp5.so => /cvmfs/soft.computecanada.ca/easybuild/software/2020/Core/intel/2020.1.217/lib/intel64/libiomp5.so (0x00002b85f6b7e000)
	libpthread.so.0 => /cvmfs/soft.computecanada.ca/gentoo/2020/lib64/libpthread.so.0 (0x00002b85f6f88000)
	libmpi_usempif08.so.40 => /cvmfs/soft.computecanada.ca/easybuild/software/2020/avx2/Compiler/intel2020/openmpi/4.0.3/lib/libmpi_usempif08.so.40 (0x00002b85f6fa8000)
	libmpi_usempi_ignore_tkr.so.40 => /cvmfs/soft.computecanada.ca/easybuild/software/2020/avx2/Compiler/intel2020/openmpi/4.0.3/lib/libmpi_usempi_ignore_tkr.so.40 (0x00002b85f6fe3000)
	libmpi_mpifh.so.40 => /cvmfs/soft.computecanada.ca/easybuild/software/2020/avx2/Compiler/intel2020/openmpi/4.0.3/lib/libmpi_mpifh.so.40 (0x00002b85f6ff2000)
	libmpi.so.40 => /cvmfs/soft.computecanada.ca/easybuild/software/2020/avx2/Compiler/intel2020/openmpi/4.0.3/lib/libmpi.so.40 (0x00002b85f7060000)
	libc.so.6 => /cvmfs/soft.computecanada.ca/gentoo/2020/lib64/libc.so.6 (0x00002b85f73a1000)
	libgcc_s.so.1 => /cvmfs/soft.computecanada.ca/gentoo/2020/usr/lib/gcc/x86_64-pc-linux-gnu/11.3.0/libgcc_s.so.1 (0x00002b85f755b000)
	libdl.so.2 => /cvmfs/soft.computecanada.ca/gentoo/2020/lib64/libdl.so.2 (0x00002b85f7576000)
	/cvmfs/soft.computecanada.ca/gentoo/2020/lib64/ld-linux-x86-64.so.2 (0x00002b85f600f000)
	libifport.so.5 => /cvmfs/soft.computecanada.ca/easybuild/software/2020/Core/intel/2020.1.217/lib/intel64/libifport.so.5 (0x00002b85f757d000)
	libifcoremt.so.5 => /cvmfs/soft.computecanada.ca/easybuild/software/2020/Core/intel/2020.1.217/lib/intel64/libifcoremt.so.5 (0x00002b85f77ae000)
	libimf.so => /cvmfs/soft.computecanada.ca/easybuild/software/2020/Core/intel/2020.1.217/lib/intel64/libimf.so (0x00002b85f7b53000)
	libsvml.so => /cvmfs/soft.computecanada.ca/easybuild/software/2020/Core/intel/2020.1.217/lib/intel64/libsvml.so (0x00002b85f8256000)
	libintlc.so.5 => /cvmfs/soft.computecanada.ca/easybuild/software/2020/Core/intel/2020.1.217/lib/intel64/libintlc.so.5 (0x00002b85f9d61000)
	libhdf5_hl.so.100 => /cvmfs/soft.computecanada.ca/easybuild/software/2020/avx2/MPI/intel2020/openmpi4/hdf5-mpi/1.10.6/lib/libhdf5_hl.so.100 (0x00002b85f9fdc000)
	libhdf5.so.103 => /cvmfs/soft.computecanada.ca/easybuild/software/2020/avx2/MPI/intel2020/openmpi4/hdf5-mpi/1.10.6/lib/libhdf5.so.103 (0x00002b85fa006000)
	libsz.so.2 => /cvmfs/soft.computecanada.ca/gentoo/2020/usr/lib64/libsz.so.2 (0x00002b85fa501000)
	libcurl.so.4 => /cvmfs/soft.computecanada.ca/gentoo/2020/usr/lib64/libcurl.so.4 (0x00002b85fa518000)
	libirng.so => /cvmfs/soft.computecanada.ca/easybuild/software/2020/Core/intel/2020.1.217/lib/intel64/libirng.so (0x00002b85fa5a3000)
	libopen-rte.so.40 => /cvmfs/soft.computecanada.ca/easybuild/software/2020/avx2/Compiler/intel2020/openmpi/4.0.3/lib/libopen-rte.so.40 (0x00002b85fa90f000)
	libopen-pal.so.40 => /cvmfs/soft.computecanada.ca/easybuild/software/2020/avx2/Compiler/intel2020/openmpi/4.0.3/lib/libopen-pal.so.40 (0x00002b85faa4e000)
	librt.so.1 => /cvmfs/soft.computecanada.ca/gentoo/2020/lib64/librt.so.1 (0x00002b85facf3000)
	libutil.so.1 => /cvmfs/soft.computecanada.ca/gentoo/2020/lib64/libutil.so.1 (0x00002b85facfd000)
	libhwloc.so.5 => /cvmfs/soft.computecanada.ca/gentoo/2020/usr/lib64/libhwloc.so.5 (0x00002b85fad02000)
	libevent-2.1.so.6 => /cvmfs/soft.computecanada.ca/gentoo/2020/usr/lib64/libevent-2.1.so.6 (0x00002b85fad46000)
	libevent_pthreads-2.1.so.6 => /cvmfs/soft.computecanada.ca/gentoo/2020/usr/lib64/libevent_pthreads-2.1.so.6 (0x00002b85fad9b000)
	libnghttp2.so.14 => /cvmfs/soft.computecanada.ca/gentoo/2020/usr/lib64/libnghttp2.so.14 (0x00002b85fada0000)
	libssl.so.1.1 => /cvmfs/soft.computecanada.ca/gentoo/2020/usr/lib64/libssl.so.1.1 (0x00002b85fadca000)
	libcrypto.so.1.1 => /cvmfs/soft.computecanada.ca/gentoo/2020/usr/lib64/libcrypto.so.1.1 (0x00002b85fae5c000)
	libgssapi_krb5.so.2 => /cvmfs/soft.computecanada.ca/gentoo/2020/usr/lib64/libgssapi_krb5.so.2 (0x00002b85fb11a000)
	libkrb5.so.3 => /cvmfs/soft.computecanada.ca/gentoo/2020/usr/lib64/libkrb5.so.3 (0x00002b85fb169000)
	libk5crypto.so.3 => /cvmfs/soft.computecanada.ca/gentoo/2020/usr/lib64/libk5crypto.so.3 (0x00002b85fb248000)
	libcom_err.so.2 => /cvmfs/soft.computecanada.ca/gentoo/2020/usr/lib64/libcom_err.so.2 (0x00002b85fb27e000)
	libzstd.so.1 => /cvmfs/soft.computecanada.ca/gentoo/2020/usr/lib64/libzstd.so.1 (0x00002b85fb284000)
	libnuma.so.1 => /cvmfs/soft.computecanada.ca/gentoo/2020/usr/lib64/libnuma.so.1 (0x00002b85fb334000)
	libudev.so.1 => /cvmfs/soft.computecanada.ca/gentoo/2020/lib64/libudev.so.1 (0x00002b85fb342000)
	libpciaccess.so.0 => /cvmfs/soft.computecanada.ca/gentoo/2020/usr/lib64/libpciaccess.so.0 (0x00002b85fb36a000)
	libxml2.so.2 => /cvmfs/soft.computecanada.ca/gentoo/2020/usr/lib64/libxml2.so.2 (0x00002b85fb375000)
	libkrb5support.so.0 => /cvmfs/soft.computecanada.ca/gentoo/2020/usr/lib64/libkrb5support.so.0 (0x00002b85fb4de000)
	libkeyutils.so.1 => /cvmfs/soft.computecanada.ca/gentoo/2020/usr/lib64/libkeyutils.so.1 (0x00002b85fb4ed000)
	libresolv.so.2 => /cvmfs/soft.computecanada.ca/gentoo/2020/lib64/libresolv.so.2 (0x00002b85fb4f4000)
	libselinux.so.1 => /cvmfs/soft.computecanada.ca/gentoo/2020/lib64/libselinux.so.1 (0x00002b85fb50c000)
	libicuuc.so.65 => /cvmfs/soft.computecanada.ca/gentoo/2020/usr/lib64/libicuuc.so.65 (0x00002b85fb537000)
	liblzma.so.5 => /cvmfs/soft.computecanada.ca/gentoo/2020/usr/lib64/liblzma.so.5 (0x00002b85fb719000)
	libpcre.so.1 => /cvmfs/soft.computecanada.ca/gentoo/2020/usr/lib64/libpcre.so.1 (0x00002b85fb741000)
	libicudata.so.65 => /cvmfs/soft.computecanada.ca/gentoo/2020/usr/lib64/libicudata.so.65 (0x00002b85fb7b4000)
Rebuilding SalishSea1500-RUN181_00720000_restart
Restart rebuild of SalishSea1500-RUN181_00720000_restart successful
sending incremental file list
layout.dat_R010_00648001_00720000
namelist_cfg_R010_00648001_00720000
namelist_ref_R010_00648001_00720000
nemo.stderr_R010_00648001_00720000
nemo.stdout_R010_00648001_00720000
ocean.output_R010_00648001_00720000
output.namelist.dyn_R010_00648001_00720000
solver.stat_R010_00648001_00720000
time.step_R010_00648001_00720000
timing.output_R010_00648001_00720000

sent 9,979,934 bytes  received 210 bytes  2,217,809.78 bytes/sec
total size is 9,976,641  speedup is 1.00
sending incremental file list
SalishSea1500-RUN181_1d_grid_T_20180517-20180517.nc
SalishSea1500-RUN181_1d_grid_T_20180518-20180518.nc
SalishSea1500-RUN181_1d_grid_T_20180519-20180519.nc
SalishSea1500-RUN181_1d_grid_T_20180520-20180520.nc
SalishSea1500-RUN181_1d_grid_T_20180521-20180521.nc
SalishSea1500-RUN181_1d_grid_T_20180522-20180522.nc
SalishSea1500-RUN181_1d_grid_T_20180523-20180523.nc
SalishSea1500-RUN181_1d_grid_T_20180524-20180524.nc
SalishSea1500-RUN181_1d_grid_T_20180525-20180525.nc
SalishSea1500-RUN181_1d_grid_T_20180526-20180526.nc
SalishSea1500-RUN181_1d_grid_T_20180527-20180527.nc
SalishSea1500-RUN181_1d_grid_T_20180528-20180528.nc
SalishSea1500-RUN181_1d_grid_T_20180529-20180529.nc
SalishSea1500-RUN181_1d_grid_T_20180530-20180530.nc
SalishSea1500-RUN181_1d_grid_T_20180531-20180531.nc
SalishSea1500-RUN181_1d_grid_T_20180601-20180601.nc
SalishSea1500-RUN181_1d_grid_T_20180602-20180602.nc
SalishSea1500-RUN181_1d_grid_T_20180603-20180603.nc
SalishSea1500-RUN181_1d_grid_T_20180604-20180604.nc
SalishSea1500-RUN181_1d_grid_T_20180605-20180605.nc
SalishSea1500-RUN181_1d_grid_T_20180606-20180606.nc
SalishSea1500-RUN181_1d_grid_T_20180607-20180607.nc
SalishSea1500-RUN181_1d_grid_T_20180608-20180608.nc
SalishSea1500-RUN181_1d_grid_T_20180609-20180609.nc
SalishSea1500-RUN181_1d_grid_T_20180610-20180610.nc
SalishSea1500-RUN181_1d_grid_T_20180611-20180611.nc
SalishSea1500-RUN181_1d_grid_T_20180612-20180612.nc
SalishSea1500-RUN181_1d_grid_T_20180613-20180613.nc
SalishSea1500-RUN181_1d_grid_T_20180614-20180614.nc
SalishSea1500-RUN181_1d_grid_T_20180615-20180615.nc
SalishSea1500-RUN181_1d_grid_T_20180616-20180616.nc
SalishSea1500-RUN181_1d_grid_T_20180617-20180617.nc
SalishSea1500-RUN181_1d_grid_T_20180618-20180618.nc
SalishSea1500-RUN181_1d_grid_T_20180619-20180619.nc
SalishSea1500-RUN181_1d_grid_T_20180620-20180620.nc
SalishSea1500-RUN181_1d_grid_T_20180621-20180621.nc
SalishSea1500-RUN181_1d_grid_T_20180622-20180622.nc
SalishSea1500-RUN181_1d_grid_T_20180623-20180623.nc
SalishSea1500-RUN181_1d_grid_T_20180624-20180624.nc
SalishSea1500-RUN181_1d_grid_T_20180625-20180625.nc
SalishSea1500-RUN181_1d_grid_T_20180626-20180626.nc
SalishSea1500-RUN181_1d_grid_T_20180627-20180627.nc
SalishSea1500-RUN181_1d_grid_T_20180628-20180628.nc
SalishSea1500-RUN181_1d_grid_T_20180629-20180629.nc
SalishSea1500-RUN181_1d_grid_T_20180630-20180630.nc
SalishSea1500-RUN181_1d_grid_T_20180701-20180701.nc
SalishSea1500-RUN181_1d_grid_T_20180702-20180702.nc
SalishSea1500-RUN181_1d_grid_T_20180703-20180703.nc
SalishSea1500-RUN181_1d_grid_T_20180704-20180704.nc
SalishSea1500-RUN181_1d_grid_T_20180705-20180705.nc
SalishSea1500-RUN181_1d_grid_T_20180706-20180706.nc
SalishSea1500-RUN181_1d_grid_T_20180707-20180707.nc
SalishSea1500-RUN181_1d_grid_T_20180708-20180708.nc
SalishSea1500-RUN181_1d_grid_T_20180709-20180709.nc
SalishSea1500-RUN181_1d_grid_T_20180710-20180710.nc
SalishSea1500-RUN181_1d_grid_T_20180711-20180711.nc
SalishSea1500-RUN181_1d_grid_T_20180712-20180712.nc
SalishSea1500-RUN181_1d_grid_T_20180713-20180713.nc
SalishSea1500-RUN181_1d_grid_T_20180714-20180714.nc
SalishSea1500-RUN181_1d_grid_T_20180715-20180715.nc
SalishSea1500-RUN181_1d_grid_T_20180716-20180716.nc
SalishSea1500-RUN181_1d_grid_T_20180717-20180717.nc
SalishSea1500-RUN181_1d_grid_T_20180718-20180718.nc
SalishSea1500-RUN181_1d_grid_T_20180719-20180719.nc
SalishSea1500-RUN181_1d_grid_T_20180720-20180720.nc
SalishSea1500-RUN181_1d_grid_T_20180721-20180721.nc
SalishSea1500-RUN181_1d_grid_T_20180722-20180722.nc
SalishSea1500-RUN181_1d_grid_T_20180723-20180723.nc
SalishSea1500-RUN181_1d_grid_T_20180724-20180724.nc
SalishSea1500-RUN181_1d_grid_T_20180725-20180725.nc
SalishSea1500-RUN181_1d_grid_T_20180726-20180726.nc
SalishSea1500-RUN181_1d_grid_T_20180727-20180727.nc
SalishSea1500-RUN181_1d_grid_T_20180728-20180728.nc
SalishSea1500-RUN181_1d_grid_T_20180729-20180729.nc
SalishSea1500-RUN181_1d_grid_T_20180730-20180730.nc
SalishSea1500-RUN181_1d_grid_T_20180731-20180731.nc
SalishSea1500-RUN181_1d_grid_T_20180801-20180801.nc
SalishSea1500-RUN181_1d_grid_T_20180802-20180802.nc
SalishSea1500-RUN181_1d_grid_T_20180803-20180803.nc
SalishSea1500-RUN181_1d_grid_T_20180804-20180804.nc
SalishSea1500-RUN181_1d_grid_T_20180805-20180805.nc
SalishSea1500-RUN181_1d_grid_T_20180806-20180806.nc
SalishSea1500-RUN181_1d_grid_T_20180807-20180807.nc
SalishSea1500-RUN181_1d_grid_T_20180808-20180808.nc
SalishSea1500-RUN181_1d_grid_T_20180809-20180809.nc
SalishSea1500-RUN181_1d_grid_T_20180810-20180810.nc
SalishSea1500-RUN181_1d_grid_T_20180811-20180811.nc
SalishSea1500-RUN181_1d_grid_T_20180812-20180812.nc
SalishSea1500-RUN181_1d_grid_T_20180813-20180813.nc
SalishSea1500-RUN181_1d_grid_T_20180814-20180814.nc
SalishSea1500-RUN181_1d_grid_T_20180815-20180815.nc
SalishSea1500-RUN181_1d_grid_T_20180816-20180816.nc
SalishSea1500-RUN181_1d_grid_T_20180817-20180817.nc
SalishSea1500-RUN181_1d_grid_T_20180818-20180818.nc
SalishSea1500-RUN181_1d_grid_T_20180819-20180819.nc
SalishSea1500-RUN181_1d_grid_T_20180820-20180820.nc
SalishSea1500-RUN181_1d_grid_T_20180821-20180821.nc
SalishSea1500-RUN181_1d_grid_T_20180822-20180822.nc
SalishSea1500-RUN181_1d_grid_T_20180823-20180823.nc
SalishSea1500-RUN181_1d_grid_T_20180824-20180824.nc
SalishSea1500-RUN181_1d_grid_T_2D_20180517-20180517.nc
SalishSea1500-RUN181_1d_grid_T_2D_20180518-20180518.nc
SalishSea1500-RUN181_1d_grid_T_2D_20180519-20180519.nc
SalishSea1500-RUN181_1d_grid_T_2D_20180520-20180520.nc
SalishSea1500-RUN181_1d_grid_T_2D_20180521-20180521.nc
SalishSea1500-RUN181_1d_grid_T_2D_20180522-20180522.nc
SalishSea1500-RUN181_1d_grid_T_2D_20180523-20180523.nc
SalishSea1500-RUN181_1d_grid_T_2D_20180524-20180524.nc
SalishSea1500-RUN181_1d_grid_T_2D_20180525-20180525.nc
SalishSea1500-RUN181_1d_grid_T_2D_20180526-20180526.nc
SalishSea1500-RUN181_1d_grid_T_2D_20180527-20180527.nc
SalishSea1500-RUN181_1d_grid_T_2D_20180528-20180528.nc
SalishSea1500-RUN181_1d_grid_T_2D_20180529-20180529.nc
SalishSea1500-RUN181_1d_grid_T_2D_20180530-20180530.nc
SalishSea1500-RUN181_1d_grid_T_2D_20180531-20180531.nc
SalishSea1500-RUN181_1d_grid_T_2D_20180601-20180601.nc
SalishSea1500-RUN181_1d_grid_T_2D_20180602-20180602.nc
SalishSea1500-RUN181_1d_grid_T_2D_20180603-20180603.nc
SalishSea1500-RUN181_1d_grid_T_2D_20180604-20180604.nc
SalishSea1500-RUN181_1d_grid_T_2D_20180605-20180605.nc
SalishSea1500-RUN181_1d_grid_T_2D_20180606-20180606.nc
SalishSea1500-RUN181_1d_grid_T_2D_20180607-20180607.nc
SalishSea1500-RUN181_1d_grid_T_2D_20180608-20180608.nc
SalishSea1500-RUN181_1d_grid_T_2D_20180609-20180609.nc
SalishSea1500-RUN181_1d_grid_T_2D_20180610-20180610.nc
SalishSea1500-RUN181_1d_grid_T_2D_20180611-20180611.nc
SalishSea1500-RUN181_1d_grid_T_2D_20180612-20180612.nc
SalishSea1500-RUN181_1d_grid_T_2D_20180613-20180613.nc
SalishSea1500-RUN181_1d_grid_T_2D_20180614-20180614.nc
SalishSea1500-RUN181_1d_grid_T_2D_20180615-20180615.nc
SalishSea1500-RUN181_1d_grid_T_2D_20180616-20180616.nc
SalishSea1500-RUN181_1d_grid_T_2D_20180617-20180617.nc
SalishSea1500-RUN181_1d_grid_T_2D_20180618-20180618.nc
SalishSea1500-RUN181_1d_grid_T_2D_20180619-20180619.nc
SalishSea1500-RUN181_1d_grid_T_2D_20180620-20180620.nc
SalishSea1500-RUN181_1d_grid_T_2D_20180621-20180621.nc
SalishSea1500-RUN181_1d_grid_T_2D_20180622-20180622.nc
SalishSea1500-RUN181_1d_grid_T_2D_20180623-20180623.nc
SalishSea1500-RUN181_1d_grid_T_2D_20180624-20180624.nc
SalishSea1500-RUN181_1d_grid_T_2D_20180625-20180625.nc
SalishSea1500-RUN181_1d_grid_T_2D_20180626-20180626.nc
SalishSea1500-RUN181_1d_grid_T_2D_20180627-20180627.nc
SalishSea1500-RUN181_1d_grid_T_2D_20180628-20180628.nc
SalishSea1500-RUN181_1d_grid_T_2D_20180629-20180629.nc
SalishSea1500-RUN181_1d_grid_T_2D_20180630-20180630.nc
SalishSea1500-RUN181_1d_grid_T_2D_20180701-20180701.nc
SalishSea1500-RUN181_1d_grid_T_2D_20180702-20180702.nc
SalishSea1500-RUN181_1d_grid_T_2D_20180703-20180703.nc
SalishSea1500-RUN181_1d_grid_T_2D_20180704-20180704.nc
SalishSea1500-RUN181_1d_grid_T_2D_20180705-20180705.nc
SalishSea1500-RUN181_1d_grid_T_2D_20180706-20180706.nc
SalishSea1500-RUN181_1d_grid_T_2D_20180707-20180707.nc
SalishSea1500-RUN181_1d_grid_T_2D_20180708-20180708.nc
SalishSea1500-RUN181_1d_grid_T_2D_20180709-20180709.nc
SalishSea1500-RUN181_1d_grid_T_2D_20180710-20180710.nc
SalishSea1500-RUN181_1d_grid_T_2D_20180711-20180711.nc
SalishSea1500-RUN181_1d_grid_T_2D_20180712-20180712.nc
SalishSea1500-RUN181_1d_grid_T_2D_20180713-20180713.nc
SalishSea1500-RUN181_1d_grid_T_2D_20180714-20180714.nc
SalishSea1500-RUN181_1d_grid_T_2D_20180715-20180715.nc
SalishSea1500-RUN181_1d_grid_T_2D_20180716-20180716.nc
SalishSea1500-RUN181_1d_grid_T_2D_20180717-20180717.nc
SalishSea1500-RUN181_1d_grid_T_2D_20180718-20180718.nc
SalishSea1500-RUN181_1d_grid_T_2D_20180719-20180719.nc
SalishSea1500-RUN181_1d_grid_T_2D_20180720-20180720.nc
SalishSea1500-RUN181_1d_grid_T_2D_20180721-20180721.nc
SalishSea1500-RUN181_1d_grid_T_2D_20180722-20180722.nc
SalishSea1500-RUN181_1d_grid_T_2D_20180723-20180723.nc
SalishSea1500-RUN181_1d_grid_T_2D_20180724-20180724.nc
SalishSea1500-RUN181_1d_grid_T_2D_20180725-20180725.nc
SalishSea1500-RUN181_1d_grid_T_2D_20180726-20180726.nc
SalishSea1500-RUN181_1d_grid_T_2D_20180727-20180727.nc
SalishSea1500-RUN181_1d_grid_T_2D_20180728-20180728.nc
SalishSea1500-RUN181_1d_grid_T_2D_20180729-20180729.nc
SalishSea1500-RUN181_1d_grid_T_2D_20180730-20180730.nc
SalishSea1500-RUN181_1d_grid_T_2D_20180731-20180731.nc
SalishSea1500-RUN181_1d_grid_T_2D_20180801-20180801.nc
SalishSea1500-RUN181_1d_grid_T_2D_20180802-20180802.nc
SalishSea1500-RUN181_1d_grid_T_2D_20180803-20180803.nc
SalishSea1500-RUN181_1d_grid_T_2D_20180804-20180804.nc
SalishSea1500-RUN181_1d_grid_T_2D_20180805-20180805.nc
SalishSea1500-RUN181_1d_grid_T_2D_20180806-20180806.nc
SalishSea1500-RUN181_1d_grid_T_2D_20180807-20180807.nc
SalishSea1500-RUN181_1d_grid_T_2D_20180808-20180808.nc
SalishSea1500-RUN181_1d_grid_T_2D_20180809-20180809.nc
SalishSea1500-RUN181_1d_grid_T_2D_20180810-20180810.nc
SalishSea1500-RUN181_1d_grid_T_2D_20180811-20180811.nc
SalishSea1500-RUN181_1d_grid_T_2D_20180812-20180812.nc
SalishSea1500-RUN181_1d_grid_T_2D_20180813-20180813.nc
SalishSea1500-RUN181_1d_grid_T_2D_20180814-20180814.nc
SalishSea1500-RUN181_1d_grid_T_2D_20180815-20180815.nc
SalishSea1500-RUN181_1d_grid_T_2D_20180816-20180816.nc
SalishSea1500-RUN181_1d_grid_T_2D_20180817-20180817.nc
SalishSea1500-RUN181_1d_grid_T_2D_20180818-20180818.nc
SalishSea1500-RUN181_1d_grid_T_2D_20180819-20180819.nc
SalishSea1500-RUN181_1d_grid_T_2D_20180820-20180820.nc
SalishSea1500-RUN181_1d_grid_T_2D_20180821-20180821.nc
SalishSea1500-RUN181_1d_grid_T_2D_20180822-20180822.nc
SalishSea1500-RUN181_1d_grid_T_2D_20180823-20180823.nc
SalishSea1500-RUN181_1d_grid_T_2D_20180824-20180824.nc
SalishSea1500-RUN181_1d_grid_U_20180517-20180517.nc
SalishSea1500-RUN181_1d_grid_U_20180518-20180518.nc
SalishSea1500-RUN181_1d_grid_U_20180519-20180519.nc
SalishSea1500-RUN181_1d_grid_U_20180520-20180520.nc
SalishSea1500-RUN181_1d_grid_U_20180521-20180521.nc
SalishSea1500-RUN181_1d_grid_U_20180522-20180522.nc
SalishSea1500-RUN181_1d_grid_U_20180523-20180523.nc
SalishSea1500-RUN181_1d_grid_U_20180524-20180524.nc
SalishSea1500-RUN181_1d_grid_U_20180525-20180525.nc
SalishSea1500-RUN181_1d_grid_U_20180526-20180526.nc
SalishSea1500-RUN181_1d_grid_U_20180527-20180527.nc
SalishSea1500-RUN181_1d_grid_U_20180528-20180528.nc
SalishSea1500-RUN181_1d_grid_U_20180529-20180529.nc
SalishSea1500-RUN181_1d_grid_U_20180530-20180530.nc
SalishSea1500-RUN181_1d_grid_U_20180531-20180531.nc
SalishSea1500-RUN181_1d_grid_U_20180601-20180601.nc
SalishSea1500-RUN181_1d_grid_U_20180602-20180602.nc
SalishSea1500-RUN181_1d_grid_U_20180603-20180603.nc
SalishSea1500-RUN181_1d_grid_U_20180604-20180604.nc
SalishSea1500-RUN181_1d_grid_U_20180605-20180605.nc
SalishSea1500-RUN181_1d_grid_U_20180606-20180606.nc
SalishSea1500-RUN181_1d_grid_U_20180607-20180607.nc
SalishSea1500-RUN181_1d_grid_U_20180608-20180608.nc
SalishSea1500-RUN181_1d_grid_U_20180609-20180609.nc
SalishSea1500-RUN181_1d_grid_U_20180610-20180610.nc
SalishSea1500-RUN181_1d_grid_U_20180611-20180611.nc
SalishSea1500-RUN181_1d_grid_U_20180612-20180612.nc
SalishSea1500-RUN181_1d_grid_U_20180613-20180613.nc
SalishSea1500-RUN181_1d_grid_U_20180614-20180614.nc
SalishSea1500-RUN181_1d_grid_U_20180615-20180615.nc
SalishSea1500-RUN181_1d_grid_U_20180616-20180616.nc
SalishSea1500-RUN181_1d_grid_U_20180617-20180617.nc
SalishSea1500-RUN181_1d_grid_U_20180618-20180618.nc
SalishSea1500-RUN181_1d_grid_U_20180619-20180619.nc
SalishSea1500-RUN181_1d_grid_U_20180620-20180620.nc
SalishSea1500-RUN181_1d_grid_U_20180621-20180621.nc
SalishSea1500-RUN181_1d_grid_U_20180622-20180622.nc
SalishSea1500-RUN181_1d_grid_U_20180623-20180623.nc
SalishSea1500-RUN181_1d_grid_U_20180624-20180624.nc
SalishSea1500-RUN181_1d_grid_U_20180625-20180625.nc
SalishSea1500-RUN181_1d_grid_U_20180626-20180626.nc
SalishSea1500-RUN181_1d_grid_U_20180627-20180627.nc
SalishSea1500-RUN181_1d_grid_U_20180628-20180628.nc
SalishSea1500-RUN181_1d_grid_U_20180629-20180629.nc
SalishSea1500-RUN181_1d_grid_U_20180630-20180630.nc
SalishSea1500-RUN181_1d_grid_U_20180701-20180701.nc
SalishSea1500-RUN181_1d_grid_U_20180702-20180702.nc
SalishSea1500-RUN181_1d_grid_U_20180703-20180703.nc
SalishSea1500-RUN181_1d_grid_U_20180704-20180704.nc
SalishSea1500-RUN181_1d_grid_U_20180705-20180705.nc
SalishSea1500-RUN181_1d_grid_U_20180706-20180706.nc
SalishSea1500-RUN181_1d_grid_U_20180707-20180707.nc
SalishSea1500-RUN181_1d_grid_U_20180708-20180708.nc
SalishSea1500-RUN181_1d_grid_U_20180709-20180709.nc
SalishSea1500-RUN181_1d_grid_U_20180710-20180710.nc
SalishSea1500-RUN181_1d_grid_U_20180711-20180711.nc
SalishSea1500-RUN181_1d_grid_U_20180712-20180712.nc
SalishSea1500-RUN181_1d_grid_U_20180713-20180713.nc
SalishSea1500-RUN181_1d_grid_U_20180714-20180714.nc
SalishSea1500-RUN181_1d_grid_U_20180715-20180715.nc
SalishSea1500-RUN181_1d_grid_U_20180716-20180716.nc
SalishSea1500-RUN181_1d_grid_U_20180717-20180717.nc
SalishSea1500-RUN181_1d_grid_U_20180718-20180718.nc
SalishSea1500-RUN181_1d_grid_U_20180719-20180719.nc
SalishSea1500-RUN181_1d_grid_U_20180720-20180720.nc
SalishSea1500-RUN181_1d_grid_U_20180721-20180721.nc
SalishSea1500-RUN181_1d_grid_U_20180722-20180722.nc
SalishSea1500-RUN181_1d_grid_U_20180723-20180723.nc
SalishSea1500-RUN181_1d_grid_U_20180724-20180724.nc
SalishSea1500-RUN181_1d_grid_U_20180725-20180725.nc
SalishSea1500-RUN181_1d_grid_U_20180726-20180726.nc
SalishSea1500-RUN181_1d_grid_U_20180727-20180727.nc
SalishSea1500-RUN181_1d_grid_U_20180728-20180728.nc
SalishSea1500-RUN181_1d_grid_U_20180729-20180729.nc
SalishSea1500-RUN181_1d_grid_U_20180730-20180730.nc
SalishSea1500-RUN181_1d_grid_U_20180731-20180731.nc
SalishSea1500-RUN181_1d_grid_U_20180801-20180801.nc
SalishSea1500-RUN181_1d_grid_U_20180802-20180802.nc
SalishSea1500-RUN181_1d_grid_U_20180803-20180803.nc
SalishSea1500-RUN181_1d_grid_U_20180804-20180804.nc
SalishSea1500-RUN181_1d_grid_U_20180805-20180805.nc
SalishSea1500-RUN181_1d_grid_U_20180806-20180806.nc
SalishSea1500-RUN181_1d_grid_U_20180807-20180807.nc
SalishSea1500-RUN181_1d_grid_U_20180808-20180808.nc
SalishSea1500-RUN181_1d_grid_U_20180809-20180809.nc
SalishSea1500-RUN181_1d_grid_U_20180810-20180810.nc
SalishSea1500-RUN181_1d_grid_U_20180811-20180811.nc
SalishSea1500-RUN181_1d_grid_U_20180812-20180812.nc
SalishSea1500-RUN181_1d_grid_U_20180813-20180813.nc
SalishSea1500-RUN181_1d_grid_U_20180814-20180814.nc
SalishSea1500-RUN181_1d_grid_U_20180815-20180815.nc
SalishSea1500-RUN181_1d_grid_U_20180816-20180816.nc
SalishSea1500-RUN181_1d_grid_U_20180817-20180817.nc
SalishSea1500-RUN181_1d_grid_U_20180818-20180818.nc
SalishSea1500-RUN181_1d_grid_U_20180819-20180819.nc
SalishSea1500-RUN181_1d_grid_U_20180820-20180820.nc
SalishSea1500-RUN181_1d_grid_U_20180821-20180821.nc
SalishSea1500-RUN181_1d_grid_U_20180822-20180822.nc
SalishSea1500-RUN181_1d_grid_U_20180823-20180823.nc
SalishSea1500-RUN181_1d_grid_U_20180824-20180824.nc
SalishSea1500-RUN181_1d_grid_V_20180517-20180517.nc
SalishSea1500-RUN181_1d_grid_V_20180518-20180518.nc
SalishSea1500-RUN181_1d_grid_V_20180519-20180519.nc
SalishSea1500-RUN181_1d_grid_V_20180520-20180520.nc
SalishSea1500-RUN181_1d_grid_V_20180521-20180521.nc
SalishSea1500-RUN181_1d_grid_V_20180522-20180522.nc
SalishSea1500-RUN181_1d_grid_V_20180523-20180523.nc
SalishSea1500-RUN181_1d_grid_V_20180524-20180524.nc
SalishSea1500-RUN181_1d_grid_V_20180525-20180525.nc
SalishSea1500-RUN181_1d_grid_V_20180526-20180526.nc
SalishSea1500-RUN181_1d_grid_V_20180527-20180527.nc
SalishSea1500-RUN181_1d_grid_V_20180528-20180528.nc
SalishSea1500-RUN181_1d_grid_V_20180529-20180529.nc
SalishSea1500-RUN181_1d_grid_V_20180530-20180530.nc
SalishSea1500-RUN181_1d_grid_V_20180531-20180531.nc
SalishSea1500-RUN181_1d_grid_V_20180601-20180601.nc
SalishSea1500-RUN181_1d_grid_V_20180602-20180602.nc
SalishSea1500-RUN181_1d_grid_V_20180603-20180603.nc
SalishSea1500-RUN181_1d_grid_V_20180604-20180604.nc
SalishSea1500-RUN181_1d_grid_V_20180605-20180605.nc
SalishSea1500-RUN181_1d_grid_V_20180606-20180606.nc
SalishSea1500-RUN181_1d_grid_V_20180607-20180607.nc
SalishSea1500-RUN181_1d_grid_V_20180608-20180608.nc
SalishSea1500-RUN181_1d_grid_V_20180609-20180609.nc
SalishSea1500-RUN181_1d_grid_V_20180610-20180610.nc
SalishSea1500-RUN181_1d_grid_V_20180611-20180611.nc
SalishSea1500-RUN181_1d_grid_V_20180612-20180612.nc
SalishSea1500-RUN181_1d_grid_V_20180613-20180613.nc
SalishSea1500-RUN181_1d_grid_V_20180614-20180614.nc
SalishSea1500-RUN181_1d_grid_V_20180615-20180615.nc
SalishSea1500-RUN181_1d_grid_V_20180616-20180616.nc
SalishSea1500-RUN181_1d_grid_V_20180617-20180617.nc
SalishSea1500-RUN181_1d_grid_V_20180618-20180618.nc
SalishSea1500-RUN181_1d_grid_V_20180619-20180619.nc
SalishSea1500-RUN181_1d_grid_V_20180620-20180620.nc
SalishSea1500-RUN181_1d_grid_V_20180621-20180621.nc
SalishSea1500-RUN181_1d_grid_V_20180622-20180622.nc
SalishSea1500-RUN181_1d_grid_V_20180623-20180623.nc
SalishSea1500-RUN181_1d_grid_V_20180624-20180624.nc
SalishSea1500-RUN181_1d_grid_V_20180625-20180625.nc
SalishSea1500-RUN181_1d_grid_V_20180626-20180626.nc
SalishSea1500-RUN181_1d_grid_V_20180627-20180627.nc
SalishSea1500-RUN181_1d_grid_V_20180628-20180628.nc
SalishSea1500-RUN181_1d_grid_V_20180629-20180629.nc
SalishSea1500-RUN181_1d_grid_V_20180630-20180630.nc
SalishSea1500-RUN181_1d_grid_V_20180701-20180701.nc
SalishSea1500-RUN181_1d_grid_V_20180702-20180702.nc
SalishSea1500-RUN181_1d_grid_V_20180703-20180703.nc
SalishSea1500-RUN181_1d_grid_V_20180704-20180704.nc
SalishSea1500-RUN181_1d_grid_V_20180705-20180705.nc
SalishSea1500-RUN181_1d_grid_V_20180706-20180706.nc
SalishSea1500-RUN181_1d_grid_V_20180707-20180707.nc
SalishSea1500-RUN181_1d_grid_V_20180708-20180708.nc
SalishSea1500-RUN181_1d_grid_V_20180709-20180709.nc
SalishSea1500-RUN181_1d_grid_V_20180710-20180710.nc
SalishSea1500-RUN181_1d_grid_V_20180711-20180711.nc
SalishSea1500-RUN181_1d_grid_V_20180712-20180712.nc
SalishSea1500-RUN181_1d_grid_V_20180713-20180713.nc
SalishSea1500-RUN181_1d_grid_V_20180714-20180714.nc
SalishSea1500-RUN181_1d_grid_V_20180715-20180715.nc
SalishSea1500-RUN181_1d_grid_V_20180716-20180716.nc
SalishSea1500-RUN181_1d_grid_V_20180717-20180717.nc
SalishSea1500-RUN181_1d_grid_V_20180718-20180718.nc
SalishSea1500-RUN181_1d_grid_V_20180719-20180719.nc
SalishSea1500-RUN181_1d_grid_V_20180720-20180720.nc
SalishSea1500-RUN181_1d_grid_V_20180721-20180721.nc
SalishSea1500-RUN181_1d_grid_V_20180722-20180722.nc
SalishSea1500-RUN181_1d_grid_V_20180723-20180723.nc
SalishSea1500-RUN181_1d_grid_V_20180724-20180724.nc
SalishSea1500-RUN181_1d_grid_V_20180725-20180725.nc
SalishSea1500-RUN181_1d_grid_V_20180726-20180726.nc
SalishSea1500-RUN181_1d_grid_V_20180727-20180727.nc
SalishSea1500-RUN181_1d_grid_V_20180728-20180728.nc
SalishSea1500-RUN181_1d_grid_V_20180729-20180729.nc
SalishSea1500-RUN181_1d_grid_V_20180730-20180730.nc
SalishSea1500-RUN181_1d_grid_V_20180731-20180731.nc
SalishSea1500-RUN181_1d_grid_V_20180801-20180801.nc
SalishSea1500-RUN181_1d_grid_V_20180802-20180802.nc
SalishSea1500-RUN181_1d_grid_V_20180803-20180803.nc
SalishSea1500-RUN181_1d_grid_V_20180804-20180804.nc
SalishSea1500-RUN181_1d_grid_V_20180805-20180805.nc
SalishSea1500-RUN181_1d_grid_V_20180806-20180806.nc
SalishSea1500-RUN181_1d_grid_V_20180807-20180807.nc
SalishSea1500-RUN181_1d_grid_V_20180808-20180808.nc
SalishSea1500-RUN181_1d_grid_V_20180809-20180809.nc
SalishSea1500-RUN181_1d_grid_V_20180810-20180810.nc
SalishSea1500-RUN181_1d_grid_V_20180811-20180811.nc
SalishSea1500-RUN181_1d_grid_V_20180812-20180812.nc
SalishSea1500-RUN181_1d_grid_V_20180813-20180813.nc
SalishSea1500-RUN181_1d_grid_V_20180814-20180814.nc
SalishSea1500-RUN181_1d_grid_V_20180815-20180815.nc
SalishSea1500-RUN181_1d_grid_V_20180816-20180816.nc
SalishSea1500-RUN181_1d_grid_V_20180817-20180817.nc
SalishSea1500-RUN181_1d_grid_V_20180818-20180818.nc
SalishSea1500-RUN181_1d_grid_V_20180819-20180819.nc
SalishSea1500-RUN181_1d_grid_V_20180820-20180820.nc
SalishSea1500-RUN181_1d_grid_V_20180821-20180821.nc
SalishSea1500-RUN181_1d_grid_V_20180822-20180822.nc
SalishSea1500-RUN181_1d_grid_V_20180823-20180823.nc
SalishSea1500-RUN181_1d_grid_V_20180824-20180824.nc
SalishSea1500-RUN181_1d_grid_W_20180517-20180517.nc
SalishSea1500-RUN181_1d_grid_W_20180518-20180518.nc
SalishSea1500-RUN181_1d_grid_W_20180519-20180519.nc
SalishSea1500-RUN181_1d_grid_W_20180520-20180520.nc
SalishSea1500-RUN181_1d_grid_W_20180521-20180521.nc
SalishSea1500-RUN181_1d_grid_W_20180522-20180522.nc
SalishSea1500-RUN181_1d_grid_W_20180523-20180523.nc
SalishSea1500-RUN181_1d_grid_W_20180524-20180524.nc
SalishSea1500-RUN181_1d_grid_W_20180525-20180525.nc
SalishSea1500-RUN181_1d_grid_W_20180526-20180526.nc
SalishSea1500-RUN181_1d_grid_W_20180527-20180527.nc
SalishSea1500-RUN181_1d_grid_W_20180528-20180528.nc
SalishSea1500-RUN181_1d_grid_W_20180529-20180529.nc
SalishSea1500-RUN181_1d_grid_W_20180530-20180530.nc
SalishSea1500-RUN181_1d_grid_W_20180531-20180531.nc
SalishSea1500-RUN181_1d_grid_W_20180601-20180601.nc
SalishSea1500-RUN181_1d_grid_W_20180602-20180602.nc
SalishSea1500-RUN181_1d_grid_W_20180603-20180603.nc
SalishSea1500-RUN181_1d_grid_W_20180604-20180604.nc
SalishSea1500-RUN181_1d_grid_W_20180605-20180605.nc
SalishSea1500-RUN181_1d_grid_W_20180606-20180606.nc
SalishSea1500-RUN181_1d_grid_W_20180607-20180607.nc
SalishSea1500-RUN181_1d_grid_W_20180608-20180608.nc
SalishSea1500-RUN181_1d_grid_W_20180609-20180609.nc
SalishSea1500-RUN181_1d_grid_W_20180610-20180610.nc
SalishSea1500-RUN181_1d_grid_W_20180611-20180611.nc
SalishSea1500-RUN181_1d_grid_W_20180612-20180612.nc
SalishSea1500-RUN181_1d_grid_W_20180613-20180613.nc
SalishSea1500-RUN181_1d_grid_W_20180614-20180614.nc
SalishSea1500-RUN181_1d_grid_W_20180615-20180615.nc
SalishSea1500-RUN181_1d_grid_W_20180616-20180616.nc
SalishSea1500-RUN181_1d_grid_W_20180617-20180617.nc
SalishSea1500-RUN181_1d_grid_W_20180618-20180618.nc
SalishSea1500-RUN181_1d_grid_W_20180619-20180619.nc
SalishSea1500-RUN181_1d_grid_W_20180620-20180620.nc
SalishSea1500-RUN181_1d_grid_W_20180621-20180621.nc
SalishSea1500-RUN181_1d_grid_W_20180622-20180622.nc
SalishSea1500-RUN181_1d_grid_W_20180623-20180623.nc
SalishSea1500-RUN181_1d_grid_W_20180624-20180624.nc
SalishSea1500-RUN181_1d_grid_W_20180625-20180625.nc
SalishSea1500-RUN181_1d_grid_W_20180626-20180626.nc
SalishSea1500-RUN181_1d_grid_W_20180627-20180627.nc
SalishSea1500-RUN181_1d_grid_W_20180628-20180628.nc
SalishSea1500-RUN181_1d_grid_W_20180629-20180629.nc
SalishSea1500-RUN181_1d_grid_W_20180630-20180630.nc
SalishSea1500-RUN181_1d_grid_W_20180701-20180701.nc
SalishSea1500-RUN181_1d_grid_W_20180702-20180702.nc
SalishSea1500-RUN181_1d_grid_W_20180703-20180703.nc
SalishSea1500-RUN181_1d_grid_W_20180704-20180704.nc
SalishSea1500-RUN181_1d_grid_W_20180705-20180705.nc
SalishSea1500-RUN181_1d_grid_W_20180706-20180706.nc
SalishSea1500-RUN181_1d_grid_W_20180707-20180707.nc
SalishSea1500-RUN181_1d_grid_W_20180708-20180708.nc
SalishSea1500-RUN181_1d_grid_W_20180709-20180709.nc
SalishSea1500-RUN181_1d_grid_W_20180710-20180710.nc
SalishSea1500-RUN181_1d_grid_W_20180711-20180711.nc
SalishSea1500-RUN181_1d_grid_W_20180712-20180712.nc
SalishSea1500-RUN181_1d_grid_W_20180713-20180713.nc
SalishSea1500-RUN181_1d_grid_W_20180714-20180714.nc
SalishSea1500-RUN181_1d_grid_W_20180715-20180715.nc
SalishSea1500-RUN181_1d_grid_W_20180716-20180716.nc
SalishSea1500-RUN181_1d_grid_W_20180717-20180717.nc
SalishSea1500-RUN181_1d_grid_W_20180718-20180718.nc
SalishSea1500-RUN181_1d_grid_W_20180719-20180719.nc
SalishSea1500-RUN181_1d_grid_W_20180720-20180720.nc
SalishSea1500-RUN181_1d_grid_W_20180721-20180721.nc
SalishSea1500-RUN181_1d_grid_W_20180722-20180722.nc
SalishSea1500-RUN181_1d_grid_W_20180723-20180723.nc
SalishSea1500-RUN181_1d_grid_W_20180724-20180724.nc
SalishSea1500-RUN181_1d_grid_W_20180725-20180725.nc
SalishSea1500-RUN181_1d_grid_W_20180726-20180726.nc
SalishSea1500-RUN181_1d_grid_W_20180727-20180727.nc
SalishSea1500-RUN181_1d_grid_W_20180728-20180728.nc
SalishSea1500-RUN181_1d_grid_W_20180729-20180729.nc
SalishSea1500-RUN181_1d_grid_W_20180730-20180730.nc
SalishSea1500-RUN181_1d_grid_W_20180731-20180731.nc
SalishSea1500-RUN181_1d_grid_W_20180801-20180801.nc
SalishSea1500-RUN181_1d_grid_W_20180802-20180802.nc
SalishSea1500-RUN181_1d_grid_W_20180803-20180803.nc
SalishSea1500-RUN181_1d_grid_W_20180804-20180804.nc
SalishSea1500-RUN181_1d_grid_W_20180805-20180805.nc
SalishSea1500-RUN181_1d_grid_W_20180806-20180806.nc
SalishSea1500-RUN181_1d_grid_W_20180807-20180807.nc
SalishSea1500-RUN181_1d_grid_W_20180808-20180808.nc
SalishSea1500-RUN181_1d_grid_W_20180809-20180809.nc
SalishSea1500-RUN181_1d_grid_W_20180810-20180810.nc
SalishSea1500-RUN181_1d_grid_W_20180811-20180811.nc
SalishSea1500-RUN181_1d_grid_W_20180812-20180812.nc
SalishSea1500-RUN181_1d_grid_W_20180813-20180813.nc
SalishSea1500-RUN181_1d_grid_W_20180814-20180814.nc
SalishSea1500-RUN181_1d_grid_W_20180815-20180815.nc
SalishSea1500-RUN181_1d_grid_W_20180816-20180816.nc
SalishSea1500-RUN181_1d_grid_W_20180817-20180817.nc
SalishSea1500-RUN181_1d_grid_W_20180818-20180818.nc
SalishSea1500-RUN181_1d_grid_W_20180819-20180819.nc
SalishSea1500-RUN181_1d_grid_W_20180820-20180820.nc
SalishSea1500-RUN181_1d_grid_W_20180821-20180821.nc
SalishSea1500-RUN181_1d_grid_W_20180822-20180822.nc
SalishSea1500-RUN181_1d_grid_W_20180823-20180823.nc
SalishSea1500-RUN181_1d_grid_W_20180824-20180824.nc
SalishSea1500-RUN181_1h_grid_T_20180517-20180517.nc
SalishSea1500-RUN181_1h_grid_T_20180518-20180518.nc
SalishSea1500-RUN181_1h_grid_T_20180519-20180519.nc
SalishSea1500-RUN181_1h_grid_T_20180520-20180520.nc
SalishSea1500-RUN181_1h_grid_T_20180521-20180521.nc
SalishSea1500-RUN181_1h_grid_T_20180522-20180522.nc
SalishSea1500-RUN181_1h_grid_T_20180523-20180523.nc
SalishSea1500-RUN181_1h_grid_T_20180524-20180524.nc
SalishSea1500-RUN181_1h_grid_T_20180525-20180525.nc
SalishSea1500-RUN181_1h_grid_T_20180526-20180526.nc
SalishSea1500-RUN181_1h_grid_T_20180527-20180527.nc
SalishSea1500-RUN181_1h_grid_T_20180528-20180528.nc
SalishSea1500-RUN181_1h_grid_T_20180529-20180529.nc
SalishSea1500-RUN181_1h_grid_T_20180530-20180530.nc
SalishSea1500-RUN181_1h_grid_T_20180531-20180531.nc
SalishSea1500-RUN181_1h_grid_T_20180601-20180601.nc
SalishSea1500-RUN181_1h_grid_T_20180602-20180602.nc
SalishSea1500-RUN181_1h_grid_T_20180603-20180603.nc
SalishSea1500-RUN181_1h_grid_T_20180604-20180604.nc
SalishSea1500-RUN181_1h_grid_T_20180605-20180605.nc
SalishSea1500-RUN181_1h_grid_T_20180606-20180606.nc
SalishSea1500-RUN181_1h_grid_T_20180607-20180607.nc
SalishSea1500-RUN181_1h_grid_T_20180608-20180608.nc
SalishSea1500-RUN181_1h_grid_T_20180609-20180609.nc
SalishSea1500-RUN181_1h_grid_T_20180610-20180610.nc
SalishSea1500-RUN181_1h_grid_T_20180611-20180611.nc
SalishSea1500-RUN181_1h_grid_T_20180612-20180612.nc
SalishSea1500-RUN181_1h_grid_T_20180613-20180613.nc
SalishSea1500-RUN181_1h_grid_T_20180614-20180614.nc
SalishSea1500-RUN181_1h_grid_T_20180615-20180615.nc
SalishSea1500-RUN181_1h_grid_T_20180616-20180616.nc
SalishSea1500-RUN181_1h_grid_T_20180617-20180617.nc
SalishSea1500-RUN181_1h_grid_T_20180618-20180618.nc
SalishSea1500-RUN181_1h_grid_T_20180619-20180619.nc
SalishSea1500-RUN181_1h_grid_T_20180620-20180620.nc
SalishSea1500-RUN181_1h_grid_T_20180621-20180621.nc
SalishSea1500-RUN181_1h_grid_T_20180622-20180622.nc
SalishSea1500-RUN181_1h_grid_T_20180623-20180623.nc
SalishSea1500-RUN181_1h_grid_T_20180624-20180624.nc
SalishSea1500-RUN181_1h_grid_T_20180625-20180625.nc
SalishSea1500-RUN181_1h_grid_T_20180626-20180626.nc
SalishSea1500-RUN181_1h_grid_T_20180627-20180627.nc
SalishSea1500-RUN181_1h_grid_T_20180628-20180628.nc
SalishSea1500-RUN181_1h_grid_T_20180629-20180629.nc
SalishSea1500-RUN181_1h_grid_T_20180630-20180630.nc
SalishSea1500-RUN181_1h_grid_T_20180701-20180701.nc
SalishSea1500-RUN181_1h_grid_T_20180702-20180702.nc
SalishSea1500-RUN181_1h_grid_T_20180703-20180703.nc
SalishSea1500-RUN181_1h_grid_T_20180704-20180704.nc
SalishSea1500-RUN181_1h_grid_T_20180705-20180705.nc
SalishSea1500-RUN181_1h_grid_T_20180706-20180706.nc
SalishSea1500-RUN181_1h_grid_T_20180707-20180707.nc
SalishSea1500-RUN181_1h_grid_T_20180708-20180708.nc
SalishSea1500-RUN181_1h_grid_T_20180709-20180709.nc
SalishSea1500-RUN181_1h_grid_T_20180710-20180710.nc
SalishSea1500-RUN181_1h_grid_T_20180711-20180711.nc
SalishSea1500-RUN181_1h_grid_T_20180712-20180712.nc
SalishSea1500-RUN181_1h_grid_T_20180713-20180713.nc
SalishSea1500-RUN181_1h_grid_T_20180714-20180714.nc
SalishSea1500-RUN181_1h_grid_T_20180715-20180715.nc
SalishSea1500-RUN181_1h_grid_T_20180716-20180716.nc
SalishSea1500-RUN181_1h_grid_T_20180717-20180717.nc
SalishSea1500-RUN181_1h_grid_T_20180718-20180718.nc
SalishSea1500-RUN181_1h_grid_T_20180719-20180719.nc
SalishSea1500-RUN181_1h_grid_T_20180720-20180720.nc
SalishSea1500-RUN181_1h_grid_T_20180721-20180721.nc
SalishSea1500-RUN181_1h_grid_T_20180722-20180722.nc
SalishSea1500-RUN181_1h_grid_T_20180723-20180723.nc
SalishSea1500-RUN181_1h_grid_T_20180724-20180724.nc
SalishSea1500-RUN181_1h_grid_T_20180725-20180725.nc
SalishSea1500-RUN181_1h_grid_T_20180726-20180726.nc
SalishSea1500-RUN181_1h_grid_T_20180727-20180727.nc
SalishSea1500-RUN181_1h_grid_T_20180728-20180728.nc
SalishSea1500-RUN181_1h_grid_T_20180729-20180729.nc
SalishSea1500-RUN181_1h_grid_T_20180730-20180730.nc
SalishSea1500-RUN181_1h_grid_T_20180731-20180731.nc
SalishSea1500-RUN181_1h_grid_T_20180801-20180801.nc
SalishSea1500-RUN181_1h_grid_T_20180802-20180802.nc
SalishSea1500-RUN181_1h_grid_T_20180803-20180803.nc
SalishSea1500-RUN181_1h_grid_T_20180804-20180804.nc
SalishSea1500-RUN181_1h_grid_T_20180805-20180805.nc
SalishSea1500-RUN181_1h_grid_T_20180806-20180806.nc
SalishSea1500-RUN181_1h_grid_T_20180807-20180807.nc
SalishSea1500-RUN181_1h_grid_T_20180808-20180808.nc
SalishSea1500-RUN181_1h_grid_T_20180809-20180809.nc
SalishSea1500-RUN181_1h_grid_T_20180810-20180810.nc
SalishSea1500-RUN181_1h_grid_T_20180811-20180811.nc
SalishSea1500-RUN181_1h_grid_T_20180812-20180812.nc
SalishSea1500-RUN181_1h_grid_T_20180813-20180813.nc
SalishSea1500-RUN181_1h_grid_T_20180814-20180814.nc
SalishSea1500-RUN181_1h_grid_T_20180815-20180815.nc
SalishSea1500-RUN181_1h_grid_T_20180816-20180816.nc
SalishSea1500-RUN181_1h_grid_T_20180817-20180817.nc
SalishSea1500-RUN181_1h_grid_T_20180818-20180818.nc
SalishSea1500-RUN181_1h_grid_T_20180819-20180819.nc
SalishSea1500-RUN181_1h_grid_T_20180820-20180820.nc
SalishSea1500-RUN181_1h_grid_T_20180821-20180821.nc
SalishSea1500-RUN181_1h_grid_T_20180822-20180822.nc
SalishSea1500-RUN181_1h_grid_T_20180823-20180823.nc
SalishSea1500-RUN181_1h_grid_T_20180824-20180824.nc
SalishSea1500-RUN181_1h_grid_T_2D_20180517-20180517.nc
SalishSea1500-RUN181_1h_grid_T_2D_20180518-20180518.nc
SalishSea1500-RUN181_1h_grid_T_2D_20180519-20180519.nc
SalishSea1500-RUN181_1h_grid_T_2D_20180520-20180520.nc
SalishSea1500-RUN181_1h_grid_T_2D_20180521-20180521.nc
SalishSea1500-RUN181_1h_grid_T_2D_20180522-20180522.nc
SalishSea1500-RUN181_1h_grid_T_2D_20180523-20180523.nc
SalishSea1500-RUN181_1h_grid_T_2D_20180524-20180524.nc
SalishSea1500-RUN181_1h_grid_T_2D_20180525-20180525.nc
SalishSea1500-RUN181_1h_grid_T_2D_20180526-20180526.nc
SalishSea1500-RUN181_1h_grid_T_2D_20180527-20180527.nc
SalishSea1500-RUN181_1h_grid_T_2D_20180528-20180528.nc
SalishSea1500-RUN181_1h_grid_T_2D_20180529-20180529.nc
SalishSea1500-RUN181_1h_grid_T_2D_20180530-20180530.nc
SalishSea1500-RUN181_1h_grid_T_2D_20180531-20180531.nc
SalishSea1500-RUN181_1h_grid_T_2D_20180601-20180601.nc
SalishSea1500-RUN181_1h_grid_T_2D_20180602-20180602.nc
SalishSea1500-RUN181_1h_grid_T_2D_20180603-20180603.nc
SalishSea1500-RUN181_1h_grid_T_2D_20180604-20180604.nc
SalishSea1500-RUN181_1h_grid_T_2D_20180605-20180605.nc
SalishSea1500-RUN181_1h_grid_T_2D_20180606-20180606.nc
SalishSea1500-RUN181_1h_grid_T_2D_20180607-20180607.nc
SalishSea1500-RUN181_1h_grid_T_2D_20180608-20180608.nc
SalishSea1500-RUN181_1h_grid_T_2D_20180609-20180609.nc
SalishSea1500-RUN181_1h_grid_T_2D_20180610-20180610.nc
SalishSea1500-RUN181_1h_grid_T_2D_20180611-20180611.nc
SalishSea1500-RUN181_1h_grid_T_2D_20180612-20180612.nc
SalishSea1500-RUN181_1h_grid_T_2D_20180613-20180613.nc
SalishSea1500-RUN181_1h_grid_T_2D_20180614-20180614.nc
SalishSea1500-RUN181_1h_grid_T_2D_20180615-20180615.nc
SalishSea1500-RUN181_1h_grid_T_2D_20180616-20180616.nc
SalishSea1500-RUN181_1h_grid_T_2D_20180617-20180617.nc
SalishSea1500-RUN181_1h_grid_T_2D_20180618-20180618.nc
SalishSea1500-RUN181_1h_grid_T_2D_20180619-20180619.nc
SalishSea1500-RUN181_1h_grid_T_2D_20180620-20180620.nc
SalishSea1500-RUN181_1h_grid_T_2D_20180621-20180621.nc
SalishSea1500-RUN181_1h_grid_T_2D_20180622-20180622.nc
SalishSea1500-RUN181_1h_grid_T_2D_20180623-20180623.nc
SalishSea1500-RUN181_1h_grid_T_2D_20180624-20180624.nc
SalishSea1500-RUN181_1h_grid_T_2D_20180625-20180625.nc
SalishSea1500-RUN181_1h_grid_T_2D_20180626-20180626.nc
SalishSea1500-RUN181_1h_grid_T_2D_20180627-20180627.nc
SalishSea1500-RUN181_1h_grid_T_2D_20180628-20180628.nc
SalishSea1500-RUN181_1h_grid_T_2D_20180629-20180629.nc
SalishSea1500-RUN181_1h_grid_T_2D_20180630-20180630.nc
SalishSea1500-RUN181_1h_grid_T_2D_20180701-20180701.nc
SalishSea1500-RUN181_1h_grid_T_2D_20180702-20180702.nc
SalishSea1500-RUN181_1h_grid_T_2D_20180703-20180703.nc
SalishSea1500-RUN181_1h_grid_T_2D_20180704-20180704.nc
SalishSea1500-RUN181_1h_grid_T_2D_20180705-20180705.nc
SalishSea1500-RUN181_1h_grid_T_2D_20180706-20180706.nc
SalishSea1500-RUN181_1h_grid_T_2D_20180707-20180707.nc
SalishSea1500-RUN181_1h_grid_T_2D_20180708-20180708.nc
SalishSea1500-RUN181_1h_grid_T_2D_20180709-20180709.nc
SalishSea1500-RUN181_1h_grid_T_2D_20180710-20180710.nc
SalishSea1500-RUN181_1h_grid_T_2D_20180711-20180711.nc
SalishSea1500-RUN181_1h_grid_T_2D_20180712-20180712.nc
SalishSea1500-RUN181_1h_grid_T_2D_20180713-20180713.nc
SalishSea1500-RUN181_1h_grid_T_2D_20180714-20180714.nc
SalishSea1500-RUN181_1h_grid_T_2D_20180715-20180715.nc
SalishSea1500-RUN181_1h_grid_T_2D_20180716-20180716.nc
SalishSea1500-RUN181_1h_grid_T_2D_20180717-20180717.nc
SalishSea1500-RUN181_1h_grid_T_2D_20180718-20180718.nc
SalishSea1500-RUN181_1h_grid_T_2D_20180719-20180719.nc
SalishSea1500-RUN181_1h_grid_T_2D_20180720-20180720.nc
SalishSea1500-RUN181_1h_grid_T_2D_20180721-20180721.nc
SalishSea1500-RUN181_1h_grid_T_2D_20180722-20180722.nc
SalishSea1500-RUN181_1h_grid_T_2D_20180723-20180723.nc
SalishSea1500-RUN181_1h_grid_T_2D_20180724-20180724.nc
SalishSea1500-RUN181_1h_grid_T_2D_20180725-20180725.nc
SalishSea1500-RUN181_1h_grid_T_2D_20180726-20180726.nc
SalishSea1500-RUN181_1h_grid_T_2D_20180727-20180727.nc
SalishSea1500-RUN181_1h_grid_T_2D_20180728-20180728.nc
SalishSea1500-RUN181_1h_grid_T_2D_20180729-20180729.nc
SalishSea1500-RUN181_1h_grid_T_2D_20180730-20180730.nc
SalishSea1500-RUN181_1h_grid_T_2D_20180731-20180731.nc
SalishSea1500-RUN181_1h_grid_T_2D_20180801-20180801.nc
SalishSea1500-RUN181_1h_grid_T_2D_20180802-20180802.nc
SalishSea1500-RUN181_1h_grid_T_2D_20180803-20180803.nc
SalishSea1500-RUN181_1h_grid_T_2D_20180804-20180804.nc
SalishSea1500-RUN181_1h_grid_T_2D_20180805-20180805.nc
SalishSea1500-RUN181_1h_grid_T_2D_20180806-20180806.nc
SalishSea1500-RUN181_1h_grid_T_2D_20180807-20180807.nc
SalishSea1500-RUN181_1h_grid_T_2D_20180808-20180808.nc
SalishSea1500-RUN181_1h_grid_T_2D_20180809-20180809.nc
SalishSea1500-RUN181_1h_grid_T_2D_20180810-20180810.nc
SalishSea1500-RUN181_1h_grid_T_2D_20180811-20180811.nc
SalishSea1500-RUN181_1h_grid_T_2D_20180812-20180812.nc
SalishSea1500-RUN181_1h_grid_T_2D_20180813-20180813.nc
SalishSea1500-RUN181_1h_grid_T_2D_20180814-20180814.nc
SalishSea1500-RUN181_1h_grid_T_2D_20180815-20180815.nc
SalishSea1500-RUN181_1h_grid_T_2D_20180816-20180816.nc
SalishSea1500-RUN181_1h_grid_T_2D_20180817-20180817.nc
SalishSea1500-RUN181_1h_grid_T_2D_20180818-20180818.nc
SalishSea1500-RUN181_1h_grid_T_2D_20180819-20180819.nc
SalishSea1500-RUN181_1h_grid_T_2D_20180820-20180820.nc
SalishSea1500-RUN181_1h_grid_T_2D_20180821-20180821.nc
SalishSea1500-RUN181_1h_grid_T_2D_20180822-20180822.nc
SalishSea1500-RUN181_1h_grid_T_2D_20180823-20180823.nc
SalishSea1500-RUN181_1h_grid_T_2D_20180824-20180824.nc
SalishSea1500-RUN181_1h_grid_U_20180517-20180517.nc
SalishSea1500-RUN181_1h_grid_U_20180518-20180518.nc
SalishSea1500-RUN181_1h_grid_U_20180519-20180519.nc
SalishSea1500-RUN181_1h_grid_U_20180520-20180520.nc
SalishSea1500-RUN181_1h_grid_U_20180521-20180521.nc
SalishSea1500-RUN181_1h_grid_U_20180522-20180522.nc
SalishSea1500-RUN181_1h_grid_U_20180523-20180523.nc
SalishSea1500-RUN181_1h_grid_U_20180524-20180524.nc
SalishSea1500-RUN181_1h_grid_U_20180525-20180525.nc
SalishSea1500-RUN181_1h_grid_U_20180526-20180526.nc
SalishSea1500-RUN181_1h_grid_U_20180527-20180527.nc
SalishSea1500-RUN181_1h_grid_U_20180528-20180528.nc
SalishSea1500-RUN181_1h_grid_U_20180529-20180529.nc
SalishSea1500-RUN181_1h_grid_U_20180530-20180530.nc
SalishSea1500-RUN181_1h_grid_U_20180531-20180531.nc
SalishSea1500-RUN181_1h_grid_U_20180601-20180601.nc
SalishSea1500-RUN181_1h_grid_U_20180602-20180602.nc
SalishSea1500-RUN181_1h_grid_U_20180603-20180603.nc
SalishSea1500-RUN181_1h_grid_U_20180604-20180604.nc
SalishSea1500-RUN181_1h_grid_U_20180605-20180605.nc
SalishSea1500-RUN181_1h_grid_U_20180606-20180606.nc
SalishSea1500-RUN181_1h_grid_U_20180607-20180607.nc
SalishSea1500-RUN181_1h_grid_U_20180608-20180608.nc
SalishSea1500-RUN181_1h_grid_U_20180609-20180609.nc
SalishSea1500-RUN181_1h_grid_U_20180610-20180610.nc
SalishSea1500-RUN181_1h_grid_U_20180611-20180611.nc
SalishSea1500-RUN181_1h_grid_U_20180612-20180612.nc
SalishSea1500-RUN181_1h_grid_U_20180613-20180613.nc
SalishSea1500-RUN181_1h_grid_U_20180614-20180614.nc
SalishSea1500-RUN181_1h_grid_U_20180615-20180615.nc
SalishSea1500-RUN181_1h_grid_U_20180616-20180616.nc
SalishSea1500-RUN181_1h_grid_U_20180617-20180617.nc
SalishSea1500-RUN181_1h_grid_U_20180618-20180618.nc
SalishSea1500-RUN181_1h_grid_U_20180619-20180619.nc
SalishSea1500-RUN181_1h_grid_U_20180620-20180620.nc
SalishSea1500-RUN181_1h_grid_U_20180621-20180621.nc
SalishSea1500-RUN181_1h_grid_U_20180622-20180622.nc
SalishSea1500-RUN181_1h_grid_U_20180623-20180623.nc
SalishSea1500-RUN181_1h_grid_U_20180624-20180624.nc
SalishSea1500-RUN181_1h_grid_U_20180625-20180625.nc
SalishSea1500-RUN181_1h_grid_U_20180626-20180626.nc
SalishSea1500-RUN181_1h_grid_U_20180627-20180627.nc
SalishSea1500-RUN181_1h_grid_U_20180628-20180628.nc
SalishSea1500-RUN181_1h_grid_U_20180629-20180629.nc
SalishSea1500-RUN181_1h_grid_U_20180630-20180630.nc
SalishSea1500-RUN181_1h_grid_U_20180701-20180701.nc
SalishSea1500-RUN181_1h_grid_U_20180702-20180702.nc
SalishSea1500-RUN181_1h_grid_U_20180703-20180703.nc
SalishSea1500-RUN181_1h_grid_U_20180704-20180704.nc
SalishSea1500-RUN181_1h_grid_U_20180705-20180705.nc
SalishSea1500-RUN181_1h_grid_U_20180706-20180706.nc
SalishSea1500-RUN181_1h_grid_U_20180707-20180707.nc
SalishSea1500-RUN181_1h_grid_U_20180708-20180708.nc
SalishSea1500-RUN181_1h_grid_U_20180709-20180709.nc
SalishSea1500-RUN181_1h_grid_U_20180710-20180710.nc
SalishSea1500-RUN181_1h_grid_U_20180711-20180711.nc
SalishSea1500-RUN181_1h_grid_U_20180712-20180712.nc
SalishSea1500-RUN181_1h_grid_U_20180713-20180713.nc
SalishSea1500-RUN181_1h_grid_U_20180714-20180714.nc
SalishSea1500-RUN181_1h_grid_U_20180715-20180715.nc
SalishSea1500-RUN181_1h_grid_U_20180716-20180716.nc
SalishSea1500-RUN181_1h_grid_U_20180717-20180717.nc
SalishSea1500-RUN181_1h_grid_U_20180718-20180718.nc
SalishSea1500-RUN181_1h_grid_U_20180719-20180719.nc
SalishSea1500-RUN181_1h_grid_U_20180720-20180720.nc
SalishSea1500-RUN181_1h_grid_U_20180721-20180721.nc
SalishSea1500-RUN181_1h_grid_U_20180722-20180722.nc
SalishSea1500-RUN181_1h_grid_U_20180723-20180723.nc
SalishSea1500-RUN181_1h_grid_U_20180724-20180724.nc
SalishSea1500-RUN181_1h_grid_U_20180725-20180725.nc
SalishSea1500-RUN181_1h_grid_U_20180726-20180726.nc
SalishSea1500-RUN181_1h_grid_U_20180727-20180727.nc
SalishSea1500-RUN181_1h_grid_U_20180728-20180728.nc
SalishSea1500-RUN181_1h_grid_U_20180729-20180729.nc
SalishSea1500-RUN181_1h_grid_U_20180730-20180730.nc
SalishSea1500-RUN181_1h_grid_U_20180731-20180731.nc
SalishSea1500-RUN181_1h_grid_U_20180801-20180801.nc
SalishSea1500-RUN181_1h_grid_U_20180802-20180802.nc
SalishSea1500-RUN181_1h_grid_U_20180803-20180803.nc
SalishSea1500-RUN181_1h_grid_U_20180804-20180804.nc
SalishSea1500-RUN181_1h_grid_U_20180805-20180805.nc
SalishSea1500-RUN181_1h_grid_U_20180806-20180806.nc
SalishSea1500-RUN181_1h_grid_U_20180807-20180807.nc
SalishSea1500-RUN181_1h_grid_U_20180808-20180808.nc
SalishSea1500-RUN181_1h_grid_U_20180809-20180809.nc
SalishSea1500-RUN181_1h_grid_U_20180810-20180810.nc
SalishSea1500-RUN181_1h_grid_U_20180811-20180811.nc
SalishSea1500-RUN181_1h_grid_U_20180812-20180812.nc
SalishSea1500-RUN181_1h_grid_U_20180813-20180813.nc
SalishSea1500-RUN181_1h_grid_U_20180814-20180814.nc
SalishSea1500-RUN181_1h_grid_U_20180815-20180815.nc
SalishSea1500-RUN181_1h_grid_U_20180816-20180816.nc
SalishSea1500-RUN181_1h_grid_U_20180817-20180817.nc
SalishSea1500-RUN181_1h_grid_U_20180818-20180818.nc
SalishSea1500-RUN181_1h_grid_U_20180819-20180819.nc
SalishSea1500-RUN181_1h_grid_U_20180820-20180820.nc
SalishSea1500-RUN181_1h_grid_U_20180821-20180821.nc
SalishSea1500-RUN181_1h_grid_U_20180822-20180822.nc
SalishSea1500-RUN181_1h_grid_U_20180823-20180823.nc
SalishSea1500-RUN181_1h_grid_U_20180824-20180824.nc
SalishSea1500-RUN181_1h_grid_U_2D_20180517-20180517.nc
SalishSea1500-RUN181_1h_grid_U_2D_20180518-20180518.nc
SalishSea1500-RUN181_1h_grid_U_2D_20180519-20180519.nc
SalishSea1500-RUN181_1h_grid_U_2D_20180520-20180520.nc
SalishSea1500-RUN181_1h_grid_U_2D_20180521-20180521.nc
SalishSea1500-RUN181_1h_grid_U_2D_20180522-20180522.nc
SalishSea1500-RUN181_1h_grid_U_2D_20180523-20180523.nc
SalishSea1500-RUN181_1h_grid_U_2D_20180524-20180524.nc
SalishSea1500-RUN181_1h_grid_U_2D_20180525-20180525.nc
SalishSea1500-RUN181_1h_grid_U_2D_20180526-20180526.nc
SalishSea1500-RUN181_1h_grid_U_2D_20180527-20180527.nc
SalishSea1500-RUN181_1h_grid_U_2D_20180528-20180528.nc
SalishSea1500-RUN181_1h_grid_U_2D_20180529-20180529.nc
SalishSea1500-RUN181_1h_grid_U_2D_20180530-20180530.nc
SalishSea1500-RUN181_1h_grid_U_2D_20180531-20180531.nc
SalishSea1500-RUN181_1h_grid_U_2D_20180601-20180601.nc
SalishSea1500-RUN181_1h_grid_U_2D_20180602-20180602.nc
SalishSea1500-RUN181_1h_grid_U_2D_20180603-20180603.nc
SalishSea1500-RUN181_1h_grid_U_2D_20180604-20180604.nc
SalishSea1500-RUN181_1h_grid_U_2D_20180605-20180605.nc
SalishSea1500-RUN181_1h_grid_U_2D_20180606-20180606.nc
SalishSea1500-RUN181_1h_grid_U_2D_20180607-20180607.nc
SalishSea1500-RUN181_1h_grid_U_2D_20180608-20180608.nc
SalishSea1500-RUN181_1h_grid_U_2D_20180609-20180609.nc
SalishSea1500-RUN181_1h_grid_U_2D_20180610-20180610.nc
SalishSea1500-RUN181_1h_grid_U_2D_20180611-20180611.nc
SalishSea1500-RUN181_1h_grid_U_2D_20180612-20180612.nc
SalishSea1500-RUN181_1h_grid_U_2D_20180613-20180613.nc
SalishSea1500-RUN181_1h_grid_U_2D_20180614-20180614.nc
SalishSea1500-RUN181_1h_grid_U_2D_20180615-20180615.nc
SalishSea1500-RUN181_1h_grid_U_2D_20180616-20180616.nc
SalishSea1500-RUN181_1h_grid_U_2D_20180617-20180617.nc
SalishSea1500-RUN181_1h_grid_U_2D_20180618-20180618.nc
SalishSea1500-RUN181_1h_grid_U_2D_20180619-20180619.nc
SalishSea1500-RUN181_1h_grid_U_2D_20180620-20180620.nc
SalishSea1500-RUN181_1h_grid_U_2D_20180621-20180621.nc
SalishSea1500-RUN181_1h_grid_U_2D_20180622-20180622.nc
SalishSea1500-RUN181_1h_grid_U_2D_20180623-20180623.nc
SalishSea1500-RUN181_1h_grid_U_2D_20180624-20180624.nc
SalishSea1500-RUN181_1h_grid_U_2D_20180625-20180625.nc
SalishSea1500-RUN181_1h_grid_U_2D_20180626-20180626.nc
SalishSea1500-RUN181_1h_grid_U_2D_20180627-20180627.nc
SalishSea1500-RUN181_1h_grid_U_2D_20180628-20180628.nc
SalishSea1500-RUN181_1h_grid_U_2D_20180629-20180629.nc
SalishSea1500-RUN181_1h_grid_U_2D_20180630-20180630.nc
SalishSea1500-RUN181_1h_grid_U_2D_20180701-20180701.nc
SalishSea1500-RUN181_1h_grid_U_2D_20180702-20180702.nc
SalishSea1500-RUN181_1h_grid_U_2D_20180703-20180703.nc
SalishSea1500-RUN181_1h_grid_U_2D_20180704-20180704.nc
SalishSea1500-RUN181_1h_grid_U_2D_20180705-20180705.nc
SalishSea1500-RUN181_1h_grid_U_2D_20180706-20180706.nc
SalishSea1500-RUN181_1h_grid_U_2D_20180707-20180707.nc
SalishSea1500-RUN181_1h_grid_U_2D_20180708-20180708.nc
SalishSea1500-RUN181_1h_grid_U_2D_20180709-20180709.nc
SalishSea1500-RUN181_1h_grid_U_2D_20180710-20180710.nc
SalishSea1500-RUN181_1h_grid_U_2D_20180711-20180711.nc
SalishSea1500-RUN181_1h_grid_U_2D_20180712-20180712.nc
SalishSea1500-RUN181_1h_grid_U_2D_20180713-20180713.nc
SalishSea1500-RUN181_1h_grid_U_2D_20180714-20180714.nc
SalishSea1500-RUN181_1h_grid_U_2D_20180715-20180715.nc
SalishSea1500-RUN181_1h_grid_U_2D_20180716-20180716.nc
SalishSea1500-RUN181_1h_grid_U_2D_20180717-20180717.nc
SalishSea1500-RUN181_1h_grid_U_2D_20180718-20180718.nc
SalishSea1500-RUN181_1h_grid_U_2D_20180719-20180719.nc
SalishSea1500-RUN181_1h_grid_U_2D_20180720-20180720.nc
SalishSea1500-RUN181_1h_grid_U_2D_20180721-20180721.nc
SalishSea1500-RUN181_1h_grid_U_2D_20180722-20180722.nc
SalishSea1500-RUN181_1h_grid_U_2D_20180723-20180723.nc
SalishSea1500-RUN181_1h_grid_U_2D_20180724-20180724.nc
SalishSea1500-RUN181_1h_grid_U_2D_20180725-20180725.nc
SalishSea1500-RUN181_1h_grid_U_2D_20180726-20180726.nc
SalishSea1500-RUN181_1h_grid_U_2D_20180727-20180727.nc
SalishSea1500-RUN181_1h_grid_U_2D_20180728-20180728.nc
SalishSea1500-RUN181_1h_grid_U_2D_20180729-20180729.nc
SalishSea1500-RUN181_1h_grid_U_2D_20180730-20180730.nc
SalishSea1500-RUN181_1h_grid_U_2D_20180731-20180731.nc
SalishSea1500-RUN181_1h_grid_U_2D_20180801-20180801.nc
SalishSea1500-RUN181_1h_grid_U_2D_20180802-20180802.nc
SalishSea1500-RUN181_1h_grid_U_2D_20180803-20180803.nc
SalishSea1500-RUN181_1h_grid_U_2D_20180804-20180804.nc
SalishSea1500-RUN181_1h_grid_U_2D_20180805-20180805.nc
SalishSea1500-RUN181_1h_grid_U_2D_20180806-20180806.nc
SalishSea1500-RUN181_1h_grid_U_2D_20180807-20180807.nc
SalishSea1500-RUN181_1h_grid_U_2D_20180808-20180808.nc
SalishSea1500-RUN181_1h_grid_U_2D_20180809-20180809.nc
SalishSea1500-RUN181_1h_grid_U_2D_20180810-20180810.nc
SalishSea1500-RUN181_1h_grid_U_2D_20180811-20180811.nc
SalishSea1500-RUN181_1h_grid_U_2D_20180812-20180812.nc
SalishSea1500-RUN181_1h_grid_U_2D_20180813-20180813.nc
SalishSea1500-RUN181_1h_grid_U_2D_20180814-20180814.nc
SalishSea1500-RUN181_1h_grid_U_2D_20180815-20180815.nc
SalishSea1500-RUN181_1h_grid_U_2D_20180816-20180816.nc
SalishSea1500-RUN181_1h_grid_U_2D_20180817-20180817.nc
SalishSea1500-RUN181_1h_grid_U_2D_20180818-20180818.nc
SalishSea1500-RUN181_1h_grid_U_2D_20180819-20180819.nc
SalishSea1500-RUN181_1h_grid_U_2D_20180820-20180820.nc
SalishSea1500-RUN181_1h_grid_U_2D_20180821-20180821.nc
SalishSea1500-RUN181_1h_grid_U_2D_20180822-20180822.nc
SalishSea1500-RUN181_1h_grid_U_2D_20180823-20180823.nc
SalishSea1500-RUN181_1h_grid_U_2D_20180824-20180824.nc
SalishSea1500-RUN181_1h_grid_V_20180517-20180517.nc
SalishSea1500-RUN181_1h_grid_V_20180518-20180518.nc
SalishSea1500-RUN181_1h_grid_V_20180519-20180519.nc
SalishSea1500-RUN181_1h_grid_V_20180520-20180520.nc
SalishSea1500-RUN181_1h_grid_V_20180521-20180521.nc
SalishSea1500-RUN181_1h_grid_V_20180522-20180522.nc
SalishSea1500-RUN181_1h_grid_V_20180523-20180523.nc
SalishSea1500-RUN181_1h_grid_V_20180524-20180524.nc
SalishSea1500-RUN181_1h_grid_V_20180525-20180525.nc
SalishSea1500-RUN181_1h_grid_V_20180526-20180526.nc
SalishSea1500-RUN181_1h_grid_V_20180527-20180527.nc
SalishSea1500-RUN181_1h_grid_V_20180528-20180528.nc
SalishSea1500-RUN181_1h_grid_V_20180529-20180529.nc
SalishSea1500-RUN181_1h_grid_V_20180530-20180530.nc
SalishSea1500-RUN181_1h_grid_V_20180531-20180531.nc
SalishSea1500-RUN181_1h_grid_V_20180601-20180601.nc
SalishSea1500-RUN181_1h_grid_V_20180602-20180602.nc
SalishSea1500-RUN181_1h_grid_V_20180603-20180603.nc
SalishSea1500-RUN181_1h_grid_V_20180604-20180604.nc
SalishSea1500-RUN181_1h_grid_V_20180605-20180605.nc
SalishSea1500-RUN181_1h_grid_V_20180606-20180606.nc
SalishSea1500-RUN181_1h_grid_V_20180607-20180607.nc
SalishSea1500-RUN181_1h_grid_V_20180608-20180608.nc
SalishSea1500-RUN181_1h_grid_V_20180609-20180609.nc
SalishSea1500-RUN181_1h_grid_V_20180610-20180610.nc
SalishSea1500-RUN181_1h_grid_V_20180611-20180611.nc
SalishSea1500-RUN181_1h_grid_V_20180612-20180612.nc
SalishSea1500-RUN181_1h_grid_V_20180613-20180613.nc
SalishSea1500-RUN181_1h_grid_V_20180614-20180614.nc
SalishSea1500-RUN181_1h_grid_V_20180615-20180615.nc
SalishSea1500-RUN181_1h_grid_V_20180616-20180616.nc
SalishSea1500-RUN181_1h_grid_V_20180617-20180617.nc
SalishSea1500-RUN181_1h_grid_V_20180618-20180618.nc
SalishSea1500-RUN181_1h_grid_V_20180619-20180619.nc
SalishSea1500-RUN181_1h_grid_V_20180620-20180620.nc
SalishSea1500-RUN181_1h_grid_V_20180621-20180621.nc
SalishSea1500-RUN181_1h_grid_V_20180622-20180622.nc
SalishSea1500-RUN181_1h_grid_V_20180623-20180623.nc
SalishSea1500-RUN181_1h_grid_V_20180624-20180624.nc
SalishSea1500-RUN181_1h_grid_V_20180625-20180625.nc
SalishSea1500-RUN181_1h_grid_V_20180626-20180626.nc
SalishSea1500-RUN181_1h_grid_V_20180627-20180627.nc
SalishSea1500-RUN181_1h_grid_V_20180628-20180628.nc
SalishSea1500-RUN181_1h_grid_V_20180629-20180629.nc
SalishSea1500-RUN181_1h_grid_V_20180630-20180630.nc
SalishSea1500-RUN181_1h_grid_V_20180701-20180701.nc
SalishSea1500-RUN181_1h_grid_V_20180702-20180702.nc
SalishSea1500-RUN181_1h_grid_V_20180703-20180703.nc
SalishSea1500-RUN181_1h_grid_V_20180704-20180704.nc
SalishSea1500-RUN181_1h_grid_V_20180705-20180705.nc
SalishSea1500-RUN181_1h_grid_V_20180706-20180706.nc
SalishSea1500-RUN181_1h_grid_V_20180707-20180707.nc
SalishSea1500-RUN181_1h_grid_V_20180708-20180708.nc
SalishSea1500-RUN181_1h_grid_V_20180709-20180709.nc
SalishSea1500-RUN181_1h_grid_V_20180710-20180710.nc
SalishSea1500-RUN181_1h_grid_V_20180711-20180711.nc
SalishSea1500-RUN181_1h_grid_V_20180712-20180712.nc
SalishSea1500-RUN181_1h_grid_V_20180713-20180713.nc
SalishSea1500-RUN181_1h_grid_V_20180714-20180714.nc
SalishSea1500-RUN181_1h_grid_V_20180715-20180715.nc
SalishSea1500-RUN181_1h_grid_V_20180716-20180716.nc
SalishSea1500-RUN181_1h_grid_V_20180717-20180717.nc
SalishSea1500-RUN181_1h_grid_V_20180718-20180718.nc
SalishSea1500-RUN181_1h_grid_V_20180719-20180719.nc
SalishSea1500-RUN181_1h_grid_V_20180720-20180720.nc
SalishSea1500-RUN181_1h_grid_V_20180721-20180721.nc
SalishSea1500-RUN181_1h_grid_V_20180722-20180722.nc
SalishSea1500-RUN181_1h_grid_V_20180723-20180723.nc
SalishSea1500-RUN181_1h_grid_V_20180724-20180724.nc
SalishSea1500-RUN181_1h_grid_V_20180725-20180725.nc
SalishSea1500-RUN181_1h_grid_V_20180726-20180726.nc
SalishSea1500-RUN181_1h_grid_V_20180727-20180727.nc
SalishSea1500-RUN181_1h_grid_V_20180728-20180728.nc
SalishSea1500-RUN181_1h_grid_V_20180729-20180729.nc
SalishSea1500-RUN181_1h_grid_V_20180730-20180730.nc
SalishSea1500-RUN181_1h_grid_V_20180731-20180731.nc
SalishSea1500-RUN181_1h_grid_V_20180801-20180801.nc
SalishSea1500-RUN181_1h_grid_V_20180802-20180802.nc
SalishSea1500-RUN181_1h_grid_V_20180803-20180803.nc
SalishSea1500-RUN181_1h_grid_V_20180804-20180804.nc
SalishSea1500-RUN181_1h_grid_V_20180805-20180805.nc
SalishSea1500-RUN181_1h_grid_V_20180806-20180806.nc
SalishSea1500-RUN181_1h_grid_V_20180807-20180807.nc
SalishSea1500-RUN181_1h_grid_V_20180808-20180808.nc
SalishSea1500-RUN181_1h_grid_V_20180809-20180809.nc
SalishSea1500-RUN181_1h_grid_V_20180810-20180810.nc
SalishSea1500-RUN181_1h_grid_V_20180811-20180811.nc
SalishSea1500-RUN181_1h_grid_V_20180812-20180812.nc
SalishSea1500-RUN181_1h_grid_V_20180813-20180813.nc
SalishSea1500-RUN181_1h_grid_V_20180814-20180814.nc
SalishSea1500-RUN181_1h_grid_V_20180815-20180815.nc
SalishSea1500-RUN181_1h_grid_V_20180816-20180816.nc
SalishSea1500-RUN181_1h_grid_V_20180817-20180817.nc
SalishSea1500-RUN181_1h_grid_V_20180818-20180818.nc
SalishSea1500-RUN181_1h_grid_V_20180819-20180819.nc
SalishSea1500-RUN181_1h_grid_V_20180820-20180820.nc
SalishSea1500-RUN181_1h_grid_V_20180821-20180821.nc
SalishSea1500-RUN181_1h_grid_V_20180822-20180822.nc
SalishSea1500-RUN181_1h_grid_V_20180823-20180823.nc
SalishSea1500-RUN181_1h_grid_V_20180824-20180824.nc
SalishSea1500-RUN181_1h_grid_V_2D_20180517-20180517.nc
SalishSea1500-RUN181_1h_grid_V_2D_20180518-20180518.nc
SalishSea1500-RUN181_1h_grid_V_2D_20180519-20180519.nc
SalishSea1500-RUN181_1h_grid_V_2D_20180520-20180520.nc
SalishSea1500-RUN181_1h_grid_V_2D_20180521-20180521.nc
SalishSea1500-RUN181_1h_grid_V_2D_20180522-20180522.nc
SalishSea1500-RUN181_1h_grid_V_2D_20180523-20180523.nc
SalishSea1500-RUN181_1h_grid_V_2D_20180524-20180524.nc
SalishSea1500-RUN181_1h_grid_V_2D_20180525-20180525.nc
SalishSea1500-RUN181_1h_grid_V_2D_20180526-20180526.nc
SalishSea1500-RUN181_1h_grid_V_2D_20180527-20180527.nc
SalishSea1500-RUN181_1h_grid_V_2D_20180528-20180528.nc
SalishSea1500-RUN181_1h_grid_V_2D_20180529-20180529.nc
SalishSea1500-RUN181_1h_grid_V_2D_20180530-20180530.nc
SalishSea1500-RUN181_1h_grid_V_2D_20180531-20180531.nc
SalishSea1500-RUN181_1h_grid_V_2D_20180601-20180601.nc
SalishSea1500-RUN181_1h_grid_V_2D_20180602-20180602.nc
SalishSea1500-RUN181_1h_grid_V_2D_20180603-20180603.nc
SalishSea1500-RUN181_1h_grid_V_2D_20180604-20180604.nc
SalishSea1500-RUN181_1h_grid_V_2D_20180605-20180605.nc
SalishSea1500-RUN181_1h_grid_V_2D_20180606-20180606.nc
SalishSea1500-RUN181_1h_grid_V_2D_20180607-20180607.nc
SalishSea1500-RUN181_1h_grid_V_2D_20180608-20180608.nc
SalishSea1500-RUN181_1h_grid_V_2D_20180609-20180609.nc
SalishSea1500-RUN181_1h_grid_V_2D_20180610-20180610.nc
SalishSea1500-RUN181_1h_grid_V_2D_20180611-20180611.nc
SalishSea1500-RUN181_1h_grid_V_2D_20180612-20180612.nc
SalishSea1500-RUN181_1h_grid_V_2D_20180613-20180613.nc
SalishSea1500-RUN181_1h_grid_V_2D_20180614-20180614.nc
SalishSea1500-RUN181_1h_grid_V_2D_20180615-20180615.nc
SalishSea1500-RUN181_1h_grid_V_2D_20180616-20180616.nc
SalishSea1500-RUN181_1h_grid_V_2D_20180617-20180617.nc
SalishSea1500-RUN181_1h_grid_V_2D_20180618-20180618.nc
SalishSea1500-RUN181_1h_grid_V_2D_20180619-20180619.nc
SalishSea1500-RUN181_1h_grid_V_2D_20180620-20180620.nc
SalishSea1500-RUN181_1h_grid_V_2D_20180621-20180621.nc
SalishSea1500-RUN181_1h_grid_V_2D_20180622-20180622.nc
SalishSea1500-RUN181_1h_grid_V_2D_20180623-20180623.nc
SalishSea1500-RUN181_1h_grid_V_2D_20180624-20180624.nc
SalishSea1500-RUN181_1h_grid_V_2D_20180625-20180625.nc
SalishSea1500-RUN181_1h_grid_V_2D_20180626-20180626.nc
SalishSea1500-RUN181_1h_grid_V_2D_20180627-20180627.nc
SalishSea1500-RUN181_1h_grid_V_2D_20180628-20180628.nc
SalishSea1500-RUN181_1h_grid_V_2D_20180629-20180629.nc
SalishSea1500-RUN181_1h_grid_V_2D_20180630-20180630.nc
SalishSea1500-RUN181_1h_grid_V_2D_20180701-20180701.nc
SalishSea1500-RUN181_1h_grid_V_2D_20180702-20180702.nc
SalishSea1500-RUN181_1h_grid_V_2D_20180703-20180703.nc
SalishSea1500-RUN181_1h_grid_V_2D_20180704-20180704.nc
SalishSea1500-RUN181_1h_grid_V_2D_20180705-20180705.nc
SalishSea1500-RUN181_1h_grid_V_2D_20180706-20180706.nc
SalishSea1500-RUN181_1h_grid_V_2D_20180707-20180707.nc
SalishSea1500-RUN181_1h_grid_V_2D_20180708-20180708.nc
SalishSea1500-RUN181_1h_grid_V_2D_20180709-20180709.nc
SalishSea1500-RUN181_1h_grid_V_2D_20180710-20180710.nc
SalishSea1500-RUN181_1h_grid_V_2D_20180711-20180711.nc
SalishSea1500-RUN181_1h_grid_V_2D_20180712-20180712.nc
SalishSea1500-RUN181_1h_grid_V_2D_20180713-20180713.nc
SalishSea1500-RUN181_1h_grid_V_2D_20180714-20180714.nc
SalishSea1500-RUN181_1h_grid_V_2D_20180715-20180715.nc
SalishSea1500-RUN181_1h_grid_V_2D_20180716-20180716.nc
SalishSea1500-RUN181_1h_grid_V_2D_20180717-20180717.nc
SalishSea1500-RUN181_1h_grid_V_2D_20180718-20180718.nc
SalishSea1500-RUN181_1h_grid_V_2D_20180719-20180719.nc
SalishSea1500-RUN181_1h_grid_V_2D_20180720-20180720.nc
SalishSea1500-RUN181_1h_grid_V_2D_20180721-20180721.nc
SalishSea1500-RUN181_1h_grid_V_2D_20180722-20180722.nc
SalishSea1500-RUN181_1h_grid_V_2D_20180723-20180723.nc
SalishSea1500-RUN181_1h_grid_V_2D_20180724-20180724.nc
SalishSea1500-RUN181_1h_grid_V_2D_20180725-20180725.nc
SalishSea1500-RUN181_1h_grid_V_2D_20180726-20180726.nc
SalishSea1500-RUN181_1h_grid_V_2D_20180727-20180727.nc
SalishSea1500-RUN181_1h_grid_V_2D_20180728-20180728.nc
SalishSea1500-RUN181_1h_grid_V_2D_20180729-20180729.nc
SalishSea1500-RUN181_1h_grid_V_2D_20180730-20180730.nc
SalishSea1500-RUN181_1h_grid_V_2D_20180731-20180731.nc
SalishSea1500-RUN181_1h_grid_V_2D_20180801-20180801.nc
SalishSea1500-RUN181_1h_grid_V_2D_20180802-20180802.nc
SalishSea1500-RUN181_1h_grid_V_2D_20180803-20180803.nc
SalishSea1500-RUN181_1h_grid_V_2D_20180804-20180804.nc
SalishSea1500-RUN181_1h_grid_V_2D_20180805-20180805.nc
SalishSea1500-RUN181_1h_grid_V_2D_20180806-20180806.nc
SalishSea1500-RUN181_1h_grid_V_2D_20180807-20180807.nc
SalishSea1500-RUN181_1h_grid_V_2D_20180808-20180808.nc
SalishSea1500-RUN181_1h_grid_V_2D_20180809-20180809.nc
SalishSea1500-RUN181_1h_grid_V_2D_20180810-20180810.nc
SalishSea1500-RUN181_1h_grid_V_2D_20180811-20180811.nc
SalishSea1500-RUN181_1h_grid_V_2D_20180812-20180812.nc
SalishSea1500-RUN181_1h_grid_V_2D_20180813-20180813.nc
SalishSea1500-RUN181_1h_grid_V_2D_20180814-20180814.nc
SalishSea1500-RUN181_1h_grid_V_2D_20180815-20180815.nc
SalishSea1500-RUN181_1h_grid_V_2D_20180816-20180816.nc
SalishSea1500-RUN181_1h_grid_V_2D_20180817-20180817.nc
SalishSea1500-RUN181_1h_grid_V_2D_20180818-20180818.nc
SalishSea1500-RUN181_1h_grid_V_2D_20180819-20180819.nc
SalishSea1500-RUN181_1h_grid_V_2D_20180820-20180820.nc
SalishSea1500-RUN181_1h_grid_V_2D_20180821-20180821.nc
SalishSea1500-RUN181_1h_grid_V_2D_20180822-20180822.nc
SalishSea1500-RUN181_1h_grid_V_2D_20180823-20180823.nc
SalishSea1500-RUN181_1h_grid_V_2D_20180824-20180824.nc
SalishSea1500-RUN181_1h_grid_W_20180517-20180517.nc
SalishSea1500-RUN181_1h_grid_W_20180518-20180518.nc
SalishSea1500-RUN181_1h_grid_W_20180519-20180519.nc
SalishSea1500-RUN181_1h_grid_W_20180520-20180520.nc
SalishSea1500-RUN181_1h_grid_W_20180521-20180521.nc
SalishSea1500-RUN181_1h_grid_W_20180522-20180522.nc
SalishSea1500-RUN181_1h_grid_W_20180523-20180523.nc
SalishSea1500-RUN181_1h_grid_W_20180524-20180524.nc
SalishSea1500-RUN181_1h_grid_W_20180525-20180525.nc
SalishSea1500-RUN181_1h_grid_W_20180526-20180526.nc
SalishSea1500-RUN181_1h_grid_W_20180527-20180527.nc
SalishSea1500-RUN181_1h_grid_W_20180528-20180528.nc
SalishSea1500-RUN181_1h_grid_W_20180529-20180529.nc
SalishSea1500-RUN181_1h_grid_W_20180530-20180530.nc
SalishSea1500-RUN181_1h_grid_W_20180531-20180531.nc
SalishSea1500-RUN181_1h_grid_W_20180601-20180601.nc
SalishSea1500-RUN181_1h_grid_W_20180602-20180602.nc
SalishSea1500-RUN181_1h_grid_W_20180603-20180603.nc
SalishSea1500-RUN181_1h_grid_W_20180604-20180604.nc
SalishSea1500-RUN181_1h_grid_W_20180605-20180605.nc
SalishSea1500-RUN181_1h_grid_W_20180606-20180606.nc
SalishSea1500-RUN181_1h_grid_W_20180607-20180607.nc
SalishSea1500-RUN181_1h_grid_W_20180608-20180608.nc
SalishSea1500-RUN181_1h_grid_W_20180609-20180609.nc
SalishSea1500-RUN181_1h_grid_W_20180610-20180610.nc
SalishSea1500-RUN181_1h_grid_W_20180611-20180611.nc
SalishSea1500-RUN181_1h_grid_W_20180612-20180612.nc
SalishSea1500-RUN181_1h_grid_W_20180613-20180613.nc
SalishSea1500-RUN181_1h_grid_W_20180614-20180614.nc
SalishSea1500-RUN181_1h_grid_W_20180615-20180615.nc
SalishSea1500-RUN181_1h_grid_W_20180616-20180616.nc
SalishSea1500-RUN181_1h_grid_W_20180617-20180617.nc
SalishSea1500-RUN181_1h_grid_W_20180618-20180618.nc
SalishSea1500-RUN181_1h_grid_W_20180619-20180619.nc
SalishSea1500-RUN181_1h_grid_W_20180620-20180620.nc
SalishSea1500-RUN181_1h_grid_W_20180621-20180621.nc
SalishSea1500-RUN181_1h_grid_W_20180622-20180622.nc
SalishSea1500-RUN181_1h_grid_W_20180623-20180623.nc
SalishSea1500-RUN181_1h_grid_W_20180624-20180624.nc
SalishSea1500-RUN181_1h_grid_W_20180625-20180625.nc
SalishSea1500-RUN181_1h_grid_W_20180626-20180626.nc
SalishSea1500-RUN181_1h_grid_W_20180627-20180627.nc
SalishSea1500-RUN181_1h_grid_W_20180628-20180628.nc
SalishSea1500-RUN181_1h_grid_W_20180629-20180629.nc
SalishSea1500-RUN181_1h_grid_W_20180630-20180630.nc
SalishSea1500-RUN181_1h_grid_W_20180701-20180701.nc
SalishSea1500-RUN181_1h_grid_W_20180702-20180702.nc
SalishSea1500-RUN181_1h_grid_W_20180703-20180703.nc
SalishSea1500-RUN181_1h_grid_W_20180704-20180704.nc
SalishSea1500-RUN181_1h_grid_W_20180705-20180705.nc
SalishSea1500-RUN181_1h_grid_W_20180706-20180706.nc
SalishSea1500-RUN181_1h_grid_W_20180707-20180707.nc
SalishSea1500-RUN181_1h_grid_W_20180708-20180708.nc
SalishSea1500-RUN181_1h_grid_W_20180709-20180709.nc
SalishSea1500-RUN181_1h_grid_W_20180710-20180710.nc
SalishSea1500-RUN181_1h_grid_W_20180711-20180711.nc
SalishSea1500-RUN181_1h_grid_W_20180712-20180712.nc
SalishSea1500-RUN181_1h_grid_W_20180713-20180713.nc
SalishSea1500-RUN181_1h_grid_W_20180714-20180714.nc
SalishSea1500-RUN181_1h_grid_W_20180715-20180715.nc
SalishSea1500-RUN181_1h_grid_W_20180716-20180716.nc
SalishSea1500-RUN181_1h_grid_W_20180717-20180717.nc
SalishSea1500-RUN181_1h_grid_W_20180718-20180718.nc
SalishSea1500-RUN181_1h_grid_W_20180719-20180719.nc
SalishSea1500-RUN181_1h_grid_W_20180720-20180720.nc
SalishSea1500-RUN181_1h_grid_W_20180721-20180721.nc
SalishSea1500-RUN181_1h_grid_W_20180722-20180722.nc
SalishSea1500-RUN181_1h_grid_W_20180723-20180723.nc
SalishSea1500-RUN181_1h_grid_W_20180724-20180724.nc
SalishSea1500-RUN181_1h_grid_W_20180725-20180725.nc
SalishSea1500-RUN181_1h_grid_W_20180726-20180726.nc
SalishSea1500-RUN181_1h_grid_W_20180727-20180727.nc
SalishSea1500-RUN181_1h_grid_W_20180728-20180728.nc
SalishSea1500-RUN181_1h_grid_W_20180729-20180729.nc
SalishSea1500-RUN181_1h_grid_W_20180730-20180730.nc
SalishSea1500-RUN181_1h_grid_W_20180731-20180731.nc
SalishSea1500-RUN181_1h_grid_W_20180801-20180801.nc
SalishSea1500-RUN181_1h_grid_W_20180802-20180802.nc
SalishSea1500-RUN181_1h_grid_W_20180803-20180803.nc
SalishSea1500-RUN181_1h_grid_W_20180804-20180804.nc
SalishSea1500-RUN181_1h_grid_W_20180805-20180805.nc
SalishSea1500-RUN181_1h_grid_W_20180806-20180806.nc
SalishSea1500-RUN181_1h_grid_W_20180807-20180807.nc
SalishSea1500-RUN181_1h_grid_W_20180808-20180808.nc
SalishSea1500-RUN181_1h_grid_W_20180809-20180809.nc
SalishSea1500-RUN181_1h_grid_W_20180810-20180810.nc
SalishSea1500-RUN181_1h_grid_W_20180811-20180811.nc
SalishSea1500-RUN181_1h_grid_W_20180812-20180812.nc
SalishSea1500-RUN181_1h_grid_W_20180813-20180813.nc
SalishSea1500-RUN181_1h_grid_W_20180814-20180814.nc
SalishSea1500-RUN181_1h_grid_W_20180815-20180815.nc
SalishSea1500-RUN181_1h_grid_W_20180816-20180816.nc
SalishSea1500-RUN181_1h_grid_W_20180817-20180817.nc
SalishSea1500-RUN181_1h_grid_W_20180818-20180818.nc
SalishSea1500-RUN181_1h_grid_W_20180819-20180819.nc
SalishSea1500-RUN181_1h_grid_W_20180820-20180820.nc
SalishSea1500-RUN181_1h_grid_W_20180821-20180821.nc
SalishSea1500-RUN181_1h_grid_W_20180822-20180822.nc
SalishSea1500-RUN181_1h_grid_W_20180823-20180823.nc
SalishSea1500-RUN181_1h_grid_W_20180824-20180824.nc

sent 84,205,758,756 bytes  received 22,816 bytes  61,129,424.01 bytes/sec
total size is 84,185,131,200  speedup is 1.00
sending incremental file list
SalishSea1500-RUN181_00720000_restart.nc

sent 283,294,417 bytes  received 35 bytes  113,317,780.80 bytes/sec
total size is 283,225,144  speedup is 1.00
Automatic resubmit for job 011
+ . ./environment.ksh
+ set -ax
+ MACHINE=gpsc4
+ CONTAINER=dfo/dfo_all_default_ubuntu-18.04-amd64_latest
+ PROJECT=rrg-nereusvc
+ TIMELIMIT=04:00:00
+ TIMELIMIT_PP=01:00:00
+ MEMLIMIT=3900M
+ QUEUE=dev
+ JPNI=5
+ JPNJ=19
+ NBPROC=95
+ NBPROC_XIO=1
+ expr 95 + 1
+ TOTPROC=96
+ MAXSUB=12
+ NDATEDEB=20151129
+ PASDETEMPS=120
+ NNBARO=20
+ NNSTOCK=72000
+ SPLIT_FREQ=100
+ MESHRUN=no
+ RESTART=no
+ CONF_NAME=SalishSea1500
+ CONF_NBR=RUN181
+ CONFIG=SalishSea1500-RUN181
+ SEAICE_MODULE=NONE
+ ATMOS_DATA=NONE
+ OBC_ACTIVE=no
+ TIDE_ACTIVE=no
+ TIDE_2Dfile=no
+ RIVER_ACTIVE=no
+ DIR_CALCU_EXE=/home/mdunphy/project/mdunphy/Software/NEMO36OPP/NEMOGCM/CONFIG/SalishSea1500/BLD/bin
+ DIR_CALCU_SHR=/home/mdunphy/project/mdunphy/Software/NEMO36OPP/NEMOGCM/CONFIG/SHARED
+ DIR_CALCU_RBL=/home/mdunphy/project/mdunphy/Software/NEMO36OPP/NEMOGCM/TOOLS/REBUILD_NEMO
+ DIR_CALCU_XIO=/home/mdunphy/project/mdunphy/Software/XIOS/bin
+ DIR_CALCU_CTL=/home/mdunphy/project/mdunphy/control/SalishSea1500-RUN181
+ DIR_CALCU_UTL=/home/mdunphy/bin
+ DIR_ARCHI_FORC=/home/mdunphy/project/mdunphy/Forcing/grid
+ DIR_ARCHI_ATMOS=/home/mdunphy/project/mdunphy/Forcing/OPPwestSS
+ DIR_ARCHI_INPUT=/home/mdunphy/project/mdunphy/Forcing/grid
+ DIR_ARCHI_CLIM=/unused
+ DIR_ARCHI_OBC=/unused
+ DIR_ARCHI_OBCN=/unused
+ DIR_ARCHI_TIDE=/unused
+ DIR_ARCHI_HOME=/home/mdunphy/project/mdunphy/nemo_results/SalishSea1500/SalishSea1500-RUN181
+ DIR_ARCHI_CDF=/home/mdunphy/project/mdunphy/nemo_results/SalishSea1500/SalishSea1500-RUN181/CDF
+ DIR_ARCHI_LOG=/home/mdunphy/project/mdunphy/nemo_results/SalishSea1500/SalishSea1500-RUN181/LOG
+ DIR_ARCHI_RST=/home/mdunphy/project/mdunphy/nemo_results/SalishSea1500/SalishSea1500-RUN181/RST
+ [ ! -d /home/mdunphy/project/mdunphy/nemo_results/SalishSea1500/SalishSea1500-RUN181 ]
+ [ ! -d /home/mdunphy/project/mdunphy/nemo_results/SalishSea1500/SalishSea1500-RUN181/RST ]
+ [ ! -d /home/mdunphy/project/mdunphy/nemo_results/SalishSea1500/SalishSea1500-RUN181/CDF ]
+ [ ! -d /home/mdunphy/project/mdunphy/nemo_results/SalishSea1500/SalishSea1500-RUN181/LOG ]
+ DIR_TMP_HOME=/home/mdunphy/scratch/nemo_temp/SalishSea1500/SalishSea1500-RUN181
+ DIR_TMP_RST=/home/mdunphy/scratch/nemo_temp/SalishSea1500/SalishSea1500-RUN181/RST
+ DIR_TMP_CDF=/home/mdunphy/scratch/nemo_temp/SalishSea1500/SalishSea1500-RUN181/CDF
+ DIR_TMP_LOG=/home/mdunphy/scratch/nemo_temp/SalishSea1500/SalishSea1500-RUN181/LOG
+ DIR_TMP_RUN=/home/mdunphy/scratch/nemo_temp/SalishSea1500/SalishSea1500-RUN181/RUN
+ DIR_TMP_ATM=/home/mdunphy/scratch/nemo_temp/SalishSea1500/SalishSea1500-RUN181/RUN/ATMDATA
+ DIR_TMP_OBC=/home/mdunphy/scratch/nemo_temp/SalishSea1500/SalishSea1500-RUN181/RUN/BDY
+ DIR_TMP_RVR=/home/mdunphy/scratch/nemo_temp/SalishSea1500/SalishSea1500-RUN181/RUN/RIVER
+ [ ! -d /home/mdunphy/scratch/nemo_temp/SalishSea1500/SalishSea1500-RUN181 ]
+ [ ! -d /home/mdunphy/scratch/nemo_temp/SalishSea1500/SalishSea1500-RUN181/RST ]
+ [ ! -d /home/mdunphy/scratch/nemo_temp/SalishSea1500/SalishSea1500-RUN181/CDF ]
+ [ ! -d /home/mdunphy/scratch/nemo_temp/SalishSea1500/SalishSea1500-RUN181/LOG ]
+ [ ! -d /home/mdunphy/scratch/nemo_temp/SalishSea1500/SalishSea1500-RUN181/RUN ]
+ EXEC_NAME=nemo.exe
+ BATMET_FIL=bathy_salishsea_1500m_20210706.nc
+ COORD_FIL=coordinates_salishsea_1500m.nc
+ BATLE_FIL=''
+ BFRI_FIL=''
+ SHLAT_FIL=''
+ TEMP_FIL=''
+ SAL_FIL=''
+ U_FIL=''
+ V_FIL=''
+ SSH_FIL=''
+ RUNOFF_FIL=''
+ RUNOFF_TEMP_FIL=''
+ RUNOFF_MASK_FIL=''
+ CHLA_FIL=''
+ RGB_FIL=''
+ INITICE_FIL=''
+ CICE_GRID=''
+ compo_list=M2
+ TIDE_PREF=''
+ TIDEH_FIL=''
+ TIDEU_FIL=''
+ TIDEV_FIL=''
+ TMX_K1=''
+ TMX_M2=''
+ TMX_MASK=''
+ TMX_MASK=''
+ DUST_FIL=''
+ RIVER_FIL=''
+ obc_list=''
+ obcpref2D=''
+ obcsuf2D=''
+ obcprefNorth=''
+ WEIGHTS_FIL=weights_bilin_OPPwestSS.nc
+ RESTART_FILE=/home/mdunphy/MEOPAR/forcing/restart/hindcast.201812/31dec15/SalishSea_01682640_restart.nc

Configuration name : SalishSea1500-RUN181
Number of procs : 95

Initialisation from climatology or analytical profiles


home : /home/mdunphy

CALCU directories :
~~~~~~~~~~~~~~~~~~~~~~~~~~~~
/home/mdunphy/project/mdunphy/Software/NEMO36OPP/NEMOGCM/CONFIG/SalishSea1500/BLD/bin : directory where is the NEMO executable
/home/mdunphy/project/mdunphy/Software/NEMO36OPP/NEMOGCM/CONFIG/SHARED : directory where is the shared files
/home/mdunphy/project/mdunphy/Software/XIOS/bin : directory where is the XIOS server
/home/mdunphy/project/mdunphy/control/SalishSea1500-RUN181 : directory where are control files of the run
/home/mdunphy/bin : directory where to find utilities

MACHINEARCHI directories :
~~~~~~~~~~~~~~~~~~~~~~~~~~~~
/home/mdunphy/project/mdunphy/Forcing/OPPwestSS : directory to stock the atmos forcing fields
/home/mdunphy/project/mdunphy/Forcing/grid : directory for the input files
/unused : directory for the climatology files
/unused : directory for the obc files
/home/mdunphy/project/mdunphy/nemo_results/SalishSea1500/SalishSea1500-RUN181 : directory to stock the results
/home/mdunphy/project/mdunphy/nemo_results/SalishSea1500/SalishSea1500-RUN181/RST : directory to stock the restarts
/home/mdunphy/project/mdunphy/nemo_results/SalishSea1500/SalishSea1500-RUN181/CDF : directory for combined netCDF results
/home/mdunphy/project/mdunphy/nemo_results/SalishSea1500/SalishSea1500-RUN181/LOG : directory for ice something ...

TEMP directories :
~~~~~~~~~~~~~~~~~~~~
/home/mdunphy/scratch/nemo_temp/SalishSea1500/SalishSea1500-RUN181 : home temp directory
/home/mdunphy/scratch/nemo_temp/SalishSea1500/SalishSea1500-RUN181/RST : directory for the restart
/home/mdunphy/scratch/nemo_temp/SalishSea1500/SalishSea1500-RUN181/CDF : directory for the cdf
/home/mdunphy/scratch/nemo_temp/SalishSea1500/SalishSea1500-RUN181/LOG : directory for the log
/home/mdunphy/scratch/nemo_temp/SalishSea1500/SalishSea1500-RUN181/RUN : directory to run
/home/mdunphy/scratch/nemo_temp/SalishSea1500/SalishSea1500-RUN181/RUN/ATMDATA : directory for the atmos forcing
/home/mdunphy/scratch/nemo_temp/SalishSea1500/SalishSea1500-RUN181/RUN/BDY : directory for the obc files

Run features :
~~~~~~~~~~~~~~
Executable name : nemo.exe
Bathymetry : bathy_salishsea_1500m_20210706.nc
Coordinates : coordinates_salishsea_1500m.nc
K1 tidal mixing :
M2 tidal mixing :
Mask tidal mixing :
Shlat :
Clim T :
Clim S :
Clim U :
Clim V :
Runoff :
Chlorophyl :
List of the open boundaries :

 G O O D   T O   G O !!!
100 days to run, starting 20180825 (25073) ending 20181203 (25173)
FOUND COMBINED RESTART FILE:  /home/mdunphy/project/mdunphy/nemo_results/SalishSea1500/SalishSea1500-RUN181/RST/SalishSea1500-RUN181_00720000_restart.nc
Submitting job, 96 cores, 04:00:00s runlimit, control path /home/mdunphy/project/mdunphy/control/SalishSea1500-RUN181
sbatch --time=04:00:00 --job-name=RUN181 --mem-per-cpu=3900M --ntasks=96 -o /home/mdunphy/scratch/nemo_temp/SalishSea1500/SalishSea1500-RUN181/RUN/nemo.stdout -e /home/mdunphy/scratch/nemo_temp/SalishSea1500/SalishSea1500-RUN181/RUN/nemo.stderr RUN181.ksh
Submitted batch job 5130391
