+ [ ! -z '' ]
+ . ./environment.ksh
+ set -ax
+ MACHINE=gpsc4
+ CONTAINER=dfo/dfo_all_default_ubuntu-18.04-amd64_latest
+ PROJECT=def-nereusvc
+ TIMELIMIT=03:00:00
+ TIMELIMIT_PP=01:00:00
+ MEMLIMIT=3900M
+ QUEUE=dev
+ JPNI=5
+ JPNJ=19
+ NBPROC=95
+ NBPROC_XIO=1
+ expr 95 + 1
+ TOTPROC=96
+ MAXSUB=12
+ NDATEDEB=20151129
+ PASDETEMPS=120
+ NNBARO=20
+ NNSTOCK=72000
+ SPLIT_FREQ=100
+ MESHRUN=no
+ RESTART=no
+ CONF_NAME=SalishSea1500
+ CONF_NBR=RUN120
+ CONFIG=SalishSea1500-RUN120
+ SEAICE_MODULE=NONE
+ ATMOS_DATA=NONE
+ OBC_ACTIVE=no
+ TIDE_ACTIVE=no
+ TIDE_2Dfile=no
+ RIVER_ACTIVE=no
+ DIR_CALCU_EXE=/home/mdunphy/project/mdunphy/Software/NEMO36OPP/NEMOGCM/CONFIG/SalishSea1500/BLD/bin
+ DIR_CALCU_SHR=/home/mdunphy/project/mdunphy/Software/NEMO36OPP/NEMOGCM/CONFIG/SHARED
+ DIR_CALCU_RBL=/home/mdunphy/project/mdunphy/Software/NEMO36OPP/NEMOGCM/TOOLS/REBUILD_NEMO
+ DIR_CALCU_XIO=/home/mdunphy/project/mdunphy/Software/XIOS/bin
+ DIR_CALCU_CTL=/home/mdunphy/project/mdunphy/control/SalishSea1500-RUN120
+ DIR_CALCU_UTL=/home/mdunphy/bin
+ DIR_ARCHI_FORC=/home/mdunphy/project/mdunphy/Forcing/grid
+ DIR_ARCHI_ATMOS=/home/mdunphy/project/mdunphy/Forcing/OPPWest
+ DIR_ARCHI_INPUT=/home/mdunphy/project/mdunphy/Forcing/grid
+ DIR_ARCHI_CLIM=/unused
+ DIR_ARCHI_OBC=/unused
+ DIR_ARCHI_OBCN=/unused
+ DIR_ARCHI_TIDE=/unused
+ DIR_ARCHI_HOME=/home/mdunphy/project/mdunphy/nemo_results/SalishSea1500/SalishSea1500-RUN120
+ DIR_ARCHI_CDF=/home/mdunphy/project/mdunphy/nemo_results/SalishSea1500/SalishSea1500-RUN120/CDF
+ DIR_ARCHI_LOG=/home/mdunphy/project/mdunphy/nemo_results/SalishSea1500/SalishSea1500-RUN120/LOG
+ DIR_ARCHI_RST=/home/mdunphy/project/mdunphy/nemo_results/SalishSea1500/SalishSea1500-RUN120/RST
+ [ ! -d /home/mdunphy/project/mdunphy/nemo_results/SalishSea1500/SalishSea1500-RUN120 ]
+ [ ! -d /home/mdunphy/project/mdunphy/nemo_results/SalishSea1500/SalishSea1500-RUN120/RST ]
+ [ ! -d /home/mdunphy/project/mdunphy/nemo_results/SalishSea1500/SalishSea1500-RUN120/CDF ]
+ [ ! -d /home/mdunphy/project/mdunphy/nemo_results/SalishSea1500/SalishSea1500-RUN120/LOG ]
+ DIR_TMP_HOME=/home/mdunphy/scratch/nemo_temp/SalishSea1500/SalishSea1500-RUN120
+ DIR_TMP_RST=/home/mdunphy/scratch/nemo_temp/SalishSea1500/SalishSea1500-RUN120/RST
+ DIR_TMP_CDF=/home/mdunphy/scratch/nemo_temp/SalishSea1500/SalishSea1500-RUN120/CDF
+ DIR_TMP_LOG=/home/mdunphy/scratch/nemo_temp/SalishSea1500/SalishSea1500-RUN120/LOG
+ DIR_TMP_RUN=/home/mdunphy/scratch/nemo_temp/SalishSea1500/SalishSea1500-RUN120/RUN
+ DIR_TMP_ATM=/home/mdunphy/scratch/nemo_temp/SalishSea1500/SalishSea1500-RUN120/RUN/ATMDATA
+ DIR_TMP_OBC=/home/mdunphy/scratch/nemo_temp/SalishSea1500/SalishSea1500-RUN120/RUN/BDY
+ DIR_TMP_RVR=/home/mdunphy/scratch/nemo_temp/SalishSea1500/SalishSea1500-RUN120/RUN/RIVER
+ [ ! -d /home/mdunphy/scratch/nemo_temp/SalishSea1500/SalishSea1500-RUN120 ]
+ [ ! -d /home/mdunphy/scratch/nemo_temp/SalishSea1500/SalishSea1500-RUN120/RST ]
+ [ ! -d /home/mdunphy/scratch/nemo_temp/SalishSea1500/SalishSea1500-RUN120/CDF ]
+ [ ! -d /home/mdunphy/scratch/nemo_temp/SalishSea1500/SalishSea1500-RUN120/LOG ]
+ [ ! -d /home/mdunphy/scratch/nemo_temp/SalishSea1500/SalishSea1500-RUN120/RUN ]
+ EXEC_NAME=nemo.exe
+ BATMET_FIL=bathy_salishsea_1500m_20210406.nc
+ COORD_FIL=coordinates_salishsea_1500m.nc
+ BATLE_FIL=''
+ BFRI_FIL=''
+ SHLAT_FIL=''
+ TEMP_FIL=''
+ SAL_FIL=''
+ U_FIL=''
+ V_FIL=''
+ SSH_FIL=''
+ RUNOFF_FIL=''
+ RUNOFF_TEMP_FIL=''
+ RUNOFF_MASK_FIL=''
+ CHLA_FIL=''
+ RGB_FIL=''
+ INITICE_FIL=''
+ CICE_GRID=''
+ compo_list=M2
+ TIDE_PREF=''
+ TIDEH_FIL=''
+ TIDEU_FIL=''
+ TIDEV_FIL=''
+ TMX_K1=''
+ TMX_M2=''
+ TMX_MASK=''
+ TMX_MASK=''
+ DUST_FIL=''
+ RIVER_FIL=''
+ obc_list=''
+ obcpref2D=''
+ obcsuf2D=''
+ obcprefNorth=''
+ WEIGHTS_FIL=weights_bilin_ECMWF.nc
+ RESTART_FILE=/home/mdunphy/MEOPAR/forcing/restart/hindcast.201812/31dec15/SalishSea_01682640_restart.nc

Configuration name : SalishSea1500-RUN120
Number of procs : 95

Initialisation from climatology or analytical profiles


home : /home/mdunphy

CALCU directories :
~~~~~~~~~~~~~~~~~~~~~~~~~~~~
/home/mdunphy/project/mdunphy/Software/NEMO36OPP/NEMOGCM/CONFIG/SalishSea1500/BLD/bin : directory where is the NEMO executable
/home/mdunphy/project/mdunphy/Software/NEMO36OPP/NEMOGCM/CONFIG/SHARED : directory where is the shared files
/home/mdunphy/project/mdunphy/Software/XIOS/bin : directory where is the XIOS server
/home/mdunphy/project/mdunphy/control/SalishSea1500-RUN120 : directory where are control files of the run
/home/mdunphy/bin : directory where to find utilities

MACHINEARCHI directories :
~~~~~~~~~~~~~~~~~~~~~~~~~~~~
/home/mdunphy/project/mdunphy/Forcing/OPPWest : directory to stock the atmos forcing fields
/home/mdunphy/project/mdunphy/Forcing/grid : directory for the input files
/unused : directory for the climatology files
/unused : directory for the obc files
/home/mdunphy/project/mdunphy/nemo_results/SalishSea1500/SalishSea1500-RUN120 : directory to stock the results
/home/mdunphy/project/mdunphy/nemo_results/SalishSea1500/SalishSea1500-RUN120/RST : directory to stock the restarts
/home/mdunphy/project/mdunphy/nemo_results/SalishSea1500/SalishSea1500-RUN120/CDF : directory for combined netCDF results
/home/mdunphy/project/mdunphy/nemo_results/SalishSea1500/SalishSea1500-RUN120/LOG : directory for ice something ...

TEMP directories :
~~~~~~~~~~~~~~~~~~~~
/home/mdunphy/scratch/nemo_temp/SalishSea1500/SalishSea1500-RUN120 : home temp directory
/home/mdunphy/scratch/nemo_temp/SalishSea1500/SalishSea1500-RUN120/RST : directory for the restart
/home/mdunphy/scratch/nemo_temp/SalishSea1500/SalishSea1500-RUN120/CDF : directory for the cdf
/home/mdunphy/scratch/nemo_temp/SalishSea1500/SalishSea1500-RUN120/LOG : directory for the log
/home/mdunphy/scratch/nemo_temp/SalishSea1500/SalishSea1500-RUN120/RUN : directory to run
/home/mdunphy/scratch/nemo_temp/SalishSea1500/SalishSea1500-RUN120/RUN/ATMDATA : directory for the atmos forcing
/home/mdunphy/scratch/nemo_temp/SalishSea1500/SalishSea1500-RUN120/RUN/BDY : directory for the obc files

Run features :
~~~~~~~~~~~~~~
Executable name : nemo.exe
Bathymetry : bathy_salishsea_1500m_20210406.nc
Coordinates : coordinates_salishsea_1500m.nc
K1 tidal mixing :
M2 tidal mixing :
Mask tidal mixing :
Shlat :
Clim T :
Clim S :
Clim U :
Clim V :
Runoff :
Chlorophyl :
List of the open boundaries :

Rebuild lddcheck
gra29
ldd /home/mdunphy/project/mdunphy/Software/NEMO36OPP/NEMOGCM/TOOLS/REBUILD_NEMO/BLD/bin/rebuild_nemo.exe
	linux-vdso.so.1 (0x00007ffd31900000)
	libstdc++.so.6 => /cvmfs/soft.computecanada.ca/gentoo/2020/usr/lib/gcc/x86_64-pc-linux-gnu/10.2.0/libstdc++.so.6 (0x00002b12da710000)
	libz.so.1 => /cvmfs/soft.computecanada.ca/gentoo/2020/usr/lib64/libz.so.1 (0x00002b12da979000)
	libnetcdff.so.7 => /cvmfs/soft.computecanada.ca/easybuild/software/2020/avx2/MPI/intel2020/openmpi4/netcdf-fortran-mpi/4.5.2/lib/libnetcdff.so.7 (0x00002b12da993000)
	libnetcdf.so.18 => /cvmfs/soft.computecanada.ca/easybuild/software/2020/avx2/MPI/intel2020/openmpi4/netcdf-mpi/4.7.4/lib64/libnetcdf.so.18 (0x00002b12daeb1000)
	libm.so.6 => /cvmfs/soft.computecanada.ca/gentoo/2020/lib64/libm.so.6 (0x00002b12db09f000)
	libiomp5.so => /cvmfs/soft.computecanada.ca/easybuild/software/2020/Core/intel/2020.1.217/lib/intel64/libiomp5.so (0x00002b12db1e2000)
	libpthread.so.0 => /cvmfs/soft.computecanada.ca/gentoo/2020/lib64/libpthread.so.0 (0x00002b12db5ec000)
	libmpi_usempif08.so.40 => /cvmfs/soft.computecanada.ca/easybuild/software/2020/avx2/Compiler/intel2020/openmpi/4.0.3/lib/libmpi_usempif08.so.40 (0x00002b12db60c000)
	libmpi_usempi_ignore_tkr.so.40 => /cvmfs/soft.computecanada.ca/easybuild/software/2020/avx2/Compiler/intel2020/openmpi/4.0.3/lib/libmpi_usempi_ignore_tkr.so.40 (0x00002b12db647000)
	libmpi_mpifh.so.40 => /cvmfs/soft.computecanada.ca/easybuild/software/2020/avx2/Compiler/intel2020/openmpi/4.0.3/lib/libmpi_mpifh.so.40 (0x00002b12db656000)
	libmpi.so.40 => /cvmfs/soft.computecanada.ca/easybuild/software/2020/avx2/Compiler/intel2020/openmpi/4.0.3/lib/libmpi.so.40 (0x00002b12db6c4000)
	libc.so.6 => /cvmfs/soft.computecanada.ca/gentoo/2020/lib64/libc.so.6 (0x00002b12dba05000)
	libgcc_s.so.1 => /cvmfs/soft.computecanada.ca/gentoo/2020/usr/lib/gcc/x86_64-pc-linux-gnu/10.2.0/libgcc_s.so.1 (0x00002b12dbbbf000)
	libdl.so.2 => /cvmfs/soft.computecanada.ca/gentoo/2020/lib64/libdl.so.2 (0x00002b12dbbd9000)
	/cvmfs/soft.computecanada.ca/gentoo/2020/lib64/ld-linux-x86-64.so.2 (0x00002b12da6b1000)
	libifport.so.5 => /cvmfs/soft.computecanada.ca/easybuild/software/2020/Core/intel/2020.1.217/lib/intel64/libifport.so.5 (0x00002b12dbbe0000)
	libifcoremt.so.5 => /cvmfs/soft.computecanada.ca/easybuild/software/2020/Core/intel/2020.1.217/lib/intel64/libifcoremt.so.5 (0x00002b12dbe11000)
	libimf.so => /cvmfs/soft.computecanada.ca/easybuild/software/2020/Core/intel/2020.1.217/lib/intel64/libimf.so (0x00002b12dc1b6000)
	libsvml.so => /cvmfs/soft.computecanada.ca/easybuild/software/2020/Core/intel/2020.1.217/lib/intel64/libsvml.so (0x00002b12dc8b9000)
	libintlc.so.5 => /cvmfs/soft.computecanada.ca/easybuild/software/2020/Core/intel/2020.1.217/lib/intel64/libintlc.so.5 (0x00002b12de3c4000)
	libhdf5_hl.so.100 => /cvmfs/soft.computecanada.ca/easybuild/software/2020/avx2/MPI/intel2020/openmpi4/hdf5-mpi/1.10.6/lib/libhdf5_hl.so.100 (0x00002b12de63f000)
	libhdf5.so.103 => /cvmfs/soft.computecanada.ca/easybuild/software/2020/avx2/MPI/intel2020/openmpi4/hdf5-mpi/1.10.6/lib/libhdf5.so.103 (0x00002b12de669000)
	libsz.so.2 => /cvmfs/soft.computecanada.ca/gentoo/2020/usr/lib64/libsz.so.2 (0x00002b12deb64000)
	libcurl.so.4 => /cvmfs/soft.computecanada.ca/gentoo/2020/usr/lib64/libcurl.so.4 (0x00002b12deb7b000)
	libirng.so => /cvmfs/soft.computecanada.ca/easybuild/software/2020/Core/intel/2020.1.217/lib/intel64/libirng.so (0x00002b12debf5000)
	libopen-rte.so.40 => /cvmfs/soft.computecanada.ca/easybuild/software/2020/avx2/Compiler/intel2020/openmpi/4.0.3/lib/libopen-rte.so.40 (0x00002b12def61000)
	libopen-pal.so.40 => /cvmfs/soft.computecanada.ca/easybuild/software/2020/avx2/Compiler/intel2020/openmpi/4.0.3/lib/libopen-pal.so.40 (0x00002b12df0a0000)
	librt.so.1 => /cvmfs/soft.computecanada.ca/gentoo/2020/lib64/librt.so.1 (0x00002b12df345000)
	libutil.so.1 => /cvmfs/soft.computecanada.ca/gentoo/2020/lib64/libutil.so.1 (0x00002b12df34f000)
	libhwloc.so.5 => /cvmfs/soft.computecanada.ca/gentoo/2020/usr/lib64/libhwloc.so.5 (0x00002b12df354000)
	libevent-2.1.so.6 => /cvmfs/soft.computecanada.ca/gentoo/2020/usr/lib64/libevent-2.1.so.6 (0x00002b12df398000)
	libevent_pthreads-2.1.so.6 => /cvmfs/soft.computecanada.ca/gentoo/2020/usr/lib64/libevent_pthreads-2.1.so.6 (0x00002b12df3ed000)
	libssl.so.1.1 => /cvmfs/soft.computecanada.ca/gentoo/2020/usr/lib64/libssl.so.1.1 (0x00002b12df3f2000)
	libcrypto.so.1.1 => /cvmfs/soft.computecanada.ca/gentoo/2020/usr/lib64/libcrypto.so.1.1 (0x00002b12df484000)
	libgssapi_krb5.so.2 => /cvmfs/soft.computecanada.ca/gentoo/2020/usr/lib64/libgssapi_krb5.so.2 (0x00002b12df73e000)
	libkrb5.so.3 => /cvmfs/soft.computecanada.ca/gentoo/2020/usr/lib64/libkrb5.so.3 (0x00002b12df78d000)
	libk5crypto.so.3 => /cvmfs/soft.computecanada.ca/gentoo/2020/usr/lib64/libk5crypto.so.3 (0x00002b12df86c000)
	libcom_err.so.2 => /cvmfs/soft.computecanada.ca/gentoo/2020/usr/lib64/libcom_err.so.2 (0x00002b12df8a2000)
	libnuma.so.1 => /cvmfs/soft.computecanada.ca/gentoo/2020/usr/lib64/libnuma.so.1 (0x00002b12df8a8000)
	libudev.so.1 => /cvmfs/soft.computecanada.ca/gentoo/2020/lib64/libudev.so.1 (0x00002b12df8b6000)
	libpciaccess.so.0 => /cvmfs/soft.computecanada.ca/gentoo/2020/usr/lib64/libpciaccess.so.0 (0x00002b12df8de000)
	libxml2.so.2 => /cvmfs/soft.computecanada.ca/gentoo/2020/usr/lib64/libxml2.so.2 (0x00002b12df8e9000)
	libkrb5support.so.0 => /cvmfs/soft.computecanada.ca/gentoo/2020/usr/lib64/libkrb5support.so.0 (0x00002b12dfa52000)
	libkeyutils.so.1 => /cvmfs/soft.computecanada.ca/gentoo/2020/usr/lib64/libkeyutils.so.1 (0x00002b12dfa61000)
	libresolv.so.2 => /cvmfs/soft.computecanada.ca/gentoo/2020/lib64/libresolv.so.2 (0x00002b12dfa68000)
	libselinux.so.1 => /cvmfs/soft.computecanada.ca/gentoo/2020/lib64/libselinux.so.1 (0x00002b12dfa80000)
	libicuuc.so.65 => /cvmfs/soft.computecanada.ca/gentoo/2020/usr/lib64/libicuuc.so.65 (0x00002b12dfaab000)
	liblzma.so.5 => /cvmfs/soft.computecanada.ca/gentoo/2020/usr/lib64/liblzma.so.5 (0x00002b12dfc8d000)
	libpcre.so.1 => /cvmfs/soft.computecanada.ca/gentoo/2020/usr/lib64/libpcre.so.1 (0x00002b12dfcb5000)
	libicudata.so.65 => /cvmfs/soft.computecanada.ca/gentoo/2020/usr/lib64/libicudata.so.65 (0x00002b12dfd28000)
Rebuilding SalishSea1500-RUN120_00576000_restart
Restart rebuild of SalishSea1500-RUN120_00576000_restart successful
sending incremental file list
layout.dat_R008_00504001_00576000
namelist_cfg_R008_00504001_00576000
namelist_ref_R008_00504001_00576000
nemo.stderr_R008_00504001_00576000
nemo.stdout_R008_00504001_00576000
ocean.output_R008_00504001_00576000
output.namelist.dyn_R008_00504001_00576000
solver.stat_R008_00504001_00576000
time.step_R008_00504001_00576000
timing.output_R008_00504001_00576000

sent 13,983,576 bytes  received 210 bytes  3,107,508.00 bytes/sec
total size is 13,979,300  speedup is 1.00
sending incremental file list
SalishSea1500-RUN120_1d_grid_T_20171029-20171029.nc
SalishSea1500-RUN120_1d_grid_T_20171030-20171030.nc
SalishSea1500-RUN120_1d_grid_T_20171031-20171031.nc
SalishSea1500-RUN120_1d_grid_T_20171101-20171101.nc
SalishSea1500-RUN120_1d_grid_T_20171102-20171102.nc
SalishSea1500-RUN120_1d_grid_T_20171103-20171103.nc
SalishSea1500-RUN120_1d_grid_T_20171104-20171104.nc
SalishSea1500-RUN120_1d_grid_T_20171105-20171105.nc
SalishSea1500-RUN120_1d_grid_T_20171106-20171106.nc
SalishSea1500-RUN120_1d_grid_T_20171107-20171107.nc
SalishSea1500-RUN120_1d_grid_T_20171108-20171108.nc
SalishSea1500-RUN120_1d_grid_T_20171109-20171109.nc
SalishSea1500-RUN120_1d_grid_T_20171110-20171110.nc
SalishSea1500-RUN120_1d_grid_T_20171111-20171111.nc
SalishSea1500-RUN120_1d_grid_T_20171112-20171112.nc
SalishSea1500-RUN120_1d_grid_T_20171113-20171113.nc
SalishSea1500-RUN120_1d_grid_T_20171114-20171114.nc
SalishSea1500-RUN120_1d_grid_T_20171115-20171115.nc
SalishSea1500-RUN120_1d_grid_T_20171116-20171116.nc
SalishSea1500-RUN120_1d_grid_T_20171117-20171117.nc
SalishSea1500-RUN120_1d_grid_T_20171118-20171118.nc
SalishSea1500-RUN120_1d_grid_T_20171119-20171119.nc
SalishSea1500-RUN120_1d_grid_T_20171120-20171120.nc
SalishSea1500-RUN120_1d_grid_T_20171121-20171121.nc
SalishSea1500-RUN120_1d_grid_T_20171122-20171122.nc
SalishSea1500-RUN120_1d_grid_T_20171123-20171123.nc
SalishSea1500-RUN120_1d_grid_T_20171124-20171124.nc
SalishSea1500-RUN120_1d_grid_T_20171125-20171125.nc
SalishSea1500-RUN120_1d_grid_T_20171126-20171126.nc
SalishSea1500-RUN120_1d_grid_T_20171127-20171127.nc
SalishSea1500-RUN120_1d_grid_T_20171128-20171128.nc
SalishSea1500-RUN120_1d_grid_T_20171129-20171129.nc
SalishSea1500-RUN120_1d_grid_T_20171130-20171130.nc
SalishSea1500-RUN120_1d_grid_T_20171201-20171201.nc
SalishSea1500-RUN120_1d_grid_T_20171202-20171202.nc
SalishSea1500-RUN120_1d_grid_T_20171203-20171203.nc
SalishSea1500-RUN120_1d_grid_T_20171204-20171204.nc
SalishSea1500-RUN120_1d_grid_T_20171205-20171205.nc
SalishSea1500-RUN120_1d_grid_T_20171206-20171206.nc
SalishSea1500-RUN120_1d_grid_T_20171207-20171207.nc
SalishSea1500-RUN120_1d_grid_T_20171208-20171208.nc
SalishSea1500-RUN120_1d_grid_T_20171209-20171209.nc
SalishSea1500-RUN120_1d_grid_T_20171210-20171210.nc
SalishSea1500-RUN120_1d_grid_T_20171211-20171211.nc
SalishSea1500-RUN120_1d_grid_T_20171212-20171212.nc
SalishSea1500-RUN120_1d_grid_T_20171213-20171213.nc
SalishSea1500-RUN120_1d_grid_T_20171214-20171214.nc
SalishSea1500-RUN120_1d_grid_T_20171215-20171215.nc
SalishSea1500-RUN120_1d_grid_T_20171216-20171216.nc
SalishSea1500-RUN120_1d_grid_T_20171217-20171217.nc
SalishSea1500-RUN120_1d_grid_T_20171218-20171218.nc
SalishSea1500-RUN120_1d_grid_T_20171219-20171219.nc
SalishSea1500-RUN120_1d_grid_T_20171220-20171220.nc
SalishSea1500-RUN120_1d_grid_T_20171221-20171221.nc
SalishSea1500-RUN120_1d_grid_T_20171222-20171222.nc
SalishSea1500-RUN120_1d_grid_T_20171223-20171223.nc
SalishSea1500-RUN120_1d_grid_T_20171224-20171224.nc
SalishSea1500-RUN120_1d_grid_T_20171225-20171225.nc
SalishSea1500-RUN120_1d_grid_T_20171226-20171226.nc
SalishSea1500-RUN120_1d_grid_T_20171227-20171227.nc
SalishSea1500-RUN120_1d_grid_T_20171228-20171228.nc
SalishSea1500-RUN120_1d_grid_T_20171229-20171229.nc
SalishSea1500-RUN120_1d_grid_T_20171230-20171230.nc
SalishSea1500-RUN120_1d_grid_T_20171231-20171231.nc
SalishSea1500-RUN120_1d_grid_T_20180101-20180101.nc
SalishSea1500-RUN120_1d_grid_T_20180102-20180102.nc
SalishSea1500-RUN120_1d_grid_T_20180103-20180103.nc
SalishSea1500-RUN120_1d_grid_T_20180104-20180104.nc
SalishSea1500-RUN120_1d_grid_T_20180105-20180105.nc
SalishSea1500-RUN120_1d_grid_T_20180106-20180106.nc
SalishSea1500-RUN120_1d_grid_T_20180107-20180107.nc
SalishSea1500-RUN120_1d_grid_T_20180108-20180108.nc
SalishSea1500-RUN120_1d_grid_T_20180109-20180109.nc
SalishSea1500-RUN120_1d_grid_T_20180110-20180110.nc
SalishSea1500-RUN120_1d_grid_T_20180111-20180111.nc
SalishSea1500-RUN120_1d_grid_T_20180112-20180112.nc
SalishSea1500-RUN120_1d_grid_T_20180113-20180113.nc
SalishSea1500-RUN120_1d_grid_T_20180114-20180114.nc
SalishSea1500-RUN120_1d_grid_T_20180115-20180115.nc
SalishSea1500-RUN120_1d_grid_T_20180116-20180116.nc
SalishSea1500-RUN120_1d_grid_T_20180117-20180117.nc
SalishSea1500-RUN120_1d_grid_T_20180118-20180118.nc
SalishSea1500-RUN120_1d_grid_T_20180119-20180119.nc
SalishSea1500-RUN120_1d_grid_T_20180120-20180120.nc
SalishSea1500-RUN120_1d_grid_T_20180121-20180121.nc
SalishSea1500-RUN120_1d_grid_T_20180122-20180122.nc
SalishSea1500-RUN120_1d_grid_T_20180123-20180123.nc
SalishSea1500-RUN120_1d_grid_T_20180124-20180124.nc
SalishSea1500-RUN120_1d_grid_T_20180125-20180125.nc
SalishSea1500-RUN120_1d_grid_T_20180126-20180126.nc
SalishSea1500-RUN120_1d_grid_T_20180127-20180127.nc
SalishSea1500-RUN120_1d_grid_T_20180128-20180128.nc
SalishSea1500-RUN120_1d_grid_T_20180129-20180129.nc
SalishSea1500-RUN120_1d_grid_T_20180130-20180130.nc
SalishSea1500-RUN120_1d_grid_T_20180131-20180131.nc
SalishSea1500-RUN120_1d_grid_T_20180201-20180201.nc
SalishSea1500-RUN120_1d_grid_T_20180202-20180202.nc
SalishSea1500-RUN120_1d_grid_T_20180203-20180203.nc
SalishSea1500-RUN120_1d_grid_T_20180204-20180204.nc
SalishSea1500-RUN120_1d_grid_T_20180205-20180205.nc
SalishSea1500-RUN120_1d_grid_T_2D_20171029-20171029.nc
SalishSea1500-RUN120_1d_grid_T_2D_20171030-20171030.nc
SalishSea1500-RUN120_1d_grid_T_2D_20171031-20171031.nc
SalishSea1500-RUN120_1d_grid_T_2D_20171101-20171101.nc
SalishSea1500-RUN120_1d_grid_T_2D_20171102-20171102.nc
SalishSea1500-RUN120_1d_grid_T_2D_20171103-20171103.nc
SalishSea1500-RUN120_1d_grid_T_2D_20171104-20171104.nc
SalishSea1500-RUN120_1d_grid_T_2D_20171105-20171105.nc
SalishSea1500-RUN120_1d_grid_T_2D_20171106-20171106.nc
SalishSea1500-RUN120_1d_grid_T_2D_20171107-20171107.nc
SalishSea1500-RUN120_1d_grid_T_2D_20171108-20171108.nc
SalishSea1500-RUN120_1d_grid_T_2D_20171109-20171109.nc
SalishSea1500-RUN120_1d_grid_T_2D_20171110-20171110.nc
SalishSea1500-RUN120_1d_grid_T_2D_20171111-20171111.nc
SalishSea1500-RUN120_1d_grid_T_2D_20171112-20171112.nc
SalishSea1500-RUN120_1d_grid_T_2D_20171113-20171113.nc
SalishSea1500-RUN120_1d_grid_T_2D_20171114-20171114.nc
SalishSea1500-RUN120_1d_grid_T_2D_20171115-20171115.nc
SalishSea1500-RUN120_1d_grid_T_2D_20171116-20171116.nc
SalishSea1500-RUN120_1d_grid_T_2D_20171117-20171117.nc
SalishSea1500-RUN120_1d_grid_T_2D_20171118-20171118.nc
SalishSea1500-RUN120_1d_grid_T_2D_20171119-20171119.nc
SalishSea1500-RUN120_1d_grid_T_2D_20171120-20171120.nc
SalishSea1500-RUN120_1d_grid_T_2D_20171121-20171121.nc
SalishSea1500-RUN120_1d_grid_T_2D_20171122-20171122.nc
SalishSea1500-RUN120_1d_grid_T_2D_20171123-20171123.nc
SalishSea1500-RUN120_1d_grid_T_2D_20171124-20171124.nc
SalishSea1500-RUN120_1d_grid_T_2D_20171125-20171125.nc
SalishSea1500-RUN120_1d_grid_T_2D_20171126-20171126.nc
SalishSea1500-RUN120_1d_grid_T_2D_20171127-20171127.nc
SalishSea1500-RUN120_1d_grid_T_2D_20171128-20171128.nc
SalishSea1500-RUN120_1d_grid_T_2D_20171129-20171129.nc
SalishSea1500-RUN120_1d_grid_T_2D_20171130-20171130.nc
SalishSea1500-RUN120_1d_grid_T_2D_20171201-20171201.nc
SalishSea1500-RUN120_1d_grid_T_2D_20171202-20171202.nc
SalishSea1500-RUN120_1d_grid_T_2D_20171203-20171203.nc
SalishSea1500-RUN120_1d_grid_T_2D_20171204-20171204.nc
SalishSea1500-RUN120_1d_grid_T_2D_20171205-20171205.nc
SalishSea1500-RUN120_1d_grid_T_2D_20171206-20171206.nc
SalishSea1500-RUN120_1d_grid_T_2D_20171207-20171207.nc
SalishSea1500-RUN120_1d_grid_T_2D_20171208-20171208.nc
SalishSea1500-RUN120_1d_grid_T_2D_20171209-20171209.nc
SalishSea1500-RUN120_1d_grid_T_2D_20171210-20171210.nc
SalishSea1500-RUN120_1d_grid_T_2D_20171211-20171211.nc
SalishSea1500-RUN120_1d_grid_T_2D_20171212-20171212.nc
SalishSea1500-RUN120_1d_grid_T_2D_20171213-20171213.nc
SalishSea1500-RUN120_1d_grid_T_2D_20171214-20171214.nc
SalishSea1500-RUN120_1d_grid_T_2D_20171215-20171215.nc
SalishSea1500-RUN120_1d_grid_T_2D_20171216-20171216.nc
SalishSea1500-RUN120_1d_grid_T_2D_20171217-20171217.nc
SalishSea1500-RUN120_1d_grid_T_2D_20171218-20171218.nc
SalishSea1500-RUN120_1d_grid_T_2D_20171219-20171219.nc
SalishSea1500-RUN120_1d_grid_T_2D_20171220-20171220.nc
SalishSea1500-RUN120_1d_grid_T_2D_20171221-20171221.nc
SalishSea1500-RUN120_1d_grid_T_2D_20171222-20171222.nc
SalishSea1500-RUN120_1d_grid_T_2D_20171223-20171223.nc
SalishSea1500-RUN120_1d_grid_T_2D_20171224-20171224.nc
SalishSea1500-RUN120_1d_grid_T_2D_20171225-20171225.nc
SalishSea1500-RUN120_1d_grid_T_2D_20171226-20171226.nc
SalishSea1500-RUN120_1d_grid_T_2D_20171227-20171227.nc
SalishSea1500-RUN120_1d_grid_T_2D_20171228-20171228.nc
SalishSea1500-RUN120_1d_grid_T_2D_20171229-20171229.nc
SalishSea1500-RUN120_1d_grid_T_2D_20171230-20171230.nc
SalishSea1500-RUN120_1d_grid_T_2D_20171231-20171231.nc
SalishSea1500-RUN120_1d_grid_T_2D_20180101-20180101.nc
SalishSea1500-RUN120_1d_grid_T_2D_20180102-20180102.nc
SalishSea1500-RUN120_1d_grid_T_2D_20180103-20180103.nc
SalishSea1500-RUN120_1d_grid_T_2D_20180104-20180104.nc
SalishSea1500-RUN120_1d_grid_T_2D_20180105-20180105.nc
SalishSea1500-RUN120_1d_grid_T_2D_20180106-20180106.nc
SalishSea1500-RUN120_1d_grid_T_2D_20180107-20180107.nc
SalishSea1500-RUN120_1d_grid_T_2D_20180108-20180108.nc
SalishSea1500-RUN120_1d_grid_T_2D_20180109-20180109.nc
SalishSea1500-RUN120_1d_grid_T_2D_20180110-20180110.nc
SalishSea1500-RUN120_1d_grid_T_2D_20180111-20180111.nc
SalishSea1500-RUN120_1d_grid_T_2D_20180112-20180112.nc
SalishSea1500-RUN120_1d_grid_T_2D_20180113-20180113.nc
SalishSea1500-RUN120_1d_grid_T_2D_20180114-20180114.nc
SalishSea1500-RUN120_1d_grid_T_2D_20180115-20180115.nc
SalishSea1500-RUN120_1d_grid_T_2D_20180116-20180116.nc
SalishSea1500-RUN120_1d_grid_T_2D_20180117-20180117.nc
SalishSea1500-RUN120_1d_grid_T_2D_20180118-20180118.nc
SalishSea1500-RUN120_1d_grid_T_2D_20180119-20180119.nc
SalishSea1500-RUN120_1d_grid_T_2D_20180120-20180120.nc
SalishSea1500-RUN120_1d_grid_T_2D_20180121-20180121.nc
SalishSea1500-RUN120_1d_grid_T_2D_20180122-20180122.nc
SalishSea1500-RUN120_1d_grid_T_2D_20180123-20180123.nc
SalishSea1500-RUN120_1d_grid_T_2D_20180124-20180124.nc
SalishSea1500-RUN120_1d_grid_T_2D_20180125-20180125.nc
SalishSea1500-RUN120_1d_grid_T_2D_20180126-20180126.nc
SalishSea1500-RUN120_1d_grid_T_2D_20180127-20180127.nc
SalishSea1500-RUN120_1d_grid_T_2D_20180128-20180128.nc
SalishSea1500-RUN120_1d_grid_T_2D_20180129-20180129.nc
SalishSea1500-RUN120_1d_grid_T_2D_20180130-20180130.nc
SalishSea1500-RUN120_1d_grid_T_2D_20180131-20180131.nc
SalishSea1500-RUN120_1d_grid_T_2D_20180201-20180201.nc
SalishSea1500-RUN120_1d_grid_T_2D_20180202-20180202.nc
SalishSea1500-RUN120_1d_grid_T_2D_20180203-20180203.nc
SalishSea1500-RUN120_1d_grid_T_2D_20180204-20180204.nc
SalishSea1500-RUN120_1d_grid_T_2D_20180205-20180205.nc
SalishSea1500-RUN120_1d_grid_U_20171029-20171029.nc
SalishSea1500-RUN120_1d_grid_U_20171030-20171030.nc
SalishSea1500-RUN120_1d_grid_U_20171031-20171031.nc
SalishSea1500-RUN120_1d_grid_U_20171101-20171101.nc
SalishSea1500-RUN120_1d_grid_U_20171102-20171102.nc
SalishSea1500-RUN120_1d_grid_U_20171103-20171103.nc
SalishSea1500-RUN120_1d_grid_U_20171104-20171104.nc
SalishSea1500-RUN120_1d_grid_U_20171105-20171105.nc
SalishSea1500-RUN120_1d_grid_U_20171106-20171106.nc
SalishSea1500-RUN120_1d_grid_U_20171107-20171107.nc
SalishSea1500-RUN120_1d_grid_U_20171108-20171108.nc
SalishSea1500-RUN120_1d_grid_U_20171109-20171109.nc
SalishSea1500-RUN120_1d_grid_U_20171110-20171110.nc
SalishSea1500-RUN120_1d_grid_U_20171111-20171111.nc
SalishSea1500-RUN120_1d_grid_U_20171112-20171112.nc
SalishSea1500-RUN120_1d_grid_U_20171113-20171113.nc
SalishSea1500-RUN120_1d_grid_U_20171114-20171114.nc
SalishSea1500-RUN120_1d_grid_U_20171115-20171115.nc
SalishSea1500-RUN120_1d_grid_U_20171116-20171116.nc
SalishSea1500-RUN120_1d_grid_U_20171117-20171117.nc
SalishSea1500-RUN120_1d_grid_U_20171118-20171118.nc
SalishSea1500-RUN120_1d_grid_U_20171119-20171119.nc
SalishSea1500-RUN120_1d_grid_U_20171120-20171120.nc
SalishSea1500-RUN120_1d_grid_U_20171121-20171121.nc
SalishSea1500-RUN120_1d_grid_U_20171122-20171122.nc
SalishSea1500-RUN120_1d_grid_U_20171123-20171123.nc
SalishSea1500-RUN120_1d_grid_U_20171124-20171124.nc
SalishSea1500-RUN120_1d_grid_U_20171125-20171125.nc
SalishSea1500-RUN120_1d_grid_U_20171126-20171126.nc
SalishSea1500-RUN120_1d_grid_U_20171127-20171127.nc
SalishSea1500-RUN120_1d_grid_U_20171128-20171128.nc
SalishSea1500-RUN120_1d_grid_U_20171129-20171129.nc
SalishSea1500-RUN120_1d_grid_U_20171130-20171130.nc
SalishSea1500-RUN120_1d_grid_U_20171201-20171201.nc
SalishSea1500-RUN120_1d_grid_U_20171202-20171202.nc
SalishSea1500-RUN120_1d_grid_U_20171203-20171203.nc
SalishSea1500-RUN120_1d_grid_U_20171204-20171204.nc
SalishSea1500-RUN120_1d_grid_U_20171205-20171205.nc
SalishSea1500-RUN120_1d_grid_U_20171206-20171206.nc
SalishSea1500-RUN120_1d_grid_U_20171207-20171207.nc
SalishSea1500-RUN120_1d_grid_U_20171208-20171208.nc
SalishSea1500-RUN120_1d_grid_U_20171209-20171209.nc
SalishSea1500-RUN120_1d_grid_U_20171210-20171210.nc
SalishSea1500-RUN120_1d_grid_U_20171211-20171211.nc
SalishSea1500-RUN120_1d_grid_U_20171212-20171212.nc
SalishSea1500-RUN120_1d_grid_U_20171213-20171213.nc
SalishSea1500-RUN120_1d_grid_U_20171214-20171214.nc
SalishSea1500-RUN120_1d_grid_U_20171215-20171215.nc
SalishSea1500-RUN120_1d_grid_U_20171216-20171216.nc
SalishSea1500-RUN120_1d_grid_U_20171217-20171217.nc
SalishSea1500-RUN120_1d_grid_U_20171218-20171218.nc
SalishSea1500-RUN120_1d_grid_U_20171219-20171219.nc
SalishSea1500-RUN120_1d_grid_U_20171220-20171220.nc
SalishSea1500-RUN120_1d_grid_U_20171221-20171221.nc
SalishSea1500-RUN120_1d_grid_U_20171222-20171222.nc
SalishSea1500-RUN120_1d_grid_U_20171223-20171223.nc
SalishSea1500-RUN120_1d_grid_U_20171224-20171224.nc
SalishSea1500-RUN120_1d_grid_U_20171225-20171225.nc
SalishSea1500-RUN120_1d_grid_U_20171226-20171226.nc
SalishSea1500-RUN120_1d_grid_U_20171227-20171227.nc
SalishSea1500-RUN120_1d_grid_U_20171228-20171228.nc
SalishSea1500-RUN120_1d_grid_U_20171229-20171229.nc
SalishSea1500-RUN120_1d_grid_U_20171230-20171230.nc
SalishSea1500-RUN120_1d_grid_U_20171231-20171231.nc
SalishSea1500-RUN120_1d_grid_U_20180101-20180101.nc
SalishSea1500-RUN120_1d_grid_U_20180102-20180102.nc
SalishSea1500-RUN120_1d_grid_U_20180103-20180103.nc
SalishSea1500-RUN120_1d_grid_U_20180104-20180104.nc
SalishSea1500-RUN120_1d_grid_U_20180105-20180105.nc
SalishSea1500-RUN120_1d_grid_U_20180106-20180106.nc
SalishSea1500-RUN120_1d_grid_U_20180107-20180107.nc
SalishSea1500-RUN120_1d_grid_U_20180108-20180108.nc
SalishSea1500-RUN120_1d_grid_U_20180109-20180109.nc
SalishSea1500-RUN120_1d_grid_U_20180110-20180110.nc
SalishSea1500-RUN120_1d_grid_U_20180111-20180111.nc
SalishSea1500-RUN120_1d_grid_U_20180112-20180112.nc
SalishSea1500-RUN120_1d_grid_U_20180113-20180113.nc
SalishSea1500-RUN120_1d_grid_U_20180114-20180114.nc
SalishSea1500-RUN120_1d_grid_U_20180115-20180115.nc
SalishSea1500-RUN120_1d_grid_U_20180116-20180116.nc
SalishSea1500-RUN120_1d_grid_U_20180117-20180117.nc
SalishSea1500-RUN120_1d_grid_U_20180118-20180118.nc
SalishSea1500-RUN120_1d_grid_U_20180119-20180119.nc
SalishSea1500-RUN120_1d_grid_U_20180120-20180120.nc
SalishSea1500-RUN120_1d_grid_U_20180121-20180121.nc
SalishSea1500-RUN120_1d_grid_U_20180122-20180122.nc
SalishSea1500-RUN120_1d_grid_U_20180123-20180123.nc
SalishSea1500-RUN120_1d_grid_U_20180124-20180124.nc
SalishSea1500-RUN120_1d_grid_U_20180125-20180125.nc
SalishSea1500-RUN120_1d_grid_U_20180126-20180126.nc
SalishSea1500-RUN120_1d_grid_U_20180127-20180127.nc
SalishSea1500-RUN120_1d_grid_U_20180128-20180128.nc
SalishSea1500-RUN120_1d_grid_U_20180129-20180129.nc
SalishSea1500-RUN120_1d_grid_U_20180130-20180130.nc
SalishSea1500-RUN120_1d_grid_U_20180131-20180131.nc
SalishSea1500-RUN120_1d_grid_U_20180201-20180201.nc
SalishSea1500-RUN120_1d_grid_U_20180202-20180202.nc
SalishSea1500-RUN120_1d_grid_U_20180203-20180203.nc
SalishSea1500-RUN120_1d_grid_U_20180204-20180204.nc
SalishSea1500-RUN120_1d_grid_U_20180205-20180205.nc
SalishSea1500-RUN120_1d_grid_V_20171029-20171029.nc
SalishSea1500-RUN120_1d_grid_V_20171030-20171030.nc
SalishSea1500-RUN120_1d_grid_V_20171031-20171031.nc
SalishSea1500-RUN120_1d_grid_V_20171101-20171101.nc
SalishSea1500-RUN120_1d_grid_V_20171102-20171102.nc
SalishSea1500-RUN120_1d_grid_V_20171103-20171103.nc
SalishSea1500-RUN120_1d_grid_V_20171104-20171104.nc
SalishSea1500-RUN120_1d_grid_V_20171105-20171105.nc
SalishSea1500-RUN120_1d_grid_V_20171106-20171106.nc
SalishSea1500-RUN120_1d_grid_V_20171107-20171107.nc
SalishSea1500-RUN120_1d_grid_V_20171108-20171108.nc
SalishSea1500-RUN120_1d_grid_V_20171109-20171109.nc
SalishSea1500-RUN120_1d_grid_V_20171110-20171110.nc
SalishSea1500-RUN120_1d_grid_V_20171111-20171111.nc
SalishSea1500-RUN120_1d_grid_V_20171112-20171112.nc
SalishSea1500-RUN120_1d_grid_V_20171113-20171113.nc
SalishSea1500-RUN120_1d_grid_V_20171114-20171114.nc
SalishSea1500-RUN120_1d_grid_V_20171115-20171115.nc
SalishSea1500-RUN120_1d_grid_V_20171116-20171116.nc
SalishSea1500-RUN120_1d_grid_V_20171117-20171117.nc
SalishSea1500-RUN120_1d_grid_V_20171118-20171118.nc
SalishSea1500-RUN120_1d_grid_V_20171119-20171119.nc
SalishSea1500-RUN120_1d_grid_V_20171120-20171120.nc
SalishSea1500-RUN120_1d_grid_V_20171121-20171121.nc
SalishSea1500-RUN120_1d_grid_V_20171122-20171122.nc
SalishSea1500-RUN120_1d_grid_V_20171123-20171123.nc
SalishSea1500-RUN120_1d_grid_V_20171124-20171124.nc
SalishSea1500-RUN120_1d_grid_V_20171125-20171125.nc
SalishSea1500-RUN120_1d_grid_V_20171126-20171126.nc
SalishSea1500-RUN120_1d_grid_V_20171127-20171127.nc
SalishSea1500-RUN120_1d_grid_V_20171128-20171128.nc
SalishSea1500-RUN120_1d_grid_V_20171129-20171129.nc
SalishSea1500-RUN120_1d_grid_V_20171130-20171130.nc
SalishSea1500-RUN120_1d_grid_V_20171201-20171201.nc
SalishSea1500-RUN120_1d_grid_V_20171202-20171202.nc
SalishSea1500-RUN120_1d_grid_V_20171203-20171203.nc
SalishSea1500-RUN120_1d_grid_V_20171204-20171204.nc
SalishSea1500-RUN120_1d_grid_V_20171205-20171205.nc
SalishSea1500-RUN120_1d_grid_V_20171206-20171206.nc
SalishSea1500-RUN120_1d_grid_V_20171207-20171207.nc
SalishSea1500-RUN120_1d_grid_V_20171208-20171208.nc
SalishSea1500-RUN120_1d_grid_V_20171209-20171209.nc
SalishSea1500-RUN120_1d_grid_V_20171210-20171210.nc
SalishSea1500-RUN120_1d_grid_V_20171211-20171211.nc
SalishSea1500-RUN120_1d_grid_V_20171212-20171212.nc
SalishSea1500-RUN120_1d_grid_V_20171213-20171213.nc
SalishSea1500-RUN120_1d_grid_V_20171214-20171214.nc
SalishSea1500-RUN120_1d_grid_V_20171215-20171215.nc
SalishSea1500-RUN120_1d_grid_V_20171216-20171216.nc
SalishSea1500-RUN120_1d_grid_V_20171217-20171217.nc
SalishSea1500-RUN120_1d_grid_V_20171218-20171218.nc
SalishSea1500-RUN120_1d_grid_V_20171219-20171219.nc
SalishSea1500-RUN120_1d_grid_V_20171220-20171220.nc
SalishSea1500-RUN120_1d_grid_V_20171221-20171221.nc
SalishSea1500-RUN120_1d_grid_V_20171222-20171222.nc
SalishSea1500-RUN120_1d_grid_V_20171223-20171223.nc
SalishSea1500-RUN120_1d_grid_V_20171224-20171224.nc
SalishSea1500-RUN120_1d_grid_V_20171225-20171225.nc
SalishSea1500-RUN120_1d_grid_V_20171226-20171226.nc
SalishSea1500-RUN120_1d_grid_V_20171227-20171227.nc
SalishSea1500-RUN120_1d_grid_V_20171228-20171228.nc
SalishSea1500-RUN120_1d_grid_V_20171229-20171229.nc
SalishSea1500-RUN120_1d_grid_V_20171230-20171230.nc
SalishSea1500-RUN120_1d_grid_V_20171231-20171231.nc
SalishSea1500-RUN120_1d_grid_V_20180101-20180101.nc
SalishSea1500-RUN120_1d_grid_V_20180102-20180102.nc
SalishSea1500-RUN120_1d_grid_V_20180103-20180103.nc
SalishSea1500-RUN120_1d_grid_V_20180104-20180104.nc
SalishSea1500-RUN120_1d_grid_V_20180105-20180105.nc
SalishSea1500-RUN120_1d_grid_V_20180106-20180106.nc
SalishSea1500-RUN120_1d_grid_V_20180107-20180107.nc
SalishSea1500-RUN120_1d_grid_V_20180108-20180108.nc
SalishSea1500-RUN120_1d_grid_V_20180109-20180109.nc
SalishSea1500-RUN120_1d_grid_V_20180110-20180110.nc
SalishSea1500-RUN120_1d_grid_V_20180111-20180111.nc
SalishSea1500-RUN120_1d_grid_V_20180112-20180112.nc
SalishSea1500-RUN120_1d_grid_V_20180113-20180113.nc
SalishSea1500-RUN120_1d_grid_V_20180114-20180114.nc
SalishSea1500-RUN120_1d_grid_V_20180115-20180115.nc
SalishSea1500-RUN120_1d_grid_V_20180116-20180116.nc
SalishSea1500-RUN120_1d_grid_V_20180117-20180117.nc
SalishSea1500-RUN120_1d_grid_V_20180118-20180118.nc
SalishSea1500-RUN120_1d_grid_V_20180119-20180119.nc
SalishSea1500-RUN120_1d_grid_V_20180120-20180120.nc
SalishSea1500-RUN120_1d_grid_V_20180121-20180121.nc
SalishSea1500-RUN120_1d_grid_V_20180122-20180122.nc
SalishSea1500-RUN120_1d_grid_V_20180123-20180123.nc
SalishSea1500-RUN120_1d_grid_V_20180124-20180124.nc
SalishSea1500-RUN120_1d_grid_V_20180125-20180125.nc
SalishSea1500-RUN120_1d_grid_V_20180126-20180126.nc
SalishSea1500-RUN120_1d_grid_V_20180127-20180127.nc
SalishSea1500-RUN120_1d_grid_V_20180128-20180128.nc
SalishSea1500-RUN120_1d_grid_V_20180129-20180129.nc
SalishSea1500-RUN120_1d_grid_V_20180130-20180130.nc
SalishSea1500-RUN120_1d_grid_V_20180131-20180131.nc
SalishSea1500-RUN120_1d_grid_V_20180201-20180201.nc
SalishSea1500-RUN120_1d_grid_V_20180202-20180202.nc
SalishSea1500-RUN120_1d_grid_V_20180203-20180203.nc
SalishSea1500-RUN120_1d_grid_V_20180204-20180204.nc
SalishSea1500-RUN120_1d_grid_V_20180205-20180205.nc
SalishSea1500-RUN120_1d_grid_W_20171029-20171029.nc
SalishSea1500-RUN120_1d_grid_W_20171030-20171030.nc
SalishSea1500-RUN120_1d_grid_W_20171031-20171031.nc
SalishSea1500-RUN120_1d_grid_W_20171101-20171101.nc
SalishSea1500-RUN120_1d_grid_W_20171102-20171102.nc
SalishSea1500-RUN120_1d_grid_W_20171103-20171103.nc
SalishSea1500-RUN120_1d_grid_W_20171104-20171104.nc
SalishSea1500-RUN120_1d_grid_W_20171105-20171105.nc
SalishSea1500-RUN120_1d_grid_W_20171106-20171106.nc
SalishSea1500-RUN120_1d_grid_W_20171107-20171107.nc
SalishSea1500-RUN120_1d_grid_W_20171108-20171108.nc
SalishSea1500-RUN120_1d_grid_W_20171109-20171109.nc
SalishSea1500-RUN120_1d_grid_W_20171110-20171110.nc
SalishSea1500-RUN120_1d_grid_W_20171111-20171111.nc
SalishSea1500-RUN120_1d_grid_W_20171112-20171112.nc
SalishSea1500-RUN120_1d_grid_W_20171113-20171113.nc
SalishSea1500-RUN120_1d_grid_W_20171114-20171114.nc
SalishSea1500-RUN120_1d_grid_W_20171115-20171115.nc
SalishSea1500-RUN120_1d_grid_W_20171116-20171116.nc
SalishSea1500-RUN120_1d_grid_W_20171117-20171117.nc
SalishSea1500-RUN120_1d_grid_W_20171118-20171118.nc
SalishSea1500-RUN120_1d_grid_W_20171119-20171119.nc
SalishSea1500-RUN120_1d_grid_W_20171120-20171120.nc
SalishSea1500-RUN120_1d_grid_W_20171121-20171121.nc
SalishSea1500-RUN120_1d_grid_W_20171122-20171122.nc
SalishSea1500-RUN120_1d_grid_W_20171123-20171123.nc
SalishSea1500-RUN120_1d_grid_W_20171124-20171124.nc
SalishSea1500-RUN120_1d_grid_W_20171125-20171125.nc
SalishSea1500-RUN120_1d_grid_W_20171126-20171126.nc
SalishSea1500-RUN120_1d_grid_W_20171127-20171127.nc
SalishSea1500-RUN120_1d_grid_W_20171128-20171128.nc
SalishSea1500-RUN120_1d_grid_W_20171129-20171129.nc
SalishSea1500-RUN120_1d_grid_W_20171130-20171130.nc
SalishSea1500-RUN120_1d_grid_W_20171201-20171201.nc
SalishSea1500-RUN120_1d_grid_W_20171202-20171202.nc
SalishSea1500-RUN120_1d_grid_W_20171203-20171203.nc
SalishSea1500-RUN120_1d_grid_W_20171204-20171204.nc
SalishSea1500-RUN120_1d_grid_W_20171205-20171205.nc
SalishSea1500-RUN120_1d_grid_W_20171206-20171206.nc
SalishSea1500-RUN120_1d_grid_W_20171207-20171207.nc
SalishSea1500-RUN120_1d_grid_W_20171208-20171208.nc
SalishSea1500-RUN120_1d_grid_W_20171209-20171209.nc
SalishSea1500-RUN120_1d_grid_W_20171210-20171210.nc
SalishSea1500-RUN120_1d_grid_W_20171211-20171211.nc
SalishSea1500-RUN120_1d_grid_W_20171212-20171212.nc
SalishSea1500-RUN120_1d_grid_W_20171213-20171213.nc
SalishSea1500-RUN120_1d_grid_W_20171214-20171214.nc
SalishSea1500-RUN120_1d_grid_W_20171215-20171215.nc
SalishSea1500-RUN120_1d_grid_W_20171216-20171216.nc
SalishSea1500-RUN120_1d_grid_W_20171217-20171217.nc
SalishSea1500-RUN120_1d_grid_W_20171218-20171218.nc
SalishSea1500-RUN120_1d_grid_W_20171219-20171219.nc
SalishSea1500-RUN120_1d_grid_W_20171220-20171220.nc
SalishSea1500-RUN120_1d_grid_W_20171221-20171221.nc
SalishSea1500-RUN120_1d_grid_W_20171222-20171222.nc
SalishSea1500-RUN120_1d_grid_W_20171223-20171223.nc
SalishSea1500-RUN120_1d_grid_W_20171224-20171224.nc
SalishSea1500-RUN120_1d_grid_W_20171225-20171225.nc
SalishSea1500-RUN120_1d_grid_W_20171226-20171226.nc
SalishSea1500-RUN120_1d_grid_W_20171227-20171227.nc
SalishSea1500-RUN120_1d_grid_W_20171228-20171228.nc
SalishSea1500-RUN120_1d_grid_W_20171229-20171229.nc
SalishSea1500-RUN120_1d_grid_W_20171230-20171230.nc
SalishSea1500-RUN120_1d_grid_W_20171231-20171231.nc
SalishSea1500-RUN120_1d_grid_W_20180101-20180101.nc
SalishSea1500-RUN120_1d_grid_W_20180102-20180102.nc
SalishSea1500-RUN120_1d_grid_W_20180103-20180103.nc
SalishSea1500-RUN120_1d_grid_W_20180104-20180104.nc
SalishSea1500-RUN120_1d_grid_W_20180105-20180105.nc
SalishSea1500-RUN120_1d_grid_W_20180106-20180106.nc
SalishSea1500-RUN120_1d_grid_W_20180107-20180107.nc
SalishSea1500-RUN120_1d_grid_W_20180108-20180108.nc
SalishSea1500-RUN120_1d_grid_W_20180109-20180109.nc
SalishSea1500-RUN120_1d_grid_W_20180110-20180110.nc
SalishSea1500-RUN120_1d_grid_W_20180111-20180111.nc
SalishSea1500-RUN120_1d_grid_W_20180112-20180112.nc
SalishSea1500-RUN120_1d_grid_W_20180113-20180113.nc
SalishSea1500-RUN120_1d_grid_W_20180114-20180114.nc
SalishSea1500-RUN120_1d_grid_W_20180115-20180115.nc
SalishSea1500-RUN120_1d_grid_W_20180116-20180116.nc
SalishSea1500-RUN120_1d_grid_W_20180117-20180117.nc
SalishSea1500-RUN120_1d_grid_W_20180118-20180118.nc
SalishSea1500-RUN120_1d_grid_W_20180119-20180119.nc
SalishSea1500-RUN120_1d_grid_W_20180120-20180120.nc
SalishSea1500-RUN120_1d_grid_W_20180121-20180121.nc
SalishSea1500-RUN120_1d_grid_W_20180122-20180122.nc
SalishSea1500-RUN120_1d_grid_W_20180123-20180123.nc
SalishSea1500-RUN120_1d_grid_W_20180124-20180124.nc
SalishSea1500-RUN120_1d_grid_W_20180125-20180125.nc
SalishSea1500-RUN120_1d_grid_W_20180126-20180126.nc
SalishSea1500-RUN120_1d_grid_W_20180127-20180127.nc
SalishSea1500-RUN120_1d_grid_W_20180128-20180128.nc
SalishSea1500-RUN120_1d_grid_W_20180129-20180129.nc
SalishSea1500-RUN120_1d_grid_W_20180130-20180130.nc
SalishSea1500-RUN120_1d_grid_W_20180131-20180131.nc
SalishSea1500-RUN120_1d_grid_W_20180201-20180201.nc
SalishSea1500-RUN120_1d_grid_W_20180202-20180202.nc
SalishSea1500-RUN120_1d_grid_W_20180203-20180203.nc
SalishSea1500-RUN120_1d_grid_W_20180204-20180204.nc
SalishSea1500-RUN120_1d_grid_W_20180205-20180205.nc
SalishSea1500-RUN120_1h_grid_T_20171029-20171029.nc
SalishSea1500-RUN120_1h_grid_T_20171030-20171030.nc
SalishSea1500-RUN120_1h_grid_T_20171031-20171031.nc
SalishSea1500-RUN120_1h_grid_T_20171101-20171101.nc
SalishSea1500-RUN120_1h_grid_T_20171102-20171102.nc
SalishSea1500-RUN120_1h_grid_T_20171103-20171103.nc
SalishSea1500-RUN120_1h_grid_T_20171104-20171104.nc
SalishSea1500-RUN120_1h_grid_T_20171105-20171105.nc
SalishSea1500-RUN120_1h_grid_T_20171106-20171106.nc
SalishSea1500-RUN120_1h_grid_T_20171107-20171107.nc
SalishSea1500-RUN120_1h_grid_T_20171108-20171108.nc
SalishSea1500-RUN120_1h_grid_T_20171109-20171109.nc
SalishSea1500-RUN120_1h_grid_T_20171110-20171110.nc
SalishSea1500-RUN120_1h_grid_T_20171111-20171111.nc
SalishSea1500-RUN120_1h_grid_T_20171112-20171112.nc
SalishSea1500-RUN120_1h_grid_T_20171113-20171113.nc
SalishSea1500-RUN120_1h_grid_T_20171114-20171114.nc
SalishSea1500-RUN120_1h_grid_T_20171115-20171115.nc
SalishSea1500-RUN120_1h_grid_T_20171116-20171116.nc
SalishSea1500-RUN120_1h_grid_T_20171117-20171117.nc
SalishSea1500-RUN120_1h_grid_T_20171118-20171118.nc
SalishSea1500-RUN120_1h_grid_T_20171119-20171119.nc
SalishSea1500-RUN120_1h_grid_T_20171120-20171120.nc
SalishSea1500-RUN120_1h_grid_T_20171121-20171121.nc
SalishSea1500-RUN120_1h_grid_T_20171122-20171122.nc
SalishSea1500-RUN120_1h_grid_T_20171123-20171123.nc
SalishSea1500-RUN120_1h_grid_T_20171124-20171124.nc
SalishSea1500-RUN120_1h_grid_T_20171125-20171125.nc
SalishSea1500-RUN120_1h_grid_T_20171126-20171126.nc
SalishSea1500-RUN120_1h_grid_T_20171127-20171127.nc
SalishSea1500-RUN120_1h_grid_T_20171128-20171128.nc
SalishSea1500-RUN120_1h_grid_T_20171129-20171129.nc
SalishSea1500-RUN120_1h_grid_T_20171130-20171130.nc
SalishSea1500-RUN120_1h_grid_T_20171201-20171201.nc
SalishSea1500-RUN120_1h_grid_T_20171202-20171202.nc
SalishSea1500-RUN120_1h_grid_T_20171203-20171203.nc
SalishSea1500-RUN120_1h_grid_T_20171204-20171204.nc
SalishSea1500-RUN120_1h_grid_T_20171205-20171205.nc
SalishSea1500-RUN120_1h_grid_T_20171206-20171206.nc
SalishSea1500-RUN120_1h_grid_T_20171207-20171207.nc
SalishSea1500-RUN120_1h_grid_T_20171208-20171208.nc
SalishSea1500-RUN120_1h_grid_T_20171209-20171209.nc
SalishSea1500-RUN120_1h_grid_T_20171210-20171210.nc
SalishSea1500-RUN120_1h_grid_T_20171211-20171211.nc
SalishSea1500-RUN120_1h_grid_T_20171212-20171212.nc
SalishSea1500-RUN120_1h_grid_T_20171213-20171213.nc
SalishSea1500-RUN120_1h_grid_T_20171214-20171214.nc
SalishSea1500-RUN120_1h_grid_T_20171215-20171215.nc
SalishSea1500-RUN120_1h_grid_T_20171216-20171216.nc
SalishSea1500-RUN120_1h_grid_T_20171217-20171217.nc
SalishSea1500-RUN120_1h_grid_T_20171218-20171218.nc
SalishSea1500-RUN120_1h_grid_T_20171219-20171219.nc
SalishSea1500-RUN120_1h_grid_T_20171220-20171220.nc
SalishSea1500-RUN120_1h_grid_T_20171221-20171221.nc
SalishSea1500-RUN120_1h_grid_T_20171222-20171222.nc
SalishSea1500-RUN120_1h_grid_T_20171223-20171223.nc
SalishSea1500-RUN120_1h_grid_T_20171224-20171224.nc
SalishSea1500-RUN120_1h_grid_T_20171225-20171225.nc
SalishSea1500-RUN120_1h_grid_T_20171226-20171226.nc
SalishSea1500-RUN120_1h_grid_T_20171227-20171227.nc
SalishSea1500-RUN120_1h_grid_T_20171228-20171228.nc
SalishSea1500-RUN120_1h_grid_T_20171229-20171229.nc
SalishSea1500-RUN120_1h_grid_T_20171230-20171230.nc
SalishSea1500-RUN120_1h_grid_T_20171231-20171231.nc
SalishSea1500-RUN120_1h_grid_T_20180101-20180101.nc
SalishSea1500-RUN120_1h_grid_T_20180102-20180102.nc
SalishSea1500-RUN120_1h_grid_T_20180103-20180103.nc
SalishSea1500-RUN120_1h_grid_T_20180104-20180104.nc
SalishSea1500-RUN120_1h_grid_T_20180105-20180105.nc
SalishSea1500-RUN120_1h_grid_T_20180106-20180106.nc
SalishSea1500-RUN120_1h_grid_T_20180107-20180107.nc
SalishSea1500-RUN120_1h_grid_T_20180108-20180108.nc
SalishSea1500-RUN120_1h_grid_T_20180109-20180109.nc
SalishSea1500-RUN120_1h_grid_T_20180110-20180110.nc
SalishSea1500-RUN120_1h_grid_T_20180111-20180111.nc
SalishSea1500-RUN120_1h_grid_T_20180112-20180112.nc
SalishSea1500-RUN120_1h_grid_T_20180113-20180113.nc
SalishSea1500-RUN120_1h_grid_T_20180114-20180114.nc
SalishSea1500-RUN120_1h_grid_T_20180115-20180115.nc
SalishSea1500-RUN120_1h_grid_T_20180116-20180116.nc
SalishSea1500-RUN120_1h_grid_T_20180117-20180117.nc
SalishSea1500-RUN120_1h_grid_T_20180118-20180118.nc
SalishSea1500-RUN120_1h_grid_T_20180119-20180119.nc
SalishSea1500-RUN120_1h_grid_T_20180120-20180120.nc
SalishSea1500-RUN120_1h_grid_T_20180121-20180121.nc
SalishSea1500-RUN120_1h_grid_T_20180122-20180122.nc
SalishSea1500-RUN120_1h_grid_T_20180123-20180123.nc
SalishSea1500-RUN120_1h_grid_T_20180124-20180124.nc
SalishSea1500-RUN120_1h_grid_T_20180125-20180125.nc
SalishSea1500-RUN120_1h_grid_T_20180126-20180126.nc
SalishSea1500-RUN120_1h_grid_T_20180127-20180127.nc
SalishSea1500-RUN120_1h_grid_T_20180128-20180128.nc
SalishSea1500-RUN120_1h_grid_T_20180129-20180129.nc
SalishSea1500-RUN120_1h_grid_T_20180130-20180130.nc
SalishSea1500-RUN120_1h_grid_T_20180131-20180131.nc
SalishSea1500-RUN120_1h_grid_T_20180201-20180201.nc
SalishSea1500-RUN120_1h_grid_T_20180202-20180202.nc
SalishSea1500-RUN120_1h_grid_T_20180203-20180203.nc
SalishSea1500-RUN120_1h_grid_T_20180204-20180204.nc
SalishSea1500-RUN120_1h_grid_T_20180205-20180205.nc
SalishSea1500-RUN120_1h_grid_T_2D_20171029-20171029.nc
SalishSea1500-RUN120_1h_grid_T_2D_20171030-20171030.nc
SalishSea1500-RUN120_1h_grid_T_2D_20171031-20171031.nc
SalishSea1500-RUN120_1h_grid_T_2D_20171101-20171101.nc
SalishSea1500-RUN120_1h_grid_T_2D_20171102-20171102.nc
SalishSea1500-RUN120_1h_grid_T_2D_20171103-20171103.nc
SalishSea1500-RUN120_1h_grid_T_2D_20171104-20171104.nc
SalishSea1500-RUN120_1h_grid_T_2D_20171105-20171105.nc
SalishSea1500-RUN120_1h_grid_T_2D_20171106-20171106.nc
SalishSea1500-RUN120_1h_grid_T_2D_20171107-20171107.nc
SalishSea1500-RUN120_1h_grid_T_2D_20171108-20171108.nc
SalishSea1500-RUN120_1h_grid_T_2D_20171109-20171109.nc
SalishSea1500-RUN120_1h_grid_T_2D_20171110-20171110.nc
SalishSea1500-RUN120_1h_grid_T_2D_20171111-20171111.nc
SalishSea1500-RUN120_1h_grid_T_2D_20171112-20171112.nc
SalishSea1500-RUN120_1h_grid_T_2D_20171113-20171113.nc
SalishSea1500-RUN120_1h_grid_T_2D_20171114-20171114.nc
SalishSea1500-RUN120_1h_grid_T_2D_20171115-20171115.nc
SalishSea1500-RUN120_1h_grid_T_2D_20171116-20171116.nc
SalishSea1500-RUN120_1h_grid_T_2D_20171117-20171117.nc
SalishSea1500-RUN120_1h_grid_T_2D_20171118-20171118.nc
SalishSea1500-RUN120_1h_grid_T_2D_20171119-20171119.nc
SalishSea1500-RUN120_1h_grid_T_2D_20171120-20171120.nc
SalishSea1500-RUN120_1h_grid_T_2D_20171121-20171121.nc
SalishSea1500-RUN120_1h_grid_T_2D_20171122-20171122.nc
SalishSea1500-RUN120_1h_grid_T_2D_20171123-20171123.nc
SalishSea1500-RUN120_1h_grid_T_2D_20171124-20171124.nc
SalishSea1500-RUN120_1h_grid_T_2D_20171125-20171125.nc
SalishSea1500-RUN120_1h_grid_T_2D_20171126-20171126.nc
SalishSea1500-RUN120_1h_grid_T_2D_20171127-20171127.nc
SalishSea1500-RUN120_1h_grid_T_2D_20171128-20171128.nc
SalishSea1500-RUN120_1h_grid_T_2D_20171129-20171129.nc
SalishSea1500-RUN120_1h_grid_T_2D_20171130-20171130.nc
SalishSea1500-RUN120_1h_grid_T_2D_20171201-20171201.nc
SalishSea1500-RUN120_1h_grid_T_2D_20171202-20171202.nc
SalishSea1500-RUN120_1h_grid_T_2D_20171203-20171203.nc
SalishSea1500-RUN120_1h_grid_T_2D_20171204-20171204.nc
SalishSea1500-RUN120_1h_grid_T_2D_20171205-20171205.nc
SalishSea1500-RUN120_1h_grid_T_2D_20171206-20171206.nc
SalishSea1500-RUN120_1h_grid_T_2D_20171207-20171207.nc
SalishSea1500-RUN120_1h_grid_T_2D_20171208-20171208.nc
SalishSea1500-RUN120_1h_grid_T_2D_20171209-20171209.nc
SalishSea1500-RUN120_1h_grid_T_2D_20171210-20171210.nc
SalishSea1500-RUN120_1h_grid_T_2D_20171211-20171211.nc
SalishSea1500-RUN120_1h_grid_T_2D_20171212-20171212.nc
SalishSea1500-RUN120_1h_grid_T_2D_20171213-20171213.nc
SalishSea1500-RUN120_1h_grid_T_2D_20171214-20171214.nc
SalishSea1500-RUN120_1h_grid_T_2D_20171215-20171215.nc
SalishSea1500-RUN120_1h_grid_T_2D_20171216-20171216.nc
SalishSea1500-RUN120_1h_grid_T_2D_20171217-20171217.nc
SalishSea1500-RUN120_1h_grid_T_2D_20171218-20171218.nc
SalishSea1500-RUN120_1h_grid_T_2D_20171219-20171219.nc
SalishSea1500-RUN120_1h_grid_T_2D_20171220-20171220.nc
SalishSea1500-RUN120_1h_grid_T_2D_20171221-20171221.nc
SalishSea1500-RUN120_1h_grid_T_2D_20171222-20171222.nc
SalishSea1500-RUN120_1h_grid_T_2D_20171223-20171223.nc
SalishSea1500-RUN120_1h_grid_T_2D_20171224-20171224.nc
SalishSea1500-RUN120_1h_grid_T_2D_20171225-20171225.nc
SalishSea1500-RUN120_1h_grid_T_2D_20171226-20171226.nc
SalishSea1500-RUN120_1h_grid_T_2D_20171227-20171227.nc
SalishSea1500-RUN120_1h_grid_T_2D_20171228-20171228.nc
SalishSea1500-RUN120_1h_grid_T_2D_20171229-20171229.nc
SalishSea1500-RUN120_1h_grid_T_2D_20171230-20171230.nc
SalishSea1500-RUN120_1h_grid_T_2D_20171231-20171231.nc
SalishSea1500-RUN120_1h_grid_T_2D_20180101-20180101.nc
SalishSea1500-RUN120_1h_grid_T_2D_20180102-20180102.nc
SalishSea1500-RUN120_1h_grid_T_2D_20180103-20180103.nc
SalishSea1500-RUN120_1h_grid_T_2D_20180104-20180104.nc
SalishSea1500-RUN120_1h_grid_T_2D_20180105-20180105.nc
SalishSea1500-RUN120_1h_grid_T_2D_20180106-20180106.nc
SalishSea1500-RUN120_1h_grid_T_2D_20180107-20180107.nc
SalishSea1500-RUN120_1h_grid_T_2D_20180108-20180108.nc
SalishSea1500-RUN120_1h_grid_T_2D_20180109-20180109.nc
SalishSea1500-RUN120_1h_grid_T_2D_20180110-20180110.nc
SalishSea1500-RUN120_1h_grid_T_2D_20180111-20180111.nc
SalishSea1500-RUN120_1h_grid_T_2D_20180112-20180112.nc
SalishSea1500-RUN120_1h_grid_T_2D_20180113-20180113.nc
SalishSea1500-RUN120_1h_grid_T_2D_20180114-20180114.nc
SalishSea1500-RUN120_1h_grid_T_2D_20180115-20180115.nc
SalishSea1500-RUN120_1h_grid_T_2D_20180116-20180116.nc
SalishSea1500-RUN120_1h_grid_T_2D_20180117-20180117.nc
SalishSea1500-RUN120_1h_grid_T_2D_20180118-20180118.nc
SalishSea1500-RUN120_1h_grid_T_2D_20180119-20180119.nc
SalishSea1500-RUN120_1h_grid_T_2D_20180120-20180120.nc
SalishSea1500-RUN120_1h_grid_T_2D_20180121-20180121.nc
SalishSea1500-RUN120_1h_grid_T_2D_20180122-20180122.nc
SalishSea1500-RUN120_1h_grid_T_2D_20180123-20180123.nc
SalishSea1500-RUN120_1h_grid_T_2D_20180124-20180124.nc
SalishSea1500-RUN120_1h_grid_T_2D_20180125-20180125.nc
SalishSea1500-RUN120_1h_grid_T_2D_20180126-20180126.nc
SalishSea1500-RUN120_1h_grid_T_2D_20180127-20180127.nc
SalishSea1500-RUN120_1h_grid_T_2D_20180128-20180128.nc
SalishSea1500-RUN120_1h_grid_T_2D_20180129-20180129.nc
SalishSea1500-RUN120_1h_grid_T_2D_20180130-20180130.nc
SalishSea1500-RUN120_1h_grid_T_2D_20180131-20180131.nc
SalishSea1500-RUN120_1h_grid_T_2D_20180201-20180201.nc
SalishSea1500-RUN120_1h_grid_T_2D_20180202-20180202.nc
SalishSea1500-RUN120_1h_grid_T_2D_20180203-20180203.nc
SalishSea1500-RUN120_1h_grid_T_2D_20180204-20180204.nc
SalishSea1500-RUN120_1h_grid_T_2D_20180205-20180205.nc
SalishSea1500-RUN120_1h_grid_U_20171029-20171029.nc
SalishSea1500-RUN120_1h_grid_U_20171030-20171030.nc
SalishSea1500-RUN120_1h_grid_U_20171031-20171031.nc
SalishSea1500-RUN120_1h_grid_U_20171101-20171101.nc
SalishSea1500-RUN120_1h_grid_U_20171102-20171102.nc
SalishSea1500-RUN120_1h_grid_U_20171103-20171103.nc
SalishSea1500-RUN120_1h_grid_U_20171104-20171104.nc
SalishSea1500-RUN120_1h_grid_U_20171105-20171105.nc
SalishSea1500-RUN120_1h_grid_U_20171106-20171106.nc
SalishSea1500-RUN120_1h_grid_U_20171107-20171107.nc
SalishSea1500-RUN120_1h_grid_U_20171108-20171108.nc
SalishSea1500-RUN120_1h_grid_U_20171109-20171109.nc
SalishSea1500-RUN120_1h_grid_U_20171110-20171110.nc
SalishSea1500-RUN120_1h_grid_U_20171111-20171111.nc
SalishSea1500-RUN120_1h_grid_U_20171112-20171112.nc
SalishSea1500-RUN120_1h_grid_U_20171113-20171113.nc
SalishSea1500-RUN120_1h_grid_U_20171114-20171114.nc
SalishSea1500-RUN120_1h_grid_U_20171115-20171115.nc
SalishSea1500-RUN120_1h_grid_U_20171116-20171116.nc
SalishSea1500-RUN120_1h_grid_U_20171117-20171117.nc
SalishSea1500-RUN120_1h_grid_U_20171118-20171118.nc
SalishSea1500-RUN120_1h_grid_U_20171119-20171119.nc
SalishSea1500-RUN120_1h_grid_U_20171120-20171120.nc
SalishSea1500-RUN120_1h_grid_U_20171121-20171121.nc
SalishSea1500-RUN120_1h_grid_U_20171122-20171122.nc
SalishSea1500-RUN120_1h_grid_U_20171123-20171123.nc
SalishSea1500-RUN120_1h_grid_U_20171124-20171124.nc
SalishSea1500-RUN120_1h_grid_U_20171125-20171125.nc
SalishSea1500-RUN120_1h_grid_U_20171126-20171126.nc
SalishSea1500-RUN120_1h_grid_U_20171127-20171127.nc
SalishSea1500-RUN120_1h_grid_U_20171128-20171128.nc
SalishSea1500-RUN120_1h_grid_U_20171129-20171129.nc
SalishSea1500-RUN120_1h_grid_U_20171130-20171130.nc
SalishSea1500-RUN120_1h_grid_U_20171201-20171201.nc
SalishSea1500-RUN120_1h_grid_U_20171202-20171202.nc
SalishSea1500-RUN120_1h_grid_U_20171203-20171203.nc
SalishSea1500-RUN120_1h_grid_U_20171204-20171204.nc
SalishSea1500-RUN120_1h_grid_U_20171205-20171205.nc
SalishSea1500-RUN120_1h_grid_U_20171206-20171206.nc
SalishSea1500-RUN120_1h_grid_U_20171207-20171207.nc
SalishSea1500-RUN120_1h_grid_U_20171208-20171208.nc
SalishSea1500-RUN120_1h_grid_U_20171209-20171209.nc
SalishSea1500-RUN120_1h_grid_U_20171210-20171210.nc
SalishSea1500-RUN120_1h_grid_U_20171211-20171211.nc
SalishSea1500-RUN120_1h_grid_U_20171212-20171212.nc
SalishSea1500-RUN120_1h_grid_U_20171213-20171213.nc
SalishSea1500-RUN120_1h_grid_U_20171214-20171214.nc
SalishSea1500-RUN120_1h_grid_U_20171215-20171215.nc
SalishSea1500-RUN120_1h_grid_U_20171216-20171216.nc
SalishSea1500-RUN120_1h_grid_U_20171217-20171217.nc
SalishSea1500-RUN120_1h_grid_U_20171218-20171218.nc
SalishSea1500-RUN120_1h_grid_U_20171219-20171219.nc
SalishSea1500-RUN120_1h_grid_U_20171220-20171220.nc
SalishSea1500-RUN120_1h_grid_U_20171221-20171221.nc
SalishSea1500-RUN120_1h_grid_U_20171222-20171222.nc
SalishSea1500-RUN120_1h_grid_U_20171223-20171223.nc
SalishSea1500-RUN120_1h_grid_U_20171224-20171224.nc
SalishSea1500-RUN120_1h_grid_U_20171225-20171225.nc
SalishSea1500-RUN120_1h_grid_U_20171226-20171226.nc
SalishSea1500-RUN120_1h_grid_U_20171227-20171227.nc
SalishSea1500-RUN120_1h_grid_U_20171228-20171228.nc
SalishSea1500-RUN120_1h_grid_U_20171229-20171229.nc
SalishSea1500-RUN120_1h_grid_U_20171230-20171230.nc
SalishSea1500-RUN120_1h_grid_U_20171231-20171231.nc
SalishSea1500-RUN120_1h_grid_U_20180101-20180101.nc
SalishSea1500-RUN120_1h_grid_U_20180102-20180102.nc
SalishSea1500-RUN120_1h_grid_U_20180103-20180103.nc
SalishSea1500-RUN120_1h_grid_U_20180104-20180104.nc
SalishSea1500-RUN120_1h_grid_U_20180105-20180105.nc
SalishSea1500-RUN120_1h_grid_U_20180106-20180106.nc
SalishSea1500-RUN120_1h_grid_U_20180107-20180107.nc
SalishSea1500-RUN120_1h_grid_U_20180108-20180108.nc
SalishSea1500-RUN120_1h_grid_U_20180109-20180109.nc
SalishSea1500-RUN120_1h_grid_U_20180110-20180110.nc
SalishSea1500-RUN120_1h_grid_U_20180111-20180111.nc
SalishSea1500-RUN120_1h_grid_U_20180112-20180112.nc
SalishSea1500-RUN120_1h_grid_U_20180113-20180113.nc
SalishSea1500-RUN120_1h_grid_U_20180114-20180114.nc
SalishSea1500-RUN120_1h_grid_U_20180115-20180115.nc
SalishSea1500-RUN120_1h_grid_U_20180116-20180116.nc
SalishSea1500-RUN120_1h_grid_U_20180117-20180117.nc
SalishSea1500-RUN120_1h_grid_U_20180118-20180118.nc
SalishSea1500-RUN120_1h_grid_U_20180119-20180119.nc
SalishSea1500-RUN120_1h_grid_U_20180120-20180120.nc
SalishSea1500-RUN120_1h_grid_U_20180121-20180121.nc
SalishSea1500-RUN120_1h_grid_U_20180122-20180122.nc
SalishSea1500-RUN120_1h_grid_U_20180123-20180123.nc
SalishSea1500-RUN120_1h_grid_U_20180124-20180124.nc
SalishSea1500-RUN120_1h_grid_U_20180125-20180125.nc
SalishSea1500-RUN120_1h_grid_U_20180126-20180126.nc
SalishSea1500-RUN120_1h_grid_U_20180127-20180127.nc
SalishSea1500-RUN120_1h_grid_U_20180128-20180128.nc
SalishSea1500-RUN120_1h_grid_U_20180129-20180129.nc
SalishSea1500-RUN120_1h_grid_U_20180130-20180130.nc
SalishSea1500-RUN120_1h_grid_U_20180131-20180131.nc
SalishSea1500-RUN120_1h_grid_U_20180201-20180201.nc
SalishSea1500-RUN120_1h_grid_U_20180202-20180202.nc
SalishSea1500-RUN120_1h_grid_U_20180203-20180203.nc
SalishSea1500-RUN120_1h_grid_U_20180204-20180204.nc
SalishSea1500-RUN120_1h_grid_U_20180205-20180205.nc
SalishSea1500-RUN120_1h_grid_U_2D_20171029-20171029.nc
SalishSea1500-RUN120_1h_grid_U_2D_20171030-20171030.nc
SalishSea1500-RUN120_1h_grid_U_2D_20171031-20171031.nc
SalishSea1500-RUN120_1h_grid_U_2D_20171101-20171101.nc
SalishSea1500-RUN120_1h_grid_U_2D_20171102-20171102.nc
SalishSea1500-RUN120_1h_grid_U_2D_20171103-20171103.nc
SalishSea1500-RUN120_1h_grid_U_2D_20171104-20171104.nc
SalishSea1500-RUN120_1h_grid_U_2D_20171105-20171105.nc
SalishSea1500-RUN120_1h_grid_U_2D_20171106-20171106.nc
SalishSea1500-RUN120_1h_grid_U_2D_20171107-20171107.nc
SalishSea1500-RUN120_1h_grid_U_2D_20171108-20171108.nc
SalishSea1500-RUN120_1h_grid_U_2D_20171109-20171109.nc
SalishSea1500-RUN120_1h_grid_U_2D_20171110-20171110.nc
SalishSea1500-RUN120_1h_grid_U_2D_20171111-20171111.nc
SalishSea1500-RUN120_1h_grid_U_2D_20171112-20171112.nc
SalishSea1500-RUN120_1h_grid_U_2D_20171113-20171113.nc
SalishSea1500-RUN120_1h_grid_U_2D_20171114-20171114.nc
SalishSea1500-RUN120_1h_grid_U_2D_20171115-20171115.nc
SalishSea1500-RUN120_1h_grid_U_2D_20171116-20171116.nc
SalishSea1500-RUN120_1h_grid_U_2D_20171117-20171117.nc
SalishSea1500-RUN120_1h_grid_U_2D_20171118-20171118.nc
SalishSea1500-RUN120_1h_grid_U_2D_20171119-20171119.nc
SalishSea1500-RUN120_1h_grid_U_2D_20171120-20171120.nc
SalishSea1500-RUN120_1h_grid_U_2D_20171121-20171121.nc
SalishSea1500-RUN120_1h_grid_U_2D_20171122-20171122.nc
SalishSea1500-RUN120_1h_grid_U_2D_20171123-20171123.nc
SalishSea1500-RUN120_1h_grid_U_2D_20171124-20171124.nc
SalishSea1500-RUN120_1h_grid_U_2D_20171125-20171125.nc
SalishSea1500-RUN120_1h_grid_U_2D_20171126-20171126.nc
SalishSea1500-RUN120_1h_grid_U_2D_20171127-20171127.nc
SalishSea1500-RUN120_1h_grid_U_2D_20171128-20171128.nc
SalishSea1500-RUN120_1h_grid_U_2D_20171129-20171129.nc
SalishSea1500-RUN120_1h_grid_U_2D_20171130-20171130.nc
SalishSea1500-RUN120_1h_grid_U_2D_20171201-20171201.nc
SalishSea1500-RUN120_1h_grid_U_2D_20171202-20171202.nc
SalishSea1500-RUN120_1h_grid_U_2D_20171203-20171203.nc
SalishSea1500-RUN120_1h_grid_U_2D_20171204-20171204.nc
SalishSea1500-RUN120_1h_grid_U_2D_20171205-20171205.nc
SalishSea1500-RUN120_1h_grid_U_2D_20171206-20171206.nc
SalishSea1500-RUN120_1h_grid_U_2D_20171207-20171207.nc
SalishSea1500-RUN120_1h_grid_U_2D_20171208-20171208.nc
SalishSea1500-RUN120_1h_grid_U_2D_20171209-20171209.nc
SalishSea1500-RUN120_1h_grid_U_2D_20171210-20171210.nc
SalishSea1500-RUN120_1h_grid_U_2D_20171211-20171211.nc
SalishSea1500-RUN120_1h_grid_U_2D_20171212-20171212.nc
SalishSea1500-RUN120_1h_grid_U_2D_20171213-20171213.nc
SalishSea1500-RUN120_1h_grid_U_2D_20171214-20171214.nc
SalishSea1500-RUN120_1h_grid_U_2D_20171215-20171215.nc
SalishSea1500-RUN120_1h_grid_U_2D_20171216-20171216.nc
SalishSea1500-RUN120_1h_grid_U_2D_20171217-20171217.nc
SalishSea1500-RUN120_1h_grid_U_2D_20171218-20171218.nc
SalishSea1500-RUN120_1h_grid_U_2D_20171219-20171219.nc
SalishSea1500-RUN120_1h_grid_U_2D_20171220-20171220.nc
SalishSea1500-RUN120_1h_grid_U_2D_20171221-20171221.nc
SalishSea1500-RUN120_1h_grid_U_2D_20171222-20171222.nc
SalishSea1500-RUN120_1h_grid_U_2D_20171223-20171223.nc
SalishSea1500-RUN120_1h_grid_U_2D_20171224-20171224.nc
SalishSea1500-RUN120_1h_grid_U_2D_20171225-20171225.nc
SalishSea1500-RUN120_1h_grid_U_2D_20171226-20171226.nc
SalishSea1500-RUN120_1h_grid_U_2D_20171227-20171227.nc
SalishSea1500-RUN120_1h_grid_U_2D_20171228-20171228.nc
SalishSea1500-RUN120_1h_grid_U_2D_20171229-20171229.nc
SalishSea1500-RUN120_1h_grid_U_2D_20171230-20171230.nc
SalishSea1500-RUN120_1h_grid_U_2D_20171231-20171231.nc
SalishSea1500-RUN120_1h_grid_U_2D_20180101-20180101.nc
SalishSea1500-RUN120_1h_grid_U_2D_20180102-20180102.nc
SalishSea1500-RUN120_1h_grid_U_2D_20180103-20180103.nc
SalishSea1500-RUN120_1h_grid_U_2D_20180104-20180104.nc
SalishSea1500-RUN120_1h_grid_U_2D_20180105-20180105.nc
SalishSea1500-RUN120_1h_grid_U_2D_20180106-20180106.nc
SalishSea1500-RUN120_1h_grid_U_2D_20180107-20180107.nc
SalishSea1500-RUN120_1h_grid_U_2D_20180108-20180108.nc
SalishSea1500-RUN120_1h_grid_U_2D_20180109-20180109.nc
SalishSea1500-RUN120_1h_grid_U_2D_20180110-20180110.nc
SalishSea1500-RUN120_1h_grid_U_2D_20180111-20180111.nc
SalishSea1500-RUN120_1h_grid_U_2D_20180112-20180112.nc
SalishSea1500-RUN120_1h_grid_U_2D_20180113-20180113.nc
SalishSea1500-RUN120_1h_grid_U_2D_20180114-20180114.nc
SalishSea1500-RUN120_1h_grid_U_2D_20180115-20180115.nc
SalishSea1500-RUN120_1h_grid_U_2D_20180116-20180116.nc
SalishSea1500-RUN120_1h_grid_U_2D_20180117-20180117.nc
SalishSea1500-RUN120_1h_grid_U_2D_20180118-20180118.nc
SalishSea1500-RUN120_1h_grid_U_2D_20180119-20180119.nc
SalishSea1500-RUN120_1h_grid_U_2D_20180120-20180120.nc
SalishSea1500-RUN120_1h_grid_U_2D_20180121-20180121.nc
SalishSea1500-RUN120_1h_grid_U_2D_20180122-20180122.nc
SalishSea1500-RUN120_1h_grid_U_2D_20180123-20180123.nc
SalishSea1500-RUN120_1h_grid_U_2D_20180124-20180124.nc
SalishSea1500-RUN120_1h_grid_U_2D_20180125-20180125.nc
SalishSea1500-RUN120_1h_grid_U_2D_20180126-20180126.nc
SalishSea1500-RUN120_1h_grid_U_2D_20180127-20180127.nc
SalishSea1500-RUN120_1h_grid_U_2D_20180128-20180128.nc
SalishSea1500-RUN120_1h_grid_U_2D_20180129-20180129.nc
SalishSea1500-RUN120_1h_grid_U_2D_20180130-20180130.nc
SalishSea1500-RUN120_1h_grid_U_2D_20180131-20180131.nc
SalishSea1500-RUN120_1h_grid_U_2D_20180201-20180201.nc
SalishSea1500-RUN120_1h_grid_U_2D_20180202-20180202.nc
SalishSea1500-RUN120_1h_grid_U_2D_20180203-20180203.nc
SalishSea1500-RUN120_1h_grid_U_2D_20180204-20180204.nc
SalishSea1500-RUN120_1h_grid_U_2D_20180205-20180205.nc
SalishSea1500-RUN120_1h_grid_V_20171029-20171029.nc
SalishSea1500-RUN120_1h_grid_V_20171030-20171030.nc
SalishSea1500-RUN120_1h_grid_V_20171031-20171031.nc
SalishSea1500-RUN120_1h_grid_V_20171101-20171101.nc
SalishSea1500-RUN120_1h_grid_V_20171102-20171102.nc
SalishSea1500-RUN120_1h_grid_V_20171103-20171103.nc
SalishSea1500-RUN120_1h_grid_V_20171104-20171104.nc
SalishSea1500-RUN120_1h_grid_V_20171105-20171105.nc
SalishSea1500-RUN120_1h_grid_V_20171106-20171106.nc
SalishSea1500-RUN120_1h_grid_V_20171107-20171107.nc
SalishSea1500-RUN120_1h_grid_V_20171108-20171108.nc
SalishSea1500-RUN120_1h_grid_V_20171109-20171109.nc
SalishSea1500-RUN120_1h_grid_V_20171110-20171110.nc
SalishSea1500-RUN120_1h_grid_V_20171111-20171111.nc
SalishSea1500-RUN120_1h_grid_V_20171112-20171112.nc
SalishSea1500-RUN120_1h_grid_V_20171113-20171113.nc
SalishSea1500-RUN120_1h_grid_V_20171114-20171114.nc
SalishSea1500-RUN120_1h_grid_V_20171115-20171115.nc
SalishSea1500-RUN120_1h_grid_V_20171116-20171116.nc
SalishSea1500-RUN120_1h_grid_V_20171117-20171117.nc
SalishSea1500-RUN120_1h_grid_V_20171118-20171118.nc
SalishSea1500-RUN120_1h_grid_V_20171119-20171119.nc
SalishSea1500-RUN120_1h_grid_V_20171120-20171120.nc
SalishSea1500-RUN120_1h_grid_V_20171121-20171121.nc
SalishSea1500-RUN120_1h_grid_V_20171122-20171122.nc
SalishSea1500-RUN120_1h_grid_V_20171123-20171123.nc
SalishSea1500-RUN120_1h_grid_V_20171124-20171124.nc
SalishSea1500-RUN120_1h_grid_V_20171125-20171125.nc
SalishSea1500-RUN120_1h_grid_V_20171126-20171126.nc
SalishSea1500-RUN120_1h_grid_V_20171127-20171127.nc
SalishSea1500-RUN120_1h_grid_V_20171128-20171128.nc
SalishSea1500-RUN120_1h_grid_V_20171129-20171129.nc
SalishSea1500-RUN120_1h_grid_V_20171130-20171130.nc
SalishSea1500-RUN120_1h_grid_V_20171201-20171201.nc
SalishSea1500-RUN120_1h_grid_V_20171202-20171202.nc
SalishSea1500-RUN120_1h_grid_V_20171203-20171203.nc
SalishSea1500-RUN120_1h_grid_V_20171204-20171204.nc
SalishSea1500-RUN120_1h_grid_V_20171205-20171205.nc
SalishSea1500-RUN120_1h_grid_V_20171206-20171206.nc
SalishSea1500-RUN120_1h_grid_V_20171207-20171207.nc
SalishSea1500-RUN120_1h_grid_V_20171208-20171208.nc
SalishSea1500-RUN120_1h_grid_V_20171209-20171209.nc
SalishSea1500-RUN120_1h_grid_V_20171210-20171210.nc
SalishSea1500-RUN120_1h_grid_V_20171211-20171211.nc
SalishSea1500-RUN120_1h_grid_V_20171212-20171212.nc
SalishSea1500-RUN120_1h_grid_V_20171213-20171213.nc
SalishSea1500-RUN120_1h_grid_V_20171214-20171214.nc
SalishSea1500-RUN120_1h_grid_V_20171215-20171215.nc
SalishSea1500-RUN120_1h_grid_V_20171216-20171216.nc
SalishSea1500-RUN120_1h_grid_V_20171217-20171217.nc
SalishSea1500-RUN120_1h_grid_V_20171218-20171218.nc
SalishSea1500-RUN120_1h_grid_V_20171219-20171219.nc
SalishSea1500-RUN120_1h_grid_V_20171220-20171220.nc
SalishSea1500-RUN120_1h_grid_V_20171221-20171221.nc
SalishSea1500-RUN120_1h_grid_V_20171222-20171222.nc
SalishSea1500-RUN120_1h_grid_V_20171223-20171223.nc
SalishSea1500-RUN120_1h_grid_V_20171224-20171224.nc
SalishSea1500-RUN120_1h_grid_V_20171225-20171225.nc
SalishSea1500-RUN120_1h_grid_V_20171226-20171226.nc
SalishSea1500-RUN120_1h_grid_V_20171227-20171227.nc
SalishSea1500-RUN120_1h_grid_V_20171228-20171228.nc
SalishSea1500-RUN120_1h_grid_V_20171229-20171229.nc
SalishSea1500-RUN120_1h_grid_V_20171230-20171230.nc
SalishSea1500-RUN120_1h_grid_V_20171231-20171231.nc
SalishSea1500-RUN120_1h_grid_V_20180101-20180101.nc
SalishSea1500-RUN120_1h_grid_V_20180102-20180102.nc
SalishSea1500-RUN120_1h_grid_V_20180103-20180103.nc
SalishSea1500-RUN120_1h_grid_V_20180104-20180104.nc
SalishSea1500-RUN120_1h_grid_V_20180105-20180105.nc
SalishSea1500-RUN120_1h_grid_V_20180106-20180106.nc
SalishSea1500-RUN120_1h_grid_V_20180107-20180107.nc
SalishSea1500-RUN120_1h_grid_V_20180108-20180108.nc
SalishSea1500-RUN120_1h_grid_V_20180109-20180109.nc
SalishSea1500-RUN120_1h_grid_V_20180110-20180110.nc
SalishSea1500-RUN120_1h_grid_V_20180111-20180111.nc
SalishSea1500-RUN120_1h_grid_V_20180112-20180112.nc
SalishSea1500-RUN120_1h_grid_V_20180113-20180113.nc
SalishSea1500-RUN120_1h_grid_V_20180114-20180114.nc
SalishSea1500-RUN120_1h_grid_V_20180115-20180115.nc
SalishSea1500-RUN120_1h_grid_V_20180116-20180116.nc
SalishSea1500-RUN120_1h_grid_V_20180117-20180117.nc
SalishSea1500-RUN120_1h_grid_V_20180118-20180118.nc
SalishSea1500-RUN120_1h_grid_V_20180119-20180119.nc
SalishSea1500-RUN120_1h_grid_V_20180120-20180120.nc
SalishSea1500-RUN120_1h_grid_V_20180121-20180121.nc
SalishSea1500-RUN120_1h_grid_V_20180122-20180122.nc
SalishSea1500-RUN120_1h_grid_V_20180123-20180123.nc
SalishSea1500-RUN120_1h_grid_V_20180124-20180124.nc
SalishSea1500-RUN120_1h_grid_V_20180125-20180125.nc
SalishSea1500-RUN120_1h_grid_V_20180126-20180126.nc
SalishSea1500-RUN120_1h_grid_V_20180127-20180127.nc
SalishSea1500-RUN120_1h_grid_V_20180128-20180128.nc
SalishSea1500-RUN120_1h_grid_V_20180129-20180129.nc
SalishSea1500-RUN120_1h_grid_V_20180130-20180130.nc
SalishSea1500-RUN120_1h_grid_V_20180131-20180131.nc
SalishSea1500-RUN120_1h_grid_V_20180201-20180201.nc
SalishSea1500-RUN120_1h_grid_V_20180202-20180202.nc
SalishSea1500-RUN120_1h_grid_V_20180203-20180203.nc
SalishSea1500-RUN120_1h_grid_V_20180204-20180204.nc
SalishSea1500-RUN120_1h_grid_V_20180205-20180205.nc
SalishSea1500-RUN120_1h_grid_V_2D_20171029-20171029.nc
SalishSea1500-RUN120_1h_grid_V_2D_20171030-20171030.nc
SalishSea1500-RUN120_1h_grid_V_2D_20171031-20171031.nc
SalishSea1500-RUN120_1h_grid_V_2D_20171101-20171101.nc
SalishSea1500-RUN120_1h_grid_V_2D_20171102-20171102.nc
SalishSea1500-RUN120_1h_grid_V_2D_20171103-20171103.nc
SalishSea1500-RUN120_1h_grid_V_2D_20171104-20171104.nc
SalishSea1500-RUN120_1h_grid_V_2D_20171105-20171105.nc
SalishSea1500-RUN120_1h_grid_V_2D_20171106-20171106.nc
SalishSea1500-RUN120_1h_grid_V_2D_20171107-20171107.nc
SalishSea1500-RUN120_1h_grid_V_2D_20171108-20171108.nc
SalishSea1500-RUN120_1h_grid_V_2D_20171109-20171109.nc
SalishSea1500-RUN120_1h_grid_V_2D_20171110-20171110.nc
SalishSea1500-RUN120_1h_grid_V_2D_20171111-20171111.nc
SalishSea1500-RUN120_1h_grid_V_2D_20171112-20171112.nc
SalishSea1500-RUN120_1h_grid_V_2D_20171113-20171113.nc
SalishSea1500-RUN120_1h_grid_V_2D_20171114-20171114.nc
SalishSea1500-RUN120_1h_grid_V_2D_20171115-20171115.nc
SalishSea1500-RUN120_1h_grid_V_2D_20171116-20171116.nc
SalishSea1500-RUN120_1h_grid_V_2D_20171117-20171117.nc
SalishSea1500-RUN120_1h_grid_V_2D_20171118-20171118.nc
SalishSea1500-RUN120_1h_grid_V_2D_20171119-20171119.nc
SalishSea1500-RUN120_1h_grid_V_2D_20171120-20171120.nc
SalishSea1500-RUN120_1h_grid_V_2D_20171121-20171121.nc
SalishSea1500-RUN120_1h_grid_V_2D_20171122-20171122.nc
SalishSea1500-RUN120_1h_grid_V_2D_20171123-20171123.nc
SalishSea1500-RUN120_1h_grid_V_2D_20171124-20171124.nc
SalishSea1500-RUN120_1h_grid_V_2D_20171125-20171125.nc
SalishSea1500-RUN120_1h_grid_V_2D_20171126-20171126.nc
SalishSea1500-RUN120_1h_grid_V_2D_20171127-20171127.nc
SalishSea1500-RUN120_1h_grid_V_2D_20171128-20171128.nc
SalishSea1500-RUN120_1h_grid_V_2D_20171129-20171129.nc
SalishSea1500-RUN120_1h_grid_V_2D_20171130-20171130.nc
SalishSea1500-RUN120_1h_grid_V_2D_20171201-20171201.nc
SalishSea1500-RUN120_1h_grid_V_2D_20171202-20171202.nc
SalishSea1500-RUN120_1h_grid_V_2D_20171203-20171203.nc
SalishSea1500-RUN120_1h_grid_V_2D_20171204-20171204.nc
SalishSea1500-RUN120_1h_grid_V_2D_20171205-20171205.nc
SalishSea1500-RUN120_1h_grid_V_2D_20171206-20171206.nc
SalishSea1500-RUN120_1h_grid_V_2D_20171207-20171207.nc
SalishSea1500-RUN120_1h_grid_V_2D_20171208-20171208.nc
SalishSea1500-RUN120_1h_grid_V_2D_20171209-20171209.nc
SalishSea1500-RUN120_1h_grid_V_2D_20171210-20171210.nc
SalishSea1500-RUN120_1h_grid_V_2D_20171211-20171211.nc
SalishSea1500-RUN120_1h_grid_V_2D_20171212-20171212.nc
SalishSea1500-RUN120_1h_grid_V_2D_20171213-20171213.nc
SalishSea1500-RUN120_1h_grid_V_2D_20171214-20171214.nc
SalishSea1500-RUN120_1h_grid_V_2D_20171215-20171215.nc
SalishSea1500-RUN120_1h_grid_V_2D_20171216-20171216.nc
SalishSea1500-RUN120_1h_grid_V_2D_20171217-20171217.nc
SalishSea1500-RUN120_1h_grid_V_2D_20171218-20171218.nc
SalishSea1500-RUN120_1h_grid_V_2D_20171219-20171219.nc
SalishSea1500-RUN120_1h_grid_V_2D_20171220-20171220.nc
SalishSea1500-RUN120_1h_grid_V_2D_20171221-20171221.nc
SalishSea1500-RUN120_1h_grid_V_2D_20171222-20171222.nc
SalishSea1500-RUN120_1h_grid_V_2D_20171223-20171223.nc
SalishSea1500-RUN120_1h_grid_V_2D_20171224-20171224.nc
SalishSea1500-RUN120_1h_grid_V_2D_20171225-20171225.nc
SalishSea1500-RUN120_1h_grid_V_2D_20171226-20171226.nc
SalishSea1500-RUN120_1h_grid_V_2D_20171227-20171227.nc
SalishSea1500-RUN120_1h_grid_V_2D_20171228-20171228.nc
SalishSea1500-RUN120_1h_grid_V_2D_20171229-20171229.nc
SalishSea1500-RUN120_1h_grid_V_2D_20171230-20171230.nc
SalishSea1500-RUN120_1h_grid_V_2D_20171231-20171231.nc
SalishSea1500-RUN120_1h_grid_V_2D_20180101-20180101.nc
SalishSea1500-RUN120_1h_grid_V_2D_20180102-20180102.nc
SalishSea1500-RUN120_1h_grid_V_2D_20180103-20180103.nc
SalishSea1500-RUN120_1h_grid_V_2D_20180104-20180104.nc
SalishSea1500-RUN120_1h_grid_V_2D_20180105-20180105.nc
SalishSea1500-RUN120_1h_grid_V_2D_20180106-20180106.nc
SalishSea1500-RUN120_1h_grid_V_2D_20180107-20180107.nc
SalishSea1500-RUN120_1h_grid_V_2D_20180108-20180108.nc
SalishSea1500-RUN120_1h_grid_V_2D_20180109-20180109.nc
SalishSea1500-RUN120_1h_grid_V_2D_20180110-20180110.nc
SalishSea1500-RUN120_1h_grid_V_2D_20180111-20180111.nc
SalishSea1500-RUN120_1h_grid_V_2D_20180112-20180112.nc
SalishSea1500-RUN120_1h_grid_V_2D_20180113-20180113.nc
SalishSea1500-RUN120_1h_grid_V_2D_20180114-20180114.nc
SalishSea1500-RUN120_1h_grid_V_2D_20180115-20180115.nc
SalishSea1500-RUN120_1h_grid_V_2D_20180116-20180116.nc
SalishSea1500-RUN120_1h_grid_V_2D_20180117-20180117.nc
SalishSea1500-RUN120_1h_grid_V_2D_20180118-20180118.nc
SalishSea1500-RUN120_1h_grid_V_2D_20180119-20180119.nc
SalishSea1500-RUN120_1h_grid_V_2D_20180120-20180120.nc
SalishSea1500-RUN120_1h_grid_V_2D_20180121-20180121.nc
SalishSea1500-RUN120_1h_grid_V_2D_20180122-20180122.nc
SalishSea1500-RUN120_1h_grid_V_2D_20180123-20180123.nc
SalishSea1500-RUN120_1h_grid_V_2D_20180124-20180124.nc
SalishSea1500-RUN120_1h_grid_V_2D_20180125-20180125.nc
SalishSea1500-RUN120_1h_grid_V_2D_20180126-20180126.nc
SalishSea1500-RUN120_1h_grid_V_2D_20180127-20180127.nc
SalishSea1500-RUN120_1h_grid_V_2D_20180128-20180128.nc
SalishSea1500-RUN120_1h_grid_V_2D_20180129-20180129.nc
SalishSea1500-RUN120_1h_grid_V_2D_20180130-20180130.nc
SalishSea1500-RUN120_1h_grid_V_2D_20180131-20180131.nc
SalishSea1500-RUN120_1h_grid_V_2D_20180201-20180201.nc
SalishSea1500-RUN120_1h_grid_V_2D_20180202-20180202.nc
SalishSea1500-RUN120_1h_grid_V_2D_20180203-20180203.nc
SalishSea1500-RUN120_1h_grid_V_2D_20180204-20180204.nc
SalishSea1500-RUN120_1h_grid_V_2D_20180205-20180205.nc
SalishSea1500-RUN120_1h_grid_W_20171029-20171029.nc
SalishSea1500-RUN120_1h_grid_W_20171030-20171030.nc
SalishSea1500-RUN120_1h_grid_W_20171031-20171031.nc
SalishSea1500-RUN120_1h_grid_W_20171101-20171101.nc
SalishSea1500-RUN120_1h_grid_W_20171102-20171102.nc
SalishSea1500-RUN120_1h_grid_W_20171103-20171103.nc
SalishSea1500-RUN120_1h_grid_W_20171104-20171104.nc
SalishSea1500-RUN120_1h_grid_W_20171105-20171105.nc
SalishSea1500-RUN120_1h_grid_W_20171106-20171106.nc
SalishSea1500-RUN120_1h_grid_W_20171107-20171107.nc
SalishSea1500-RUN120_1h_grid_W_20171108-20171108.nc
SalishSea1500-RUN120_1h_grid_W_20171109-20171109.nc
SalishSea1500-RUN120_1h_grid_W_20171110-20171110.nc
SalishSea1500-RUN120_1h_grid_W_20171111-20171111.nc
SalishSea1500-RUN120_1h_grid_W_20171112-20171112.nc
SalishSea1500-RUN120_1h_grid_W_20171113-20171113.nc
SalishSea1500-RUN120_1h_grid_W_20171114-20171114.nc
SalishSea1500-RUN120_1h_grid_W_20171115-20171115.nc
SalishSea1500-RUN120_1h_grid_W_20171116-20171116.nc
SalishSea1500-RUN120_1h_grid_W_20171117-20171117.nc
SalishSea1500-RUN120_1h_grid_W_20171118-20171118.nc
SalishSea1500-RUN120_1h_grid_W_20171119-20171119.nc
SalishSea1500-RUN120_1h_grid_W_20171120-20171120.nc
SalishSea1500-RUN120_1h_grid_W_20171121-20171121.nc
SalishSea1500-RUN120_1h_grid_W_20171122-20171122.nc
SalishSea1500-RUN120_1h_grid_W_20171123-20171123.nc
SalishSea1500-RUN120_1h_grid_W_20171124-20171124.nc
SalishSea1500-RUN120_1h_grid_W_20171125-20171125.nc
SalishSea1500-RUN120_1h_grid_W_20171126-20171126.nc
SalishSea1500-RUN120_1h_grid_W_20171127-20171127.nc
SalishSea1500-RUN120_1h_grid_W_20171128-20171128.nc
SalishSea1500-RUN120_1h_grid_W_20171129-20171129.nc
SalishSea1500-RUN120_1h_grid_W_20171130-20171130.nc
SalishSea1500-RUN120_1h_grid_W_20171201-20171201.nc
SalishSea1500-RUN120_1h_grid_W_20171202-20171202.nc
SalishSea1500-RUN120_1h_grid_W_20171203-20171203.nc
SalishSea1500-RUN120_1h_grid_W_20171204-20171204.nc
SalishSea1500-RUN120_1h_grid_W_20171205-20171205.nc
SalishSea1500-RUN120_1h_grid_W_20171206-20171206.nc
SalishSea1500-RUN120_1h_grid_W_20171207-20171207.nc
SalishSea1500-RUN120_1h_grid_W_20171208-20171208.nc
SalishSea1500-RUN120_1h_grid_W_20171209-20171209.nc
SalishSea1500-RUN120_1h_grid_W_20171210-20171210.nc
SalishSea1500-RUN120_1h_grid_W_20171211-20171211.nc
SalishSea1500-RUN120_1h_grid_W_20171212-20171212.nc
SalishSea1500-RUN120_1h_grid_W_20171213-20171213.nc
SalishSea1500-RUN120_1h_grid_W_20171214-20171214.nc
SalishSea1500-RUN120_1h_grid_W_20171215-20171215.nc
SalishSea1500-RUN120_1h_grid_W_20171216-20171216.nc
SalishSea1500-RUN120_1h_grid_W_20171217-20171217.nc
SalishSea1500-RUN120_1h_grid_W_20171218-20171218.nc
SalishSea1500-RUN120_1h_grid_W_20171219-20171219.nc
SalishSea1500-RUN120_1h_grid_W_20171220-20171220.nc
SalishSea1500-RUN120_1h_grid_W_20171221-20171221.nc
SalishSea1500-RUN120_1h_grid_W_20171222-20171222.nc
SalishSea1500-RUN120_1h_grid_W_20171223-20171223.nc
SalishSea1500-RUN120_1h_grid_W_20171224-20171224.nc
SalishSea1500-RUN120_1h_grid_W_20171225-20171225.nc
SalishSea1500-RUN120_1h_grid_W_20171226-20171226.nc
SalishSea1500-RUN120_1h_grid_W_20171227-20171227.nc
SalishSea1500-RUN120_1h_grid_W_20171228-20171228.nc
SalishSea1500-RUN120_1h_grid_W_20171229-20171229.nc
SalishSea1500-RUN120_1h_grid_W_20171230-20171230.nc
SalishSea1500-RUN120_1h_grid_W_20171231-20171231.nc
SalishSea1500-RUN120_1h_grid_W_20180101-20180101.nc
SalishSea1500-RUN120_1h_grid_W_20180102-20180102.nc
SalishSea1500-RUN120_1h_grid_W_20180103-20180103.nc
SalishSea1500-RUN120_1h_grid_W_20180104-20180104.nc
SalishSea1500-RUN120_1h_grid_W_20180105-20180105.nc
SalishSea1500-RUN120_1h_grid_W_20180106-20180106.nc
SalishSea1500-RUN120_1h_grid_W_20180107-20180107.nc
SalishSea1500-RUN120_1h_grid_W_20180108-20180108.nc
SalishSea1500-RUN120_1h_grid_W_20180109-20180109.nc
SalishSea1500-RUN120_1h_grid_W_20180110-20180110.nc
SalishSea1500-RUN120_1h_grid_W_20180111-20180111.nc
SalishSea1500-RUN120_1h_grid_W_20180112-20180112.nc
SalishSea1500-RUN120_1h_grid_W_20180113-20180113.nc
SalishSea1500-RUN120_1h_grid_W_20180114-20180114.nc
SalishSea1500-RUN120_1h_grid_W_20180115-20180115.nc
SalishSea1500-RUN120_1h_grid_W_20180116-20180116.nc
SalishSea1500-RUN120_1h_grid_W_20180117-20180117.nc
SalishSea1500-RUN120_1h_grid_W_20180118-20180118.nc
SalishSea1500-RUN120_1h_grid_W_20180119-20180119.nc
SalishSea1500-RUN120_1h_grid_W_20180120-20180120.nc
SalishSea1500-RUN120_1h_grid_W_20180121-20180121.nc
SalishSea1500-RUN120_1h_grid_W_20180122-20180122.nc
SalishSea1500-RUN120_1h_grid_W_20180123-20180123.nc
SalishSea1500-RUN120_1h_grid_W_20180124-20180124.nc
SalishSea1500-RUN120_1h_grid_W_20180125-20180125.nc
SalishSea1500-RUN120_1h_grid_W_20180126-20180126.nc
SalishSea1500-RUN120_1h_grid_W_20180127-20180127.nc
SalishSea1500-RUN120_1h_grid_W_20180128-20180128.nc
SalishSea1500-RUN120_1h_grid_W_20180129-20180129.nc
SalishSea1500-RUN120_1h_grid_W_20180130-20180130.nc
SalishSea1500-RUN120_1h_grid_W_20180131-20180131.nc
SalishSea1500-RUN120_1h_grid_W_20180201-20180201.nc
SalishSea1500-RUN120_1h_grid_W_20180202-20180202.nc
SalishSea1500-RUN120_1h_grid_W_20180203-20180203.nc
SalishSea1500-RUN120_1h_grid_W_20180204-20180204.nc
SalishSea1500-RUN120_1h_grid_W_20180205-20180205.nc

sent 82,654,496,402 bytes  received 22,816 bytes  63,850,536.28 bytes/sec
total size is 82,634,246,600  speedup is 1.00
sending incremental file list
SalishSea1500-RUN120_00576000_restart.nc

sent 283,294,416 bytes  received 35 bytes  80,941,271.71 bytes/sec
total size is 283,225,144  speedup is 1.00
Automatic resubmit for job 009
+ . ./environment.ksh
+ set -ax
+ MACHINE=gpsc4
+ CONTAINER=dfo/dfo_all_default_ubuntu-18.04-amd64_latest
+ PROJECT=def-nereusvc
+ TIMELIMIT=03:00:00
+ TIMELIMIT_PP=01:00:00
+ MEMLIMIT=3900M
+ QUEUE=dev
+ JPNI=5
+ JPNJ=19
+ NBPROC=95
+ NBPROC_XIO=1
+ expr 95 + 1
+ TOTPROC=96
+ MAXSUB=12
+ NDATEDEB=20151129
+ PASDETEMPS=120
+ NNBARO=20
+ NNSTOCK=72000
+ SPLIT_FREQ=100
+ MESHRUN=no
+ RESTART=no
+ CONF_NAME=SalishSea1500
+ CONF_NBR=RUN120
+ CONFIG=SalishSea1500-RUN120
+ SEAICE_MODULE=NONE
+ ATMOS_DATA=NONE
+ OBC_ACTIVE=no
+ TIDE_ACTIVE=no
+ TIDE_2Dfile=no
+ RIVER_ACTIVE=no
+ DIR_CALCU_EXE=/home/mdunphy/project/mdunphy/Software/NEMO36OPP/NEMOGCM/CONFIG/SalishSea1500/BLD/bin
+ DIR_CALCU_SHR=/home/mdunphy/project/mdunphy/Software/NEMO36OPP/NEMOGCM/CONFIG/SHARED
+ DIR_CALCU_RBL=/home/mdunphy/project/mdunphy/Software/NEMO36OPP/NEMOGCM/TOOLS/REBUILD_NEMO
+ DIR_CALCU_XIO=/home/mdunphy/project/mdunphy/Software/XIOS/bin
+ DIR_CALCU_CTL=/home/mdunphy/project/mdunphy/control/SalishSea1500-RUN120
+ DIR_CALCU_UTL=/home/mdunphy/bin
+ DIR_ARCHI_FORC=/home/mdunphy/project/mdunphy/Forcing/grid
+ DIR_ARCHI_ATMOS=/home/mdunphy/project/mdunphy/Forcing/OPPWest
+ DIR_ARCHI_INPUT=/home/mdunphy/project/mdunphy/Forcing/grid
+ DIR_ARCHI_CLIM=/unused
+ DIR_ARCHI_OBC=/unused
+ DIR_ARCHI_OBCN=/unused
+ DIR_ARCHI_TIDE=/unused
+ DIR_ARCHI_HOME=/home/mdunphy/project/mdunphy/nemo_results/SalishSea1500/SalishSea1500-RUN120
+ DIR_ARCHI_CDF=/home/mdunphy/project/mdunphy/nemo_results/SalishSea1500/SalishSea1500-RUN120/CDF
+ DIR_ARCHI_LOG=/home/mdunphy/project/mdunphy/nemo_results/SalishSea1500/SalishSea1500-RUN120/LOG
+ DIR_ARCHI_RST=/home/mdunphy/project/mdunphy/nemo_results/SalishSea1500/SalishSea1500-RUN120/RST
+ [ ! -d /home/mdunphy/project/mdunphy/nemo_results/SalishSea1500/SalishSea1500-RUN120 ]
+ [ ! -d /home/mdunphy/project/mdunphy/nemo_results/SalishSea1500/SalishSea1500-RUN120/RST ]
+ [ ! -d /home/mdunphy/project/mdunphy/nemo_results/SalishSea1500/SalishSea1500-RUN120/CDF ]
+ [ ! -d /home/mdunphy/project/mdunphy/nemo_results/SalishSea1500/SalishSea1500-RUN120/LOG ]
+ DIR_TMP_HOME=/home/mdunphy/scratch/nemo_temp/SalishSea1500/SalishSea1500-RUN120
+ DIR_TMP_RST=/home/mdunphy/scratch/nemo_temp/SalishSea1500/SalishSea1500-RUN120/RST
+ DIR_TMP_CDF=/home/mdunphy/scratch/nemo_temp/SalishSea1500/SalishSea1500-RUN120/CDF
+ DIR_TMP_LOG=/home/mdunphy/scratch/nemo_temp/SalishSea1500/SalishSea1500-RUN120/LOG
+ DIR_TMP_RUN=/home/mdunphy/scratch/nemo_temp/SalishSea1500/SalishSea1500-RUN120/RUN
+ DIR_TMP_ATM=/home/mdunphy/scratch/nemo_temp/SalishSea1500/SalishSea1500-RUN120/RUN/ATMDATA
+ DIR_TMP_OBC=/home/mdunphy/scratch/nemo_temp/SalishSea1500/SalishSea1500-RUN120/RUN/BDY
+ DIR_TMP_RVR=/home/mdunphy/scratch/nemo_temp/SalishSea1500/SalishSea1500-RUN120/RUN/RIVER
+ [ ! -d /home/mdunphy/scratch/nemo_temp/SalishSea1500/SalishSea1500-RUN120 ]
+ [ ! -d /home/mdunphy/scratch/nemo_temp/SalishSea1500/SalishSea1500-RUN120/RST ]
+ [ ! -d /home/mdunphy/scratch/nemo_temp/SalishSea1500/SalishSea1500-RUN120/CDF ]
+ [ ! -d /home/mdunphy/scratch/nemo_temp/SalishSea1500/SalishSea1500-RUN120/LOG ]
+ [ ! -d /home/mdunphy/scratch/nemo_temp/SalishSea1500/SalishSea1500-RUN120/RUN ]
+ EXEC_NAME=nemo.exe
+ BATMET_FIL=bathy_salishsea_1500m_20210406.nc
+ COORD_FIL=coordinates_salishsea_1500m.nc
+ BATLE_FIL=''
+ BFRI_FIL=''
+ SHLAT_FIL=''
+ TEMP_FIL=''
+ SAL_FIL=''
+ U_FIL=''
+ V_FIL=''
+ SSH_FIL=''
+ RUNOFF_FIL=''
+ RUNOFF_TEMP_FIL=''
+ RUNOFF_MASK_FIL=''
+ CHLA_FIL=''
+ RGB_FIL=''
+ INITICE_FIL=''
+ CICE_GRID=''
+ compo_list=M2
+ TIDE_PREF=''
+ TIDEH_FIL=''
+ TIDEU_FIL=''
+ TIDEV_FIL=''
+ TMX_K1=''
+ TMX_M2=''
+ TMX_MASK=''
+ TMX_MASK=''
+ DUST_FIL=''
+ RIVER_FIL=''
+ obc_list=''
+ obcpref2D=''
+ obcsuf2D=''
+ obcprefNorth=''
+ WEIGHTS_FIL=weights_bilin_ECMWF.nc
+ RESTART_FILE=/home/mdunphy/MEOPAR/forcing/restart/hindcast.201812/31dec15/SalishSea_01682640_restart.nc

Configuration name : SalishSea1500-RUN120
Number of procs : 95

Initialisation from climatology or analytical profiles


home : /home/mdunphy

CALCU directories :
~~~~~~~~~~~~~~~~~~~~~~~~~~~~
/home/mdunphy/project/mdunphy/Software/NEMO36OPP/NEMOGCM/CONFIG/SalishSea1500/BLD/bin : directory where is the NEMO executable
/home/mdunphy/project/mdunphy/Software/NEMO36OPP/NEMOGCM/CONFIG/SHARED : directory where is the shared files
/home/mdunphy/project/mdunphy/Software/XIOS/bin : directory where is the XIOS server
/home/mdunphy/project/mdunphy/control/SalishSea1500-RUN120 : directory where are control files of the run
/home/mdunphy/bin : directory where to find utilities

MACHINEARCHI directories :
~~~~~~~~~~~~~~~~~~~~~~~~~~~~
/home/mdunphy/project/mdunphy/Forcing/OPPWest : directory to stock the atmos forcing fields
/home/mdunphy/project/mdunphy/Forcing/grid : directory for the input files
/unused : directory for the climatology files
/unused : directory for the obc files
/home/mdunphy/project/mdunphy/nemo_results/SalishSea1500/SalishSea1500-RUN120 : directory to stock the results
/home/mdunphy/project/mdunphy/nemo_results/SalishSea1500/SalishSea1500-RUN120/RST : directory to stock the restarts
/home/mdunphy/project/mdunphy/nemo_results/SalishSea1500/SalishSea1500-RUN120/CDF : directory for combined netCDF results
/home/mdunphy/project/mdunphy/nemo_results/SalishSea1500/SalishSea1500-RUN120/LOG : directory for ice something ...

TEMP directories :
~~~~~~~~~~~~~~~~~~~~
/home/mdunphy/scratch/nemo_temp/SalishSea1500/SalishSea1500-RUN120 : home temp directory
/home/mdunphy/scratch/nemo_temp/SalishSea1500/SalishSea1500-RUN120/RST : directory for the restart
/home/mdunphy/scratch/nemo_temp/SalishSea1500/SalishSea1500-RUN120/CDF : directory for the cdf
/home/mdunphy/scratch/nemo_temp/SalishSea1500/SalishSea1500-RUN120/LOG : directory for the log
/home/mdunphy/scratch/nemo_temp/SalishSea1500/SalishSea1500-RUN120/RUN : directory to run
/home/mdunphy/scratch/nemo_temp/SalishSea1500/SalishSea1500-RUN120/RUN/ATMDATA : directory for the atmos forcing
/home/mdunphy/scratch/nemo_temp/SalishSea1500/SalishSea1500-RUN120/RUN/BDY : directory for the obc files

Run features :
~~~~~~~~~~~~~~
Executable name : nemo.exe
Bathymetry : bathy_salishsea_1500m_20210406.nc
Coordinates : coordinates_salishsea_1500m.nc
K1 tidal mixing :
M2 tidal mixing :
Mask tidal mixing :
Shlat :
Clim T :
Clim S :
Clim U :
Clim V :
Runoff :
Chlorophyl :
List of the open boundaries :

 G O O D   T O   G O !!!
100 days to run, starting 20180206 (24873) ending 20180517 (24973)
FOUND COMBINED RESTART FILE:  /home/mdunphy/project/mdunphy/nemo_results/SalishSea1500/SalishSea1500-RUN120/RST/SalishSea1500-RUN120_00576000_restart.nc
Submitting job, 96 cores, 03:00:00s runlimit, control path /home/mdunphy/project/mdunphy/control/SalishSea1500-RUN120
--time=03:00:00 --job-name=RUN120 --mem-per-cpu=3900M --ntasks=96 -o /home/mdunphy/scratch/nemo_temp/SalishSea1500/SalishSea1500-RUN120/RUN/nemo.stdout -e /home/mdunphy/scratch/nemo_temp/SalishSea1500/SalishSea1500-RUN120/RUN/nemo.stderr RUN120.ksh
Submitted batch job 47578338
