+ [ ! -z '' ]
+ . ./environment.ksh
+ set -ax
+ MACHINE=gpsc4
+ CONTAINER=dfo/dfo_all_default_ubuntu-18.04-amd64_latest
+ PROJECT=rrg-nereusvc
+ TIMELIMIT=04:00:00
+ TIMELIMIT_PP=01:00:00
+ MEMLIMIT=3900M
+ QUEUE=dev
+ JPNI=5
+ JPNJ=19
+ NBPROC=95
+ NBPROC_XIO=1
+ expr 95 + 1
+ TOTPROC=96
+ MAXSUB=12
+ NDATEDEB=20151129
+ PASDETEMPS=120
+ NNBARO=20
+ NNSTOCK=72000
+ SPLIT_FREQ=100
+ MESHRUN=no
+ RESTART=no
+ CONF_NAME=SalishSea1500
+ CONF_NBR=RUN141
+ CONFIG=SalishSea1500-RUN141
+ SEAICE_MODULE=NONE
+ ATMOS_DATA=NONE
+ OBC_ACTIVE=no
+ TIDE_ACTIVE=no
+ TIDE_2Dfile=no
+ RIVER_ACTIVE=no
+ DIR_CALCU_EXE=/home/mdunphy/project/mdunphy/Software/NEMO36OPP/NEMOGCM/CONFIG/SalishSea1500/BLD/bin
+ DIR_CALCU_SHR=/home/mdunphy/project/mdunphy/Software/NEMO36OPP/NEMOGCM/CONFIG/SHARED
+ DIR_CALCU_RBL=/home/mdunphy/project/mdunphy/Software/NEMO36OPP/NEMOGCM/TOOLS/REBUILD_NEMO
+ DIR_CALCU_XIO=/home/mdunphy/project/mdunphy/Software/XIOS/bin
+ DIR_CALCU_CTL=/home/mdunphy/project/mdunphy/control/SalishSea1500-RUN141
+ DIR_CALCU_UTL=/home/mdunphy/bin
+ DIR_ARCHI_FORC=/home/mdunphy/project/mdunphy/Forcing/grid
+ DIR_ARCHI_ATMOS=/home/mdunphy/project/mdunphy/Forcing/OPPwestSS
+ DIR_ARCHI_INPUT=/home/mdunphy/project/mdunphy/Forcing/grid
+ DIR_ARCHI_CLIM=/unused
+ DIR_ARCHI_OBC=/unused
+ DIR_ARCHI_OBCN=/unused
+ DIR_ARCHI_TIDE=/unused
+ DIR_ARCHI_HOME=/home/mdunphy/project/mdunphy/nemo_results/SalishSea1500/SalishSea1500-RUN141
+ DIR_ARCHI_CDF=/home/mdunphy/project/mdunphy/nemo_results/SalishSea1500/SalishSea1500-RUN141/CDF
+ DIR_ARCHI_LOG=/home/mdunphy/project/mdunphy/nemo_results/SalishSea1500/SalishSea1500-RUN141/LOG
+ DIR_ARCHI_RST=/home/mdunphy/project/mdunphy/nemo_results/SalishSea1500/SalishSea1500-RUN141/RST
+ [ ! -d /home/mdunphy/project/mdunphy/nemo_results/SalishSea1500/SalishSea1500-RUN141 ]
+ [ ! -d /home/mdunphy/project/mdunphy/nemo_results/SalishSea1500/SalishSea1500-RUN141/RST ]
+ [ ! -d /home/mdunphy/project/mdunphy/nemo_results/SalishSea1500/SalishSea1500-RUN141/CDF ]
+ [ ! -d /home/mdunphy/project/mdunphy/nemo_results/SalishSea1500/SalishSea1500-RUN141/LOG ]
+ DIR_TMP_HOME=/home/mdunphy/scratch/nemo_temp/SalishSea1500/SalishSea1500-RUN141
+ DIR_TMP_RST=/home/mdunphy/scratch/nemo_temp/SalishSea1500/SalishSea1500-RUN141/RST
+ DIR_TMP_CDF=/home/mdunphy/scratch/nemo_temp/SalishSea1500/SalishSea1500-RUN141/CDF
+ DIR_TMP_LOG=/home/mdunphy/scratch/nemo_temp/SalishSea1500/SalishSea1500-RUN141/LOG
+ DIR_TMP_RUN=/home/mdunphy/scratch/nemo_temp/SalishSea1500/SalishSea1500-RUN141/RUN
+ DIR_TMP_ATM=/home/mdunphy/scratch/nemo_temp/SalishSea1500/SalishSea1500-RUN141/RUN/ATMDATA
+ DIR_TMP_OBC=/home/mdunphy/scratch/nemo_temp/SalishSea1500/SalishSea1500-RUN141/RUN/BDY
+ DIR_TMP_RVR=/home/mdunphy/scratch/nemo_temp/SalishSea1500/SalishSea1500-RUN141/RUN/RIVER
+ [ ! -d /home/mdunphy/scratch/nemo_temp/SalishSea1500/SalishSea1500-RUN141 ]
+ [ ! -d /home/mdunphy/scratch/nemo_temp/SalishSea1500/SalishSea1500-RUN141/RST ]
+ [ ! -d /home/mdunphy/scratch/nemo_temp/SalishSea1500/SalishSea1500-RUN141/CDF ]
+ [ ! -d /home/mdunphy/scratch/nemo_temp/SalishSea1500/SalishSea1500-RUN141/LOG ]
+ [ ! -d /home/mdunphy/scratch/nemo_temp/SalishSea1500/SalishSea1500-RUN141/RUN ]
+ EXEC_NAME=nemo.exe
+ BATMET_FIL=bathy_salishsea_1500m_20210406.nc
+ COORD_FIL=coordinates_salishsea_1500m.nc
+ BATLE_FIL=''
+ BFRI_FIL=''
+ SHLAT_FIL=''
+ TEMP_FIL=''
+ SAL_FIL=''
+ U_FIL=''
+ V_FIL=''
+ SSH_FIL=''
+ RUNOFF_FIL=''
+ RUNOFF_TEMP_FIL=''
+ RUNOFF_MASK_FIL=''
+ CHLA_FIL=''
+ RGB_FIL=''
+ INITICE_FIL=''
+ CICE_GRID=''
+ compo_list=M2
+ TIDE_PREF=''
+ TIDEH_FIL=''
+ TIDEU_FIL=''
+ TIDEV_FIL=''
+ TMX_K1=''
+ TMX_M2=''
+ TMX_MASK=''
+ TMX_MASK=''
+ DUST_FIL=''
+ RIVER_FIL=''
+ obc_list=''
+ obcpref2D=''
+ obcsuf2D=''
+ obcprefNorth=''
+ WEIGHTS_FIL=weights_bilin_OPPwestSS.nc
+ RESTART_FILE=/home/mdunphy/MEOPAR/forcing/restart/hindcast.201812/31dec15/SalishSea_01682640_restart.nc

Configuration name : SalishSea1500-RUN141
Number of procs : 95

Initialisation from climatology or analytical profiles


home : /home/mdunphy

CALCU directories :
~~~~~~~~~~~~~~~~~~~~~~~~~~~~
/home/mdunphy/project/mdunphy/Software/NEMO36OPP/NEMOGCM/CONFIG/SalishSea1500/BLD/bin : directory where is the NEMO executable
/home/mdunphy/project/mdunphy/Software/NEMO36OPP/NEMOGCM/CONFIG/SHARED : directory where is the shared files
/home/mdunphy/project/mdunphy/Software/XIOS/bin : directory where is the XIOS server
/home/mdunphy/project/mdunphy/control/SalishSea1500-RUN141 : directory where are control files of the run
/home/mdunphy/bin : directory where to find utilities

MACHINEARCHI directories :
~~~~~~~~~~~~~~~~~~~~~~~~~~~~
/home/mdunphy/project/mdunphy/Forcing/OPPwestSS : directory to stock the atmos forcing fields
/home/mdunphy/project/mdunphy/Forcing/grid : directory for the input files
/unused : directory for the climatology files
/unused : directory for the obc files
/home/mdunphy/project/mdunphy/nemo_results/SalishSea1500/SalishSea1500-RUN141 : directory to stock the results
/home/mdunphy/project/mdunphy/nemo_results/SalishSea1500/SalishSea1500-RUN141/RST : directory to stock the restarts
/home/mdunphy/project/mdunphy/nemo_results/SalishSea1500/SalishSea1500-RUN141/CDF : directory for combined netCDF results
/home/mdunphy/project/mdunphy/nemo_results/SalishSea1500/SalishSea1500-RUN141/LOG : directory for ice something ...

TEMP directories :
~~~~~~~~~~~~~~~~~~~~
/home/mdunphy/scratch/nemo_temp/SalishSea1500/SalishSea1500-RUN141 : home temp directory
/home/mdunphy/scratch/nemo_temp/SalishSea1500/SalishSea1500-RUN141/RST : directory for the restart
/home/mdunphy/scratch/nemo_temp/SalishSea1500/SalishSea1500-RUN141/CDF : directory for the cdf
/home/mdunphy/scratch/nemo_temp/SalishSea1500/SalishSea1500-RUN141/LOG : directory for the log
/home/mdunphy/scratch/nemo_temp/SalishSea1500/SalishSea1500-RUN141/RUN : directory to run
/home/mdunphy/scratch/nemo_temp/SalishSea1500/SalishSea1500-RUN141/RUN/ATMDATA : directory for the atmos forcing
/home/mdunphy/scratch/nemo_temp/SalishSea1500/SalishSea1500-RUN141/RUN/BDY : directory for the obc files

Run features :
~~~~~~~~~~~~~~
Executable name : nemo.exe
Bathymetry : bathy_salishsea_1500m_20210406.nc
Coordinates : coordinates_salishsea_1500m.nc
K1 tidal mixing :
M2 tidal mixing :
Mask tidal mixing :
Shlat :
Clim T :
Clim S :
Clim U :
Clim V :
Runoff :
Chlorophyl :
List of the open boundaries :

Rebuild lddcheck
gra768
ldd /home/mdunphy/project/mdunphy/Software/NEMO36OPP/NEMOGCM/TOOLS/REBUILD_NEMO/BLD/bin/rebuild_nemo.exe
	linux-vdso.so.1 (0x00007fffc176e000)
	libstdc++.so.6 => /cvmfs/soft.computecanada.ca/gentoo/2020/usr/lib/gcc/x86_64-pc-linux-gnu/10.2.0/libstdc++.so.6 (0x00002ae93f83c000)
	libz.so.1 => /cvmfs/soft.computecanada.ca/gentoo/2020/usr/lib64/libz.so.1 (0x00002ae93faa5000)
	libnetcdff.so.7 => /cvmfs/soft.computecanada.ca/easybuild/software/2020/avx2/MPI/intel2020/openmpi4/netcdf-fortran-mpi/4.5.2/lib/libnetcdff.so.7 (0x00002ae93fabf000)
	libnetcdf.so.18 => /cvmfs/soft.computecanada.ca/easybuild/software/2020/avx2/MPI/intel2020/openmpi4/netcdf-mpi/4.7.4/lib64/libnetcdf.so.18 (0x00002ae93ffdd000)
	libm.so.6 => /cvmfs/soft.computecanada.ca/gentoo/2020/lib64/libm.so.6 (0x00002ae9401cb000)
	libiomp5.so => /cvmfs/soft.computecanada.ca/easybuild/software/2020/Core/intel/2020.1.217/lib/intel64/libiomp5.so (0x00002ae94030e000)
	libpthread.so.0 => /cvmfs/soft.computecanada.ca/gentoo/2020/lib64/libpthread.so.0 (0x00002ae940718000)
	libmpi_usempif08.so.40 => /cvmfs/soft.computecanada.ca/easybuild/software/2020/avx2/Compiler/intel2020/openmpi/4.0.3/lib/libmpi_usempif08.so.40 (0x00002ae940738000)
	libmpi_usempi_ignore_tkr.so.40 => /cvmfs/soft.computecanada.ca/easybuild/software/2020/avx2/Compiler/intel2020/openmpi/4.0.3/lib/libmpi_usempi_ignore_tkr.so.40 (0x00002ae940773000)
	libmpi_mpifh.so.40 => /cvmfs/soft.computecanada.ca/easybuild/software/2020/avx2/Compiler/intel2020/openmpi/4.0.3/lib/libmpi_mpifh.so.40 (0x00002ae940782000)
	libmpi.so.40 => /cvmfs/soft.computecanada.ca/easybuild/software/2020/avx2/Compiler/intel2020/openmpi/4.0.3/lib/libmpi.so.40 (0x00002ae9407f0000)
	libc.so.6 => /cvmfs/soft.computecanada.ca/gentoo/2020/lib64/libc.so.6 (0x00002ae940b31000)
	libgcc_s.so.1 => /cvmfs/soft.computecanada.ca/gentoo/2020/usr/lib/gcc/x86_64-pc-linux-gnu/10.2.0/libgcc_s.so.1 (0x00002ae940ceb000)
	libdl.so.2 => /cvmfs/soft.computecanada.ca/gentoo/2020/lib64/libdl.so.2 (0x00002ae940d05000)
	/cvmfs/soft.computecanada.ca/gentoo/2020/lib64/ld-linux-x86-64.so.2 (0x00002ae93f7dd000)
	libifport.so.5 => /cvmfs/soft.computecanada.ca/easybuild/software/2020/Core/intel/2020.1.217/lib/intel64/libifport.so.5 (0x00002ae940d0c000)
	libifcoremt.so.5 => /cvmfs/soft.computecanada.ca/easybuild/software/2020/Core/intel/2020.1.217/lib/intel64/libifcoremt.so.5 (0x00002ae940f3d000)
	libimf.so => /cvmfs/soft.computecanada.ca/easybuild/software/2020/Core/intel/2020.1.217/lib/intel64/libimf.so (0x00002ae9412e2000)
	libsvml.so => /cvmfs/soft.computecanada.ca/easybuild/software/2020/Core/intel/2020.1.217/lib/intel64/libsvml.so (0x00002ae9419e5000)
	libintlc.so.5 => /cvmfs/soft.computecanada.ca/easybuild/software/2020/Core/intel/2020.1.217/lib/intel64/libintlc.so.5 (0x00002ae9434f0000)
	libhdf5_hl.so.100 => /cvmfs/soft.computecanada.ca/easybuild/software/2020/avx2/MPI/intel2020/openmpi4/hdf5-mpi/1.10.6/lib/libhdf5_hl.so.100 (0x00002ae94376b000)
	libhdf5.so.103 => /cvmfs/soft.computecanada.ca/easybuild/software/2020/avx2/MPI/intel2020/openmpi4/hdf5-mpi/1.10.6/lib/libhdf5.so.103 (0x00002ae943795000)
	libsz.so.2 => /cvmfs/soft.computecanada.ca/gentoo/2020/usr/lib64/libsz.so.2 (0x00002ae943c90000)
	libcurl.so.4 => /cvmfs/soft.computecanada.ca/gentoo/2020/usr/lib64/libcurl.so.4 (0x00002ae943ca7000)
	libirng.so => /cvmfs/soft.computecanada.ca/easybuild/software/2020/Core/intel/2020.1.217/lib/intel64/libirng.so (0x00002ae943d21000)
	libopen-rte.so.40 => /cvmfs/soft.computecanada.ca/easybuild/software/2020/avx2/Compiler/intel2020/openmpi/4.0.3/lib/libopen-rte.so.40 (0x00002ae94408d000)
	libopen-pal.so.40 => /cvmfs/soft.computecanada.ca/easybuild/software/2020/avx2/Compiler/intel2020/openmpi/4.0.3/lib/libopen-pal.so.40 (0x00002ae9441cc000)
	librt.so.1 => /cvmfs/soft.computecanada.ca/gentoo/2020/lib64/librt.so.1 (0x00002ae944471000)
	libutil.so.1 => /cvmfs/soft.computecanada.ca/gentoo/2020/lib64/libutil.so.1 (0x00002ae94447b000)
	libhwloc.so.5 => /cvmfs/soft.computecanada.ca/gentoo/2020/usr/lib64/libhwloc.so.5 (0x00002ae944480000)
	libevent-2.1.so.6 => /cvmfs/soft.computecanada.ca/gentoo/2020/usr/lib64/libevent-2.1.so.6 (0x00002ae9444c4000)
	libevent_pthreads-2.1.so.6 => /cvmfs/soft.computecanada.ca/gentoo/2020/usr/lib64/libevent_pthreads-2.1.so.6 (0x00002ae944519000)
	libssl.so.1.1 => /cvmfs/soft.computecanada.ca/gentoo/2020/usr/lib64/libssl.so.1.1 (0x00002ae94451e000)
	libcrypto.so.1.1 => /cvmfs/soft.computecanada.ca/gentoo/2020/usr/lib64/libcrypto.so.1.1 (0x00002ae9445b0000)
	libgssapi_krb5.so.2 => /cvmfs/soft.computecanada.ca/gentoo/2020/usr/lib64/libgssapi_krb5.so.2 (0x00002ae94486a000)
	libkrb5.so.3 => /cvmfs/soft.computecanada.ca/gentoo/2020/usr/lib64/libkrb5.so.3 (0x00002ae9448b9000)
	libk5crypto.so.3 => /cvmfs/soft.computecanada.ca/gentoo/2020/usr/lib64/libk5crypto.so.3 (0x00002ae944998000)
	libcom_err.so.2 => /cvmfs/soft.computecanada.ca/gentoo/2020/usr/lib64/libcom_err.so.2 (0x00002ae9449ce000)
	libnuma.so.1 => /cvmfs/soft.computecanada.ca/gentoo/2020/usr/lib64/libnuma.so.1 (0x00002ae9449d4000)
	libudev.so.1 => /cvmfs/soft.computecanada.ca/gentoo/2020/lib64/libudev.so.1 (0x00002ae9449e2000)
	libpciaccess.so.0 => /cvmfs/soft.computecanada.ca/gentoo/2020/usr/lib64/libpciaccess.so.0 (0x00002ae944a0a000)
	libxml2.so.2 => /cvmfs/soft.computecanada.ca/gentoo/2020/usr/lib64/libxml2.so.2 (0x00002ae944a15000)
	libkrb5support.so.0 => /cvmfs/soft.computecanada.ca/gentoo/2020/usr/lib64/libkrb5support.so.0 (0x00002ae944b7e000)
	libkeyutils.so.1 => /cvmfs/soft.computecanada.ca/gentoo/2020/usr/lib64/libkeyutils.so.1 (0x00002ae944b8d000)
	libresolv.so.2 => /cvmfs/soft.computecanada.ca/gentoo/2020/lib64/libresolv.so.2 (0x00002ae944b94000)
	libselinux.so.1 => /cvmfs/soft.computecanada.ca/gentoo/2020/lib64/libselinux.so.1 (0x00002ae944bac000)
	libicuuc.so.65 => /cvmfs/soft.computecanada.ca/gentoo/2020/usr/lib64/libicuuc.so.65 (0x00002ae944bd7000)
	liblzma.so.5 => /cvmfs/soft.computecanada.ca/gentoo/2020/usr/lib64/liblzma.so.5 (0x00002ae944db9000)
	libpcre.so.1 => /cvmfs/soft.computecanada.ca/gentoo/2020/usr/lib64/libpcre.so.1 (0x00002ae944de1000)
	libicudata.so.65 => /cvmfs/soft.computecanada.ca/gentoo/2020/usr/lib64/libicudata.so.65 (0x00002ae944e54000)
Rebuilding SalishSea1500-RUN141_00360000_restart
Restart rebuild of SalishSea1500-RUN141_00360000_restart successful
sending incremental file list
layout.dat_R005_00288001_00360000
namelist_cfg_R005_00288001_00360000
namelist_ref_R005_00288001_00360000
nemo.stderr_R005_00288001_00360000
nemo.stdout_R005_00288001_00360000
ocean.output_R005_00288001_00360000
output.namelist.dyn_R005_00288001_00360000
solver.stat_R005_00288001_00360000
time.step_R005_00288001_00360000
timing.output_R005_00288001_00360000

sent 10,436,740 bytes  received 210 bytes  6,957,966.67 bytes/sec
total size is 10,433,344  speedup is 1.00
sending incremental file list
SalishSea1500-RUN141_1d_grid_T_20170102-20170102.nc
SalishSea1500-RUN141_1d_grid_T_20170103-20170103.nc
SalishSea1500-RUN141_1d_grid_T_20170104-20170104.nc
SalishSea1500-RUN141_1d_grid_T_20170105-20170105.nc
SalishSea1500-RUN141_1d_grid_T_20170106-20170106.nc
SalishSea1500-RUN141_1d_grid_T_20170107-20170107.nc
SalishSea1500-RUN141_1d_grid_T_20170108-20170108.nc
SalishSea1500-RUN141_1d_grid_T_20170109-20170109.nc
SalishSea1500-RUN141_1d_grid_T_20170110-20170110.nc
SalishSea1500-RUN141_1d_grid_T_20170111-20170111.nc
SalishSea1500-RUN141_1d_grid_T_20170112-20170112.nc
SalishSea1500-RUN141_1d_grid_T_20170113-20170113.nc
SalishSea1500-RUN141_1d_grid_T_20170114-20170114.nc
SalishSea1500-RUN141_1d_grid_T_20170115-20170115.nc
SalishSea1500-RUN141_1d_grid_T_20170116-20170116.nc
SalishSea1500-RUN141_1d_grid_T_20170117-20170117.nc
SalishSea1500-RUN141_1d_grid_T_20170118-20170118.nc
SalishSea1500-RUN141_1d_grid_T_20170119-20170119.nc
SalishSea1500-RUN141_1d_grid_T_20170120-20170120.nc
SalishSea1500-RUN141_1d_grid_T_20170121-20170121.nc
SalishSea1500-RUN141_1d_grid_T_20170122-20170122.nc
SalishSea1500-RUN141_1d_grid_T_20170123-20170123.nc
SalishSea1500-RUN141_1d_grid_T_20170124-20170124.nc
SalishSea1500-RUN141_1d_grid_T_20170125-20170125.nc
SalishSea1500-RUN141_1d_grid_T_20170126-20170126.nc
SalishSea1500-RUN141_1d_grid_T_20170127-20170127.nc
SalishSea1500-RUN141_1d_grid_T_20170128-20170128.nc
SalishSea1500-RUN141_1d_grid_T_20170129-20170129.nc
SalishSea1500-RUN141_1d_grid_T_20170130-20170130.nc
SalishSea1500-RUN141_1d_grid_T_20170131-20170131.nc
SalishSea1500-RUN141_1d_grid_T_20170201-20170201.nc
SalishSea1500-RUN141_1d_grid_T_20170202-20170202.nc
SalishSea1500-RUN141_1d_grid_T_20170203-20170203.nc
SalishSea1500-RUN141_1d_grid_T_20170204-20170204.nc
SalishSea1500-RUN141_1d_grid_T_20170205-20170205.nc
SalishSea1500-RUN141_1d_grid_T_20170206-20170206.nc
SalishSea1500-RUN141_1d_grid_T_20170207-20170207.nc
SalishSea1500-RUN141_1d_grid_T_20170208-20170208.nc
SalishSea1500-RUN141_1d_grid_T_20170209-20170209.nc
SalishSea1500-RUN141_1d_grid_T_20170210-20170210.nc
SalishSea1500-RUN141_1d_grid_T_20170211-20170211.nc
SalishSea1500-RUN141_1d_grid_T_20170212-20170212.nc
SalishSea1500-RUN141_1d_grid_T_20170213-20170213.nc
SalishSea1500-RUN141_1d_grid_T_20170214-20170214.nc
SalishSea1500-RUN141_1d_grid_T_20170215-20170215.nc
SalishSea1500-RUN141_1d_grid_T_20170216-20170216.nc
SalishSea1500-RUN141_1d_grid_T_20170217-20170217.nc
SalishSea1500-RUN141_1d_grid_T_20170218-20170218.nc
SalishSea1500-RUN141_1d_grid_T_20170219-20170219.nc
SalishSea1500-RUN141_1d_grid_T_20170220-20170220.nc
SalishSea1500-RUN141_1d_grid_T_20170221-20170221.nc
SalishSea1500-RUN141_1d_grid_T_20170222-20170222.nc
SalishSea1500-RUN141_1d_grid_T_20170223-20170223.nc
SalishSea1500-RUN141_1d_grid_T_20170224-20170224.nc
SalishSea1500-RUN141_1d_grid_T_20170225-20170225.nc
SalishSea1500-RUN141_1d_grid_T_20170226-20170226.nc
SalishSea1500-RUN141_1d_grid_T_20170227-20170227.nc
SalishSea1500-RUN141_1d_grid_T_20170228-20170228.nc
SalishSea1500-RUN141_1d_grid_T_20170301-20170301.nc
SalishSea1500-RUN141_1d_grid_T_20170302-20170302.nc
SalishSea1500-RUN141_1d_grid_T_20170303-20170303.nc
SalishSea1500-RUN141_1d_grid_T_20170304-20170304.nc
SalishSea1500-RUN141_1d_grid_T_20170305-20170305.nc
SalishSea1500-RUN141_1d_grid_T_20170306-20170306.nc
SalishSea1500-RUN141_1d_grid_T_20170307-20170307.nc
SalishSea1500-RUN141_1d_grid_T_20170308-20170308.nc
SalishSea1500-RUN141_1d_grid_T_20170309-20170309.nc
SalishSea1500-RUN141_1d_grid_T_20170310-20170310.nc
SalishSea1500-RUN141_1d_grid_T_20170311-20170311.nc
SalishSea1500-RUN141_1d_grid_T_20170312-20170312.nc
SalishSea1500-RUN141_1d_grid_T_20170313-20170313.nc
SalishSea1500-RUN141_1d_grid_T_20170314-20170314.nc
SalishSea1500-RUN141_1d_grid_T_20170315-20170315.nc
SalishSea1500-RUN141_1d_grid_T_20170316-20170316.nc
SalishSea1500-RUN141_1d_grid_T_20170317-20170317.nc
SalishSea1500-RUN141_1d_grid_T_20170318-20170318.nc
SalishSea1500-RUN141_1d_grid_T_20170319-20170319.nc
SalishSea1500-RUN141_1d_grid_T_20170320-20170320.nc
SalishSea1500-RUN141_1d_grid_T_20170321-20170321.nc
SalishSea1500-RUN141_1d_grid_T_20170322-20170322.nc
SalishSea1500-RUN141_1d_grid_T_20170323-20170323.nc
SalishSea1500-RUN141_1d_grid_T_20170324-20170324.nc
SalishSea1500-RUN141_1d_grid_T_20170325-20170325.nc
SalishSea1500-RUN141_1d_grid_T_20170326-20170326.nc
SalishSea1500-RUN141_1d_grid_T_20170327-20170327.nc
SalishSea1500-RUN141_1d_grid_T_20170328-20170328.nc
SalishSea1500-RUN141_1d_grid_T_20170329-20170329.nc
SalishSea1500-RUN141_1d_grid_T_20170330-20170330.nc
SalishSea1500-RUN141_1d_grid_T_20170331-20170331.nc
SalishSea1500-RUN141_1d_grid_T_20170401-20170401.nc
SalishSea1500-RUN141_1d_grid_T_20170402-20170402.nc
SalishSea1500-RUN141_1d_grid_T_20170403-20170403.nc
SalishSea1500-RUN141_1d_grid_T_20170404-20170404.nc
SalishSea1500-RUN141_1d_grid_T_20170405-20170405.nc
SalishSea1500-RUN141_1d_grid_T_20170406-20170406.nc
SalishSea1500-RUN141_1d_grid_T_20170407-20170407.nc
SalishSea1500-RUN141_1d_grid_T_20170408-20170408.nc
SalishSea1500-RUN141_1d_grid_T_20170409-20170409.nc
SalishSea1500-RUN141_1d_grid_T_20170410-20170410.nc
SalishSea1500-RUN141_1d_grid_T_20170411-20170411.nc
SalishSea1500-RUN141_1d_grid_T_2D_20170102-20170102.nc
SalishSea1500-RUN141_1d_grid_T_2D_20170103-20170103.nc
SalishSea1500-RUN141_1d_grid_T_2D_20170104-20170104.nc
SalishSea1500-RUN141_1d_grid_T_2D_20170105-20170105.nc
SalishSea1500-RUN141_1d_grid_T_2D_20170106-20170106.nc
SalishSea1500-RUN141_1d_grid_T_2D_20170107-20170107.nc
SalishSea1500-RUN141_1d_grid_T_2D_20170108-20170108.nc
SalishSea1500-RUN141_1d_grid_T_2D_20170109-20170109.nc
SalishSea1500-RUN141_1d_grid_T_2D_20170110-20170110.nc
SalishSea1500-RUN141_1d_grid_T_2D_20170111-20170111.nc
SalishSea1500-RUN141_1d_grid_T_2D_20170112-20170112.nc
SalishSea1500-RUN141_1d_grid_T_2D_20170113-20170113.nc
SalishSea1500-RUN141_1d_grid_T_2D_20170114-20170114.nc
SalishSea1500-RUN141_1d_grid_T_2D_20170115-20170115.nc
SalishSea1500-RUN141_1d_grid_T_2D_20170116-20170116.nc
SalishSea1500-RUN141_1d_grid_T_2D_20170117-20170117.nc
SalishSea1500-RUN141_1d_grid_T_2D_20170118-20170118.nc
SalishSea1500-RUN141_1d_grid_T_2D_20170119-20170119.nc
SalishSea1500-RUN141_1d_grid_T_2D_20170120-20170120.nc
SalishSea1500-RUN141_1d_grid_T_2D_20170121-20170121.nc
SalishSea1500-RUN141_1d_grid_T_2D_20170122-20170122.nc
SalishSea1500-RUN141_1d_grid_T_2D_20170123-20170123.nc
SalishSea1500-RUN141_1d_grid_T_2D_20170124-20170124.nc
SalishSea1500-RUN141_1d_grid_T_2D_20170125-20170125.nc
SalishSea1500-RUN141_1d_grid_T_2D_20170126-20170126.nc
SalishSea1500-RUN141_1d_grid_T_2D_20170127-20170127.nc
SalishSea1500-RUN141_1d_grid_T_2D_20170128-20170128.nc
SalishSea1500-RUN141_1d_grid_T_2D_20170129-20170129.nc
SalishSea1500-RUN141_1d_grid_T_2D_20170130-20170130.nc
SalishSea1500-RUN141_1d_grid_T_2D_20170131-20170131.nc
SalishSea1500-RUN141_1d_grid_T_2D_20170201-20170201.nc
SalishSea1500-RUN141_1d_grid_T_2D_20170202-20170202.nc
SalishSea1500-RUN141_1d_grid_T_2D_20170203-20170203.nc
SalishSea1500-RUN141_1d_grid_T_2D_20170204-20170204.nc
SalishSea1500-RUN141_1d_grid_T_2D_20170205-20170205.nc
SalishSea1500-RUN141_1d_grid_T_2D_20170206-20170206.nc
SalishSea1500-RUN141_1d_grid_T_2D_20170207-20170207.nc
SalishSea1500-RUN141_1d_grid_T_2D_20170208-20170208.nc
SalishSea1500-RUN141_1d_grid_T_2D_20170209-20170209.nc
SalishSea1500-RUN141_1d_grid_T_2D_20170210-20170210.nc
SalishSea1500-RUN141_1d_grid_T_2D_20170211-20170211.nc
SalishSea1500-RUN141_1d_grid_T_2D_20170212-20170212.nc
SalishSea1500-RUN141_1d_grid_T_2D_20170213-20170213.nc
SalishSea1500-RUN141_1d_grid_T_2D_20170214-20170214.nc
SalishSea1500-RUN141_1d_grid_T_2D_20170215-20170215.nc
SalishSea1500-RUN141_1d_grid_T_2D_20170216-20170216.nc
SalishSea1500-RUN141_1d_grid_T_2D_20170217-20170217.nc
SalishSea1500-RUN141_1d_grid_T_2D_20170218-20170218.nc
SalishSea1500-RUN141_1d_grid_T_2D_20170219-20170219.nc
SalishSea1500-RUN141_1d_grid_T_2D_20170220-20170220.nc
SalishSea1500-RUN141_1d_grid_T_2D_20170221-20170221.nc
SalishSea1500-RUN141_1d_grid_T_2D_20170222-20170222.nc
SalishSea1500-RUN141_1d_grid_T_2D_20170223-20170223.nc
SalishSea1500-RUN141_1d_grid_T_2D_20170224-20170224.nc
SalishSea1500-RUN141_1d_grid_T_2D_20170225-20170225.nc
SalishSea1500-RUN141_1d_grid_T_2D_20170226-20170226.nc
SalishSea1500-RUN141_1d_grid_T_2D_20170227-20170227.nc
SalishSea1500-RUN141_1d_grid_T_2D_20170228-20170228.nc
SalishSea1500-RUN141_1d_grid_T_2D_20170301-20170301.nc
SalishSea1500-RUN141_1d_grid_T_2D_20170302-20170302.nc
SalishSea1500-RUN141_1d_grid_T_2D_20170303-20170303.nc
SalishSea1500-RUN141_1d_grid_T_2D_20170304-20170304.nc
SalishSea1500-RUN141_1d_grid_T_2D_20170305-20170305.nc
SalishSea1500-RUN141_1d_grid_T_2D_20170306-20170306.nc
SalishSea1500-RUN141_1d_grid_T_2D_20170307-20170307.nc
SalishSea1500-RUN141_1d_grid_T_2D_20170308-20170308.nc
SalishSea1500-RUN141_1d_grid_T_2D_20170309-20170309.nc
SalishSea1500-RUN141_1d_grid_T_2D_20170310-20170310.nc
SalishSea1500-RUN141_1d_grid_T_2D_20170311-20170311.nc
SalishSea1500-RUN141_1d_grid_T_2D_20170312-20170312.nc
SalishSea1500-RUN141_1d_grid_T_2D_20170313-20170313.nc
SalishSea1500-RUN141_1d_grid_T_2D_20170314-20170314.nc
SalishSea1500-RUN141_1d_grid_T_2D_20170315-20170315.nc
SalishSea1500-RUN141_1d_grid_T_2D_20170316-20170316.nc
SalishSea1500-RUN141_1d_grid_T_2D_20170317-20170317.nc
SalishSea1500-RUN141_1d_grid_T_2D_20170318-20170318.nc
SalishSea1500-RUN141_1d_grid_T_2D_20170319-20170319.nc
SalishSea1500-RUN141_1d_grid_T_2D_20170320-20170320.nc
SalishSea1500-RUN141_1d_grid_T_2D_20170321-20170321.nc
SalishSea1500-RUN141_1d_grid_T_2D_20170322-20170322.nc
SalishSea1500-RUN141_1d_grid_T_2D_20170323-20170323.nc
SalishSea1500-RUN141_1d_grid_T_2D_20170324-20170324.nc
SalishSea1500-RUN141_1d_grid_T_2D_20170325-20170325.nc
SalishSea1500-RUN141_1d_grid_T_2D_20170326-20170326.nc
SalishSea1500-RUN141_1d_grid_T_2D_20170327-20170327.nc
SalishSea1500-RUN141_1d_grid_T_2D_20170328-20170328.nc
SalishSea1500-RUN141_1d_grid_T_2D_20170329-20170329.nc
SalishSea1500-RUN141_1d_grid_T_2D_20170330-20170330.nc
SalishSea1500-RUN141_1d_grid_T_2D_20170331-20170331.nc
SalishSea1500-RUN141_1d_grid_T_2D_20170401-20170401.nc
SalishSea1500-RUN141_1d_grid_T_2D_20170402-20170402.nc
SalishSea1500-RUN141_1d_grid_T_2D_20170403-20170403.nc
SalishSea1500-RUN141_1d_grid_T_2D_20170404-20170404.nc
SalishSea1500-RUN141_1d_grid_T_2D_20170405-20170405.nc
SalishSea1500-RUN141_1d_grid_T_2D_20170406-20170406.nc
SalishSea1500-RUN141_1d_grid_T_2D_20170407-20170407.nc
SalishSea1500-RUN141_1d_grid_T_2D_20170408-20170408.nc
SalishSea1500-RUN141_1d_grid_T_2D_20170409-20170409.nc
SalishSea1500-RUN141_1d_grid_T_2D_20170410-20170410.nc
SalishSea1500-RUN141_1d_grid_T_2D_20170411-20170411.nc
SalishSea1500-RUN141_1d_grid_U_20170102-20170102.nc
SalishSea1500-RUN141_1d_grid_U_20170103-20170103.nc
SalishSea1500-RUN141_1d_grid_U_20170104-20170104.nc
SalishSea1500-RUN141_1d_grid_U_20170105-20170105.nc
SalishSea1500-RUN141_1d_grid_U_20170106-20170106.nc
SalishSea1500-RUN141_1d_grid_U_20170107-20170107.nc
SalishSea1500-RUN141_1d_grid_U_20170108-20170108.nc
SalishSea1500-RUN141_1d_grid_U_20170109-20170109.nc
SalishSea1500-RUN141_1d_grid_U_20170110-20170110.nc
SalishSea1500-RUN141_1d_grid_U_20170111-20170111.nc
SalishSea1500-RUN141_1d_grid_U_20170112-20170112.nc
SalishSea1500-RUN141_1d_grid_U_20170113-20170113.nc
SalishSea1500-RUN141_1d_grid_U_20170114-20170114.nc
SalishSea1500-RUN141_1d_grid_U_20170115-20170115.nc
SalishSea1500-RUN141_1d_grid_U_20170116-20170116.nc
SalishSea1500-RUN141_1d_grid_U_20170117-20170117.nc
SalishSea1500-RUN141_1d_grid_U_20170118-20170118.nc
SalishSea1500-RUN141_1d_grid_U_20170119-20170119.nc
SalishSea1500-RUN141_1d_grid_U_20170120-20170120.nc
SalishSea1500-RUN141_1d_grid_U_20170121-20170121.nc
SalishSea1500-RUN141_1d_grid_U_20170122-20170122.nc
SalishSea1500-RUN141_1d_grid_U_20170123-20170123.nc
SalishSea1500-RUN141_1d_grid_U_20170124-20170124.nc
SalishSea1500-RUN141_1d_grid_U_20170125-20170125.nc
SalishSea1500-RUN141_1d_grid_U_20170126-20170126.nc
SalishSea1500-RUN141_1d_grid_U_20170127-20170127.nc
SalishSea1500-RUN141_1d_grid_U_20170128-20170128.nc
SalishSea1500-RUN141_1d_grid_U_20170129-20170129.nc
SalishSea1500-RUN141_1d_grid_U_20170130-20170130.nc
SalishSea1500-RUN141_1d_grid_U_20170131-20170131.nc
SalishSea1500-RUN141_1d_grid_U_20170201-20170201.nc
SalishSea1500-RUN141_1d_grid_U_20170202-20170202.nc
SalishSea1500-RUN141_1d_grid_U_20170203-20170203.nc
SalishSea1500-RUN141_1d_grid_U_20170204-20170204.nc
SalishSea1500-RUN141_1d_grid_U_20170205-20170205.nc
SalishSea1500-RUN141_1d_grid_U_20170206-20170206.nc
SalishSea1500-RUN141_1d_grid_U_20170207-20170207.nc
SalishSea1500-RUN141_1d_grid_U_20170208-20170208.nc
SalishSea1500-RUN141_1d_grid_U_20170209-20170209.nc
SalishSea1500-RUN141_1d_grid_U_20170210-20170210.nc
SalishSea1500-RUN141_1d_grid_U_20170211-20170211.nc
SalishSea1500-RUN141_1d_grid_U_20170212-20170212.nc
SalishSea1500-RUN141_1d_grid_U_20170213-20170213.nc
SalishSea1500-RUN141_1d_grid_U_20170214-20170214.nc
SalishSea1500-RUN141_1d_grid_U_20170215-20170215.nc
SalishSea1500-RUN141_1d_grid_U_20170216-20170216.nc
SalishSea1500-RUN141_1d_grid_U_20170217-20170217.nc
SalishSea1500-RUN141_1d_grid_U_20170218-20170218.nc
SalishSea1500-RUN141_1d_grid_U_20170219-20170219.nc
SalishSea1500-RUN141_1d_grid_U_20170220-20170220.nc
SalishSea1500-RUN141_1d_grid_U_20170221-20170221.nc
SalishSea1500-RUN141_1d_grid_U_20170222-20170222.nc
SalishSea1500-RUN141_1d_grid_U_20170223-20170223.nc
SalishSea1500-RUN141_1d_grid_U_20170224-20170224.nc
SalishSea1500-RUN141_1d_grid_U_20170225-20170225.nc
SalishSea1500-RUN141_1d_grid_U_20170226-20170226.nc
SalishSea1500-RUN141_1d_grid_U_20170227-20170227.nc
SalishSea1500-RUN141_1d_grid_U_20170228-20170228.nc
SalishSea1500-RUN141_1d_grid_U_20170301-20170301.nc
SalishSea1500-RUN141_1d_grid_U_20170302-20170302.nc
SalishSea1500-RUN141_1d_grid_U_20170303-20170303.nc
SalishSea1500-RUN141_1d_grid_U_20170304-20170304.nc
SalishSea1500-RUN141_1d_grid_U_20170305-20170305.nc
SalishSea1500-RUN141_1d_grid_U_20170306-20170306.nc
SalishSea1500-RUN141_1d_grid_U_20170307-20170307.nc
SalishSea1500-RUN141_1d_grid_U_20170308-20170308.nc
SalishSea1500-RUN141_1d_grid_U_20170309-20170309.nc
SalishSea1500-RUN141_1d_grid_U_20170310-20170310.nc
SalishSea1500-RUN141_1d_grid_U_20170311-20170311.nc
SalishSea1500-RUN141_1d_grid_U_20170312-20170312.nc
SalishSea1500-RUN141_1d_grid_U_20170313-20170313.nc
SalishSea1500-RUN141_1d_grid_U_20170314-20170314.nc
SalishSea1500-RUN141_1d_grid_U_20170315-20170315.nc
SalishSea1500-RUN141_1d_grid_U_20170316-20170316.nc
SalishSea1500-RUN141_1d_grid_U_20170317-20170317.nc
SalishSea1500-RUN141_1d_grid_U_20170318-20170318.nc
SalishSea1500-RUN141_1d_grid_U_20170319-20170319.nc
SalishSea1500-RUN141_1d_grid_U_20170320-20170320.nc
SalishSea1500-RUN141_1d_grid_U_20170321-20170321.nc
SalishSea1500-RUN141_1d_grid_U_20170322-20170322.nc
SalishSea1500-RUN141_1d_grid_U_20170323-20170323.nc
SalishSea1500-RUN141_1d_grid_U_20170324-20170324.nc
SalishSea1500-RUN141_1d_grid_U_20170325-20170325.nc
SalishSea1500-RUN141_1d_grid_U_20170326-20170326.nc
SalishSea1500-RUN141_1d_grid_U_20170327-20170327.nc
SalishSea1500-RUN141_1d_grid_U_20170328-20170328.nc
SalishSea1500-RUN141_1d_grid_U_20170329-20170329.nc
SalishSea1500-RUN141_1d_grid_U_20170330-20170330.nc
SalishSea1500-RUN141_1d_grid_U_20170331-20170331.nc
SalishSea1500-RUN141_1d_grid_U_20170401-20170401.nc
SalishSea1500-RUN141_1d_grid_U_20170402-20170402.nc
SalishSea1500-RUN141_1d_grid_U_20170403-20170403.nc
SalishSea1500-RUN141_1d_grid_U_20170404-20170404.nc
SalishSea1500-RUN141_1d_grid_U_20170405-20170405.nc
SalishSea1500-RUN141_1d_grid_U_20170406-20170406.nc
SalishSea1500-RUN141_1d_grid_U_20170407-20170407.nc
SalishSea1500-RUN141_1d_grid_U_20170408-20170408.nc
SalishSea1500-RUN141_1d_grid_U_20170409-20170409.nc
SalishSea1500-RUN141_1d_grid_U_20170410-20170410.nc
SalishSea1500-RUN141_1d_grid_U_20170411-20170411.nc
SalishSea1500-RUN141_1d_grid_V_20170102-20170102.nc
SalishSea1500-RUN141_1d_grid_V_20170103-20170103.nc
SalishSea1500-RUN141_1d_grid_V_20170104-20170104.nc
SalishSea1500-RUN141_1d_grid_V_20170105-20170105.nc
SalishSea1500-RUN141_1d_grid_V_20170106-20170106.nc
SalishSea1500-RUN141_1d_grid_V_20170107-20170107.nc
SalishSea1500-RUN141_1d_grid_V_20170108-20170108.nc
SalishSea1500-RUN141_1d_grid_V_20170109-20170109.nc
SalishSea1500-RUN141_1d_grid_V_20170110-20170110.nc
SalishSea1500-RUN141_1d_grid_V_20170111-20170111.nc
SalishSea1500-RUN141_1d_grid_V_20170112-20170112.nc
SalishSea1500-RUN141_1d_grid_V_20170113-20170113.nc
SalishSea1500-RUN141_1d_grid_V_20170114-20170114.nc
SalishSea1500-RUN141_1d_grid_V_20170115-20170115.nc
SalishSea1500-RUN141_1d_grid_V_20170116-20170116.nc
SalishSea1500-RUN141_1d_grid_V_20170117-20170117.nc
SalishSea1500-RUN141_1d_grid_V_20170118-20170118.nc
SalishSea1500-RUN141_1d_grid_V_20170119-20170119.nc
SalishSea1500-RUN141_1d_grid_V_20170120-20170120.nc
SalishSea1500-RUN141_1d_grid_V_20170121-20170121.nc
SalishSea1500-RUN141_1d_grid_V_20170122-20170122.nc
SalishSea1500-RUN141_1d_grid_V_20170123-20170123.nc
SalishSea1500-RUN141_1d_grid_V_20170124-20170124.nc
SalishSea1500-RUN141_1d_grid_V_20170125-20170125.nc
SalishSea1500-RUN141_1d_grid_V_20170126-20170126.nc
SalishSea1500-RUN141_1d_grid_V_20170127-20170127.nc
SalishSea1500-RUN141_1d_grid_V_20170128-20170128.nc
SalishSea1500-RUN141_1d_grid_V_20170129-20170129.nc
SalishSea1500-RUN141_1d_grid_V_20170130-20170130.nc
SalishSea1500-RUN141_1d_grid_V_20170131-20170131.nc
SalishSea1500-RUN141_1d_grid_V_20170201-20170201.nc
SalishSea1500-RUN141_1d_grid_V_20170202-20170202.nc
SalishSea1500-RUN141_1d_grid_V_20170203-20170203.nc
SalishSea1500-RUN141_1d_grid_V_20170204-20170204.nc
SalishSea1500-RUN141_1d_grid_V_20170205-20170205.nc
SalishSea1500-RUN141_1d_grid_V_20170206-20170206.nc
SalishSea1500-RUN141_1d_grid_V_20170207-20170207.nc
SalishSea1500-RUN141_1d_grid_V_20170208-20170208.nc
SalishSea1500-RUN141_1d_grid_V_20170209-20170209.nc
SalishSea1500-RUN141_1d_grid_V_20170210-20170210.nc
SalishSea1500-RUN141_1d_grid_V_20170211-20170211.nc
SalishSea1500-RUN141_1d_grid_V_20170212-20170212.nc
SalishSea1500-RUN141_1d_grid_V_20170213-20170213.nc
SalishSea1500-RUN141_1d_grid_V_20170214-20170214.nc
SalishSea1500-RUN141_1d_grid_V_20170215-20170215.nc
SalishSea1500-RUN141_1d_grid_V_20170216-20170216.nc
SalishSea1500-RUN141_1d_grid_V_20170217-20170217.nc
SalishSea1500-RUN141_1d_grid_V_20170218-20170218.nc
SalishSea1500-RUN141_1d_grid_V_20170219-20170219.nc
SalishSea1500-RUN141_1d_grid_V_20170220-20170220.nc
SalishSea1500-RUN141_1d_grid_V_20170221-20170221.nc
SalishSea1500-RUN141_1d_grid_V_20170222-20170222.nc
SalishSea1500-RUN141_1d_grid_V_20170223-20170223.nc
SalishSea1500-RUN141_1d_grid_V_20170224-20170224.nc
SalishSea1500-RUN141_1d_grid_V_20170225-20170225.nc
SalishSea1500-RUN141_1d_grid_V_20170226-20170226.nc
SalishSea1500-RUN141_1d_grid_V_20170227-20170227.nc
SalishSea1500-RUN141_1d_grid_V_20170228-20170228.nc
SalishSea1500-RUN141_1d_grid_V_20170301-20170301.nc
SalishSea1500-RUN141_1d_grid_V_20170302-20170302.nc
SalishSea1500-RUN141_1d_grid_V_20170303-20170303.nc
SalishSea1500-RUN141_1d_grid_V_20170304-20170304.nc
SalishSea1500-RUN141_1d_grid_V_20170305-20170305.nc
SalishSea1500-RUN141_1d_grid_V_20170306-20170306.nc
SalishSea1500-RUN141_1d_grid_V_20170307-20170307.nc
SalishSea1500-RUN141_1d_grid_V_20170308-20170308.nc
SalishSea1500-RUN141_1d_grid_V_20170309-20170309.nc
SalishSea1500-RUN141_1d_grid_V_20170310-20170310.nc
SalishSea1500-RUN141_1d_grid_V_20170311-20170311.nc
SalishSea1500-RUN141_1d_grid_V_20170312-20170312.nc
SalishSea1500-RUN141_1d_grid_V_20170313-20170313.nc
SalishSea1500-RUN141_1d_grid_V_20170314-20170314.nc
SalishSea1500-RUN141_1d_grid_V_20170315-20170315.nc
SalishSea1500-RUN141_1d_grid_V_20170316-20170316.nc
SalishSea1500-RUN141_1d_grid_V_20170317-20170317.nc
SalishSea1500-RUN141_1d_grid_V_20170318-20170318.nc
SalishSea1500-RUN141_1d_grid_V_20170319-20170319.nc
SalishSea1500-RUN141_1d_grid_V_20170320-20170320.nc
SalishSea1500-RUN141_1d_grid_V_20170321-20170321.nc
SalishSea1500-RUN141_1d_grid_V_20170322-20170322.nc
SalishSea1500-RUN141_1d_grid_V_20170323-20170323.nc
SalishSea1500-RUN141_1d_grid_V_20170324-20170324.nc
SalishSea1500-RUN141_1d_grid_V_20170325-20170325.nc
SalishSea1500-RUN141_1d_grid_V_20170326-20170326.nc
SalishSea1500-RUN141_1d_grid_V_20170327-20170327.nc
SalishSea1500-RUN141_1d_grid_V_20170328-20170328.nc
SalishSea1500-RUN141_1d_grid_V_20170329-20170329.nc
SalishSea1500-RUN141_1d_grid_V_20170330-20170330.nc
SalishSea1500-RUN141_1d_grid_V_20170331-20170331.nc
SalishSea1500-RUN141_1d_grid_V_20170401-20170401.nc
SalishSea1500-RUN141_1d_grid_V_20170402-20170402.nc
SalishSea1500-RUN141_1d_grid_V_20170403-20170403.nc
SalishSea1500-RUN141_1d_grid_V_20170404-20170404.nc
SalishSea1500-RUN141_1d_grid_V_20170405-20170405.nc
SalishSea1500-RUN141_1d_grid_V_20170406-20170406.nc
SalishSea1500-RUN141_1d_grid_V_20170407-20170407.nc
SalishSea1500-RUN141_1d_grid_V_20170408-20170408.nc
SalishSea1500-RUN141_1d_grid_V_20170409-20170409.nc
SalishSea1500-RUN141_1d_grid_V_20170410-20170410.nc
SalishSea1500-RUN141_1d_grid_V_20170411-20170411.nc
SalishSea1500-RUN141_1d_grid_W_20170102-20170102.nc
SalishSea1500-RUN141_1d_grid_W_20170103-20170103.nc
SalishSea1500-RUN141_1d_grid_W_20170104-20170104.nc
SalishSea1500-RUN141_1d_grid_W_20170105-20170105.nc
SalishSea1500-RUN141_1d_grid_W_20170106-20170106.nc
SalishSea1500-RUN141_1d_grid_W_20170107-20170107.nc
SalishSea1500-RUN141_1d_grid_W_20170108-20170108.nc
SalishSea1500-RUN141_1d_grid_W_20170109-20170109.nc
SalishSea1500-RUN141_1d_grid_W_20170110-20170110.nc
SalishSea1500-RUN141_1d_grid_W_20170111-20170111.nc
SalishSea1500-RUN141_1d_grid_W_20170112-20170112.nc
SalishSea1500-RUN141_1d_grid_W_20170113-20170113.nc
SalishSea1500-RUN141_1d_grid_W_20170114-20170114.nc
SalishSea1500-RUN141_1d_grid_W_20170115-20170115.nc
SalishSea1500-RUN141_1d_grid_W_20170116-20170116.nc
SalishSea1500-RUN141_1d_grid_W_20170117-20170117.nc
SalishSea1500-RUN141_1d_grid_W_20170118-20170118.nc
SalishSea1500-RUN141_1d_grid_W_20170119-20170119.nc
SalishSea1500-RUN141_1d_grid_W_20170120-20170120.nc
SalishSea1500-RUN141_1d_grid_W_20170121-20170121.nc
SalishSea1500-RUN141_1d_grid_W_20170122-20170122.nc
SalishSea1500-RUN141_1d_grid_W_20170123-20170123.nc
SalishSea1500-RUN141_1d_grid_W_20170124-20170124.nc
SalishSea1500-RUN141_1d_grid_W_20170125-20170125.nc
SalishSea1500-RUN141_1d_grid_W_20170126-20170126.nc
SalishSea1500-RUN141_1d_grid_W_20170127-20170127.nc
SalishSea1500-RUN141_1d_grid_W_20170128-20170128.nc
SalishSea1500-RUN141_1d_grid_W_20170129-20170129.nc
SalishSea1500-RUN141_1d_grid_W_20170130-20170130.nc
SalishSea1500-RUN141_1d_grid_W_20170131-20170131.nc
SalishSea1500-RUN141_1d_grid_W_20170201-20170201.nc
SalishSea1500-RUN141_1d_grid_W_20170202-20170202.nc
SalishSea1500-RUN141_1d_grid_W_20170203-20170203.nc
SalishSea1500-RUN141_1d_grid_W_20170204-20170204.nc
SalishSea1500-RUN141_1d_grid_W_20170205-20170205.nc
SalishSea1500-RUN141_1d_grid_W_20170206-20170206.nc
SalishSea1500-RUN141_1d_grid_W_20170207-20170207.nc
SalishSea1500-RUN141_1d_grid_W_20170208-20170208.nc
SalishSea1500-RUN141_1d_grid_W_20170209-20170209.nc
SalishSea1500-RUN141_1d_grid_W_20170210-20170210.nc
SalishSea1500-RUN141_1d_grid_W_20170211-20170211.nc
SalishSea1500-RUN141_1d_grid_W_20170212-20170212.nc
SalishSea1500-RUN141_1d_grid_W_20170213-20170213.nc
SalishSea1500-RUN141_1d_grid_W_20170214-20170214.nc
SalishSea1500-RUN141_1d_grid_W_20170215-20170215.nc
SalishSea1500-RUN141_1d_grid_W_20170216-20170216.nc
SalishSea1500-RUN141_1d_grid_W_20170217-20170217.nc
SalishSea1500-RUN141_1d_grid_W_20170218-20170218.nc
SalishSea1500-RUN141_1d_grid_W_20170219-20170219.nc
SalishSea1500-RUN141_1d_grid_W_20170220-20170220.nc
SalishSea1500-RUN141_1d_grid_W_20170221-20170221.nc
SalishSea1500-RUN141_1d_grid_W_20170222-20170222.nc
SalishSea1500-RUN141_1d_grid_W_20170223-20170223.nc
SalishSea1500-RUN141_1d_grid_W_20170224-20170224.nc
SalishSea1500-RUN141_1d_grid_W_20170225-20170225.nc
SalishSea1500-RUN141_1d_grid_W_20170226-20170226.nc
SalishSea1500-RUN141_1d_grid_W_20170227-20170227.nc
SalishSea1500-RUN141_1d_grid_W_20170228-20170228.nc
SalishSea1500-RUN141_1d_grid_W_20170301-20170301.nc
SalishSea1500-RUN141_1d_grid_W_20170302-20170302.nc
SalishSea1500-RUN141_1d_grid_W_20170303-20170303.nc
SalishSea1500-RUN141_1d_grid_W_20170304-20170304.nc
SalishSea1500-RUN141_1d_grid_W_20170305-20170305.nc
SalishSea1500-RUN141_1d_grid_W_20170306-20170306.nc
SalishSea1500-RUN141_1d_grid_W_20170307-20170307.nc
SalishSea1500-RUN141_1d_grid_W_20170308-20170308.nc
SalishSea1500-RUN141_1d_grid_W_20170309-20170309.nc
SalishSea1500-RUN141_1d_grid_W_20170310-20170310.nc
SalishSea1500-RUN141_1d_grid_W_20170311-20170311.nc
SalishSea1500-RUN141_1d_grid_W_20170312-20170312.nc
SalishSea1500-RUN141_1d_grid_W_20170313-20170313.nc
SalishSea1500-RUN141_1d_grid_W_20170314-20170314.nc
SalishSea1500-RUN141_1d_grid_W_20170315-20170315.nc
SalishSea1500-RUN141_1d_grid_W_20170316-20170316.nc
SalishSea1500-RUN141_1d_grid_W_20170317-20170317.nc
SalishSea1500-RUN141_1d_grid_W_20170318-20170318.nc
SalishSea1500-RUN141_1d_grid_W_20170319-20170319.nc
SalishSea1500-RUN141_1d_grid_W_20170320-20170320.nc
SalishSea1500-RUN141_1d_grid_W_20170321-20170321.nc
SalishSea1500-RUN141_1d_grid_W_20170322-20170322.nc
SalishSea1500-RUN141_1d_grid_W_20170323-20170323.nc
SalishSea1500-RUN141_1d_grid_W_20170324-20170324.nc
SalishSea1500-RUN141_1d_grid_W_20170325-20170325.nc
SalishSea1500-RUN141_1d_grid_W_20170326-20170326.nc
SalishSea1500-RUN141_1d_grid_W_20170327-20170327.nc
SalishSea1500-RUN141_1d_grid_W_20170328-20170328.nc
SalishSea1500-RUN141_1d_grid_W_20170329-20170329.nc
SalishSea1500-RUN141_1d_grid_W_20170330-20170330.nc
SalishSea1500-RUN141_1d_grid_W_20170331-20170331.nc
SalishSea1500-RUN141_1d_grid_W_20170401-20170401.nc
SalishSea1500-RUN141_1d_grid_W_20170402-20170402.nc
SalishSea1500-RUN141_1d_grid_W_20170403-20170403.nc
SalishSea1500-RUN141_1d_grid_W_20170404-20170404.nc
SalishSea1500-RUN141_1d_grid_W_20170405-20170405.nc
SalishSea1500-RUN141_1d_grid_W_20170406-20170406.nc
SalishSea1500-RUN141_1d_grid_W_20170407-20170407.nc
SalishSea1500-RUN141_1d_grid_W_20170408-20170408.nc
SalishSea1500-RUN141_1d_grid_W_20170409-20170409.nc
SalishSea1500-RUN141_1d_grid_W_20170410-20170410.nc
SalishSea1500-RUN141_1d_grid_W_20170411-20170411.nc
SalishSea1500-RUN141_1h_grid_T_20170102-20170102.nc
SalishSea1500-RUN141_1h_grid_T_20170103-20170103.nc
SalishSea1500-RUN141_1h_grid_T_20170104-20170104.nc
SalishSea1500-RUN141_1h_grid_T_20170105-20170105.nc
SalishSea1500-RUN141_1h_grid_T_20170106-20170106.nc
SalishSea1500-RUN141_1h_grid_T_20170107-20170107.nc
SalishSea1500-RUN141_1h_grid_T_20170108-20170108.nc
SalishSea1500-RUN141_1h_grid_T_20170109-20170109.nc
SalishSea1500-RUN141_1h_grid_T_20170110-20170110.nc
SalishSea1500-RUN141_1h_grid_T_20170111-20170111.nc
SalishSea1500-RUN141_1h_grid_T_20170112-20170112.nc
SalishSea1500-RUN141_1h_grid_T_20170113-20170113.nc
SalishSea1500-RUN141_1h_grid_T_20170114-20170114.nc
SalishSea1500-RUN141_1h_grid_T_20170115-20170115.nc
SalishSea1500-RUN141_1h_grid_T_20170116-20170116.nc
SalishSea1500-RUN141_1h_grid_T_20170117-20170117.nc
SalishSea1500-RUN141_1h_grid_T_20170118-20170118.nc
SalishSea1500-RUN141_1h_grid_T_20170119-20170119.nc
SalishSea1500-RUN141_1h_grid_T_20170120-20170120.nc
SalishSea1500-RUN141_1h_grid_T_20170121-20170121.nc
SalishSea1500-RUN141_1h_grid_T_20170122-20170122.nc
SalishSea1500-RUN141_1h_grid_T_20170123-20170123.nc
SalishSea1500-RUN141_1h_grid_T_20170124-20170124.nc
SalishSea1500-RUN141_1h_grid_T_20170125-20170125.nc
SalishSea1500-RUN141_1h_grid_T_20170126-20170126.nc
SalishSea1500-RUN141_1h_grid_T_20170127-20170127.nc
SalishSea1500-RUN141_1h_grid_T_20170128-20170128.nc
SalishSea1500-RUN141_1h_grid_T_20170129-20170129.nc
SalishSea1500-RUN141_1h_grid_T_20170130-20170130.nc
SalishSea1500-RUN141_1h_grid_T_20170131-20170131.nc
SalishSea1500-RUN141_1h_grid_T_20170201-20170201.nc
SalishSea1500-RUN141_1h_grid_T_20170202-20170202.nc
SalishSea1500-RUN141_1h_grid_T_20170203-20170203.nc
SalishSea1500-RUN141_1h_grid_T_20170204-20170204.nc
SalishSea1500-RUN141_1h_grid_T_20170205-20170205.nc
SalishSea1500-RUN141_1h_grid_T_20170206-20170206.nc
SalishSea1500-RUN141_1h_grid_T_20170207-20170207.nc
SalishSea1500-RUN141_1h_grid_T_20170208-20170208.nc
SalishSea1500-RUN141_1h_grid_T_20170209-20170209.nc
SalishSea1500-RUN141_1h_grid_T_20170210-20170210.nc
SalishSea1500-RUN141_1h_grid_T_20170211-20170211.nc
SalishSea1500-RUN141_1h_grid_T_20170212-20170212.nc
SalishSea1500-RUN141_1h_grid_T_20170213-20170213.nc
SalishSea1500-RUN141_1h_grid_T_20170214-20170214.nc
SalishSea1500-RUN141_1h_grid_T_20170215-20170215.nc
SalishSea1500-RUN141_1h_grid_T_20170216-20170216.nc
SalishSea1500-RUN141_1h_grid_T_20170217-20170217.nc
SalishSea1500-RUN141_1h_grid_T_20170218-20170218.nc
SalishSea1500-RUN141_1h_grid_T_20170219-20170219.nc
SalishSea1500-RUN141_1h_grid_T_20170220-20170220.nc
SalishSea1500-RUN141_1h_grid_T_20170221-20170221.nc
SalishSea1500-RUN141_1h_grid_T_20170222-20170222.nc
SalishSea1500-RUN141_1h_grid_T_20170223-20170223.nc
SalishSea1500-RUN141_1h_grid_T_20170224-20170224.nc
SalishSea1500-RUN141_1h_grid_T_20170225-20170225.nc
SalishSea1500-RUN141_1h_grid_T_20170226-20170226.nc
SalishSea1500-RUN141_1h_grid_T_20170227-20170227.nc
SalishSea1500-RUN141_1h_grid_T_20170228-20170228.nc
SalishSea1500-RUN141_1h_grid_T_20170301-20170301.nc
SalishSea1500-RUN141_1h_grid_T_20170302-20170302.nc
SalishSea1500-RUN141_1h_grid_T_20170303-20170303.nc
SalishSea1500-RUN141_1h_grid_T_20170304-20170304.nc
SalishSea1500-RUN141_1h_grid_T_20170305-20170305.nc
SalishSea1500-RUN141_1h_grid_T_20170306-20170306.nc
SalishSea1500-RUN141_1h_grid_T_20170307-20170307.nc
SalishSea1500-RUN141_1h_grid_T_20170308-20170308.nc
SalishSea1500-RUN141_1h_grid_T_20170309-20170309.nc
SalishSea1500-RUN141_1h_grid_T_20170310-20170310.nc
SalishSea1500-RUN141_1h_grid_T_20170311-20170311.nc
SalishSea1500-RUN141_1h_grid_T_20170312-20170312.nc
SalishSea1500-RUN141_1h_grid_T_20170313-20170313.nc
SalishSea1500-RUN141_1h_grid_T_20170314-20170314.nc
SalishSea1500-RUN141_1h_grid_T_20170315-20170315.nc
SalishSea1500-RUN141_1h_grid_T_20170316-20170316.nc
SalishSea1500-RUN141_1h_grid_T_20170317-20170317.nc
SalishSea1500-RUN141_1h_grid_T_20170318-20170318.nc
SalishSea1500-RUN141_1h_grid_T_20170319-20170319.nc
SalishSea1500-RUN141_1h_grid_T_20170320-20170320.nc
SalishSea1500-RUN141_1h_grid_T_20170321-20170321.nc
SalishSea1500-RUN141_1h_grid_T_20170322-20170322.nc
SalishSea1500-RUN141_1h_grid_T_20170323-20170323.nc
SalishSea1500-RUN141_1h_grid_T_20170324-20170324.nc
SalishSea1500-RUN141_1h_grid_T_20170325-20170325.nc
SalishSea1500-RUN141_1h_grid_T_20170326-20170326.nc
SalishSea1500-RUN141_1h_grid_T_20170327-20170327.nc
SalishSea1500-RUN141_1h_grid_T_20170328-20170328.nc
SalishSea1500-RUN141_1h_grid_T_20170329-20170329.nc
SalishSea1500-RUN141_1h_grid_T_20170330-20170330.nc
SalishSea1500-RUN141_1h_grid_T_20170331-20170331.nc
SalishSea1500-RUN141_1h_grid_T_20170401-20170401.nc
SalishSea1500-RUN141_1h_grid_T_20170402-20170402.nc
SalishSea1500-RUN141_1h_grid_T_20170403-20170403.nc
SalishSea1500-RUN141_1h_grid_T_20170404-20170404.nc
SalishSea1500-RUN141_1h_grid_T_20170405-20170405.nc
SalishSea1500-RUN141_1h_grid_T_20170406-20170406.nc
SalishSea1500-RUN141_1h_grid_T_20170407-20170407.nc
SalishSea1500-RUN141_1h_grid_T_20170408-20170408.nc
SalishSea1500-RUN141_1h_grid_T_20170409-20170409.nc
SalishSea1500-RUN141_1h_grid_T_20170410-20170410.nc
SalishSea1500-RUN141_1h_grid_T_20170411-20170411.nc
SalishSea1500-RUN141_1h_grid_T_2D_20170102-20170102.nc
SalishSea1500-RUN141_1h_grid_T_2D_20170103-20170103.nc
SalishSea1500-RUN141_1h_grid_T_2D_20170104-20170104.nc
SalishSea1500-RUN141_1h_grid_T_2D_20170105-20170105.nc
SalishSea1500-RUN141_1h_grid_T_2D_20170106-20170106.nc
SalishSea1500-RUN141_1h_grid_T_2D_20170107-20170107.nc
SalishSea1500-RUN141_1h_grid_T_2D_20170108-20170108.nc
SalishSea1500-RUN141_1h_grid_T_2D_20170109-20170109.nc
SalishSea1500-RUN141_1h_grid_T_2D_20170110-20170110.nc
SalishSea1500-RUN141_1h_grid_T_2D_20170111-20170111.nc
SalishSea1500-RUN141_1h_grid_T_2D_20170112-20170112.nc
SalishSea1500-RUN141_1h_grid_T_2D_20170113-20170113.nc
SalishSea1500-RUN141_1h_grid_T_2D_20170114-20170114.nc
SalishSea1500-RUN141_1h_grid_T_2D_20170115-20170115.nc
SalishSea1500-RUN141_1h_grid_T_2D_20170116-20170116.nc
SalishSea1500-RUN141_1h_grid_T_2D_20170117-20170117.nc
SalishSea1500-RUN141_1h_grid_T_2D_20170118-20170118.nc
SalishSea1500-RUN141_1h_grid_T_2D_20170119-20170119.nc
SalishSea1500-RUN141_1h_grid_T_2D_20170120-20170120.nc
SalishSea1500-RUN141_1h_grid_T_2D_20170121-20170121.nc
SalishSea1500-RUN141_1h_grid_T_2D_20170122-20170122.nc
SalishSea1500-RUN141_1h_grid_T_2D_20170123-20170123.nc
SalishSea1500-RUN141_1h_grid_T_2D_20170124-20170124.nc
SalishSea1500-RUN141_1h_grid_T_2D_20170125-20170125.nc
SalishSea1500-RUN141_1h_grid_T_2D_20170126-20170126.nc
SalishSea1500-RUN141_1h_grid_T_2D_20170127-20170127.nc
SalishSea1500-RUN141_1h_grid_T_2D_20170128-20170128.nc
SalishSea1500-RUN141_1h_grid_T_2D_20170129-20170129.nc
SalishSea1500-RUN141_1h_grid_T_2D_20170130-20170130.nc
SalishSea1500-RUN141_1h_grid_T_2D_20170131-20170131.nc
SalishSea1500-RUN141_1h_grid_T_2D_20170201-20170201.nc
SalishSea1500-RUN141_1h_grid_T_2D_20170202-20170202.nc
SalishSea1500-RUN141_1h_grid_T_2D_20170203-20170203.nc
SalishSea1500-RUN141_1h_grid_T_2D_20170204-20170204.nc
SalishSea1500-RUN141_1h_grid_T_2D_20170205-20170205.nc
SalishSea1500-RUN141_1h_grid_T_2D_20170206-20170206.nc
SalishSea1500-RUN141_1h_grid_T_2D_20170207-20170207.nc
SalishSea1500-RUN141_1h_grid_T_2D_20170208-20170208.nc
SalishSea1500-RUN141_1h_grid_T_2D_20170209-20170209.nc
SalishSea1500-RUN141_1h_grid_T_2D_20170210-20170210.nc
SalishSea1500-RUN141_1h_grid_T_2D_20170211-20170211.nc
SalishSea1500-RUN141_1h_grid_T_2D_20170212-20170212.nc
SalishSea1500-RUN141_1h_grid_T_2D_20170213-20170213.nc
SalishSea1500-RUN141_1h_grid_T_2D_20170214-20170214.nc
SalishSea1500-RUN141_1h_grid_T_2D_20170215-20170215.nc
SalishSea1500-RUN141_1h_grid_T_2D_20170216-20170216.nc
SalishSea1500-RUN141_1h_grid_T_2D_20170217-20170217.nc
SalishSea1500-RUN141_1h_grid_T_2D_20170218-20170218.nc
SalishSea1500-RUN141_1h_grid_T_2D_20170219-20170219.nc
SalishSea1500-RUN141_1h_grid_T_2D_20170220-20170220.nc
SalishSea1500-RUN141_1h_grid_T_2D_20170221-20170221.nc
SalishSea1500-RUN141_1h_grid_T_2D_20170222-20170222.nc
SalishSea1500-RUN141_1h_grid_T_2D_20170223-20170223.nc
SalishSea1500-RUN141_1h_grid_T_2D_20170224-20170224.nc
SalishSea1500-RUN141_1h_grid_T_2D_20170225-20170225.nc
SalishSea1500-RUN141_1h_grid_T_2D_20170226-20170226.nc
SalishSea1500-RUN141_1h_grid_T_2D_20170227-20170227.nc
SalishSea1500-RUN141_1h_grid_T_2D_20170228-20170228.nc
SalishSea1500-RUN141_1h_grid_T_2D_20170301-20170301.nc
SalishSea1500-RUN141_1h_grid_T_2D_20170302-20170302.nc
SalishSea1500-RUN141_1h_grid_T_2D_20170303-20170303.nc
SalishSea1500-RUN141_1h_grid_T_2D_20170304-20170304.nc
SalishSea1500-RUN141_1h_grid_T_2D_20170305-20170305.nc
SalishSea1500-RUN141_1h_grid_T_2D_20170306-20170306.nc
SalishSea1500-RUN141_1h_grid_T_2D_20170307-20170307.nc
SalishSea1500-RUN141_1h_grid_T_2D_20170308-20170308.nc
SalishSea1500-RUN141_1h_grid_T_2D_20170309-20170309.nc
SalishSea1500-RUN141_1h_grid_T_2D_20170310-20170310.nc
SalishSea1500-RUN141_1h_grid_T_2D_20170311-20170311.nc
SalishSea1500-RUN141_1h_grid_T_2D_20170312-20170312.nc
SalishSea1500-RUN141_1h_grid_T_2D_20170313-20170313.nc
SalishSea1500-RUN141_1h_grid_T_2D_20170314-20170314.nc
SalishSea1500-RUN141_1h_grid_T_2D_20170315-20170315.nc
SalishSea1500-RUN141_1h_grid_T_2D_20170316-20170316.nc
SalishSea1500-RUN141_1h_grid_T_2D_20170317-20170317.nc
SalishSea1500-RUN141_1h_grid_T_2D_20170318-20170318.nc
SalishSea1500-RUN141_1h_grid_T_2D_20170319-20170319.nc
SalishSea1500-RUN141_1h_grid_T_2D_20170320-20170320.nc
SalishSea1500-RUN141_1h_grid_T_2D_20170321-20170321.nc
SalishSea1500-RUN141_1h_grid_T_2D_20170322-20170322.nc
SalishSea1500-RUN141_1h_grid_T_2D_20170323-20170323.nc
SalishSea1500-RUN141_1h_grid_T_2D_20170324-20170324.nc
SalishSea1500-RUN141_1h_grid_T_2D_20170325-20170325.nc
SalishSea1500-RUN141_1h_grid_T_2D_20170326-20170326.nc
SalishSea1500-RUN141_1h_grid_T_2D_20170327-20170327.nc
SalishSea1500-RUN141_1h_grid_T_2D_20170328-20170328.nc
SalishSea1500-RUN141_1h_grid_T_2D_20170329-20170329.nc
SalishSea1500-RUN141_1h_grid_T_2D_20170330-20170330.nc
SalishSea1500-RUN141_1h_grid_T_2D_20170331-20170331.nc
SalishSea1500-RUN141_1h_grid_T_2D_20170401-20170401.nc
SalishSea1500-RUN141_1h_grid_T_2D_20170402-20170402.nc
SalishSea1500-RUN141_1h_grid_T_2D_20170403-20170403.nc
SalishSea1500-RUN141_1h_grid_T_2D_20170404-20170404.nc
SalishSea1500-RUN141_1h_grid_T_2D_20170405-20170405.nc
SalishSea1500-RUN141_1h_grid_T_2D_20170406-20170406.nc
SalishSea1500-RUN141_1h_grid_T_2D_20170407-20170407.nc
SalishSea1500-RUN141_1h_grid_T_2D_20170408-20170408.nc
SalishSea1500-RUN141_1h_grid_T_2D_20170409-20170409.nc
SalishSea1500-RUN141_1h_grid_T_2D_20170410-20170410.nc
SalishSea1500-RUN141_1h_grid_T_2D_20170411-20170411.nc
SalishSea1500-RUN141_1h_grid_U_20170102-20170102.nc
SalishSea1500-RUN141_1h_grid_U_20170103-20170103.nc
SalishSea1500-RUN141_1h_grid_U_20170104-20170104.nc
SalishSea1500-RUN141_1h_grid_U_20170105-20170105.nc
SalishSea1500-RUN141_1h_grid_U_20170106-20170106.nc
SalishSea1500-RUN141_1h_grid_U_20170107-20170107.nc
SalishSea1500-RUN141_1h_grid_U_20170108-20170108.nc
SalishSea1500-RUN141_1h_grid_U_20170109-20170109.nc
SalishSea1500-RUN141_1h_grid_U_20170110-20170110.nc
SalishSea1500-RUN141_1h_grid_U_20170111-20170111.nc
SalishSea1500-RUN141_1h_grid_U_20170112-20170112.nc
SalishSea1500-RUN141_1h_grid_U_20170113-20170113.nc
SalishSea1500-RUN141_1h_grid_U_20170114-20170114.nc
SalishSea1500-RUN141_1h_grid_U_20170115-20170115.nc
SalishSea1500-RUN141_1h_grid_U_20170116-20170116.nc
SalishSea1500-RUN141_1h_grid_U_20170117-20170117.nc
SalishSea1500-RUN141_1h_grid_U_20170118-20170118.nc
SalishSea1500-RUN141_1h_grid_U_20170119-20170119.nc
SalishSea1500-RUN141_1h_grid_U_20170120-20170120.nc
SalishSea1500-RUN141_1h_grid_U_20170121-20170121.nc
SalishSea1500-RUN141_1h_grid_U_20170122-20170122.nc
SalishSea1500-RUN141_1h_grid_U_20170123-20170123.nc
SalishSea1500-RUN141_1h_grid_U_20170124-20170124.nc
SalishSea1500-RUN141_1h_grid_U_20170125-20170125.nc
SalishSea1500-RUN141_1h_grid_U_20170126-20170126.nc
SalishSea1500-RUN141_1h_grid_U_20170127-20170127.nc
SalishSea1500-RUN141_1h_grid_U_20170128-20170128.nc
SalishSea1500-RUN141_1h_grid_U_20170129-20170129.nc
SalishSea1500-RUN141_1h_grid_U_20170130-20170130.nc
SalishSea1500-RUN141_1h_grid_U_20170131-20170131.nc
SalishSea1500-RUN141_1h_grid_U_20170201-20170201.nc
SalishSea1500-RUN141_1h_grid_U_20170202-20170202.nc
SalishSea1500-RUN141_1h_grid_U_20170203-20170203.nc
SalishSea1500-RUN141_1h_grid_U_20170204-20170204.nc
SalishSea1500-RUN141_1h_grid_U_20170205-20170205.nc
SalishSea1500-RUN141_1h_grid_U_20170206-20170206.nc
SalishSea1500-RUN141_1h_grid_U_20170207-20170207.nc
SalishSea1500-RUN141_1h_grid_U_20170208-20170208.nc
SalishSea1500-RUN141_1h_grid_U_20170209-20170209.nc
SalishSea1500-RUN141_1h_grid_U_20170210-20170210.nc
SalishSea1500-RUN141_1h_grid_U_20170211-20170211.nc
SalishSea1500-RUN141_1h_grid_U_20170212-20170212.nc
SalishSea1500-RUN141_1h_grid_U_20170213-20170213.nc
SalishSea1500-RUN141_1h_grid_U_20170214-20170214.nc
SalishSea1500-RUN141_1h_grid_U_20170215-20170215.nc
SalishSea1500-RUN141_1h_grid_U_20170216-20170216.nc
SalishSea1500-RUN141_1h_grid_U_20170217-20170217.nc
SalishSea1500-RUN141_1h_grid_U_20170218-20170218.nc
SalishSea1500-RUN141_1h_grid_U_20170219-20170219.nc
SalishSea1500-RUN141_1h_grid_U_20170220-20170220.nc
SalishSea1500-RUN141_1h_grid_U_20170221-20170221.nc
SalishSea1500-RUN141_1h_grid_U_20170222-20170222.nc
SalishSea1500-RUN141_1h_grid_U_20170223-20170223.nc
SalishSea1500-RUN141_1h_grid_U_20170224-20170224.nc
SalishSea1500-RUN141_1h_grid_U_20170225-20170225.nc
SalishSea1500-RUN141_1h_grid_U_20170226-20170226.nc
SalishSea1500-RUN141_1h_grid_U_20170227-20170227.nc
SalishSea1500-RUN141_1h_grid_U_20170228-20170228.nc
SalishSea1500-RUN141_1h_grid_U_20170301-20170301.nc
SalishSea1500-RUN141_1h_grid_U_20170302-20170302.nc
SalishSea1500-RUN141_1h_grid_U_20170303-20170303.nc
SalishSea1500-RUN141_1h_grid_U_20170304-20170304.nc
SalishSea1500-RUN141_1h_grid_U_20170305-20170305.nc
SalishSea1500-RUN141_1h_grid_U_20170306-20170306.nc
SalishSea1500-RUN141_1h_grid_U_20170307-20170307.nc
SalishSea1500-RUN141_1h_grid_U_20170308-20170308.nc
SalishSea1500-RUN141_1h_grid_U_20170309-20170309.nc
SalishSea1500-RUN141_1h_grid_U_20170310-20170310.nc
SalishSea1500-RUN141_1h_grid_U_20170311-20170311.nc
SalishSea1500-RUN141_1h_grid_U_20170312-20170312.nc
SalishSea1500-RUN141_1h_grid_U_20170313-20170313.nc
SalishSea1500-RUN141_1h_grid_U_20170314-20170314.nc
SalishSea1500-RUN141_1h_grid_U_20170315-20170315.nc
SalishSea1500-RUN141_1h_grid_U_20170316-20170316.nc
SalishSea1500-RUN141_1h_grid_U_20170317-20170317.nc
SalishSea1500-RUN141_1h_grid_U_20170318-20170318.nc
SalishSea1500-RUN141_1h_grid_U_20170319-20170319.nc
SalishSea1500-RUN141_1h_grid_U_20170320-20170320.nc
SalishSea1500-RUN141_1h_grid_U_20170321-20170321.nc
SalishSea1500-RUN141_1h_grid_U_20170322-20170322.nc
SalishSea1500-RUN141_1h_grid_U_20170323-20170323.nc
SalishSea1500-RUN141_1h_grid_U_20170324-20170324.nc
SalishSea1500-RUN141_1h_grid_U_20170325-20170325.nc
SalishSea1500-RUN141_1h_grid_U_20170326-20170326.nc
SalishSea1500-RUN141_1h_grid_U_20170327-20170327.nc
SalishSea1500-RUN141_1h_grid_U_20170328-20170328.nc
SalishSea1500-RUN141_1h_grid_U_20170329-20170329.nc
SalishSea1500-RUN141_1h_grid_U_20170330-20170330.nc
SalishSea1500-RUN141_1h_grid_U_20170331-20170331.nc
SalishSea1500-RUN141_1h_grid_U_20170401-20170401.nc
SalishSea1500-RUN141_1h_grid_U_20170402-20170402.nc
SalishSea1500-RUN141_1h_grid_U_20170403-20170403.nc
SalishSea1500-RUN141_1h_grid_U_20170404-20170404.nc
SalishSea1500-RUN141_1h_grid_U_20170405-20170405.nc
SalishSea1500-RUN141_1h_grid_U_20170406-20170406.nc
SalishSea1500-RUN141_1h_grid_U_20170407-20170407.nc
SalishSea1500-RUN141_1h_grid_U_20170408-20170408.nc
SalishSea1500-RUN141_1h_grid_U_20170409-20170409.nc
SalishSea1500-RUN141_1h_grid_U_20170410-20170410.nc
SalishSea1500-RUN141_1h_grid_U_20170411-20170411.nc
SalishSea1500-RUN141_1h_grid_U_2D_20170102-20170102.nc
SalishSea1500-RUN141_1h_grid_U_2D_20170103-20170103.nc
SalishSea1500-RUN141_1h_grid_U_2D_20170104-20170104.nc
SalishSea1500-RUN141_1h_grid_U_2D_20170105-20170105.nc
SalishSea1500-RUN141_1h_grid_U_2D_20170106-20170106.nc
SalishSea1500-RUN141_1h_grid_U_2D_20170107-20170107.nc
SalishSea1500-RUN141_1h_grid_U_2D_20170108-20170108.nc
SalishSea1500-RUN141_1h_grid_U_2D_20170109-20170109.nc
SalishSea1500-RUN141_1h_grid_U_2D_20170110-20170110.nc
SalishSea1500-RUN141_1h_grid_U_2D_20170111-20170111.nc
SalishSea1500-RUN141_1h_grid_U_2D_20170112-20170112.nc
SalishSea1500-RUN141_1h_grid_U_2D_20170113-20170113.nc
SalishSea1500-RUN141_1h_grid_U_2D_20170114-20170114.nc
SalishSea1500-RUN141_1h_grid_U_2D_20170115-20170115.nc
SalishSea1500-RUN141_1h_grid_U_2D_20170116-20170116.nc
SalishSea1500-RUN141_1h_grid_U_2D_20170117-20170117.nc
SalishSea1500-RUN141_1h_grid_U_2D_20170118-20170118.nc
SalishSea1500-RUN141_1h_grid_U_2D_20170119-20170119.nc
SalishSea1500-RUN141_1h_grid_U_2D_20170120-20170120.nc
SalishSea1500-RUN141_1h_grid_U_2D_20170121-20170121.nc
SalishSea1500-RUN141_1h_grid_U_2D_20170122-20170122.nc
SalishSea1500-RUN141_1h_grid_U_2D_20170123-20170123.nc
SalishSea1500-RUN141_1h_grid_U_2D_20170124-20170124.nc
SalishSea1500-RUN141_1h_grid_U_2D_20170125-20170125.nc
SalishSea1500-RUN141_1h_grid_U_2D_20170126-20170126.nc
SalishSea1500-RUN141_1h_grid_U_2D_20170127-20170127.nc
SalishSea1500-RUN141_1h_grid_U_2D_20170128-20170128.nc
SalishSea1500-RUN141_1h_grid_U_2D_20170129-20170129.nc
SalishSea1500-RUN141_1h_grid_U_2D_20170130-20170130.nc
SalishSea1500-RUN141_1h_grid_U_2D_20170131-20170131.nc
SalishSea1500-RUN141_1h_grid_U_2D_20170201-20170201.nc
SalishSea1500-RUN141_1h_grid_U_2D_20170202-20170202.nc
SalishSea1500-RUN141_1h_grid_U_2D_20170203-20170203.nc
SalishSea1500-RUN141_1h_grid_U_2D_20170204-20170204.nc
SalishSea1500-RUN141_1h_grid_U_2D_20170205-20170205.nc
SalishSea1500-RUN141_1h_grid_U_2D_20170206-20170206.nc
SalishSea1500-RUN141_1h_grid_U_2D_20170207-20170207.nc
SalishSea1500-RUN141_1h_grid_U_2D_20170208-20170208.nc
SalishSea1500-RUN141_1h_grid_U_2D_20170209-20170209.nc
SalishSea1500-RUN141_1h_grid_U_2D_20170210-20170210.nc
SalishSea1500-RUN141_1h_grid_U_2D_20170211-20170211.nc
SalishSea1500-RUN141_1h_grid_U_2D_20170212-20170212.nc
SalishSea1500-RUN141_1h_grid_U_2D_20170213-20170213.nc
SalishSea1500-RUN141_1h_grid_U_2D_20170214-20170214.nc
SalishSea1500-RUN141_1h_grid_U_2D_20170215-20170215.nc
SalishSea1500-RUN141_1h_grid_U_2D_20170216-20170216.nc
SalishSea1500-RUN141_1h_grid_U_2D_20170217-20170217.nc
SalishSea1500-RUN141_1h_grid_U_2D_20170218-20170218.nc
SalishSea1500-RUN141_1h_grid_U_2D_20170219-20170219.nc
SalishSea1500-RUN141_1h_grid_U_2D_20170220-20170220.nc
SalishSea1500-RUN141_1h_grid_U_2D_20170221-20170221.nc
SalishSea1500-RUN141_1h_grid_U_2D_20170222-20170222.nc
SalishSea1500-RUN141_1h_grid_U_2D_20170223-20170223.nc
SalishSea1500-RUN141_1h_grid_U_2D_20170224-20170224.nc
SalishSea1500-RUN141_1h_grid_U_2D_20170225-20170225.nc
SalishSea1500-RUN141_1h_grid_U_2D_20170226-20170226.nc
SalishSea1500-RUN141_1h_grid_U_2D_20170227-20170227.nc
SalishSea1500-RUN141_1h_grid_U_2D_20170228-20170228.nc
SalishSea1500-RUN141_1h_grid_U_2D_20170301-20170301.nc
SalishSea1500-RUN141_1h_grid_U_2D_20170302-20170302.nc
SalishSea1500-RUN141_1h_grid_U_2D_20170303-20170303.nc
SalishSea1500-RUN141_1h_grid_U_2D_20170304-20170304.nc
SalishSea1500-RUN141_1h_grid_U_2D_20170305-20170305.nc
SalishSea1500-RUN141_1h_grid_U_2D_20170306-20170306.nc
SalishSea1500-RUN141_1h_grid_U_2D_20170307-20170307.nc
SalishSea1500-RUN141_1h_grid_U_2D_20170308-20170308.nc
SalishSea1500-RUN141_1h_grid_U_2D_20170309-20170309.nc
SalishSea1500-RUN141_1h_grid_U_2D_20170310-20170310.nc
SalishSea1500-RUN141_1h_grid_U_2D_20170311-20170311.nc
SalishSea1500-RUN141_1h_grid_U_2D_20170312-20170312.nc
SalishSea1500-RUN141_1h_grid_U_2D_20170313-20170313.nc
SalishSea1500-RUN141_1h_grid_U_2D_20170314-20170314.nc
SalishSea1500-RUN141_1h_grid_U_2D_20170315-20170315.nc
SalishSea1500-RUN141_1h_grid_U_2D_20170316-20170316.nc
SalishSea1500-RUN141_1h_grid_U_2D_20170317-20170317.nc
SalishSea1500-RUN141_1h_grid_U_2D_20170318-20170318.nc
SalishSea1500-RUN141_1h_grid_U_2D_20170319-20170319.nc
SalishSea1500-RUN141_1h_grid_U_2D_20170320-20170320.nc
SalishSea1500-RUN141_1h_grid_U_2D_20170321-20170321.nc
SalishSea1500-RUN141_1h_grid_U_2D_20170322-20170322.nc
SalishSea1500-RUN141_1h_grid_U_2D_20170323-20170323.nc
SalishSea1500-RUN141_1h_grid_U_2D_20170324-20170324.nc
SalishSea1500-RUN141_1h_grid_U_2D_20170325-20170325.nc
SalishSea1500-RUN141_1h_grid_U_2D_20170326-20170326.nc
SalishSea1500-RUN141_1h_grid_U_2D_20170327-20170327.nc
SalishSea1500-RUN141_1h_grid_U_2D_20170328-20170328.nc
SalishSea1500-RUN141_1h_grid_U_2D_20170329-20170329.nc
SalishSea1500-RUN141_1h_grid_U_2D_20170330-20170330.nc
SalishSea1500-RUN141_1h_grid_U_2D_20170331-20170331.nc
SalishSea1500-RUN141_1h_grid_U_2D_20170401-20170401.nc
SalishSea1500-RUN141_1h_grid_U_2D_20170402-20170402.nc
SalishSea1500-RUN141_1h_grid_U_2D_20170403-20170403.nc
SalishSea1500-RUN141_1h_grid_U_2D_20170404-20170404.nc
SalishSea1500-RUN141_1h_grid_U_2D_20170405-20170405.nc
SalishSea1500-RUN141_1h_grid_U_2D_20170406-20170406.nc
SalishSea1500-RUN141_1h_grid_U_2D_20170407-20170407.nc
SalishSea1500-RUN141_1h_grid_U_2D_20170408-20170408.nc
SalishSea1500-RUN141_1h_grid_U_2D_20170409-20170409.nc
SalishSea1500-RUN141_1h_grid_U_2D_20170410-20170410.nc
SalishSea1500-RUN141_1h_grid_U_2D_20170411-20170411.nc
SalishSea1500-RUN141_1h_grid_V_20170102-20170102.nc
SalishSea1500-RUN141_1h_grid_V_20170103-20170103.nc
SalishSea1500-RUN141_1h_grid_V_20170104-20170104.nc
SalishSea1500-RUN141_1h_grid_V_20170105-20170105.nc
SalishSea1500-RUN141_1h_grid_V_20170106-20170106.nc
SalishSea1500-RUN141_1h_grid_V_20170107-20170107.nc
SalishSea1500-RUN141_1h_grid_V_20170108-20170108.nc
SalishSea1500-RUN141_1h_grid_V_20170109-20170109.nc
SalishSea1500-RUN141_1h_grid_V_20170110-20170110.nc
SalishSea1500-RUN141_1h_grid_V_20170111-20170111.nc
SalishSea1500-RUN141_1h_grid_V_20170112-20170112.nc
SalishSea1500-RUN141_1h_grid_V_20170113-20170113.nc
SalishSea1500-RUN141_1h_grid_V_20170114-20170114.nc
SalishSea1500-RUN141_1h_grid_V_20170115-20170115.nc
SalishSea1500-RUN141_1h_grid_V_20170116-20170116.nc
SalishSea1500-RUN141_1h_grid_V_20170117-20170117.nc
SalishSea1500-RUN141_1h_grid_V_20170118-20170118.nc
SalishSea1500-RUN141_1h_grid_V_20170119-20170119.nc
SalishSea1500-RUN141_1h_grid_V_20170120-20170120.nc
SalishSea1500-RUN141_1h_grid_V_20170121-20170121.nc
SalishSea1500-RUN141_1h_grid_V_20170122-20170122.nc
SalishSea1500-RUN141_1h_grid_V_20170123-20170123.nc
SalishSea1500-RUN141_1h_grid_V_20170124-20170124.nc
SalishSea1500-RUN141_1h_grid_V_20170125-20170125.nc
SalishSea1500-RUN141_1h_grid_V_20170126-20170126.nc
SalishSea1500-RUN141_1h_grid_V_20170127-20170127.nc
SalishSea1500-RUN141_1h_grid_V_20170128-20170128.nc
SalishSea1500-RUN141_1h_grid_V_20170129-20170129.nc
SalishSea1500-RUN141_1h_grid_V_20170130-20170130.nc
SalishSea1500-RUN141_1h_grid_V_20170131-20170131.nc
SalishSea1500-RUN141_1h_grid_V_20170201-20170201.nc
SalishSea1500-RUN141_1h_grid_V_20170202-20170202.nc
SalishSea1500-RUN141_1h_grid_V_20170203-20170203.nc
SalishSea1500-RUN141_1h_grid_V_20170204-20170204.nc
SalishSea1500-RUN141_1h_grid_V_20170205-20170205.nc
SalishSea1500-RUN141_1h_grid_V_20170206-20170206.nc
SalishSea1500-RUN141_1h_grid_V_20170207-20170207.nc
SalishSea1500-RUN141_1h_grid_V_20170208-20170208.nc
SalishSea1500-RUN141_1h_grid_V_20170209-20170209.nc
SalishSea1500-RUN141_1h_grid_V_20170210-20170210.nc
SalishSea1500-RUN141_1h_grid_V_20170211-20170211.nc
SalishSea1500-RUN141_1h_grid_V_20170212-20170212.nc
SalishSea1500-RUN141_1h_grid_V_20170213-20170213.nc
SalishSea1500-RUN141_1h_grid_V_20170214-20170214.nc
SalishSea1500-RUN141_1h_grid_V_20170215-20170215.nc
SalishSea1500-RUN141_1h_grid_V_20170216-20170216.nc
SalishSea1500-RUN141_1h_grid_V_20170217-20170217.nc
SalishSea1500-RUN141_1h_grid_V_20170218-20170218.nc
SalishSea1500-RUN141_1h_grid_V_20170219-20170219.nc
SalishSea1500-RUN141_1h_grid_V_20170220-20170220.nc
SalishSea1500-RUN141_1h_grid_V_20170221-20170221.nc
SalishSea1500-RUN141_1h_grid_V_20170222-20170222.nc
SalishSea1500-RUN141_1h_grid_V_20170223-20170223.nc
SalishSea1500-RUN141_1h_grid_V_20170224-20170224.nc
SalishSea1500-RUN141_1h_grid_V_20170225-20170225.nc
SalishSea1500-RUN141_1h_grid_V_20170226-20170226.nc
SalishSea1500-RUN141_1h_grid_V_20170227-20170227.nc
SalishSea1500-RUN141_1h_grid_V_20170228-20170228.nc
SalishSea1500-RUN141_1h_grid_V_20170301-20170301.nc
SalishSea1500-RUN141_1h_grid_V_20170302-20170302.nc
SalishSea1500-RUN141_1h_grid_V_20170303-20170303.nc
SalishSea1500-RUN141_1h_grid_V_20170304-20170304.nc
SalishSea1500-RUN141_1h_grid_V_20170305-20170305.nc
SalishSea1500-RUN141_1h_grid_V_20170306-20170306.nc
SalishSea1500-RUN141_1h_grid_V_20170307-20170307.nc
SalishSea1500-RUN141_1h_grid_V_20170308-20170308.nc
SalishSea1500-RUN141_1h_grid_V_20170309-20170309.nc
SalishSea1500-RUN141_1h_grid_V_20170310-20170310.nc
SalishSea1500-RUN141_1h_grid_V_20170311-20170311.nc
SalishSea1500-RUN141_1h_grid_V_20170312-20170312.nc
SalishSea1500-RUN141_1h_grid_V_20170313-20170313.nc
SalishSea1500-RUN141_1h_grid_V_20170314-20170314.nc
SalishSea1500-RUN141_1h_grid_V_20170315-20170315.nc
SalishSea1500-RUN141_1h_grid_V_20170316-20170316.nc
SalishSea1500-RUN141_1h_grid_V_20170317-20170317.nc
SalishSea1500-RUN141_1h_grid_V_20170318-20170318.nc
SalishSea1500-RUN141_1h_grid_V_20170319-20170319.nc
SalishSea1500-RUN141_1h_grid_V_20170320-20170320.nc
SalishSea1500-RUN141_1h_grid_V_20170321-20170321.nc
SalishSea1500-RUN141_1h_grid_V_20170322-20170322.nc
SalishSea1500-RUN141_1h_grid_V_20170323-20170323.nc
SalishSea1500-RUN141_1h_grid_V_20170324-20170324.nc
SalishSea1500-RUN141_1h_grid_V_20170325-20170325.nc
SalishSea1500-RUN141_1h_grid_V_20170326-20170326.nc
SalishSea1500-RUN141_1h_grid_V_20170327-20170327.nc
SalishSea1500-RUN141_1h_grid_V_20170328-20170328.nc
SalishSea1500-RUN141_1h_grid_V_20170329-20170329.nc
SalishSea1500-RUN141_1h_grid_V_20170330-20170330.nc
SalishSea1500-RUN141_1h_grid_V_20170331-20170331.nc
SalishSea1500-RUN141_1h_grid_V_20170401-20170401.nc
SalishSea1500-RUN141_1h_grid_V_20170402-20170402.nc
SalishSea1500-RUN141_1h_grid_V_20170403-20170403.nc
SalishSea1500-RUN141_1h_grid_V_20170404-20170404.nc
SalishSea1500-RUN141_1h_grid_V_20170405-20170405.nc
SalishSea1500-RUN141_1h_grid_V_20170406-20170406.nc
SalishSea1500-RUN141_1h_grid_V_20170407-20170407.nc
SalishSea1500-RUN141_1h_grid_V_20170408-20170408.nc
SalishSea1500-RUN141_1h_grid_V_20170409-20170409.nc
SalishSea1500-RUN141_1h_grid_V_20170410-20170410.nc
SalishSea1500-RUN141_1h_grid_V_20170411-20170411.nc
SalishSea1500-RUN141_1h_grid_V_2D_20170102-20170102.nc
SalishSea1500-RUN141_1h_grid_V_2D_20170103-20170103.nc
SalishSea1500-RUN141_1h_grid_V_2D_20170104-20170104.nc
SalishSea1500-RUN141_1h_grid_V_2D_20170105-20170105.nc
SalishSea1500-RUN141_1h_grid_V_2D_20170106-20170106.nc
SalishSea1500-RUN141_1h_grid_V_2D_20170107-20170107.nc
SalishSea1500-RUN141_1h_grid_V_2D_20170108-20170108.nc
SalishSea1500-RUN141_1h_grid_V_2D_20170109-20170109.nc
SalishSea1500-RUN141_1h_grid_V_2D_20170110-20170110.nc
SalishSea1500-RUN141_1h_grid_V_2D_20170111-20170111.nc
SalishSea1500-RUN141_1h_grid_V_2D_20170112-20170112.nc
SalishSea1500-RUN141_1h_grid_V_2D_20170113-20170113.nc
SalishSea1500-RUN141_1h_grid_V_2D_20170114-20170114.nc
SalishSea1500-RUN141_1h_grid_V_2D_20170115-20170115.nc
SalishSea1500-RUN141_1h_grid_V_2D_20170116-20170116.nc
SalishSea1500-RUN141_1h_grid_V_2D_20170117-20170117.nc
SalishSea1500-RUN141_1h_grid_V_2D_20170118-20170118.nc
SalishSea1500-RUN141_1h_grid_V_2D_20170119-20170119.nc
SalishSea1500-RUN141_1h_grid_V_2D_20170120-20170120.nc
SalishSea1500-RUN141_1h_grid_V_2D_20170121-20170121.nc
SalishSea1500-RUN141_1h_grid_V_2D_20170122-20170122.nc
SalishSea1500-RUN141_1h_grid_V_2D_20170123-20170123.nc
SalishSea1500-RUN141_1h_grid_V_2D_20170124-20170124.nc
SalishSea1500-RUN141_1h_grid_V_2D_20170125-20170125.nc
SalishSea1500-RUN141_1h_grid_V_2D_20170126-20170126.nc
SalishSea1500-RUN141_1h_grid_V_2D_20170127-20170127.nc
SalishSea1500-RUN141_1h_grid_V_2D_20170128-20170128.nc
SalishSea1500-RUN141_1h_grid_V_2D_20170129-20170129.nc
SalishSea1500-RUN141_1h_grid_V_2D_20170130-20170130.nc
SalishSea1500-RUN141_1h_grid_V_2D_20170131-20170131.nc
SalishSea1500-RUN141_1h_grid_V_2D_20170201-20170201.nc
SalishSea1500-RUN141_1h_grid_V_2D_20170202-20170202.nc
SalishSea1500-RUN141_1h_grid_V_2D_20170203-20170203.nc
SalishSea1500-RUN141_1h_grid_V_2D_20170204-20170204.nc
SalishSea1500-RUN141_1h_grid_V_2D_20170205-20170205.nc
SalishSea1500-RUN141_1h_grid_V_2D_20170206-20170206.nc
SalishSea1500-RUN141_1h_grid_V_2D_20170207-20170207.nc
SalishSea1500-RUN141_1h_grid_V_2D_20170208-20170208.nc
SalishSea1500-RUN141_1h_grid_V_2D_20170209-20170209.nc
SalishSea1500-RUN141_1h_grid_V_2D_20170210-20170210.nc
SalishSea1500-RUN141_1h_grid_V_2D_20170211-20170211.nc
SalishSea1500-RUN141_1h_grid_V_2D_20170212-20170212.nc
SalishSea1500-RUN141_1h_grid_V_2D_20170213-20170213.nc
SalishSea1500-RUN141_1h_grid_V_2D_20170214-20170214.nc
SalishSea1500-RUN141_1h_grid_V_2D_20170215-20170215.nc
SalishSea1500-RUN141_1h_grid_V_2D_20170216-20170216.nc
SalishSea1500-RUN141_1h_grid_V_2D_20170217-20170217.nc
SalishSea1500-RUN141_1h_grid_V_2D_20170218-20170218.nc
SalishSea1500-RUN141_1h_grid_V_2D_20170219-20170219.nc
SalishSea1500-RUN141_1h_grid_V_2D_20170220-20170220.nc
SalishSea1500-RUN141_1h_grid_V_2D_20170221-20170221.nc
SalishSea1500-RUN141_1h_grid_V_2D_20170222-20170222.nc
SalishSea1500-RUN141_1h_grid_V_2D_20170223-20170223.nc
SalishSea1500-RUN141_1h_grid_V_2D_20170224-20170224.nc
SalishSea1500-RUN141_1h_grid_V_2D_20170225-20170225.nc
SalishSea1500-RUN141_1h_grid_V_2D_20170226-20170226.nc
SalishSea1500-RUN141_1h_grid_V_2D_20170227-20170227.nc
SalishSea1500-RUN141_1h_grid_V_2D_20170228-20170228.nc
SalishSea1500-RUN141_1h_grid_V_2D_20170301-20170301.nc
SalishSea1500-RUN141_1h_grid_V_2D_20170302-20170302.nc
SalishSea1500-RUN141_1h_grid_V_2D_20170303-20170303.nc
SalishSea1500-RUN141_1h_grid_V_2D_20170304-20170304.nc
SalishSea1500-RUN141_1h_grid_V_2D_20170305-20170305.nc
SalishSea1500-RUN141_1h_grid_V_2D_20170306-20170306.nc
SalishSea1500-RUN141_1h_grid_V_2D_20170307-20170307.nc
SalishSea1500-RUN141_1h_grid_V_2D_20170308-20170308.nc
SalishSea1500-RUN141_1h_grid_V_2D_20170309-20170309.nc
SalishSea1500-RUN141_1h_grid_V_2D_20170310-20170310.nc
SalishSea1500-RUN141_1h_grid_V_2D_20170311-20170311.nc
SalishSea1500-RUN141_1h_grid_V_2D_20170312-20170312.nc
SalishSea1500-RUN141_1h_grid_V_2D_20170313-20170313.nc
SalishSea1500-RUN141_1h_grid_V_2D_20170314-20170314.nc
SalishSea1500-RUN141_1h_grid_V_2D_20170315-20170315.nc
SalishSea1500-RUN141_1h_grid_V_2D_20170316-20170316.nc
SalishSea1500-RUN141_1h_grid_V_2D_20170317-20170317.nc
SalishSea1500-RUN141_1h_grid_V_2D_20170318-20170318.nc
SalishSea1500-RUN141_1h_grid_V_2D_20170319-20170319.nc
SalishSea1500-RUN141_1h_grid_V_2D_20170320-20170320.nc
SalishSea1500-RUN141_1h_grid_V_2D_20170321-20170321.nc
SalishSea1500-RUN141_1h_grid_V_2D_20170322-20170322.nc
SalishSea1500-RUN141_1h_grid_V_2D_20170323-20170323.nc
SalishSea1500-RUN141_1h_grid_V_2D_20170324-20170324.nc
SalishSea1500-RUN141_1h_grid_V_2D_20170325-20170325.nc
SalishSea1500-RUN141_1h_grid_V_2D_20170326-20170326.nc
SalishSea1500-RUN141_1h_grid_V_2D_20170327-20170327.nc
SalishSea1500-RUN141_1h_grid_V_2D_20170328-20170328.nc
SalishSea1500-RUN141_1h_grid_V_2D_20170329-20170329.nc
SalishSea1500-RUN141_1h_grid_V_2D_20170330-20170330.nc
SalishSea1500-RUN141_1h_grid_V_2D_20170331-20170331.nc
SalishSea1500-RUN141_1h_grid_V_2D_20170401-20170401.nc
SalishSea1500-RUN141_1h_grid_V_2D_20170402-20170402.nc
SalishSea1500-RUN141_1h_grid_V_2D_20170403-20170403.nc
SalishSea1500-RUN141_1h_grid_V_2D_20170404-20170404.nc
SalishSea1500-RUN141_1h_grid_V_2D_20170405-20170405.nc
SalishSea1500-RUN141_1h_grid_V_2D_20170406-20170406.nc
SalishSea1500-RUN141_1h_grid_V_2D_20170407-20170407.nc
SalishSea1500-RUN141_1h_grid_V_2D_20170408-20170408.nc
SalishSea1500-RUN141_1h_grid_V_2D_20170409-20170409.nc
SalishSea1500-RUN141_1h_grid_V_2D_20170410-20170410.nc
SalishSea1500-RUN141_1h_grid_V_2D_20170411-20170411.nc
SalishSea1500-RUN141_1h_grid_W_20170102-20170102.nc
SalishSea1500-RUN141_1h_grid_W_20170103-20170103.nc
SalishSea1500-RUN141_1h_grid_W_20170104-20170104.nc
SalishSea1500-RUN141_1h_grid_W_20170105-20170105.nc
SalishSea1500-RUN141_1h_grid_W_20170106-20170106.nc
SalishSea1500-RUN141_1h_grid_W_20170107-20170107.nc
SalishSea1500-RUN141_1h_grid_W_20170108-20170108.nc
SalishSea1500-RUN141_1h_grid_W_20170109-20170109.nc
SalishSea1500-RUN141_1h_grid_W_20170110-20170110.nc
SalishSea1500-RUN141_1h_grid_W_20170111-20170111.nc
SalishSea1500-RUN141_1h_grid_W_20170112-20170112.nc
SalishSea1500-RUN141_1h_grid_W_20170113-20170113.nc
SalishSea1500-RUN141_1h_grid_W_20170114-20170114.nc
SalishSea1500-RUN141_1h_grid_W_20170115-20170115.nc
SalishSea1500-RUN141_1h_grid_W_20170116-20170116.nc
SalishSea1500-RUN141_1h_grid_W_20170117-20170117.nc
SalishSea1500-RUN141_1h_grid_W_20170118-20170118.nc
SalishSea1500-RUN141_1h_grid_W_20170119-20170119.nc
SalishSea1500-RUN141_1h_grid_W_20170120-20170120.nc
SalishSea1500-RUN141_1h_grid_W_20170121-20170121.nc
SalishSea1500-RUN141_1h_grid_W_20170122-20170122.nc
SalishSea1500-RUN141_1h_grid_W_20170123-20170123.nc
SalishSea1500-RUN141_1h_grid_W_20170124-20170124.nc
SalishSea1500-RUN141_1h_grid_W_20170125-20170125.nc
SalishSea1500-RUN141_1h_grid_W_20170126-20170126.nc
SalishSea1500-RUN141_1h_grid_W_20170127-20170127.nc
SalishSea1500-RUN141_1h_grid_W_20170128-20170128.nc
SalishSea1500-RUN141_1h_grid_W_20170129-20170129.nc
SalishSea1500-RUN141_1h_grid_W_20170130-20170130.nc
SalishSea1500-RUN141_1h_grid_W_20170131-20170131.nc
SalishSea1500-RUN141_1h_grid_W_20170201-20170201.nc
SalishSea1500-RUN141_1h_grid_W_20170202-20170202.nc
SalishSea1500-RUN141_1h_grid_W_20170203-20170203.nc
SalishSea1500-RUN141_1h_grid_W_20170204-20170204.nc
SalishSea1500-RUN141_1h_grid_W_20170205-20170205.nc
SalishSea1500-RUN141_1h_grid_W_20170206-20170206.nc
SalishSea1500-RUN141_1h_grid_W_20170207-20170207.nc
SalishSea1500-RUN141_1h_grid_W_20170208-20170208.nc
SalishSea1500-RUN141_1h_grid_W_20170209-20170209.nc
SalishSea1500-RUN141_1h_grid_W_20170210-20170210.nc
SalishSea1500-RUN141_1h_grid_W_20170211-20170211.nc
SalishSea1500-RUN141_1h_grid_W_20170212-20170212.nc
SalishSea1500-RUN141_1h_grid_W_20170213-20170213.nc
SalishSea1500-RUN141_1h_grid_W_20170214-20170214.nc
SalishSea1500-RUN141_1h_grid_W_20170215-20170215.nc
SalishSea1500-RUN141_1h_grid_W_20170216-20170216.nc
SalishSea1500-RUN141_1h_grid_W_20170217-20170217.nc
SalishSea1500-RUN141_1h_grid_W_20170218-20170218.nc
SalishSea1500-RUN141_1h_grid_W_20170219-20170219.nc
SalishSea1500-RUN141_1h_grid_W_20170220-20170220.nc
SalishSea1500-RUN141_1h_grid_W_20170221-20170221.nc
SalishSea1500-RUN141_1h_grid_W_20170222-20170222.nc
SalishSea1500-RUN141_1h_grid_W_20170223-20170223.nc
SalishSea1500-RUN141_1h_grid_W_20170224-20170224.nc
SalishSea1500-RUN141_1h_grid_W_20170225-20170225.nc
SalishSea1500-RUN141_1h_grid_W_20170226-20170226.nc
SalishSea1500-RUN141_1h_grid_W_20170227-20170227.nc
SalishSea1500-RUN141_1h_grid_W_20170228-20170228.nc
SalishSea1500-RUN141_1h_grid_W_20170301-20170301.nc
SalishSea1500-RUN141_1h_grid_W_20170302-20170302.nc
SalishSea1500-RUN141_1h_grid_W_20170303-20170303.nc
SalishSea1500-RUN141_1h_grid_W_20170304-20170304.nc
SalishSea1500-RUN141_1h_grid_W_20170305-20170305.nc
SalishSea1500-RUN141_1h_grid_W_20170306-20170306.nc
SalishSea1500-RUN141_1h_grid_W_20170307-20170307.nc
SalishSea1500-RUN141_1h_grid_W_20170308-20170308.nc
SalishSea1500-RUN141_1h_grid_W_20170309-20170309.nc
SalishSea1500-RUN141_1h_grid_W_20170310-20170310.nc
SalishSea1500-RUN141_1h_grid_W_20170311-20170311.nc
SalishSea1500-RUN141_1h_grid_W_20170312-20170312.nc
SalishSea1500-RUN141_1h_grid_W_20170313-20170313.nc
SalishSea1500-RUN141_1h_grid_W_20170314-20170314.nc
SalishSea1500-RUN141_1h_grid_W_20170315-20170315.nc
SalishSea1500-RUN141_1h_grid_W_20170316-20170316.nc
SalishSea1500-RUN141_1h_grid_W_20170317-20170317.nc
SalishSea1500-RUN141_1h_grid_W_20170318-20170318.nc
SalishSea1500-RUN141_1h_grid_W_20170319-20170319.nc
SalishSea1500-RUN141_1h_grid_W_20170320-20170320.nc
SalishSea1500-RUN141_1h_grid_W_20170321-20170321.nc
SalishSea1500-RUN141_1h_grid_W_20170322-20170322.nc
SalishSea1500-RUN141_1h_grid_W_20170323-20170323.nc
SalishSea1500-RUN141_1h_grid_W_20170324-20170324.nc
SalishSea1500-RUN141_1h_grid_W_20170325-20170325.nc
SalishSea1500-RUN141_1h_grid_W_20170326-20170326.nc
SalishSea1500-RUN141_1h_grid_W_20170327-20170327.nc
SalishSea1500-RUN141_1h_grid_W_20170328-20170328.nc
SalishSea1500-RUN141_1h_grid_W_20170329-20170329.nc
SalishSea1500-RUN141_1h_grid_W_20170330-20170330.nc
SalishSea1500-RUN141_1h_grid_W_20170331-20170331.nc
SalishSea1500-RUN141_1h_grid_W_20170401-20170401.nc
SalishSea1500-RUN141_1h_grid_W_20170402-20170402.nc
SalishSea1500-RUN141_1h_grid_W_20170403-20170403.nc
SalishSea1500-RUN141_1h_grid_W_20170404-20170404.nc
SalishSea1500-RUN141_1h_grid_W_20170405-20170405.nc
SalishSea1500-RUN141_1h_grid_W_20170406-20170406.nc
SalishSea1500-RUN141_1h_grid_W_20170407-20170407.nc
SalishSea1500-RUN141_1h_grid_W_20170408-20170408.nc
SalishSea1500-RUN141_1h_grid_W_20170409-20170409.nc
SalishSea1500-RUN141_1h_grid_W_20170410-20170410.nc
SalishSea1500-RUN141_1h_grid_W_20170411-20170411.nc

sent 82,654,496,354 bytes  received 22,816 bytes  96,502,649.35 bytes/sec
total size is 82,634,246,600  speedup is 1.00
sending incremental file list
SalishSea1500-RUN141_00360000_restart.nc

sent 283,294,416 bytes  received 35 bytes  113,317,780.40 bytes/sec
total size is 283,225,144  speedup is 1.00
Automatic resubmit for job 006
+ . ./environment.ksh
+ set -ax
+ MACHINE=gpsc4
+ CONTAINER=dfo/dfo_all_default_ubuntu-18.04-amd64_latest
+ PROJECT=rrg-nereusvc
+ TIMELIMIT=04:00:00
+ TIMELIMIT_PP=01:00:00
+ MEMLIMIT=3900M
+ QUEUE=dev
+ JPNI=5
+ JPNJ=19
+ NBPROC=95
+ NBPROC_XIO=1
+ expr 95 + 1
+ TOTPROC=96
+ MAXSUB=12
+ NDATEDEB=20151129
+ PASDETEMPS=120
+ NNBARO=20
+ NNSTOCK=72000
+ SPLIT_FREQ=100
+ MESHRUN=no
+ RESTART=no
+ CONF_NAME=SalishSea1500
+ CONF_NBR=RUN141
+ CONFIG=SalishSea1500-RUN141
+ SEAICE_MODULE=NONE
+ ATMOS_DATA=NONE
+ OBC_ACTIVE=no
+ TIDE_ACTIVE=no
+ TIDE_2Dfile=no
+ RIVER_ACTIVE=no
+ DIR_CALCU_EXE=/home/mdunphy/project/mdunphy/Software/NEMO36OPP/NEMOGCM/CONFIG/SalishSea1500/BLD/bin
+ DIR_CALCU_SHR=/home/mdunphy/project/mdunphy/Software/NEMO36OPP/NEMOGCM/CONFIG/SHARED
+ DIR_CALCU_RBL=/home/mdunphy/project/mdunphy/Software/NEMO36OPP/NEMOGCM/TOOLS/REBUILD_NEMO
+ DIR_CALCU_XIO=/home/mdunphy/project/mdunphy/Software/XIOS/bin
+ DIR_CALCU_CTL=/home/mdunphy/project/mdunphy/control/SalishSea1500-RUN141
+ DIR_CALCU_UTL=/home/mdunphy/bin
+ DIR_ARCHI_FORC=/home/mdunphy/project/mdunphy/Forcing/grid
+ DIR_ARCHI_ATMOS=/home/mdunphy/project/mdunphy/Forcing/OPPwestSS
+ DIR_ARCHI_INPUT=/home/mdunphy/project/mdunphy/Forcing/grid
+ DIR_ARCHI_CLIM=/unused
+ DIR_ARCHI_OBC=/unused
+ DIR_ARCHI_OBCN=/unused
+ DIR_ARCHI_TIDE=/unused
+ DIR_ARCHI_HOME=/home/mdunphy/project/mdunphy/nemo_results/SalishSea1500/SalishSea1500-RUN141
+ DIR_ARCHI_CDF=/home/mdunphy/project/mdunphy/nemo_results/SalishSea1500/SalishSea1500-RUN141/CDF
+ DIR_ARCHI_LOG=/home/mdunphy/project/mdunphy/nemo_results/SalishSea1500/SalishSea1500-RUN141/LOG
+ DIR_ARCHI_RST=/home/mdunphy/project/mdunphy/nemo_results/SalishSea1500/SalishSea1500-RUN141/RST
+ [ ! -d /home/mdunphy/project/mdunphy/nemo_results/SalishSea1500/SalishSea1500-RUN141 ]
+ [ ! -d /home/mdunphy/project/mdunphy/nemo_results/SalishSea1500/SalishSea1500-RUN141/RST ]
+ [ ! -d /home/mdunphy/project/mdunphy/nemo_results/SalishSea1500/SalishSea1500-RUN141/CDF ]
+ [ ! -d /home/mdunphy/project/mdunphy/nemo_results/SalishSea1500/SalishSea1500-RUN141/LOG ]
+ DIR_TMP_HOME=/home/mdunphy/scratch/nemo_temp/SalishSea1500/SalishSea1500-RUN141
+ DIR_TMP_RST=/home/mdunphy/scratch/nemo_temp/SalishSea1500/SalishSea1500-RUN141/RST
+ DIR_TMP_CDF=/home/mdunphy/scratch/nemo_temp/SalishSea1500/SalishSea1500-RUN141/CDF
+ DIR_TMP_LOG=/home/mdunphy/scratch/nemo_temp/SalishSea1500/SalishSea1500-RUN141/LOG
+ DIR_TMP_RUN=/home/mdunphy/scratch/nemo_temp/SalishSea1500/SalishSea1500-RUN141/RUN
+ DIR_TMP_ATM=/home/mdunphy/scratch/nemo_temp/SalishSea1500/SalishSea1500-RUN141/RUN/ATMDATA
+ DIR_TMP_OBC=/home/mdunphy/scratch/nemo_temp/SalishSea1500/SalishSea1500-RUN141/RUN/BDY
+ DIR_TMP_RVR=/home/mdunphy/scratch/nemo_temp/SalishSea1500/SalishSea1500-RUN141/RUN/RIVER
+ [ ! -d /home/mdunphy/scratch/nemo_temp/SalishSea1500/SalishSea1500-RUN141 ]
+ [ ! -d /home/mdunphy/scratch/nemo_temp/SalishSea1500/SalishSea1500-RUN141/RST ]
+ [ ! -d /home/mdunphy/scratch/nemo_temp/SalishSea1500/SalishSea1500-RUN141/CDF ]
+ [ ! -d /home/mdunphy/scratch/nemo_temp/SalishSea1500/SalishSea1500-RUN141/LOG ]
+ [ ! -d /home/mdunphy/scratch/nemo_temp/SalishSea1500/SalishSea1500-RUN141/RUN ]
+ EXEC_NAME=nemo.exe
+ BATMET_FIL=bathy_salishsea_1500m_20210406.nc
+ COORD_FIL=coordinates_salishsea_1500m.nc
+ BATLE_FIL=''
+ BFRI_FIL=''
+ SHLAT_FIL=''
+ TEMP_FIL=''
+ SAL_FIL=''
+ U_FIL=''
+ V_FIL=''
+ SSH_FIL=''
+ RUNOFF_FIL=''
+ RUNOFF_TEMP_FIL=''
+ RUNOFF_MASK_FIL=''
+ CHLA_FIL=''
+ RGB_FIL=''
+ INITICE_FIL=''
+ CICE_GRID=''
+ compo_list=M2
+ TIDE_PREF=''
+ TIDEH_FIL=''
+ TIDEU_FIL=''
+ TIDEV_FIL=''
+ TMX_K1=''
+ TMX_M2=''
+ TMX_MASK=''
+ TMX_MASK=''
+ DUST_FIL=''
+ RIVER_FIL=''
+ obc_list=''
+ obcpref2D=''
+ obcsuf2D=''
+ obcprefNorth=''
+ WEIGHTS_FIL=weights_bilin_OPPwestSS.nc
+ RESTART_FILE=/home/mdunphy/MEOPAR/forcing/restart/hindcast.201812/31dec15/SalishSea_01682640_restart.nc

Configuration name : SalishSea1500-RUN141
Number of procs : 95

Initialisation from climatology or analytical profiles


home : /home/mdunphy

CALCU directories :
~~~~~~~~~~~~~~~~~~~~~~~~~~~~
/home/mdunphy/project/mdunphy/Software/NEMO36OPP/NEMOGCM/CONFIG/SalishSea1500/BLD/bin : directory where is the NEMO executable
/home/mdunphy/project/mdunphy/Software/NEMO36OPP/NEMOGCM/CONFIG/SHARED : directory where is the shared files
/home/mdunphy/project/mdunphy/Software/XIOS/bin : directory where is the XIOS server
/home/mdunphy/project/mdunphy/control/SalishSea1500-RUN141 : directory where are control files of the run
/home/mdunphy/bin : directory where to find utilities

MACHINEARCHI directories :
~~~~~~~~~~~~~~~~~~~~~~~~~~~~
/home/mdunphy/project/mdunphy/Forcing/OPPwestSS : directory to stock the atmos forcing fields
/home/mdunphy/project/mdunphy/Forcing/grid : directory for the input files
/unused : directory for the climatology files
/unused : directory for the obc files
/home/mdunphy/project/mdunphy/nemo_results/SalishSea1500/SalishSea1500-RUN141 : directory to stock the results
/home/mdunphy/project/mdunphy/nemo_results/SalishSea1500/SalishSea1500-RUN141/RST : directory to stock the restarts
/home/mdunphy/project/mdunphy/nemo_results/SalishSea1500/SalishSea1500-RUN141/CDF : directory for combined netCDF results
/home/mdunphy/project/mdunphy/nemo_results/SalishSea1500/SalishSea1500-RUN141/LOG : directory for ice something ...

TEMP directories :
~~~~~~~~~~~~~~~~~~~~
/home/mdunphy/scratch/nemo_temp/SalishSea1500/SalishSea1500-RUN141 : home temp directory
/home/mdunphy/scratch/nemo_temp/SalishSea1500/SalishSea1500-RUN141/RST : directory for the restart
/home/mdunphy/scratch/nemo_temp/SalishSea1500/SalishSea1500-RUN141/CDF : directory for the cdf
/home/mdunphy/scratch/nemo_temp/SalishSea1500/SalishSea1500-RUN141/LOG : directory for the log
/home/mdunphy/scratch/nemo_temp/SalishSea1500/SalishSea1500-RUN141/RUN : directory to run
/home/mdunphy/scratch/nemo_temp/SalishSea1500/SalishSea1500-RUN141/RUN/ATMDATA : directory for the atmos forcing
/home/mdunphy/scratch/nemo_temp/SalishSea1500/SalishSea1500-RUN141/RUN/BDY : directory for the obc files

Run features :
~~~~~~~~~~~~~~
Executable name : nemo.exe
Bathymetry : bathy_salishsea_1500m_20210406.nc
Coordinates : coordinates_salishsea_1500m.nc
K1 tidal mixing :
M2 tidal mixing :
Mask tidal mixing :
Shlat :
Clim T :
Clim S :
Clim U :
Clim V :
Runoff :
Chlorophyl :
List of the open boundaries :

 G O O D   T O   G O !!!
100 days to run, starting 20170412 (24573) ending 20170721 (24673)
FOUND COMBINED RESTART FILE:  /home/mdunphy/project/mdunphy/nemo_results/SalishSea1500/SalishSea1500-RUN141/RST/SalishSea1500-RUN141_00360000_restart.nc
Submitting job, 96 cores, 04:00:00s runlimit, control path /home/mdunphy/project/mdunphy/control/SalishSea1500-RUN141
sbatch --time=04:00:00 --job-name=RUN141 --mem-per-cpu=3900M --ntasks=96 RUN141.ksh
Submitted batch job 48666471
