+ [ ! -z '' ]
+ . ./environment.ksh
+ set -ax
+ MACHINE=gpsc4
+ CONTAINER=dfo/dfo_all_default_ubuntu-18.04-amd64_latest
+ PROJECT=dfo_dpnm-ss
+ TIMELIMIT=00:05:00
+ TIMELIMIT_PP=1800
+ MEMLIMIT=2000M
+ QUEUE=dev
+ JPNI=1
+ JPNJ=7
+ NBPROC=7
+ NBPROC_XIO=1
+ expr 7 + 1
+ TOTPROC=8
+ MAXSUB=1
+ NDATEDEB=20151129
+ PASDETEMPS=40
+ NNBARO=20
+ NNSTOCK=64800
+ SPLIT_FREQ=30
+ MESHRUN=no
+ RESTART=no
+ CONF_NAME=SalishSea1500
+ CONF_NBR=MESH
+ CONFIG=SalishSea1500-MESH
+ SEAICE_MODULE=NONE
+ ATMOS_DATA=OPPwest
+ OBC_ACTIVE=no
+ TIDE_ACTIVE=no
+ TIDE_2Dfile=no
+ RIVER_ACTIVE=no
+ DIR_CALCU_EXE=/home/mdunphy/project/mdunphy/Software/NEMO36OPP/NEMOGCM/CONFIG/SalishSea1500/BLD/bin
+ DIR_CALCU_SHR=/home/mdunphy/project/mdunphy/Software/NEMO36OPP/NEMOGCM/CONFIG/SHARED
+ DIR_CALCU_RBL=/home/mdunphy/project/mdunphy/Software/NEMO36OPP/NEMOGCM/TOOLS/REBUILD_NEMO
+ DIR_CALCU_XIO=/home/mdunphy/project/mdunphy/Software/XIOS/bin
+ DIR_CALCU_CTL=/home/mdunphy/project/mdunphy/control/SalishSea1500-MESH
+ DIR_CALCU_UTL=/home/mdunphy/bin
+ DIR_ARCHI_FORC=/home/mdunphy/project/mdunphy/Forcing/grid
+ DIR_ARCHI_ATMOS=/home/mdunphy/project/mdunphy/Forcing/OPPWest
+ DIR_ARCHI_INPUT=/home/mdunphy/project/mdunphy/Forcing/grid
+ DIR_ARCHI_CLIM=/unused
+ DIR_ARCHI_OBC=/unused
+ DIR_ARCHI_OBCN=/unused
+ DIR_ARCHI_TIDE=/unused
+ DIR_ARCHI_HOME=/home/mdunphy/project/mdunphy/nemo_results/SalishSea1500/SalishSea1500-MESH
+ DIR_ARCHI_CDF=/home/mdunphy/project/mdunphy/nemo_results/SalishSea1500/SalishSea1500-MESH/CDF
+ DIR_ARCHI_LOG=/home/mdunphy/project/mdunphy/nemo_results/SalishSea1500/SalishSea1500-MESH/LOG
+ DIR_ARCHI_RST=/home/mdunphy/project/mdunphy/nemo_results/SalishSea1500/SalishSea1500-MESH/RST
+ [ ! -d /home/mdunphy/project/mdunphy/nemo_results/SalishSea1500/SalishSea1500-MESH ]
+ [ ! -d /home/mdunphy/project/mdunphy/nemo_results/SalishSea1500/SalishSea1500-MESH/RST ]
+ [ ! -d /home/mdunphy/project/mdunphy/nemo_results/SalishSea1500/SalishSea1500-MESH/CDF ]
+ [ ! -d /home/mdunphy/project/mdunphy/nemo_results/SalishSea1500/SalishSea1500-MESH/LOG ]
+ DIR_TMP_HOME=/home/mdunphy/project/mdunphy/nemo_temp/SalishSea1500/SalishSea1500-MESH
+ DIR_TMP_RST=/home/mdunphy/project/mdunphy/nemo_temp/SalishSea1500/SalishSea1500-MESH/RST
+ DIR_TMP_CDF=/home/mdunphy/project/mdunphy/nemo_temp/SalishSea1500/SalishSea1500-MESH/CDF
+ DIR_TMP_LOG=/home/mdunphy/project/mdunphy/nemo_temp/SalishSea1500/SalishSea1500-MESH/LOG
+ DIR_TMP_RUN=/home/mdunphy/project/mdunphy/nemo_temp/SalishSea1500/SalishSea1500-MESH/RUN
+ DIR_TMP_ATM=/home/mdunphy/project/mdunphy/nemo_temp/SalishSea1500/SalishSea1500-MESH/RUN/ATMDATA
+ DIR_TMP_OBC=/home/mdunphy/project/mdunphy/nemo_temp/SalishSea1500/SalishSea1500-MESH/RUN/BDY
+ DIR_TMP_RVR=/home/mdunphy/project/mdunphy/nemo_temp/SalishSea1500/SalishSea1500-MESH/RUN/RIVER
+ [ ! -d /home/mdunphy/project/mdunphy/nemo_temp/SalishSea1500/SalishSea1500-MESH ]
+ [ ! -d /home/mdunphy/project/mdunphy/nemo_temp/SalishSea1500/SalishSea1500-MESH/RST ]
+ [ ! -d /home/mdunphy/project/mdunphy/nemo_temp/SalishSea1500/SalishSea1500-MESH/CDF ]
+ [ ! -d /home/mdunphy/project/mdunphy/nemo_temp/SalishSea1500/SalishSea1500-MESH/LOG ]
+ [ ! -d /home/mdunphy/project/mdunphy/nemo_temp/SalishSea1500/SalishSea1500-MESH/RUN ]
+ EXEC_NAME=nemo.exe
+ BATMET_FIL=bathy_salishsea_1500m_20210208.nc
+ COORD_FIL=coordinates_salishsea_1500m.nc
+ BATLE_FIL=''
+ BFRI_FIL=''
+ SHLAT_FIL=''
+ TEMP_FIL=''
+ SAL_FIL=''
+ U_FIL=''
+ V_FIL=''
+ SSH_FIL=''
+ RUNOFF_FIL=''
+ RUNOFF_TEMP_FIL=''
+ RUNOFF_MASK_FIL=''
+ CHLA_FIL=''
+ RGB_FIL=''
+ INITICE_FIL=''
+ CICE_GRID=''
+ compo_list=M2
+ TIDE_PREF=''
+ TIDEH_FIL=''
+ TIDEU_FIL=''
+ TIDEV_FIL=''
+ TMX_K1=''
+ TMX_M2=''
+ TMX_MASK=''
+ TMX_MASK=''
+ DUST_FIL=''
+ RIVER_FIL=''
+ obc_list=''
+ obcpref2D=''
+ obcsuf2D=''
+ obcprefNorth=''
+ WEIGHTS_FIL=weights_bilin_OPPwest.nc
+ RESTART_FILE=/home/mdunphy/MEOPAR/forcing/restart/hindcast.201812/31dec15/SalishSea_01682640_restart.nc

Configuration name : SalishSea1500-MESH
Number of procs : 7

Initialisation from climatology or analytical profiles


home : /home/mdunphy

CALCU directories :
~~~~~~~~~~~~~~~~~~~~~~~~~~~~
/home/mdunphy/project/mdunphy/Software/NEMO36OPP/NEMOGCM/CONFIG/SalishSea1500/BLD/bin : directory where is the NEMO executable
/home/mdunphy/project/mdunphy/Software/NEMO36OPP/NEMOGCM/CONFIG/SHARED : directory where is the shared files
/home/mdunphy/project/mdunphy/Software/XIOS/bin : directory where is the XIOS server
/home/mdunphy/project/mdunphy/control/SalishSea1500-MESH : directory where are control files of the run
/home/mdunphy/bin : directory where to find utilities

MACHINEARCHI directories :
~~~~~~~~~~~~~~~~~~~~~~~~~~~~
/home/mdunphy/project/mdunphy/Forcing/OPPWest : directory to stock the atmos forcing fields
/home/mdunphy/project/mdunphy/Forcing/grid : directory for the input files
/unused : directory for the climatology files
/unused : directory for the obc files
/home/mdunphy/project/mdunphy/nemo_results/SalishSea1500/SalishSea1500-MESH : directory to stock the results
/home/mdunphy/project/mdunphy/nemo_results/SalishSea1500/SalishSea1500-MESH/RST : directory to stock the restarts
/home/mdunphy/project/mdunphy/nemo_results/SalishSea1500/SalishSea1500-MESH/CDF : directory for combined netCDF results
/home/mdunphy/project/mdunphy/nemo_results/SalishSea1500/SalishSea1500-MESH/LOG : directory for ice something ...

TEMP directories :
~~~~~~~~~~~~~~~~~~~~
/home/mdunphy/project/mdunphy/nemo_temp/SalishSea1500/SalishSea1500-MESH : home temp directory
/home/mdunphy/project/mdunphy/nemo_temp/SalishSea1500/SalishSea1500-MESH/RST : directory for the restart
/home/mdunphy/project/mdunphy/nemo_temp/SalishSea1500/SalishSea1500-MESH/CDF : directory for the cdf
/home/mdunphy/project/mdunphy/nemo_temp/SalishSea1500/SalishSea1500-MESH/LOG : directory for the log
/home/mdunphy/project/mdunphy/nemo_temp/SalishSea1500/SalishSea1500-MESH/RUN : directory to run
/home/mdunphy/project/mdunphy/nemo_temp/SalishSea1500/SalishSea1500-MESH/RUN/ATMDATA : directory for the atmos forcing
/home/mdunphy/project/mdunphy/nemo_temp/SalishSea1500/SalishSea1500-MESH/RUN/BDY : directory for the obc files

Run features :
~~~~~~~~~~~~~~
Executable name : nemo.exe
Bathymetry : bathy_salishsea_1500m_20210208.nc
Coordinates : coordinates_salishsea_1500m.nc
K1 tidal mixing :
M2 tidal mixing :
Mask tidal mixing :
Shlat :
Clim T :
Clim S :
Clim U :
Clim V :
Runoff :
Chlorophyl :
List of the open boundaries :

*******************
* RUN * RUN * RUN *
*******************
/home/mdunphy/project/mdunphy/nemo_temp/SalishSea1500/SalishSea1500-MESH/RUN
forrtl: error (78): process killed (SIGTERM)
Image              PC                Routine            Line        Source             
opa                0000000001A4544D  Unknown               Unknown  Unknown
opa                0000000001A432E7  Unknown               Unknown  Unknown
opa                00000000019E1AF4  Unknown               Unknown  Unknown
opa                00000000019E1906  Unknown               Unknown  Unknown
opa                000000000196CF36  Unknown               Unknown  Unknown
opa                00000000019702FE  Unknown               Unknown  Unknown
Unknown            00002B5F80A07E90  Unknown               Unknown  Unknown
hmca_bcol_basesmu  00002B5F9F0D14D8  Unknown               Unknown  Unknown
libhcoll.so.1      00002B5F9D0C9287  Unknown               Unknown  Unknown
mca_coll_hcoll.so  00002B5F9CE6902C  Unknown               Unknown  Unknown
libmpi.so.20       00002B5F81333F33  Unknown               Unknown  Unknown
libmpi_mpifh.so.2  00002B5F81099DB9  Unknown               Unknown  Unknown
opa                0000000000AE1CB5  lib_mpp_mp_mppsum        1646  lib_mpp.f90
opa                0000000000656738  zdfbfr_mp_zdf_bfr         121  zdfbfr.f90
opa                000000000044B974  nemogcm_mp_nemo_i         335  nemogcm.f90
opa                0000000000447E94  nemogcm_mp_nemo_g         128  nemogcm.f90
opa                0000000000447E60  MAIN__                     18  nemo.f90
opa                0000000000447E2E  Unknown               Unknown  Unknown
libc.so.6          00002B5F81A642E0  Unknown               Unknown  Unknown
opa                0000000000447D2A  Unknown               Unknown  Unknown
forrtl: error (78): process killed (SIGTERM)
Image              PC                Routine            Line        Source             
opa                0000000001A4544D  Unknown               Unknown  Unknown
opa                0000000001A432E7  Unknown               Unknown  Unknown
opa                00000000019E1AF4  Unknown               Unknown  Unknown
opa                00000000019E1906  Unknown               Unknown  Unknown
opa                000000000196CF36  Unknown               Unknown  Unknown
opa                00000000019702FE  Unknown               Unknown  Unknown
Unknown            00002B1D8377FE90  Unknown               Unknown  Unknown
hmca_bcol_basesmu  00002B1D99CA7A20  Unknown               Unknown  Unknown
libhcoll.so.1      00002B1D97E8C287  Unknown               Unknown  Unknown
mca_coll_hcoll.so  00002B1D97C2C02C  Unknown               Unknown  Unknown
libmpi.so.20       00002B1D840ABF33  Unknown               Unknown  Unknown
libmpi_mpifh.so.2  00002B1D83E11DB9  Unknown               Unknown  Unknown
opa                0000000000AE1CB5  lib_mpp_mp_mppsum        1646  lib_mpp.f90
opa                0000000000656738  zdfbfr_mp_zdf_bfr         121  zdfbfr.f90
opa                000000000044B974  nemogcm_mp_nemo_i         335  nemogcm.f90
opa                0000000000447E94  nemogcm_mp_nemo_g         128  nemogcm.f90
opa                0000000000447E60  MAIN__                     18  nemo.f90
opa                0000000000447E2E  Unknown               Unknown  Unknown
libc.so.6          00002B1D847DC2E0  Unknown               Unknown  Unknown
opa                0000000000447D2A  Unknown               Unknown  Unknown
forrtl: error (78): process killed (SIGTERM)
Image              PC                Routine            Line        Source             
opa                0000000001A4544D  Unknown               Unknown  Unknown
opa                0000000001A432E7  Unknown               Unknown  Unknown
opa                00000000019E1AF4  Unknown               Unknown  Unknown
opa                00000000019E1906  Unknown               Unknown  Unknown
opa                000000000196CF36  Unknown               Unknown  Unknown
opa                00000000019702FE  Unknown               Unknown  Unknown
Unknown            00002B94D2DB9E90  Unknown               Unknown  Unknown
hmca_bcol_basesmu  00002B94F126F4D8  Unknown               Unknown  Unknown
libhcoll.so.1      00002B94EF46C287  Unknown               Unknown  Unknown
mca_coll_hcoll.so  00002B94EF20C02C  Unknown               Unknown  Unknown
libmpi.so.20       00002B94D36E5F33  Unknown               Unknown  Unknown
libmpi_mpifh.so.2  00002B94D344BDB9  Unknown               Unknown  Unknown
opa                0000000000AE1CB5  lib_mpp_mp_mppsum        1646  lib_mpp.f90
opa                0000000000656738  zdfbfr_mp_zdf_bfr         121  zdfbfr.f90
opa                000000000044B974  nemogcm_mp_nemo_i         335  nemogcm.f90
opa                0000000000447E94  nemogcm_mp_nemo_g         128  nemogcm.f90
opa                0000000000447E60  MAIN__                     18  nemo.f90
opa                0000000000447E2E  Unknown               Unknown  Unknown
libc.so.6          00002B94D3E162E0  Unknown               Unknown  Unknown
opa                0000000000447D2A  Unknown               Unknown  Unknown
forrtl: error (78): process killed (SIGTERM)
Image              PC                Routine            Line        Source             
libirc.so          00002AED4317979D  Unknown               Unknown  Unknown
libirc.so          00002AED43177637  Unknown               Unknown  Unknown
Unknown            00002AED4420D7C2  Unknown               Unknown  Unknown
libifcore.so.5     00002AED4420D616  Unknown               Unknown  Unknown
libifcore.so.5     00002AED44166635  Unknown               Unknown  Unknown
libifcore.so.5     00002AED44178318  Unknown               Unknown  Unknown
Unknown            00002AED45E28E90  Unknown               Unknown  Unknown
Unknown            00002AED4B4BA8DE  Unknown               Unknown  Unknown
libmxm.so.2        00002AED5650FDDC  Unknown               Unknown  Unknown
libmxm.so.2        00002AED564EE25A  Unknown               Unknown  Unknown
libmxm.so.2        00002AED564F3E07  Unknown               Unknown  Unknown
mca_pml_yalla.so   00002AED5587DE0F  Unknown               Unknown  Unknown
libmpi.so.20       00002AED43AFF423  Unknown               Unknown  Unknown
xios_server.exe    0000000000D4D8A0  Unknown               Unknown  Unknown
xios_server.exe    0000000000810838  Unknown               Unknown  Unknown
xios_server.exe    000000000043CBF9  Unknown               Unknown  Unknown
xios_server.exe    000000000043CBAE  Unknown               Unknown  Unknown
libc.so.6          00002AED460552E0  Unknown               Unknown  Unknown
xios_server.exe    000000000043CAAA  Unknown               Unknown  Unknown
forrtl: error (78): process killed (SIGTERM)
Image              PC                Routine            Line        Source             
opa                0000000001A4544D  Unknown               Unknown  Unknown
opa                0000000001A432E7  Unknown               Unknown  Unknown
opa                00000000019E1AF4  Unknown               Unknown  Unknown
opa                00000000019E1906  Unknown               Unknown  Unknown
opa                000000000196CF36  Unknown               Unknown  Unknown
opa                00000000019702FE  Unknown               Unknown  Unknown
Unknown            00002AC82C92CE90  Unknown               Unknown  Unknown
hmca_bcol_ucx_p2p  00002AC842DF8061  Unknown               Unknown  Unknown
libhcoll.so.1      00002AC840B90287  Unknown               Unknown  Unknown
mca_coll_hcoll.so  00002AC84093002C  Unknown               Unknown  Unknown
libmpi.so.20       00002AC82D258F33  Unknown               Unknown  Unknown
libmpi_mpifh.so.2  00002AC82CFBEDB9  Unknown               Unknown  Unknown
opa                0000000000AE1CB5  lib_mpp_mp_mppsum        1646  lib_mpp.f90
opa                0000000000656738  zdfbfr_mp_zdf_bfr         121  zdfbfr.f90
opa                000000000044B974  nemogcm_mp_nemo_i         335  nemogcm.f90
opa                0000000000447E94  nemogcm_mp_nemo_g         128  nemogcm.f90
opa                0000000000447E60  MAIN__                     18  nemo.f90
opa                0000000000447E2E  Unknown               Unknown  Unknown
libc.so.6          00002AC82D9892E0  Unknown               Unknown  Unknown
opa                0000000000447D2A  Unknown               Unknown  Unknown

real	0m9.49s
user	0m11.23s
sys	0m14.14s
mv: cannot stat '*time.step': No such file or directory
mv: cannot stat '*solver.stat': No such file or directory
mv: cannot stat 'SalishSea1500-MESH*.nc': No such file or directory
mv: cannot stat 'output.init*.nc': No such file or directory
mv: cannot stat 'output.abort*.nc': No such file or directory
mv: cannot stat 'OUTRST/*restart*nc': No such file or directory
