+ [ ! -z '' ]
+ . ./environment.ksh
+ set -ax
+ MACHINE=gpsc4
+ CONTAINER=dfo/dfo_all_default_ubuntu-18.04-amd64_latest
+ PROJECT=dfo_dpnm-ss
+ TIMELIMIT=00:05:00
+ TIMELIMIT_PP=1800
+ MEMLIMIT=2000M
+ QUEUE=dev
+ JPNI=1
+ JPNJ=7
+ NBPROC=7
+ NBPROC_XIO=1
+ expr 7 + 1
+ TOTPROC=8
+ MAXSUB=1
+ NDATEDEB=20151129
+ PASDETEMPS=40
+ NNBARO=20
+ NNSTOCK=64800
+ SPLIT_FREQ=30
+ MESHRUN=no
+ RESTART=no
+ CONF_NAME=SalishSea1500
+ CONF_NBR=MESH
+ CONFIG=SalishSea1500-MESH
+ SEAICE_MODULE=NONE
+ ATMOS_DATA=OPPwest
+ OBC_ACTIVE=no
+ TIDE_ACTIVE=no
+ TIDE_2Dfile=no
+ RIVER_ACTIVE=no
+ DIR_CALCU_EXE=/home/mdunphy/project/mdunphy/Software/NEMO36OPP/NEMOGCM/CONFIG/SalishSea1500/BLD/bin
+ DIR_CALCU_SHR=/home/mdunphy/project/mdunphy/Software/NEMO36OPP/NEMOGCM/CONFIG/SHARED
+ DIR_CALCU_RBL=/home/mdunphy/project/mdunphy/Software/NEMO36OPP/NEMOGCM/TOOLS/REBUILD_NEMO
+ DIR_CALCU_XIO=/home/mdunphy/project/mdunphy/Software/XIOS/bin
+ DIR_CALCU_CTL=/home/mdunphy/project/mdunphy/control/SalishSea1500-MESH
+ DIR_CALCU_UTL=/home/mdunphy/bin
+ DIR_ARCHI_FORC=/home/mdunphy/project/mdunphy/Forcing/grid
+ DIR_ARCHI_ATMOS=/home/mdunphy/project/mdunphy/Forcing/OPPWest
+ DIR_ARCHI_INPUT=/home/mdunphy/project/mdunphy/Forcing/grid
+ DIR_ARCHI_CLIM=/unused
+ DIR_ARCHI_OBC=/unused
+ DIR_ARCHI_OBCN=/unused
+ DIR_ARCHI_TIDE=/unused
+ DIR_ARCHI_HOME=/home/mdunphy/project/mdunphy/nemo_results/SalishSea1500/SalishSea1500-MESH
+ DIR_ARCHI_CDF=/home/mdunphy/project/mdunphy/nemo_results/SalishSea1500/SalishSea1500-MESH/CDF
+ DIR_ARCHI_LOG=/home/mdunphy/project/mdunphy/nemo_results/SalishSea1500/SalishSea1500-MESH/LOG
+ DIR_ARCHI_RST=/home/mdunphy/project/mdunphy/nemo_results/SalishSea1500/SalishSea1500-MESH/RST
+ [ ! -d /home/mdunphy/project/mdunphy/nemo_results/SalishSea1500/SalishSea1500-MESH ]
+ [ ! -d /home/mdunphy/project/mdunphy/nemo_results/SalishSea1500/SalishSea1500-MESH/RST ]
+ [ ! -d /home/mdunphy/project/mdunphy/nemo_results/SalishSea1500/SalishSea1500-MESH/CDF ]
+ [ ! -d /home/mdunphy/project/mdunphy/nemo_results/SalishSea1500/SalishSea1500-MESH/LOG ]
+ DIR_TMP_HOME=/home/mdunphy/project/mdunphy/nemo_temp/SalishSea1500/SalishSea1500-MESH
+ DIR_TMP_RST=/home/mdunphy/project/mdunphy/nemo_temp/SalishSea1500/SalishSea1500-MESH/RST
+ DIR_TMP_CDF=/home/mdunphy/project/mdunphy/nemo_temp/SalishSea1500/SalishSea1500-MESH/CDF
+ DIR_TMP_LOG=/home/mdunphy/project/mdunphy/nemo_temp/SalishSea1500/SalishSea1500-MESH/LOG
+ DIR_TMP_RUN=/home/mdunphy/project/mdunphy/nemo_temp/SalishSea1500/SalishSea1500-MESH/RUN
+ DIR_TMP_ATM=/home/mdunphy/project/mdunphy/nemo_temp/SalishSea1500/SalishSea1500-MESH/RUN/ATMDATA
+ DIR_TMP_OBC=/home/mdunphy/project/mdunphy/nemo_temp/SalishSea1500/SalishSea1500-MESH/RUN/BDY
+ DIR_TMP_RVR=/home/mdunphy/project/mdunphy/nemo_temp/SalishSea1500/SalishSea1500-MESH/RUN/RIVER
+ [ ! -d /home/mdunphy/project/mdunphy/nemo_temp/SalishSea1500/SalishSea1500-MESH ]
+ [ ! -d /home/mdunphy/project/mdunphy/nemo_temp/SalishSea1500/SalishSea1500-MESH/RST ]
+ [ ! -d /home/mdunphy/project/mdunphy/nemo_temp/SalishSea1500/SalishSea1500-MESH/CDF ]
+ [ ! -d /home/mdunphy/project/mdunphy/nemo_temp/SalishSea1500/SalishSea1500-MESH/LOG ]
+ [ ! -d /home/mdunphy/project/mdunphy/nemo_temp/SalishSea1500/SalishSea1500-MESH/RUN ]
+ EXEC_NAME=nemo.exe
+ BATMET_FIL=bathy_salishsea_1500m_20210208.nc
+ COORD_FIL=coordinates_salishsea_1500m.nc
+ BATLE_FIL=''
+ BFRI_FIL=''
+ SHLAT_FIL=''
+ TEMP_FIL=''
+ SAL_FIL=''
+ U_FIL=''
+ V_FIL=''
+ SSH_FIL=''
+ RUNOFF_FIL=''
+ RUNOFF_TEMP_FIL=''
+ RUNOFF_MASK_FIL=''
+ CHLA_FIL=''
+ RGB_FIL=''
+ INITICE_FIL=''
+ CICE_GRID=''
+ compo_list=M2
+ TIDE_PREF=''
+ TIDEH_FIL=''
+ TIDEU_FIL=''
+ TIDEV_FIL=''
+ TMX_K1=''
+ TMX_M2=''
+ TMX_MASK=''
+ TMX_MASK=''
+ DUST_FIL=''
+ RIVER_FIL=''
+ obc_list=''
+ obcpref2D=''
+ obcsuf2D=''
+ obcprefNorth=''
+ WEIGHTS_FIL=weights_bilin_OPPwest.nc
+ RESTART_FILE=/home/mdunphy/MEOPAR/forcing/restart/hindcast.201812/31dec15/SalishSea_01682640_restart.nc

Configuration name : SalishSea1500-MESH
Number of procs : 7

Initialisation from climatology or analytical profiles


home : /home/mdunphy

CALCU directories :
~~~~~~~~~~~~~~~~~~~~~~~~~~~~
/home/mdunphy/project/mdunphy/Software/NEMO36OPP/NEMOGCM/CONFIG/SalishSea1500/BLD/bin : directory where is the NEMO executable
/home/mdunphy/project/mdunphy/Software/NEMO36OPP/NEMOGCM/CONFIG/SHARED : directory where is the shared files
/home/mdunphy/project/mdunphy/Software/XIOS/bin : directory where is the XIOS server
/home/mdunphy/project/mdunphy/control/SalishSea1500-MESH : directory where are control files of the run
/home/mdunphy/bin : directory where to find utilities

MACHINEARCHI directories :
~~~~~~~~~~~~~~~~~~~~~~~~~~~~
/home/mdunphy/project/mdunphy/Forcing/OPPWest : directory to stock the atmos forcing fields
/home/mdunphy/project/mdunphy/Forcing/grid : directory for the input files
/unused : directory for the climatology files
/unused : directory for the obc files
/home/mdunphy/project/mdunphy/nemo_results/SalishSea1500/SalishSea1500-MESH : directory to stock the results
/home/mdunphy/project/mdunphy/nemo_results/SalishSea1500/SalishSea1500-MESH/RST : directory to stock the restarts
/home/mdunphy/project/mdunphy/nemo_results/SalishSea1500/SalishSea1500-MESH/CDF : directory for combined netCDF results
/home/mdunphy/project/mdunphy/nemo_results/SalishSea1500/SalishSea1500-MESH/LOG : directory for ice something ...

TEMP directories :
~~~~~~~~~~~~~~~~~~~~
/home/mdunphy/project/mdunphy/nemo_temp/SalishSea1500/SalishSea1500-MESH : home temp directory
/home/mdunphy/project/mdunphy/nemo_temp/SalishSea1500/SalishSea1500-MESH/RST : directory for the restart
/home/mdunphy/project/mdunphy/nemo_temp/SalishSea1500/SalishSea1500-MESH/CDF : directory for the cdf
/home/mdunphy/project/mdunphy/nemo_temp/SalishSea1500/SalishSea1500-MESH/LOG : directory for the log
/home/mdunphy/project/mdunphy/nemo_temp/SalishSea1500/SalishSea1500-MESH/RUN : directory to run
/home/mdunphy/project/mdunphy/nemo_temp/SalishSea1500/SalishSea1500-MESH/RUN/ATMDATA : directory for the atmos forcing
/home/mdunphy/project/mdunphy/nemo_temp/SalishSea1500/SalishSea1500-MESH/RUN/BDY : directory for the obc files

Run features :
~~~~~~~~~~~~~~
Executable name : nemo.exe
Bathymetry : bathy_salishsea_1500m_20210208.nc
Coordinates : coordinates_salishsea_1500m.nc
K1 tidal mixing :
M2 tidal mixing :
Mask tidal mixing :
Shlat :
Clim T :
Clim S :
Clim U :
Clim V :
Runoff :
Chlorophyl :
List of the open boundaries :

*******************
* RUN * RUN * RUN *
*******************
/home/mdunphy/project/mdunphy/nemo_temp/SalishSea1500/SalishSea1500-MESH/RUN

real	0m8.00s
user	0m0.64s
sys	0m5.98s
mv: cannot stat '*time.step': No such file or directory
mv: cannot stat '*solver.stat': No such file or directory
mv: cannot stat 'SalishSea1500-MESH*.nc': No such file or directory
mv: cannot stat 'output.init*.nc': No such file or directory
mv: cannot stat 'output.abort*.nc': No such file or directory
mv: cannot stat 'OUTRST/*restart*nc': No such file or directory
