+ [ ! -z '' ]
+ . ./environment.ksh
+ set -ax
+ MACHINE=gpsc4
+ CONTAINER=dfo/dfo_all_default_ubuntu-18.04-amd64_latest
+ PROJECT=rrg-nereusvc
+ TIMELIMIT=04:00:00
+ TIMELIMIT_PP=01:00:00
+ MEMLIMIT=3900M
+ QUEUE=dev
+ JPNI=5
+ JPNJ=19
+ NBPROC=95
+ NBPROC_XIO=1
+ expr 95 + 1
+ TOTPROC=96
+ MAXSUB=12
+ NDATEDEB=20151129
+ PASDETEMPS=120
+ NNBARO=20
+ NNSTOCK=72000
+ SPLIT_FREQ=100
+ MESHRUN=no
+ RESTART=no
+ CONF_NAME=SalishSea1500
+ CONF_NBR=RUN160
+ CONFIG=SalishSea1500-RUN160
+ SEAICE_MODULE=NONE
+ ATMOS_DATA=OPPwestSS
+ OBC_ACTIVE=no
+ TIDE_ACTIVE=no
+ TIDE_2Dfile=no
+ RIVER_ACTIVE=no
+ DIR_CALCU_EXE=/home/mdunphy/project/mdunphy/Software/NEMO36OPP/NEMOGCM/CONFIG/SalishSea1500/BLD/bin
+ DIR_CALCU_SHR=/home/mdunphy/project/mdunphy/Software/NEMO36OPP/NEMOGCM/CONFIG/SHARED
+ DIR_CALCU_RBL=/home/mdunphy/project/mdunphy/Software/NEMO36OPP/NEMOGCM/TOOLS/REBUILD_NEMO
+ DIR_CALCU_XIO=/home/mdunphy/project/mdunphy/Software/XIOS/bin
+ DIR_CALCU_CTL=/home/mdunphy/project/mdunphy/control/SalishSea1500-RUN160
+ DIR_CALCU_UTL=/home/mdunphy/bin
+ DIR_ARCHI_FORC=/home/mdunphy/project/mdunphy/Forcing/grid
+ DIR_ARCHI_ATMOS=/home/mdunphy/project/mdunphy/Forcing/OPPwestSS
+ DIR_ARCHI_INPUT=/home/mdunphy/project/mdunphy/Forcing/grid
+ DIR_ARCHI_CLIM=/unused
+ DIR_ARCHI_OBC=/unused
+ DIR_ARCHI_OBCN=/unused
+ DIR_ARCHI_TIDE=/unused
+ DIR_ARCHI_HOME=/home/mdunphy/project/mdunphy/nemo_results/SalishSea1500/SalishSea1500-RUN160
+ DIR_ARCHI_CDF=/home/mdunphy/project/mdunphy/nemo_results/SalishSea1500/SalishSea1500-RUN160/CDF
+ DIR_ARCHI_LOG=/home/mdunphy/project/mdunphy/nemo_results/SalishSea1500/SalishSea1500-RUN160/LOG
+ DIR_ARCHI_RST=/home/mdunphy/project/mdunphy/nemo_results/SalishSea1500/SalishSea1500-RUN160/RST
+ [ ! -d /home/mdunphy/project/mdunphy/nemo_results/SalishSea1500/SalishSea1500-RUN160 ]
+ [ ! -d /home/mdunphy/project/mdunphy/nemo_results/SalishSea1500/SalishSea1500-RUN160/RST ]
+ [ ! -d /home/mdunphy/project/mdunphy/nemo_results/SalishSea1500/SalishSea1500-RUN160/CDF ]
+ [ ! -d /home/mdunphy/project/mdunphy/nemo_results/SalishSea1500/SalishSea1500-RUN160/LOG ]
+ DIR_TMP_HOME=/home/mdunphy/scratch/nemo_temp/SalishSea1500/SalishSea1500-RUN160
+ DIR_TMP_RST=/home/mdunphy/scratch/nemo_temp/SalishSea1500/SalishSea1500-RUN160/RST
+ DIR_TMP_CDF=/home/mdunphy/scratch/nemo_temp/SalishSea1500/SalishSea1500-RUN160/CDF
+ DIR_TMP_LOG=/home/mdunphy/scratch/nemo_temp/SalishSea1500/SalishSea1500-RUN160/LOG
+ DIR_TMP_RUN=/home/mdunphy/scratch/nemo_temp/SalishSea1500/SalishSea1500-RUN160/RUN
+ DIR_TMP_ATM=/home/mdunphy/scratch/nemo_temp/SalishSea1500/SalishSea1500-RUN160/RUN/ATMDATA
+ DIR_TMP_OBC=/home/mdunphy/scratch/nemo_temp/SalishSea1500/SalishSea1500-RUN160/RUN/BDY
+ DIR_TMP_RVR=/home/mdunphy/scratch/nemo_temp/SalishSea1500/SalishSea1500-RUN160/RUN/RIVER
+ [ ! -d /home/mdunphy/scratch/nemo_temp/SalishSea1500/SalishSea1500-RUN160 ]
+ [ ! -d /home/mdunphy/scratch/nemo_temp/SalishSea1500/SalishSea1500-RUN160/RST ]
+ [ ! -d /home/mdunphy/scratch/nemo_temp/SalishSea1500/SalishSea1500-RUN160/CDF ]
+ [ ! -d /home/mdunphy/scratch/nemo_temp/SalishSea1500/SalishSea1500-RUN160/LOG ]
+ [ ! -d /home/mdunphy/scratch/nemo_temp/SalishSea1500/SalishSea1500-RUN160/RUN ]
+ EXEC_NAME=nemo.exe
+ BATMET_FIL=bathy_salishsea_1500m_20210406.nc
+ COORD_FIL=coordinates_salishsea_1500m.nc
+ BATLE_FIL=''
+ BFRI_FIL=''
+ SHLAT_FIL=''
+ TEMP_FIL=''
+ SAL_FIL=''
+ U_FIL=''
+ V_FIL=''
+ SSH_FIL=''
+ RUNOFF_FIL=''
+ RUNOFF_TEMP_FIL=''
+ RUNOFF_MASK_FIL=''
+ CHLA_FIL=''
+ RGB_FIL=''
+ INITICE_FIL=''
+ CICE_GRID=''
+ compo_list=M2
+ TIDE_PREF=''
+ TIDEH_FIL=''
+ TIDEU_FIL=''
+ TIDEV_FIL=''
+ TMX_K1=''
+ TMX_M2=''
+ TMX_MASK=''
+ TMX_MASK=''
+ DUST_FIL=''
+ RIVER_FIL=''
+ obc_list=''
+ obcpref2D=''
+ obcsuf2D=''
+ obcprefNorth=''
+ WEIGHTS_FIL=weights_bilin_OPPwestSS.nc
+ RESTART_FILE=/home/mdunphy/MEOPAR/forcing/restart/hindcast.201812/31dec15/SalishSea_01682640_restart.nc

Configuration name : SalishSea1500-RUN160
Number of procs : 95

Initialisation from climatology or analytical profiles


home : /home/mdunphy

CALCU directories :
~~~~~~~~~~~~~~~~~~~~~~~~~~~~
/home/mdunphy/project/mdunphy/Software/NEMO36OPP/NEMOGCM/CONFIG/SalishSea1500/BLD/bin : directory where is the NEMO executable
/home/mdunphy/project/mdunphy/Software/NEMO36OPP/NEMOGCM/CONFIG/SHARED : directory where is the shared files
/home/mdunphy/project/mdunphy/Software/XIOS/bin : directory where is the XIOS server
/home/mdunphy/project/mdunphy/control/SalishSea1500-RUN160 : directory where are control files of the run
/home/mdunphy/bin : directory where to find utilities

MACHINEARCHI directories :
~~~~~~~~~~~~~~~~~~~~~~~~~~~~
/home/mdunphy/project/mdunphy/Forcing/OPPwestSS : directory to stock the atmos forcing fields
/home/mdunphy/project/mdunphy/Forcing/grid : directory for the input files
/unused : directory for the climatology files
/unused : directory for the obc files
/home/mdunphy/project/mdunphy/nemo_results/SalishSea1500/SalishSea1500-RUN160 : directory to stock the results
/home/mdunphy/project/mdunphy/nemo_results/SalishSea1500/SalishSea1500-RUN160/RST : directory to stock the restarts
/home/mdunphy/project/mdunphy/nemo_results/SalishSea1500/SalishSea1500-RUN160/CDF : directory for combined netCDF results
/home/mdunphy/project/mdunphy/nemo_results/SalishSea1500/SalishSea1500-RUN160/LOG : directory for ice something ...

TEMP directories :
~~~~~~~~~~~~~~~~~~~~
/home/mdunphy/scratch/nemo_temp/SalishSea1500/SalishSea1500-RUN160 : home temp directory
/home/mdunphy/scratch/nemo_temp/SalishSea1500/SalishSea1500-RUN160/RST : directory for the restart
/home/mdunphy/scratch/nemo_temp/SalishSea1500/SalishSea1500-RUN160/CDF : directory for the cdf
/home/mdunphy/scratch/nemo_temp/SalishSea1500/SalishSea1500-RUN160/LOG : directory for the log
/home/mdunphy/scratch/nemo_temp/SalishSea1500/SalishSea1500-RUN160/RUN : directory to run
/home/mdunphy/scratch/nemo_temp/SalishSea1500/SalishSea1500-RUN160/RUN/ATMDATA : directory for the atmos forcing
/home/mdunphy/scratch/nemo_temp/SalishSea1500/SalishSea1500-RUN160/RUN/BDY : directory for the obc files

Run features :
~~~~~~~~~~~~~~
Executable name : nemo.exe
Bathymetry : bathy_salishsea_1500m_20210406.nc
Coordinates : coordinates_salishsea_1500m.nc
K1 tidal mixing :
M2 tidal mixing :
Mask tidal mixing :
Shlat :
Clim T :
Clim S :
Clim U :
Clim V :
Runoff :
Chlorophyl :
List of the open boundaries :

Rebuild lddcheck
gra595
ldd /home/mdunphy/project/mdunphy/Software/NEMO36OPP/NEMOGCM/TOOLS/REBUILD_NEMO/BLD/bin/rebuild_nemo.exe
	linux-vdso.so.1 (0x00007ffc001fd000)
	libstdc++.so.6 => /cvmfs/soft.computecanada.ca/gentoo/2020/usr/lib/gcc/x86_64-pc-linux-gnu/10.2.0/libstdc++.so.6 (0x00002b43e4b7e000)
	libz.so.1 => /cvmfs/soft.computecanada.ca/gentoo/2020/usr/lib64/libz.so.1 (0x00002b43e4de7000)
	libnetcdff.so.7 => /cvmfs/soft.computecanada.ca/easybuild/software/2020/avx2/MPI/intel2020/openmpi4/netcdf-fortran-mpi/4.5.2/lib/libnetcdff.so.7 (0x00002b43e4e01000)
	libnetcdf.so.18 => /cvmfs/soft.computecanada.ca/easybuild/software/2020/avx2/MPI/intel2020/openmpi4/netcdf-mpi/4.7.4/lib64/libnetcdf.so.18 (0x00002b43e531f000)
	libm.so.6 => /cvmfs/soft.computecanada.ca/gentoo/2020/lib64/libm.so.6 (0x00002b43e550d000)
	libiomp5.so => /cvmfs/soft.computecanada.ca/easybuild/software/2020/Core/intel/2020.1.217/lib/intel64/libiomp5.so (0x00002b43e5650000)
	libpthread.so.0 => /cvmfs/soft.computecanada.ca/gentoo/2020/lib64/libpthread.so.0 (0x00002b43e5a5a000)
	libmpi_usempif08.so.40 => /cvmfs/soft.computecanada.ca/easybuild/software/2020/avx2/Compiler/intel2020/openmpi/4.0.3/lib/libmpi_usempif08.so.40 (0x00002b43e5a7a000)
	libmpi_usempi_ignore_tkr.so.40 => /cvmfs/soft.computecanada.ca/easybuild/software/2020/avx2/Compiler/intel2020/openmpi/4.0.3/lib/libmpi_usempi_ignore_tkr.so.40 (0x00002b43e5ab5000)
	libmpi_mpifh.so.40 => /cvmfs/soft.computecanada.ca/easybuild/software/2020/avx2/Compiler/intel2020/openmpi/4.0.3/lib/libmpi_mpifh.so.40 (0x00002b43e5ac4000)
	libmpi.so.40 => /cvmfs/soft.computecanada.ca/easybuild/software/2020/avx2/Compiler/intel2020/openmpi/4.0.3/lib/libmpi.so.40 (0x00002b43e5b32000)
	libc.so.6 => /cvmfs/soft.computecanada.ca/gentoo/2020/lib64/libc.so.6 (0x00002b43e5e73000)
	libgcc_s.so.1 => /cvmfs/soft.computecanada.ca/gentoo/2020/usr/lib/gcc/x86_64-pc-linux-gnu/10.2.0/libgcc_s.so.1 (0x00002b43e602d000)
	libdl.so.2 => /cvmfs/soft.computecanada.ca/gentoo/2020/lib64/libdl.so.2 (0x00002b43e6047000)
	/cvmfs/soft.computecanada.ca/gentoo/2020/lib64/ld-linux-x86-64.so.2 (0x00002b43e4b1f000)
	libifport.so.5 => /cvmfs/soft.computecanada.ca/easybuild/software/2020/Core/intel/2020.1.217/lib/intel64/libifport.so.5 (0x00002b43e604e000)
	libifcoremt.so.5 => /cvmfs/soft.computecanada.ca/easybuild/software/2020/Core/intel/2020.1.217/lib/intel64/libifcoremt.so.5 (0x00002b43e627f000)
	libimf.so => /cvmfs/soft.computecanada.ca/easybuild/software/2020/Core/intel/2020.1.217/lib/intel64/libimf.so (0x00002b43e6624000)
	libsvml.so => /cvmfs/soft.computecanada.ca/easybuild/software/2020/Core/intel/2020.1.217/lib/intel64/libsvml.so (0x00002b43e6d27000)
	libintlc.so.5 => /cvmfs/soft.computecanada.ca/easybuild/software/2020/Core/intel/2020.1.217/lib/intel64/libintlc.so.5 (0x00002b43e8832000)
	libhdf5_hl.so.100 => /cvmfs/soft.computecanada.ca/easybuild/software/2020/avx2/MPI/intel2020/openmpi4/hdf5-mpi/1.10.6/lib/libhdf5_hl.so.100 (0x00002b43e8aad000)
	libhdf5.so.103 => /cvmfs/soft.computecanada.ca/easybuild/software/2020/avx2/MPI/intel2020/openmpi4/hdf5-mpi/1.10.6/lib/libhdf5.so.103 (0x00002b43e8ad7000)
	libsz.so.2 => /cvmfs/soft.computecanada.ca/gentoo/2020/usr/lib64/libsz.so.2 (0x00002b43e8fd2000)
	libcurl.so.4 => /cvmfs/soft.computecanada.ca/gentoo/2020/usr/lib64/libcurl.so.4 (0x00002b43e8fe9000)
	libirng.so => /cvmfs/soft.computecanada.ca/easybuild/software/2020/Core/intel/2020.1.217/lib/intel64/libirng.so (0x00002b43e9063000)
	libopen-rte.so.40 => /cvmfs/soft.computecanada.ca/easybuild/software/2020/avx2/Compiler/intel2020/openmpi/4.0.3/lib/libopen-rte.so.40 (0x00002b43e93cf000)
	libopen-pal.so.40 => /cvmfs/soft.computecanada.ca/easybuild/software/2020/avx2/Compiler/intel2020/openmpi/4.0.3/lib/libopen-pal.so.40 (0x00002b43e950e000)
	librt.so.1 => /cvmfs/soft.computecanada.ca/gentoo/2020/lib64/librt.so.1 (0x00002b43e97b3000)
	libutil.so.1 => /cvmfs/soft.computecanada.ca/gentoo/2020/lib64/libutil.so.1 (0x00002b43e97bd000)
	libhwloc.so.5 => /cvmfs/soft.computecanada.ca/gentoo/2020/usr/lib64/libhwloc.so.5 (0x00002b43e97c2000)
	libevent-2.1.so.6 => /cvmfs/soft.computecanada.ca/gentoo/2020/usr/lib64/libevent-2.1.so.6 (0x00002b43e9806000)
	libevent_pthreads-2.1.so.6 => /cvmfs/soft.computecanada.ca/gentoo/2020/usr/lib64/libevent_pthreads-2.1.so.6 (0x00002b43e985b000)
	libssl.so.1.1 => /cvmfs/soft.computecanada.ca/gentoo/2020/usr/lib64/libssl.so.1.1 (0x00002b43e9860000)
	libcrypto.so.1.1 => /cvmfs/soft.computecanada.ca/gentoo/2020/usr/lib64/libcrypto.so.1.1 (0x00002b43e98f2000)
	libgssapi_krb5.so.2 => /cvmfs/soft.computecanada.ca/gentoo/2020/usr/lib64/libgssapi_krb5.so.2 (0x00002b43e9bac000)
	libkrb5.so.3 => /cvmfs/soft.computecanada.ca/gentoo/2020/usr/lib64/libkrb5.so.3 (0x00002b43e9bfb000)
	libk5crypto.so.3 => /cvmfs/soft.computecanada.ca/gentoo/2020/usr/lib64/libk5crypto.so.3 (0x00002b43e9cda000)
	libcom_err.so.2 => /cvmfs/soft.computecanada.ca/gentoo/2020/usr/lib64/libcom_err.so.2 (0x00002b43e9d10000)
	libnuma.so.1 => /cvmfs/soft.computecanada.ca/gentoo/2020/usr/lib64/libnuma.so.1 (0x00002b43e9d16000)
	libudev.so.1 => /cvmfs/soft.computecanada.ca/gentoo/2020/lib64/libudev.so.1 (0x00002b43e9d24000)
	libpciaccess.so.0 => /cvmfs/soft.computecanada.ca/gentoo/2020/usr/lib64/libpciaccess.so.0 (0x00002b43e9d4c000)
	libxml2.so.2 => /cvmfs/soft.computecanada.ca/gentoo/2020/usr/lib64/libxml2.so.2 (0x00002b43e9d57000)
	libkrb5support.so.0 => /cvmfs/soft.computecanada.ca/gentoo/2020/usr/lib64/libkrb5support.so.0 (0x00002b43e9ec0000)
	libkeyutils.so.1 => /cvmfs/soft.computecanada.ca/gentoo/2020/usr/lib64/libkeyutils.so.1 (0x00002b43e9ecf000)
	libresolv.so.2 => /cvmfs/soft.computecanada.ca/gentoo/2020/lib64/libresolv.so.2 (0x00002b43e9ed6000)
	libselinux.so.1 => /cvmfs/soft.computecanada.ca/gentoo/2020/lib64/libselinux.so.1 (0x00002b43e9eee000)
	libicuuc.so.65 => /cvmfs/soft.computecanada.ca/gentoo/2020/usr/lib64/libicuuc.so.65 (0x00002b43e9f19000)
	liblzma.so.5 => /cvmfs/soft.computecanada.ca/gentoo/2020/usr/lib64/liblzma.so.5 (0x00002b43ea0fb000)
	libpcre.so.1 => /cvmfs/soft.computecanada.ca/gentoo/2020/usr/lib64/libpcre.so.1 (0x00002b43ea123000)
	libicudata.so.65 => /cvmfs/soft.computecanada.ca/gentoo/2020/usr/lib64/libicudata.so.65 (0x00002b43ea196000)
Rebuilding SalishSea1500-RUN160_00144000_restart
Restart rebuild of SalishSea1500-RUN160_00144000_restart successful
sending incremental file list
layout.dat_R002_00072001_00144000
namelist_cfg_R002_00072001_00144000
namelist_ref_R002_00072001_00144000
nemo.stderr_R002_00072001_00144000
nemo.stdout_R002_00072001_00144000
ocean.output_R002_00072001_00144000
output.namelist.dyn_R002_00072001_00144000
solver.stat_R002_00072001_00144000
time.step_R002_00072001_00144000
timing.output_R002_00072001_00144000

sent 10,717,955 bytes  received 210 bytes  7,145,443.33 bytes/sec
total size is 10,714,483  speedup is 1.00
sending incremental file list
SalishSea1500-RUN160_1d_grid_T_20160308-20160308.nc
SalishSea1500-RUN160_1d_grid_T_20160309-20160309.nc
SalishSea1500-RUN160_1d_grid_T_20160310-20160310.nc
SalishSea1500-RUN160_1d_grid_T_20160311-20160311.nc
SalishSea1500-RUN160_1d_grid_T_20160312-20160312.nc
SalishSea1500-RUN160_1d_grid_T_20160313-20160313.nc
SalishSea1500-RUN160_1d_grid_T_20160314-20160314.nc
SalishSea1500-RUN160_1d_grid_T_20160315-20160315.nc
SalishSea1500-RUN160_1d_grid_T_20160316-20160316.nc
SalishSea1500-RUN160_1d_grid_T_20160317-20160317.nc
SalishSea1500-RUN160_1d_grid_T_20160318-20160318.nc
SalishSea1500-RUN160_1d_grid_T_20160319-20160319.nc
SalishSea1500-RUN160_1d_grid_T_20160320-20160320.nc
SalishSea1500-RUN160_1d_grid_T_20160321-20160321.nc
SalishSea1500-RUN160_1d_grid_T_20160322-20160322.nc
SalishSea1500-RUN160_1d_grid_T_20160323-20160323.nc
SalishSea1500-RUN160_1d_grid_T_20160324-20160324.nc
SalishSea1500-RUN160_1d_grid_T_20160325-20160325.nc
SalishSea1500-RUN160_1d_grid_T_20160326-20160326.nc
SalishSea1500-RUN160_1d_grid_T_20160327-20160327.nc
SalishSea1500-RUN160_1d_grid_T_20160328-20160328.nc
SalishSea1500-RUN160_1d_grid_T_20160329-20160329.nc
SalishSea1500-RUN160_1d_grid_T_20160330-20160330.nc
SalishSea1500-RUN160_1d_grid_T_20160331-20160331.nc
SalishSea1500-RUN160_1d_grid_T_20160401-20160401.nc
SalishSea1500-RUN160_1d_grid_T_20160402-20160402.nc
SalishSea1500-RUN160_1d_grid_T_20160403-20160403.nc
SalishSea1500-RUN160_1d_grid_T_20160404-20160404.nc
SalishSea1500-RUN160_1d_grid_T_20160405-20160405.nc
SalishSea1500-RUN160_1d_grid_T_20160406-20160406.nc
SalishSea1500-RUN160_1d_grid_T_20160407-20160407.nc
SalishSea1500-RUN160_1d_grid_T_20160408-20160408.nc
SalishSea1500-RUN160_1d_grid_T_20160409-20160409.nc
SalishSea1500-RUN160_1d_grid_T_20160410-20160410.nc
SalishSea1500-RUN160_1d_grid_T_20160411-20160411.nc
SalishSea1500-RUN160_1d_grid_T_20160412-20160412.nc
SalishSea1500-RUN160_1d_grid_T_20160413-20160413.nc
SalishSea1500-RUN160_1d_grid_T_20160414-20160414.nc
SalishSea1500-RUN160_1d_grid_T_20160415-20160415.nc
SalishSea1500-RUN160_1d_grid_T_20160416-20160416.nc
SalishSea1500-RUN160_1d_grid_T_20160417-20160417.nc
SalishSea1500-RUN160_1d_grid_T_20160418-20160418.nc
SalishSea1500-RUN160_1d_grid_T_20160419-20160419.nc
SalishSea1500-RUN160_1d_grid_T_20160420-20160420.nc
SalishSea1500-RUN160_1d_grid_T_20160421-20160421.nc
SalishSea1500-RUN160_1d_grid_T_20160422-20160422.nc
SalishSea1500-RUN160_1d_grid_T_20160423-20160423.nc
SalishSea1500-RUN160_1d_grid_T_20160424-20160424.nc
SalishSea1500-RUN160_1d_grid_T_20160425-20160425.nc
SalishSea1500-RUN160_1d_grid_T_20160426-20160426.nc
SalishSea1500-RUN160_1d_grid_T_20160427-20160427.nc
SalishSea1500-RUN160_1d_grid_T_20160428-20160428.nc
SalishSea1500-RUN160_1d_grid_T_20160429-20160429.nc
SalishSea1500-RUN160_1d_grid_T_20160430-20160430.nc
SalishSea1500-RUN160_1d_grid_T_20160501-20160501.nc
SalishSea1500-RUN160_1d_grid_T_20160502-20160502.nc
SalishSea1500-RUN160_1d_grid_T_20160503-20160503.nc
SalishSea1500-RUN160_1d_grid_T_20160504-20160504.nc
SalishSea1500-RUN160_1d_grid_T_20160505-20160505.nc
SalishSea1500-RUN160_1d_grid_T_20160506-20160506.nc
SalishSea1500-RUN160_1d_grid_T_20160507-20160507.nc
SalishSea1500-RUN160_1d_grid_T_20160508-20160508.nc
SalishSea1500-RUN160_1d_grid_T_20160509-20160509.nc
SalishSea1500-RUN160_1d_grid_T_20160510-20160510.nc
SalishSea1500-RUN160_1d_grid_T_20160511-20160511.nc
SalishSea1500-RUN160_1d_grid_T_20160512-20160512.nc
SalishSea1500-RUN160_1d_grid_T_20160513-20160513.nc
SalishSea1500-RUN160_1d_grid_T_20160514-20160514.nc
SalishSea1500-RUN160_1d_grid_T_20160515-20160515.nc
SalishSea1500-RUN160_1d_grid_T_20160516-20160516.nc
SalishSea1500-RUN160_1d_grid_T_20160517-20160517.nc
SalishSea1500-RUN160_1d_grid_T_20160518-20160518.nc
SalishSea1500-RUN160_1d_grid_T_20160519-20160519.nc
SalishSea1500-RUN160_1d_grid_T_20160520-20160520.nc
SalishSea1500-RUN160_1d_grid_T_20160521-20160521.nc
SalishSea1500-RUN160_1d_grid_T_20160522-20160522.nc
SalishSea1500-RUN160_1d_grid_T_20160523-20160523.nc
SalishSea1500-RUN160_1d_grid_T_20160524-20160524.nc
SalishSea1500-RUN160_1d_grid_T_20160525-20160525.nc
SalishSea1500-RUN160_1d_grid_T_20160526-20160526.nc
SalishSea1500-RUN160_1d_grid_T_20160527-20160527.nc
SalishSea1500-RUN160_1d_grid_T_20160528-20160528.nc
SalishSea1500-RUN160_1d_grid_T_20160529-20160529.nc
SalishSea1500-RUN160_1d_grid_T_20160530-20160530.nc
SalishSea1500-RUN160_1d_grid_T_20160531-20160531.nc
SalishSea1500-RUN160_1d_grid_T_20160601-20160601.nc
SalishSea1500-RUN160_1d_grid_T_20160602-20160602.nc
SalishSea1500-RUN160_1d_grid_T_20160603-20160603.nc
SalishSea1500-RUN160_1d_grid_T_20160604-20160604.nc
SalishSea1500-RUN160_1d_grid_T_20160605-20160605.nc
SalishSea1500-RUN160_1d_grid_T_20160606-20160606.nc
SalishSea1500-RUN160_1d_grid_T_20160607-20160607.nc
SalishSea1500-RUN160_1d_grid_T_20160608-20160608.nc
SalishSea1500-RUN160_1d_grid_T_20160609-20160609.nc
SalishSea1500-RUN160_1d_grid_T_20160610-20160610.nc
SalishSea1500-RUN160_1d_grid_T_20160611-20160611.nc
SalishSea1500-RUN160_1d_grid_T_20160612-20160612.nc
SalishSea1500-RUN160_1d_grid_T_20160613-20160613.nc
SalishSea1500-RUN160_1d_grid_T_20160614-20160614.nc
SalishSea1500-RUN160_1d_grid_T_20160615-20160615.nc
SalishSea1500-RUN160_1d_grid_T_2D_20160308-20160308.nc
SalishSea1500-RUN160_1d_grid_T_2D_20160309-20160309.nc
SalishSea1500-RUN160_1d_grid_T_2D_20160310-20160310.nc
SalishSea1500-RUN160_1d_grid_T_2D_20160311-20160311.nc
SalishSea1500-RUN160_1d_grid_T_2D_20160312-20160312.nc
SalishSea1500-RUN160_1d_grid_T_2D_20160313-20160313.nc
SalishSea1500-RUN160_1d_grid_T_2D_20160314-20160314.nc
SalishSea1500-RUN160_1d_grid_T_2D_20160315-20160315.nc
SalishSea1500-RUN160_1d_grid_T_2D_20160316-20160316.nc
SalishSea1500-RUN160_1d_grid_T_2D_20160317-20160317.nc
SalishSea1500-RUN160_1d_grid_T_2D_20160318-20160318.nc
SalishSea1500-RUN160_1d_grid_T_2D_20160319-20160319.nc
SalishSea1500-RUN160_1d_grid_T_2D_20160320-20160320.nc
SalishSea1500-RUN160_1d_grid_T_2D_20160321-20160321.nc
SalishSea1500-RUN160_1d_grid_T_2D_20160322-20160322.nc
SalishSea1500-RUN160_1d_grid_T_2D_20160323-20160323.nc
SalishSea1500-RUN160_1d_grid_T_2D_20160324-20160324.nc
SalishSea1500-RUN160_1d_grid_T_2D_20160325-20160325.nc
SalishSea1500-RUN160_1d_grid_T_2D_20160326-20160326.nc
SalishSea1500-RUN160_1d_grid_T_2D_20160327-20160327.nc
SalishSea1500-RUN160_1d_grid_T_2D_20160328-20160328.nc
SalishSea1500-RUN160_1d_grid_T_2D_20160329-20160329.nc
SalishSea1500-RUN160_1d_grid_T_2D_20160330-20160330.nc
SalishSea1500-RUN160_1d_grid_T_2D_20160331-20160331.nc
SalishSea1500-RUN160_1d_grid_T_2D_20160401-20160401.nc
SalishSea1500-RUN160_1d_grid_T_2D_20160402-20160402.nc
SalishSea1500-RUN160_1d_grid_T_2D_20160403-20160403.nc
SalishSea1500-RUN160_1d_grid_T_2D_20160404-20160404.nc
SalishSea1500-RUN160_1d_grid_T_2D_20160405-20160405.nc
SalishSea1500-RUN160_1d_grid_T_2D_20160406-20160406.nc
SalishSea1500-RUN160_1d_grid_T_2D_20160407-20160407.nc
SalishSea1500-RUN160_1d_grid_T_2D_20160408-20160408.nc
SalishSea1500-RUN160_1d_grid_T_2D_20160409-20160409.nc
SalishSea1500-RUN160_1d_grid_T_2D_20160410-20160410.nc
SalishSea1500-RUN160_1d_grid_T_2D_20160411-20160411.nc
SalishSea1500-RUN160_1d_grid_T_2D_20160412-20160412.nc
SalishSea1500-RUN160_1d_grid_T_2D_20160413-20160413.nc
SalishSea1500-RUN160_1d_grid_T_2D_20160414-20160414.nc
SalishSea1500-RUN160_1d_grid_T_2D_20160415-20160415.nc
SalishSea1500-RUN160_1d_grid_T_2D_20160416-20160416.nc
SalishSea1500-RUN160_1d_grid_T_2D_20160417-20160417.nc
SalishSea1500-RUN160_1d_grid_T_2D_20160418-20160418.nc
SalishSea1500-RUN160_1d_grid_T_2D_20160419-20160419.nc
SalishSea1500-RUN160_1d_grid_T_2D_20160420-20160420.nc
SalishSea1500-RUN160_1d_grid_T_2D_20160421-20160421.nc
SalishSea1500-RUN160_1d_grid_T_2D_20160422-20160422.nc
SalishSea1500-RUN160_1d_grid_T_2D_20160423-20160423.nc
SalishSea1500-RUN160_1d_grid_T_2D_20160424-20160424.nc
SalishSea1500-RUN160_1d_grid_T_2D_20160425-20160425.nc
SalishSea1500-RUN160_1d_grid_T_2D_20160426-20160426.nc
SalishSea1500-RUN160_1d_grid_T_2D_20160427-20160427.nc
SalishSea1500-RUN160_1d_grid_T_2D_20160428-20160428.nc
SalishSea1500-RUN160_1d_grid_T_2D_20160429-20160429.nc
SalishSea1500-RUN160_1d_grid_T_2D_20160430-20160430.nc
SalishSea1500-RUN160_1d_grid_T_2D_20160501-20160501.nc
SalishSea1500-RUN160_1d_grid_T_2D_20160502-20160502.nc
SalishSea1500-RUN160_1d_grid_T_2D_20160503-20160503.nc
SalishSea1500-RUN160_1d_grid_T_2D_20160504-20160504.nc
SalishSea1500-RUN160_1d_grid_T_2D_20160505-20160505.nc
SalishSea1500-RUN160_1d_grid_T_2D_20160506-20160506.nc
SalishSea1500-RUN160_1d_grid_T_2D_20160507-20160507.nc
SalishSea1500-RUN160_1d_grid_T_2D_20160508-20160508.nc
SalishSea1500-RUN160_1d_grid_T_2D_20160509-20160509.nc
SalishSea1500-RUN160_1d_grid_T_2D_20160510-20160510.nc
SalishSea1500-RUN160_1d_grid_T_2D_20160511-20160511.nc
SalishSea1500-RUN160_1d_grid_T_2D_20160512-20160512.nc
SalishSea1500-RUN160_1d_grid_T_2D_20160513-20160513.nc
SalishSea1500-RUN160_1d_grid_T_2D_20160514-20160514.nc
SalishSea1500-RUN160_1d_grid_T_2D_20160515-20160515.nc
SalishSea1500-RUN160_1d_grid_T_2D_20160516-20160516.nc
SalishSea1500-RUN160_1d_grid_T_2D_20160517-20160517.nc
SalishSea1500-RUN160_1d_grid_T_2D_20160518-20160518.nc
SalishSea1500-RUN160_1d_grid_T_2D_20160519-20160519.nc
SalishSea1500-RUN160_1d_grid_T_2D_20160520-20160520.nc
SalishSea1500-RUN160_1d_grid_T_2D_20160521-20160521.nc
SalishSea1500-RUN160_1d_grid_T_2D_20160522-20160522.nc
SalishSea1500-RUN160_1d_grid_T_2D_20160523-20160523.nc
SalishSea1500-RUN160_1d_grid_T_2D_20160524-20160524.nc
SalishSea1500-RUN160_1d_grid_T_2D_20160525-20160525.nc
SalishSea1500-RUN160_1d_grid_T_2D_20160526-20160526.nc
SalishSea1500-RUN160_1d_grid_T_2D_20160527-20160527.nc
SalishSea1500-RUN160_1d_grid_T_2D_20160528-20160528.nc
SalishSea1500-RUN160_1d_grid_T_2D_20160529-20160529.nc
SalishSea1500-RUN160_1d_grid_T_2D_20160530-20160530.nc
SalishSea1500-RUN160_1d_grid_T_2D_20160531-20160531.nc
SalishSea1500-RUN160_1d_grid_T_2D_20160601-20160601.nc
SalishSea1500-RUN160_1d_grid_T_2D_20160602-20160602.nc
SalishSea1500-RUN160_1d_grid_T_2D_20160603-20160603.nc
SalishSea1500-RUN160_1d_grid_T_2D_20160604-20160604.nc
SalishSea1500-RUN160_1d_grid_T_2D_20160605-20160605.nc
SalishSea1500-RUN160_1d_grid_T_2D_20160606-20160606.nc
SalishSea1500-RUN160_1d_grid_T_2D_20160607-20160607.nc
SalishSea1500-RUN160_1d_grid_T_2D_20160608-20160608.nc
SalishSea1500-RUN160_1d_grid_T_2D_20160609-20160609.nc
SalishSea1500-RUN160_1d_grid_T_2D_20160610-20160610.nc
SalishSea1500-RUN160_1d_grid_T_2D_20160611-20160611.nc
SalishSea1500-RUN160_1d_grid_T_2D_20160612-20160612.nc
SalishSea1500-RUN160_1d_grid_T_2D_20160613-20160613.nc
SalishSea1500-RUN160_1d_grid_T_2D_20160614-20160614.nc
SalishSea1500-RUN160_1d_grid_T_2D_20160615-20160615.nc
SalishSea1500-RUN160_1d_grid_U_20160308-20160308.nc
SalishSea1500-RUN160_1d_grid_U_20160309-20160309.nc
SalishSea1500-RUN160_1d_grid_U_20160310-20160310.nc
SalishSea1500-RUN160_1d_grid_U_20160311-20160311.nc
SalishSea1500-RUN160_1d_grid_U_20160312-20160312.nc
SalishSea1500-RUN160_1d_grid_U_20160313-20160313.nc
SalishSea1500-RUN160_1d_grid_U_20160314-20160314.nc
SalishSea1500-RUN160_1d_grid_U_20160315-20160315.nc
SalishSea1500-RUN160_1d_grid_U_20160316-20160316.nc
SalishSea1500-RUN160_1d_grid_U_20160317-20160317.nc
SalishSea1500-RUN160_1d_grid_U_20160318-20160318.nc
SalishSea1500-RUN160_1d_grid_U_20160319-20160319.nc
SalishSea1500-RUN160_1d_grid_U_20160320-20160320.nc
SalishSea1500-RUN160_1d_grid_U_20160321-20160321.nc
SalishSea1500-RUN160_1d_grid_U_20160322-20160322.nc
SalishSea1500-RUN160_1d_grid_U_20160323-20160323.nc
SalishSea1500-RUN160_1d_grid_U_20160324-20160324.nc
SalishSea1500-RUN160_1d_grid_U_20160325-20160325.nc
SalishSea1500-RUN160_1d_grid_U_20160326-20160326.nc
SalishSea1500-RUN160_1d_grid_U_20160327-20160327.nc
SalishSea1500-RUN160_1d_grid_U_20160328-20160328.nc
SalishSea1500-RUN160_1d_grid_U_20160329-20160329.nc
SalishSea1500-RUN160_1d_grid_U_20160330-20160330.nc
SalishSea1500-RUN160_1d_grid_U_20160331-20160331.nc
SalishSea1500-RUN160_1d_grid_U_20160401-20160401.nc
SalishSea1500-RUN160_1d_grid_U_20160402-20160402.nc
SalishSea1500-RUN160_1d_grid_U_20160403-20160403.nc
SalishSea1500-RUN160_1d_grid_U_20160404-20160404.nc
SalishSea1500-RUN160_1d_grid_U_20160405-20160405.nc
SalishSea1500-RUN160_1d_grid_U_20160406-20160406.nc
SalishSea1500-RUN160_1d_grid_U_20160407-20160407.nc
SalishSea1500-RUN160_1d_grid_U_20160408-20160408.nc
SalishSea1500-RUN160_1d_grid_U_20160409-20160409.nc
SalishSea1500-RUN160_1d_grid_U_20160410-20160410.nc
SalishSea1500-RUN160_1d_grid_U_20160411-20160411.nc
SalishSea1500-RUN160_1d_grid_U_20160412-20160412.nc
SalishSea1500-RUN160_1d_grid_U_20160413-20160413.nc
SalishSea1500-RUN160_1d_grid_U_20160414-20160414.nc
SalishSea1500-RUN160_1d_grid_U_20160415-20160415.nc
SalishSea1500-RUN160_1d_grid_U_20160416-20160416.nc
SalishSea1500-RUN160_1d_grid_U_20160417-20160417.nc
SalishSea1500-RUN160_1d_grid_U_20160418-20160418.nc
SalishSea1500-RUN160_1d_grid_U_20160419-20160419.nc
SalishSea1500-RUN160_1d_grid_U_20160420-20160420.nc
SalishSea1500-RUN160_1d_grid_U_20160421-20160421.nc
SalishSea1500-RUN160_1d_grid_U_20160422-20160422.nc
SalishSea1500-RUN160_1d_grid_U_20160423-20160423.nc
SalishSea1500-RUN160_1d_grid_U_20160424-20160424.nc
SalishSea1500-RUN160_1d_grid_U_20160425-20160425.nc
SalishSea1500-RUN160_1d_grid_U_20160426-20160426.nc
SalishSea1500-RUN160_1d_grid_U_20160427-20160427.nc
SalishSea1500-RUN160_1d_grid_U_20160428-20160428.nc
SalishSea1500-RUN160_1d_grid_U_20160429-20160429.nc
SalishSea1500-RUN160_1d_grid_U_20160430-20160430.nc
SalishSea1500-RUN160_1d_grid_U_20160501-20160501.nc
SalishSea1500-RUN160_1d_grid_U_20160502-20160502.nc
SalishSea1500-RUN160_1d_grid_U_20160503-20160503.nc
SalishSea1500-RUN160_1d_grid_U_20160504-20160504.nc
SalishSea1500-RUN160_1d_grid_U_20160505-20160505.nc
SalishSea1500-RUN160_1d_grid_U_20160506-20160506.nc
SalishSea1500-RUN160_1d_grid_U_20160507-20160507.nc
SalishSea1500-RUN160_1d_grid_U_20160508-20160508.nc
SalishSea1500-RUN160_1d_grid_U_20160509-20160509.nc
SalishSea1500-RUN160_1d_grid_U_20160510-20160510.nc
SalishSea1500-RUN160_1d_grid_U_20160511-20160511.nc
SalishSea1500-RUN160_1d_grid_U_20160512-20160512.nc
SalishSea1500-RUN160_1d_grid_U_20160513-20160513.nc
SalishSea1500-RUN160_1d_grid_U_20160514-20160514.nc
SalishSea1500-RUN160_1d_grid_U_20160515-20160515.nc
SalishSea1500-RUN160_1d_grid_U_20160516-20160516.nc
SalishSea1500-RUN160_1d_grid_U_20160517-20160517.nc
SalishSea1500-RUN160_1d_grid_U_20160518-20160518.nc
SalishSea1500-RUN160_1d_grid_U_20160519-20160519.nc
SalishSea1500-RUN160_1d_grid_U_20160520-20160520.nc
SalishSea1500-RUN160_1d_grid_U_20160521-20160521.nc
SalishSea1500-RUN160_1d_grid_U_20160522-20160522.nc
SalishSea1500-RUN160_1d_grid_U_20160523-20160523.nc
SalishSea1500-RUN160_1d_grid_U_20160524-20160524.nc
SalishSea1500-RUN160_1d_grid_U_20160525-20160525.nc
SalishSea1500-RUN160_1d_grid_U_20160526-20160526.nc
SalishSea1500-RUN160_1d_grid_U_20160527-20160527.nc
SalishSea1500-RUN160_1d_grid_U_20160528-20160528.nc
SalishSea1500-RUN160_1d_grid_U_20160529-20160529.nc
SalishSea1500-RUN160_1d_grid_U_20160530-20160530.nc
SalishSea1500-RUN160_1d_grid_U_20160531-20160531.nc
SalishSea1500-RUN160_1d_grid_U_20160601-20160601.nc
SalishSea1500-RUN160_1d_grid_U_20160602-20160602.nc
SalishSea1500-RUN160_1d_grid_U_20160603-20160603.nc
SalishSea1500-RUN160_1d_grid_U_20160604-20160604.nc
SalishSea1500-RUN160_1d_grid_U_20160605-20160605.nc
SalishSea1500-RUN160_1d_grid_U_20160606-20160606.nc
SalishSea1500-RUN160_1d_grid_U_20160607-20160607.nc
SalishSea1500-RUN160_1d_grid_U_20160608-20160608.nc
SalishSea1500-RUN160_1d_grid_U_20160609-20160609.nc
SalishSea1500-RUN160_1d_grid_U_20160610-20160610.nc
SalishSea1500-RUN160_1d_grid_U_20160611-20160611.nc
SalishSea1500-RUN160_1d_grid_U_20160612-20160612.nc
SalishSea1500-RUN160_1d_grid_U_20160613-20160613.nc
SalishSea1500-RUN160_1d_grid_U_20160614-20160614.nc
SalishSea1500-RUN160_1d_grid_U_20160615-20160615.nc
SalishSea1500-RUN160_1d_grid_V_20160308-20160308.nc
SalishSea1500-RUN160_1d_grid_V_20160309-20160309.nc
SalishSea1500-RUN160_1d_grid_V_20160310-20160310.nc
SalishSea1500-RUN160_1d_grid_V_20160311-20160311.nc
SalishSea1500-RUN160_1d_grid_V_20160312-20160312.nc
SalishSea1500-RUN160_1d_grid_V_20160313-20160313.nc
SalishSea1500-RUN160_1d_grid_V_20160314-20160314.nc
SalishSea1500-RUN160_1d_grid_V_20160315-20160315.nc
SalishSea1500-RUN160_1d_grid_V_20160316-20160316.nc
SalishSea1500-RUN160_1d_grid_V_20160317-20160317.nc
SalishSea1500-RUN160_1d_grid_V_20160318-20160318.nc
SalishSea1500-RUN160_1d_grid_V_20160319-20160319.nc
SalishSea1500-RUN160_1d_grid_V_20160320-20160320.nc
SalishSea1500-RUN160_1d_grid_V_20160321-20160321.nc
SalishSea1500-RUN160_1d_grid_V_20160322-20160322.nc
SalishSea1500-RUN160_1d_grid_V_20160323-20160323.nc
SalishSea1500-RUN160_1d_grid_V_20160324-20160324.nc
SalishSea1500-RUN160_1d_grid_V_20160325-20160325.nc
SalishSea1500-RUN160_1d_grid_V_20160326-20160326.nc
SalishSea1500-RUN160_1d_grid_V_20160327-20160327.nc
SalishSea1500-RUN160_1d_grid_V_20160328-20160328.nc
SalishSea1500-RUN160_1d_grid_V_20160329-20160329.nc
SalishSea1500-RUN160_1d_grid_V_20160330-20160330.nc
SalishSea1500-RUN160_1d_grid_V_20160331-20160331.nc
SalishSea1500-RUN160_1d_grid_V_20160401-20160401.nc
SalishSea1500-RUN160_1d_grid_V_20160402-20160402.nc
SalishSea1500-RUN160_1d_grid_V_20160403-20160403.nc
SalishSea1500-RUN160_1d_grid_V_20160404-20160404.nc
SalishSea1500-RUN160_1d_grid_V_20160405-20160405.nc
SalishSea1500-RUN160_1d_grid_V_20160406-20160406.nc
SalishSea1500-RUN160_1d_grid_V_20160407-20160407.nc
SalishSea1500-RUN160_1d_grid_V_20160408-20160408.nc
SalishSea1500-RUN160_1d_grid_V_20160409-20160409.nc
SalishSea1500-RUN160_1d_grid_V_20160410-20160410.nc
SalishSea1500-RUN160_1d_grid_V_20160411-20160411.nc
SalishSea1500-RUN160_1d_grid_V_20160412-20160412.nc
SalishSea1500-RUN160_1d_grid_V_20160413-20160413.nc
SalishSea1500-RUN160_1d_grid_V_20160414-20160414.nc
SalishSea1500-RUN160_1d_grid_V_20160415-20160415.nc
SalishSea1500-RUN160_1d_grid_V_20160416-20160416.nc
SalishSea1500-RUN160_1d_grid_V_20160417-20160417.nc
SalishSea1500-RUN160_1d_grid_V_20160418-20160418.nc
SalishSea1500-RUN160_1d_grid_V_20160419-20160419.nc
SalishSea1500-RUN160_1d_grid_V_20160420-20160420.nc
SalishSea1500-RUN160_1d_grid_V_20160421-20160421.nc
SalishSea1500-RUN160_1d_grid_V_20160422-20160422.nc
SalishSea1500-RUN160_1d_grid_V_20160423-20160423.nc
SalishSea1500-RUN160_1d_grid_V_20160424-20160424.nc
SalishSea1500-RUN160_1d_grid_V_20160425-20160425.nc
SalishSea1500-RUN160_1d_grid_V_20160426-20160426.nc
SalishSea1500-RUN160_1d_grid_V_20160427-20160427.nc
SalishSea1500-RUN160_1d_grid_V_20160428-20160428.nc
SalishSea1500-RUN160_1d_grid_V_20160429-20160429.nc
SalishSea1500-RUN160_1d_grid_V_20160430-20160430.nc
SalishSea1500-RUN160_1d_grid_V_20160501-20160501.nc
SalishSea1500-RUN160_1d_grid_V_20160502-20160502.nc
SalishSea1500-RUN160_1d_grid_V_20160503-20160503.nc
SalishSea1500-RUN160_1d_grid_V_20160504-20160504.nc
SalishSea1500-RUN160_1d_grid_V_20160505-20160505.nc
SalishSea1500-RUN160_1d_grid_V_20160506-20160506.nc
SalishSea1500-RUN160_1d_grid_V_20160507-20160507.nc
SalishSea1500-RUN160_1d_grid_V_20160508-20160508.nc
SalishSea1500-RUN160_1d_grid_V_20160509-20160509.nc
SalishSea1500-RUN160_1d_grid_V_20160510-20160510.nc
SalishSea1500-RUN160_1d_grid_V_20160511-20160511.nc
SalishSea1500-RUN160_1d_grid_V_20160512-20160512.nc
SalishSea1500-RUN160_1d_grid_V_20160513-20160513.nc
SalishSea1500-RUN160_1d_grid_V_20160514-20160514.nc
SalishSea1500-RUN160_1d_grid_V_20160515-20160515.nc
SalishSea1500-RUN160_1d_grid_V_20160516-20160516.nc
SalishSea1500-RUN160_1d_grid_V_20160517-20160517.nc
SalishSea1500-RUN160_1d_grid_V_20160518-20160518.nc
SalishSea1500-RUN160_1d_grid_V_20160519-20160519.nc
SalishSea1500-RUN160_1d_grid_V_20160520-20160520.nc
SalishSea1500-RUN160_1d_grid_V_20160521-20160521.nc
SalishSea1500-RUN160_1d_grid_V_20160522-20160522.nc
SalishSea1500-RUN160_1d_grid_V_20160523-20160523.nc
SalishSea1500-RUN160_1d_grid_V_20160524-20160524.nc
SalishSea1500-RUN160_1d_grid_V_20160525-20160525.nc
SalishSea1500-RUN160_1d_grid_V_20160526-20160526.nc
SalishSea1500-RUN160_1d_grid_V_20160527-20160527.nc
SalishSea1500-RUN160_1d_grid_V_20160528-20160528.nc
SalishSea1500-RUN160_1d_grid_V_20160529-20160529.nc
SalishSea1500-RUN160_1d_grid_V_20160530-20160530.nc
SalishSea1500-RUN160_1d_grid_V_20160531-20160531.nc
SalishSea1500-RUN160_1d_grid_V_20160601-20160601.nc
SalishSea1500-RUN160_1d_grid_V_20160602-20160602.nc
SalishSea1500-RUN160_1d_grid_V_20160603-20160603.nc
SalishSea1500-RUN160_1d_grid_V_20160604-20160604.nc
SalishSea1500-RUN160_1d_grid_V_20160605-20160605.nc
SalishSea1500-RUN160_1d_grid_V_20160606-20160606.nc
SalishSea1500-RUN160_1d_grid_V_20160607-20160607.nc
SalishSea1500-RUN160_1d_grid_V_20160608-20160608.nc
SalishSea1500-RUN160_1d_grid_V_20160609-20160609.nc
SalishSea1500-RUN160_1d_grid_V_20160610-20160610.nc
SalishSea1500-RUN160_1d_grid_V_20160611-20160611.nc
SalishSea1500-RUN160_1d_grid_V_20160612-20160612.nc
SalishSea1500-RUN160_1d_grid_V_20160613-20160613.nc
SalishSea1500-RUN160_1d_grid_V_20160614-20160614.nc
SalishSea1500-RUN160_1d_grid_V_20160615-20160615.nc
SalishSea1500-RUN160_1d_grid_W_20160308-20160308.nc
SalishSea1500-RUN160_1d_grid_W_20160309-20160309.nc
SalishSea1500-RUN160_1d_grid_W_20160310-20160310.nc
SalishSea1500-RUN160_1d_grid_W_20160311-20160311.nc
SalishSea1500-RUN160_1d_grid_W_20160312-20160312.nc
SalishSea1500-RUN160_1d_grid_W_20160313-20160313.nc
SalishSea1500-RUN160_1d_grid_W_20160314-20160314.nc
SalishSea1500-RUN160_1d_grid_W_20160315-20160315.nc
SalishSea1500-RUN160_1d_grid_W_20160316-20160316.nc
SalishSea1500-RUN160_1d_grid_W_20160317-20160317.nc
SalishSea1500-RUN160_1d_grid_W_20160318-20160318.nc
SalishSea1500-RUN160_1d_grid_W_20160319-20160319.nc
SalishSea1500-RUN160_1d_grid_W_20160320-20160320.nc
SalishSea1500-RUN160_1d_grid_W_20160321-20160321.nc
SalishSea1500-RUN160_1d_grid_W_20160322-20160322.nc
SalishSea1500-RUN160_1d_grid_W_20160323-20160323.nc
SalishSea1500-RUN160_1d_grid_W_20160324-20160324.nc
SalishSea1500-RUN160_1d_grid_W_20160325-20160325.nc
SalishSea1500-RUN160_1d_grid_W_20160326-20160326.nc
SalishSea1500-RUN160_1d_grid_W_20160327-20160327.nc
SalishSea1500-RUN160_1d_grid_W_20160328-20160328.nc
SalishSea1500-RUN160_1d_grid_W_20160329-20160329.nc
SalishSea1500-RUN160_1d_grid_W_20160330-20160330.nc
SalishSea1500-RUN160_1d_grid_W_20160331-20160331.nc
SalishSea1500-RUN160_1d_grid_W_20160401-20160401.nc
SalishSea1500-RUN160_1d_grid_W_20160402-20160402.nc
SalishSea1500-RUN160_1d_grid_W_20160403-20160403.nc
SalishSea1500-RUN160_1d_grid_W_20160404-20160404.nc
SalishSea1500-RUN160_1d_grid_W_20160405-20160405.nc
SalishSea1500-RUN160_1d_grid_W_20160406-20160406.nc
SalishSea1500-RUN160_1d_grid_W_20160407-20160407.nc
SalishSea1500-RUN160_1d_grid_W_20160408-20160408.nc
SalishSea1500-RUN160_1d_grid_W_20160409-20160409.nc
SalishSea1500-RUN160_1d_grid_W_20160410-20160410.nc
SalishSea1500-RUN160_1d_grid_W_20160411-20160411.nc
SalishSea1500-RUN160_1d_grid_W_20160412-20160412.nc
SalishSea1500-RUN160_1d_grid_W_20160413-20160413.nc
SalishSea1500-RUN160_1d_grid_W_20160414-20160414.nc
SalishSea1500-RUN160_1d_grid_W_20160415-20160415.nc
SalishSea1500-RUN160_1d_grid_W_20160416-20160416.nc
SalishSea1500-RUN160_1d_grid_W_20160417-20160417.nc
SalishSea1500-RUN160_1d_grid_W_20160418-20160418.nc
SalishSea1500-RUN160_1d_grid_W_20160419-20160419.nc
SalishSea1500-RUN160_1d_grid_W_20160420-20160420.nc
SalishSea1500-RUN160_1d_grid_W_20160421-20160421.nc
SalishSea1500-RUN160_1d_grid_W_20160422-20160422.nc
SalishSea1500-RUN160_1d_grid_W_20160423-20160423.nc
SalishSea1500-RUN160_1d_grid_W_20160424-20160424.nc
SalishSea1500-RUN160_1d_grid_W_20160425-20160425.nc
SalishSea1500-RUN160_1d_grid_W_20160426-20160426.nc
SalishSea1500-RUN160_1d_grid_W_20160427-20160427.nc
SalishSea1500-RUN160_1d_grid_W_20160428-20160428.nc
SalishSea1500-RUN160_1d_grid_W_20160429-20160429.nc
SalishSea1500-RUN160_1d_grid_W_20160430-20160430.nc
SalishSea1500-RUN160_1d_grid_W_20160501-20160501.nc
SalishSea1500-RUN160_1d_grid_W_20160502-20160502.nc
SalishSea1500-RUN160_1d_grid_W_20160503-20160503.nc
SalishSea1500-RUN160_1d_grid_W_20160504-20160504.nc
SalishSea1500-RUN160_1d_grid_W_20160505-20160505.nc
SalishSea1500-RUN160_1d_grid_W_20160506-20160506.nc
SalishSea1500-RUN160_1d_grid_W_20160507-20160507.nc
SalishSea1500-RUN160_1d_grid_W_20160508-20160508.nc
SalishSea1500-RUN160_1d_grid_W_20160509-20160509.nc
SalishSea1500-RUN160_1d_grid_W_20160510-20160510.nc
SalishSea1500-RUN160_1d_grid_W_20160511-20160511.nc
SalishSea1500-RUN160_1d_grid_W_20160512-20160512.nc
SalishSea1500-RUN160_1d_grid_W_20160513-20160513.nc
SalishSea1500-RUN160_1d_grid_W_20160514-20160514.nc
SalishSea1500-RUN160_1d_grid_W_20160515-20160515.nc
SalishSea1500-RUN160_1d_grid_W_20160516-20160516.nc
SalishSea1500-RUN160_1d_grid_W_20160517-20160517.nc
SalishSea1500-RUN160_1d_grid_W_20160518-20160518.nc
SalishSea1500-RUN160_1d_grid_W_20160519-20160519.nc
SalishSea1500-RUN160_1d_grid_W_20160520-20160520.nc
SalishSea1500-RUN160_1d_grid_W_20160521-20160521.nc
SalishSea1500-RUN160_1d_grid_W_20160522-20160522.nc
SalishSea1500-RUN160_1d_grid_W_20160523-20160523.nc
SalishSea1500-RUN160_1d_grid_W_20160524-20160524.nc
SalishSea1500-RUN160_1d_grid_W_20160525-20160525.nc
SalishSea1500-RUN160_1d_grid_W_20160526-20160526.nc
SalishSea1500-RUN160_1d_grid_W_20160527-20160527.nc
SalishSea1500-RUN160_1d_grid_W_20160528-20160528.nc
SalishSea1500-RUN160_1d_grid_W_20160529-20160529.nc
SalishSea1500-RUN160_1d_grid_W_20160530-20160530.nc
SalishSea1500-RUN160_1d_grid_W_20160531-20160531.nc
SalishSea1500-RUN160_1d_grid_W_20160601-20160601.nc
SalishSea1500-RUN160_1d_grid_W_20160602-20160602.nc
SalishSea1500-RUN160_1d_grid_W_20160603-20160603.nc
SalishSea1500-RUN160_1d_grid_W_20160604-20160604.nc
SalishSea1500-RUN160_1d_grid_W_20160605-20160605.nc
SalishSea1500-RUN160_1d_grid_W_20160606-20160606.nc
SalishSea1500-RUN160_1d_grid_W_20160607-20160607.nc
SalishSea1500-RUN160_1d_grid_W_20160608-20160608.nc
SalishSea1500-RUN160_1d_grid_W_20160609-20160609.nc
SalishSea1500-RUN160_1d_grid_W_20160610-20160610.nc
SalishSea1500-RUN160_1d_grid_W_20160611-20160611.nc
SalishSea1500-RUN160_1d_grid_W_20160612-20160612.nc
SalishSea1500-RUN160_1d_grid_W_20160613-20160613.nc
SalishSea1500-RUN160_1d_grid_W_20160614-20160614.nc
SalishSea1500-RUN160_1d_grid_W_20160615-20160615.nc
SalishSea1500-RUN160_1h_grid_T_20160308-20160308.nc
SalishSea1500-RUN160_1h_grid_T_20160309-20160309.nc
SalishSea1500-RUN160_1h_grid_T_20160310-20160310.nc
SalishSea1500-RUN160_1h_grid_T_20160311-20160311.nc
SalishSea1500-RUN160_1h_grid_T_20160312-20160312.nc
SalishSea1500-RUN160_1h_grid_T_20160313-20160313.nc
SalishSea1500-RUN160_1h_grid_T_20160314-20160314.nc
SalishSea1500-RUN160_1h_grid_T_20160315-20160315.nc
SalishSea1500-RUN160_1h_grid_T_20160316-20160316.nc
SalishSea1500-RUN160_1h_grid_T_20160317-20160317.nc
SalishSea1500-RUN160_1h_grid_T_20160318-20160318.nc
SalishSea1500-RUN160_1h_grid_T_20160319-20160319.nc
SalishSea1500-RUN160_1h_grid_T_20160320-20160320.nc
SalishSea1500-RUN160_1h_grid_T_20160321-20160321.nc
SalishSea1500-RUN160_1h_grid_T_20160322-20160322.nc
SalishSea1500-RUN160_1h_grid_T_20160323-20160323.nc
SalishSea1500-RUN160_1h_grid_T_20160324-20160324.nc
SalishSea1500-RUN160_1h_grid_T_20160325-20160325.nc
SalishSea1500-RUN160_1h_grid_T_20160326-20160326.nc
SalishSea1500-RUN160_1h_grid_T_20160327-20160327.nc
SalishSea1500-RUN160_1h_grid_T_20160328-20160328.nc
SalishSea1500-RUN160_1h_grid_T_20160329-20160329.nc
SalishSea1500-RUN160_1h_grid_T_20160330-20160330.nc
SalishSea1500-RUN160_1h_grid_T_20160331-20160331.nc
SalishSea1500-RUN160_1h_grid_T_20160401-20160401.nc
SalishSea1500-RUN160_1h_grid_T_20160402-20160402.nc
SalishSea1500-RUN160_1h_grid_T_20160403-20160403.nc
SalishSea1500-RUN160_1h_grid_T_20160404-20160404.nc
SalishSea1500-RUN160_1h_grid_T_20160405-20160405.nc
SalishSea1500-RUN160_1h_grid_T_20160406-20160406.nc
SalishSea1500-RUN160_1h_grid_T_20160407-20160407.nc
SalishSea1500-RUN160_1h_grid_T_20160408-20160408.nc
SalishSea1500-RUN160_1h_grid_T_20160409-20160409.nc
SalishSea1500-RUN160_1h_grid_T_20160410-20160410.nc
SalishSea1500-RUN160_1h_grid_T_20160411-20160411.nc
SalishSea1500-RUN160_1h_grid_T_20160412-20160412.nc
SalishSea1500-RUN160_1h_grid_T_20160413-20160413.nc
SalishSea1500-RUN160_1h_grid_T_20160414-20160414.nc
SalishSea1500-RUN160_1h_grid_T_20160415-20160415.nc
SalishSea1500-RUN160_1h_grid_T_20160416-20160416.nc
SalishSea1500-RUN160_1h_grid_T_20160417-20160417.nc
SalishSea1500-RUN160_1h_grid_T_20160418-20160418.nc
SalishSea1500-RUN160_1h_grid_T_20160419-20160419.nc
SalishSea1500-RUN160_1h_grid_T_20160420-20160420.nc
SalishSea1500-RUN160_1h_grid_T_20160421-20160421.nc
SalishSea1500-RUN160_1h_grid_T_20160422-20160422.nc
SalishSea1500-RUN160_1h_grid_T_20160423-20160423.nc
SalishSea1500-RUN160_1h_grid_T_20160424-20160424.nc
SalishSea1500-RUN160_1h_grid_T_20160425-20160425.nc
SalishSea1500-RUN160_1h_grid_T_20160426-20160426.nc
SalishSea1500-RUN160_1h_grid_T_20160427-20160427.nc
SalishSea1500-RUN160_1h_grid_T_20160428-20160428.nc
SalishSea1500-RUN160_1h_grid_T_20160429-20160429.nc
SalishSea1500-RUN160_1h_grid_T_20160430-20160430.nc
SalishSea1500-RUN160_1h_grid_T_20160501-20160501.nc
SalishSea1500-RUN160_1h_grid_T_20160502-20160502.nc
SalishSea1500-RUN160_1h_grid_T_20160503-20160503.nc
SalishSea1500-RUN160_1h_grid_T_20160504-20160504.nc
SalishSea1500-RUN160_1h_grid_T_20160505-20160505.nc
SalishSea1500-RUN160_1h_grid_T_20160506-20160506.nc
SalishSea1500-RUN160_1h_grid_T_20160507-20160507.nc
SalishSea1500-RUN160_1h_grid_T_20160508-20160508.nc
SalishSea1500-RUN160_1h_grid_T_20160509-20160509.nc
SalishSea1500-RUN160_1h_grid_T_20160510-20160510.nc
SalishSea1500-RUN160_1h_grid_T_20160511-20160511.nc
SalishSea1500-RUN160_1h_grid_T_20160512-20160512.nc
SalishSea1500-RUN160_1h_grid_T_20160513-20160513.nc
SalishSea1500-RUN160_1h_grid_T_20160514-20160514.nc
SalishSea1500-RUN160_1h_grid_T_20160515-20160515.nc
SalishSea1500-RUN160_1h_grid_T_20160516-20160516.nc
SalishSea1500-RUN160_1h_grid_T_20160517-20160517.nc
SalishSea1500-RUN160_1h_grid_T_20160518-20160518.nc
SalishSea1500-RUN160_1h_grid_T_20160519-20160519.nc
SalishSea1500-RUN160_1h_grid_T_20160520-20160520.nc
SalishSea1500-RUN160_1h_grid_T_20160521-20160521.nc
SalishSea1500-RUN160_1h_grid_T_20160522-20160522.nc
SalishSea1500-RUN160_1h_grid_T_20160523-20160523.nc
SalishSea1500-RUN160_1h_grid_T_20160524-20160524.nc
SalishSea1500-RUN160_1h_grid_T_20160525-20160525.nc
SalishSea1500-RUN160_1h_grid_T_20160526-20160526.nc
SalishSea1500-RUN160_1h_grid_T_20160527-20160527.nc
SalishSea1500-RUN160_1h_grid_T_20160528-20160528.nc
SalishSea1500-RUN160_1h_grid_T_20160529-20160529.nc
SalishSea1500-RUN160_1h_grid_T_20160530-20160530.nc
SalishSea1500-RUN160_1h_grid_T_20160531-20160531.nc
SalishSea1500-RUN160_1h_grid_T_20160601-20160601.nc
SalishSea1500-RUN160_1h_grid_T_20160602-20160602.nc
SalishSea1500-RUN160_1h_grid_T_20160603-20160603.nc
SalishSea1500-RUN160_1h_grid_T_20160604-20160604.nc
SalishSea1500-RUN160_1h_grid_T_20160605-20160605.nc
SalishSea1500-RUN160_1h_grid_T_20160606-20160606.nc
SalishSea1500-RUN160_1h_grid_T_20160607-20160607.nc
SalishSea1500-RUN160_1h_grid_T_20160608-20160608.nc
SalishSea1500-RUN160_1h_grid_T_20160609-20160609.nc
SalishSea1500-RUN160_1h_grid_T_20160610-20160610.nc
SalishSea1500-RUN160_1h_grid_T_20160611-20160611.nc
SalishSea1500-RUN160_1h_grid_T_20160612-20160612.nc
SalishSea1500-RUN160_1h_grid_T_20160613-20160613.nc
SalishSea1500-RUN160_1h_grid_T_20160614-20160614.nc
SalishSea1500-RUN160_1h_grid_T_20160615-20160615.nc
SalishSea1500-RUN160_1h_grid_T_2D_20160308-20160308.nc
SalishSea1500-RUN160_1h_grid_T_2D_20160309-20160309.nc
SalishSea1500-RUN160_1h_grid_T_2D_20160310-20160310.nc
SalishSea1500-RUN160_1h_grid_T_2D_20160311-20160311.nc
SalishSea1500-RUN160_1h_grid_T_2D_20160312-20160312.nc
SalishSea1500-RUN160_1h_grid_T_2D_20160313-20160313.nc
SalishSea1500-RUN160_1h_grid_T_2D_20160314-20160314.nc
SalishSea1500-RUN160_1h_grid_T_2D_20160315-20160315.nc
SalishSea1500-RUN160_1h_grid_T_2D_20160316-20160316.nc
SalishSea1500-RUN160_1h_grid_T_2D_20160317-20160317.nc
SalishSea1500-RUN160_1h_grid_T_2D_20160318-20160318.nc
SalishSea1500-RUN160_1h_grid_T_2D_20160319-20160319.nc
SalishSea1500-RUN160_1h_grid_T_2D_20160320-20160320.nc
SalishSea1500-RUN160_1h_grid_T_2D_20160321-20160321.nc
SalishSea1500-RUN160_1h_grid_T_2D_20160322-20160322.nc
SalishSea1500-RUN160_1h_grid_T_2D_20160323-20160323.nc
SalishSea1500-RUN160_1h_grid_T_2D_20160324-20160324.nc
SalishSea1500-RUN160_1h_grid_T_2D_20160325-20160325.nc
SalishSea1500-RUN160_1h_grid_T_2D_20160326-20160326.nc
SalishSea1500-RUN160_1h_grid_T_2D_20160327-20160327.nc
SalishSea1500-RUN160_1h_grid_T_2D_20160328-20160328.nc
SalishSea1500-RUN160_1h_grid_T_2D_20160329-20160329.nc
SalishSea1500-RUN160_1h_grid_T_2D_20160330-20160330.nc
SalishSea1500-RUN160_1h_grid_T_2D_20160331-20160331.nc
SalishSea1500-RUN160_1h_grid_T_2D_20160401-20160401.nc
SalishSea1500-RUN160_1h_grid_T_2D_20160402-20160402.nc
SalishSea1500-RUN160_1h_grid_T_2D_20160403-20160403.nc
SalishSea1500-RUN160_1h_grid_T_2D_20160404-20160404.nc
SalishSea1500-RUN160_1h_grid_T_2D_20160405-20160405.nc
SalishSea1500-RUN160_1h_grid_T_2D_20160406-20160406.nc
SalishSea1500-RUN160_1h_grid_T_2D_20160407-20160407.nc
SalishSea1500-RUN160_1h_grid_T_2D_20160408-20160408.nc
SalishSea1500-RUN160_1h_grid_T_2D_20160409-20160409.nc
SalishSea1500-RUN160_1h_grid_T_2D_20160410-20160410.nc
SalishSea1500-RUN160_1h_grid_T_2D_20160411-20160411.nc
SalishSea1500-RUN160_1h_grid_T_2D_20160412-20160412.nc
SalishSea1500-RUN160_1h_grid_T_2D_20160413-20160413.nc
SalishSea1500-RUN160_1h_grid_T_2D_20160414-20160414.nc
SalishSea1500-RUN160_1h_grid_T_2D_20160415-20160415.nc
SalishSea1500-RUN160_1h_grid_T_2D_20160416-20160416.nc
SalishSea1500-RUN160_1h_grid_T_2D_20160417-20160417.nc
SalishSea1500-RUN160_1h_grid_T_2D_20160418-20160418.nc
SalishSea1500-RUN160_1h_grid_T_2D_20160419-20160419.nc
SalishSea1500-RUN160_1h_grid_T_2D_20160420-20160420.nc
SalishSea1500-RUN160_1h_grid_T_2D_20160421-20160421.nc
SalishSea1500-RUN160_1h_grid_T_2D_20160422-20160422.nc
SalishSea1500-RUN160_1h_grid_T_2D_20160423-20160423.nc
SalishSea1500-RUN160_1h_grid_T_2D_20160424-20160424.nc
SalishSea1500-RUN160_1h_grid_T_2D_20160425-20160425.nc
SalishSea1500-RUN160_1h_grid_T_2D_20160426-20160426.nc
SalishSea1500-RUN160_1h_grid_T_2D_20160427-20160427.nc
SalishSea1500-RUN160_1h_grid_T_2D_20160428-20160428.nc
SalishSea1500-RUN160_1h_grid_T_2D_20160429-20160429.nc
SalishSea1500-RUN160_1h_grid_T_2D_20160430-20160430.nc
SalishSea1500-RUN160_1h_grid_T_2D_20160501-20160501.nc
SalishSea1500-RUN160_1h_grid_T_2D_20160502-20160502.nc
SalishSea1500-RUN160_1h_grid_T_2D_20160503-20160503.nc
SalishSea1500-RUN160_1h_grid_T_2D_20160504-20160504.nc
SalishSea1500-RUN160_1h_grid_T_2D_20160505-20160505.nc
SalishSea1500-RUN160_1h_grid_T_2D_20160506-20160506.nc
SalishSea1500-RUN160_1h_grid_T_2D_20160507-20160507.nc
SalishSea1500-RUN160_1h_grid_T_2D_20160508-20160508.nc
SalishSea1500-RUN160_1h_grid_T_2D_20160509-20160509.nc
SalishSea1500-RUN160_1h_grid_T_2D_20160510-20160510.nc
SalishSea1500-RUN160_1h_grid_T_2D_20160511-20160511.nc
SalishSea1500-RUN160_1h_grid_T_2D_20160512-20160512.nc
SalishSea1500-RUN160_1h_grid_T_2D_20160513-20160513.nc
SalishSea1500-RUN160_1h_grid_T_2D_20160514-20160514.nc
SalishSea1500-RUN160_1h_grid_T_2D_20160515-20160515.nc
SalishSea1500-RUN160_1h_grid_T_2D_20160516-20160516.nc
SalishSea1500-RUN160_1h_grid_T_2D_20160517-20160517.nc
SalishSea1500-RUN160_1h_grid_T_2D_20160518-20160518.nc
SalishSea1500-RUN160_1h_grid_T_2D_20160519-20160519.nc
SalishSea1500-RUN160_1h_grid_T_2D_20160520-20160520.nc
SalishSea1500-RUN160_1h_grid_T_2D_20160521-20160521.nc
SalishSea1500-RUN160_1h_grid_T_2D_20160522-20160522.nc
SalishSea1500-RUN160_1h_grid_T_2D_20160523-20160523.nc
SalishSea1500-RUN160_1h_grid_T_2D_20160524-20160524.nc
SalishSea1500-RUN160_1h_grid_T_2D_20160525-20160525.nc
SalishSea1500-RUN160_1h_grid_T_2D_20160526-20160526.nc
SalishSea1500-RUN160_1h_grid_T_2D_20160527-20160527.nc
SalishSea1500-RUN160_1h_grid_T_2D_20160528-20160528.nc
SalishSea1500-RUN160_1h_grid_T_2D_20160529-20160529.nc
SalishSea1500-RUN160_1h_grid_T_2D_20160530-20160530.nc
SalishSea1500-RUN160_1h_grid_T_2D_20160531-20160531.nc
SalishSea1500-RUN160_1h_grid_T_2D_20160601-20160601.nc
SalishSea1500-RUN160_1h_grid_T_2D_20160602-20160602.nc
SalishSea1500-RUN160_1h_grid_T_2D_20160603-20160603.nc
SalishSea1500-RUN160_1h_grid_T_2D_20160604-20160604.nc
SalishSea1500-RUN160_1h_grid_T_2D_20160605-20160605.nc
SalishSea1500-RUN160_1h_grid_T_2D_20160606-20160606.nc
SalishSea1500-RUN160_1h_grid_T_2D_20160607-20160607.nc
SalishSea1500-RUN160_1h_grid_T_2D_20160608-20160608.nc
SalishSea1500-RUN160_1h_grid_T_2D_20160609-20160609.nc
SalishSea1500-RUN160_1h_grid_T_2D_20160610-20160610.nc
SalishSea1500-RUN160_1h_grid_T_2D_20160611-20160611.nc
SalishSea1500-RUN160_1h_grid_T_2D_20160612-20160612.nc
SalishSea1500-RUN160_1h_grid_T_2D_20160613-20160613.nc
SalishSea1500-RUN160_1h_grid_T_2D_20160614-20160614.nc
SalishSea1500-RUN160_1h_grid_T_2D_20160615-20160615.nc
SalishSea1500-RUN160_1h_grid_U_20160308-20160308.nc
SalishSea1500-RUN160_1h_grid_U_20160309-20160309.nc
SalishSea1500-RUN160_1h_grid_U_20160310-20160310.nc
SalishSea1500-RUN160_1h_grid_U_20160311-20160311.nc
SalishSea1500-RUN160_1h_grid_U_20160312-20160312.nc
SalishSea1500-RUN160_1h_grid_U_20160313-20160313.nc
SalishSea1500-RUN160_1h_grid_U_20160314-20160314.nc
SalishSea1500-RUN160_1h_grid_U_20160315-20160315.nc
SalishSea1500-RUN160_1h_grid_U_20160316-20160316.nc
SalishSea1500-RUN160_1h_grid_U_20160317-20160317.nc
SalishSea1500-RUN160_1h_grid_U_20160318-20160318.nc
SalishSea1500-RUN160_1h_grid_U_20160319-20160319.nc
SalishSea1500-RUN160_1h_grid_U_20160320-20160320.nc
SalishSea1500-RUN160_1h_grid_U_20160321-20160321.nc
SalishSea1500-RUN160_1h_grid_U_20160322-20160322.nc
SalishSea1500-RUN160_1h_grid_U_20160323-20160323.nc
SalishSea1500-RUN160_1h_grid_U_20160324-20160324.nc
SalishSea1500-RUN160_1h_grid_U_20160325-20160325.nc
SalishSea1500-RUN160_1h_grid_U_20160326-20160326.nc
SalishSea1500-RUN160_1h_grid_U_20160327-20160327.nc
SalishSea1500-RUN160_1h_grid_U_20160328-20160328.nc
SalishSea1500-RUN160_1h_grid_U_20160329-20160329.nc
SalishSea1500-RUN160_1h_grid_U_20160330-20160330.nc
SalishSea1500-RUN160_1h_grid_U_20160331-20160331.nc
SalishSea1500-RUN160_1h_grid_U_20160401-20160401.nc
SalishSea1500-RUN160_1h_grid_U_20160402-20160402.nc
SalishSea1500-RUN160_1h_grid_U_20160403-20160403.nc
SalishSea1500-RUN160_1h_grid_U_20160404-20160404.nc
SalishSea1500-RUN160_1h_grid_U_20160405-20160405.nc
SalishSea1500-RUN160_1h_grid_U_20160406-20160406.nc
SalishSea1500-RUN160_1h_grid_U_20160407-20160407.nc
SalishSea1500-RUN160_1h_grid_U_20160408-20160408.nc
SalishSea1500-RUN160_1h_grid_U_20160409-20160409.nc
SalishSea1500-RUN160_1h_grid_U_20160410-20160410.nc
SalishSea1500-RUN160_1h_grid_U_20160411-20160411.nc
SalishSea1500-RUN160_1h_grid_U_20160412-20160412.nc
SalishSea1500-RUN160_1h_grid_U_20160413-20160413.nc
SalishSea1500-RUN160_1h_grid_U_20160414-20160414.nc
SalishSea1500-RUN160_1h_grid_U_20160415-20160415.nc
SalishSea1500-RUN160_1h_grid_U_20160416-20160416.nc
SalishSea1500-RUN160_1h_grid_U_20160417-20160417.nc
SalishSea1500-RUN160_1h_grid_U_20160418-20160418.nc
SalishSea1500-RUN160_1h_grid_U_20160419-20160419.nc
SalishSea1500-RUN160_1h_grid_U_20160420-20160420.nc
SalishSea1500-RUN160_1h_grid_U_20160421-20160421.nc
SalishSea1500-RUN160_1h_grid_U_20160422-20160422.nc
SalishSea1500-RUN160_1h_grid_U_20160423-20160423.nc
SalishSea1500-RUN160_1h_grid_U_20160424-20160424.nc
SalishSea1500-RUN160_1h_grid_U_20160425-20160425.nc
SalishSea1500-RUN160_1h_grid_U_20160426-20160426.nc
SalishSea1500-RUN160_1h_grid_U_20160427-20160427.nc
SalishSea1500-RUN160_1h_grid_U_20160428-20160428.nc
SalishSea1500-RUN160_1h_grid_U_20160429-20160429.nc
SalishSea1500-RUN160_1h_grid_U_20160430-20160430.nc
SalishSea1500-RUN160_1h_grid_U_20160501-20160501.nc
SalishSea1500-RUN160_1h_grid_U_20160502-20160502.nc
SalishSea1500-RUN160_1h_grid_U_20160503-20160503.nc
SalishSea1500-RUN160_1h_grid_U_20160504-20160504.nc
SalishSea1500-RUN160_1h_grid_U_20160505-20160505.nc
SalishSea1500-RUN160_1h_grid_U_20160506-20160506.nc
SalishSea1500-RUN160_1h_grid_U_20160507-20160507.nc
SalishSea1500-RUN160_1h_grid_U_20160508-20160508.nc
SalishSea1500-RUN160_1h_grid_U_20160509-20160509.nc
SalishSea1500-RUN160_1h_grid_U_20160510-20160510.nc
SalishSea1500-RUN160_1h_grid_U_20160511-20160511.nc
SalishSea1500-RUN160_1h_grid_U_20160512-20160512.nc
SalishSea1500-RUN160_1h_grid_U_20160513-20160513.nc
SalishSea1500-RUN160_1h_grid_U_20160514-20160514.nc
SalishSea1500-RUN160_1h_grid_U_20160515-20160515.nc
SalishSea1500-RUN160_1h_grid_U_20160516-20160516.nc
SalishSea1500-RUN160_1h_grid_U_20160517-20160517.nc
SalishSea1500-RUN160_1h_grid_U_20160518-20160518.nc
SalishSea1500-RUN160_1h_grid_U_20160519-20160519.nc
SalishSea1500-RUN160_1h_grid_U_20160520-20160520.nc
SalishSea1500-RUN160_1h_grid_U_20160521-20160521.nc
SalishSea1500-RUN160_1h_grid_U_20160522-20160522.nc
SalishSea1500-RUN160_1h_grid_U_20160523-20160523.nc
SalishSea1500-RUN160_1h_grid_U_20160524-20160524.nc
SalishSea1500-RUN160_1h_grid_U_20160525-20160525.nc
SalishSea1500-RUN160_1h_grid_U_20160526-20160526.nc
SalishSea1500-RUN160_1h_grid_U_20160527-20160527.nc
SalishSea1500-RUN160_1h_grid_U_20160528-20160528.nc
SalishSea1500-RUN160_1h_grid_U_20160529-20160529.nc
SalishSea1500-RUN160_1h_grid_U_20160530-20160530.nc
SalishSea1500-RUN160_1h_grid_U_20160531-20160531.nc
SalishSea1500-RUN160_1h_grid_U_20160601-20160601.nc
SalishSea1500-RUN160_1h_grid_U_20160602-20160602.nc
SalishSea1500-RUN160_1h_grid_U_20160603-20160603.nc
SalishSea1500-RUN160_1h_grid_U_20160604-20160604.nc
SalishSea1500-RUN160_1h_grid_U_20160605-20160605.nc
SalishSea1500-RUN160_1h_grid_U_20160606-20160606.nc
SalishSea1500-RUN160_1h_grid_U_20160607-20160607.nc
SalishSea1500-RUN160_1h_grid_U_20160608-20160608.nc
SalishSea1500-RUN160_1h_grid_U_20160609-20160609.nc
SalishSea1500-RUN160_1h_grid_U_20160610-20160610.nc
SalishSea1500-RUN160_1h_grid_U_20160611-20160611.nc
SalishSea1500-RUN160_1h_grid_U_20160612-20160612.nc
SalishSea1500-RUN160_1h_grid_U_20160613-20160613.nc
SalishSea1500-RUN160_1h_grid_U_20160614-20160614.nc
SalishSea1500-RUN160_1h_grid_U_20160615-20160615.nc
SalishSea1500-RUN160_1h_grid_U_2D_20160308-20160308.nc
SalishSea1500-RUN160_1h_grid_U_2D_20160309-20160309.nc
SalishSea1500-RUN160_1h_grid_U_2D_20160310-20160310.nc
SalishSea1500-RUN160_1h_grid_U_2D_20160311-20160311.nc
SalishSea1500-RUN160_1h_grid_U_2D_20160312-20160312.nc
SalishSea1500-RUN160_1h_grid_U_2D_20160313-20160313.nc
SalishSea1500-RUN160_1h_grid_U_2D_20160314-20160314.nc
SalishSea1500-RUN160_1h_grid_U_2D_20160315-20160315.nc
SalishSea1500-RUN160_1h_grid_U_2D_20160316-20160316.nc
SalishSea1500-RUN160_1h_grid_U_2D_20160317-20160317.nc
SalishSea1500-RUN160_1h_grid_U_2D_20160318-20160318.nc
SalishSea1500-RUN160_1h_grid_U_2D_20160319-20160319.nc
SalishSea1500-RUN160_1h_grid_U_2D_20160320-20160320.nc
SalishSea1500-RUN160_1h_grid_U_2D_20160321-20160321.nc
SalishSea1500-RUN160_1h_grid_U_2D_20160322-20160322.nc
SalishSea1500-RUN160_1h_grid_U_2D_20160323-20160323.nc
SalishSea1500-RUN160_1h_grid_U_2D_20160324-20160324.nc
SalishSea1500-RUN160_1h_grid_U_2D_20160325-20160325.nc
SalishSea1500-RUN160_1h_grid_U_2D_20160326-20160326.nc
SalishSea1500-RUN160_1h_grid_U_2D_20160327-20160327.nc
SalishSea1500-RUN160_1h_grid_U_2D_20160328-20160328.nc
SalishSea1500-RUN160_1h_grid_U_2D_20160329-20160329.nc
SalishSea1500-RUN160_1h_grid_U_2D_20160330-20160330.nc
SalishSea1500-RUN160_1h_grid_U_2D_20160331-20160331.nc
SalishSea1500-RUN160_1h_grid_U_2D_20160401-20160401.nc
SalishSea1500-RUN160_1h_grid_U_2D_20160402-20160402.nc
SalishSea1500-RUN160_1h_grid_U_2D_20160403-20160403.nc
SalishSea1500-RUN160_1h_grid_U_2D_20160404-20160404.nc
SalishSea1500-RUN160_1h_grid_U_2D_20160405-20160405.nc
SalishSea1500-RUN160_1h_grid_U_2D_20160406-20160406.nc
SalishSea1500-RUN160_1h_grid_U_2D_20160407-20160407.nc
SalishSea1500-RUN160_1h_grid_U_2D_20160408-20160408.nc
SalishSea1500-RUN160_1h_grid_U_2D_20160409-20160409.nc
SalishSea1500-RUN160_1h_grid_U_2D_20160410-20160410.nc
SalishSea1500-RUN160_1h_grid_U_2D_20160411-20160411.nc
SalishSea1500-RUN160_1h_grid_U_2D_20160412-20160412.nc
SalishSea1500-RUN160_1h_grid_U_2D_20160413-20160413.nc
SalishSea1500-RUN160_1h_grid_U_2D_20160414-20160414.nc
SalishSea1500-RUN160_1h_grid_U_2D_20160415-20160415.nc
SalishSea1500-RUN160_1h_grid_U_2D_20160416-20160416.nc
SalishSea1500-RUN160_1h_grid_U_2D_20160417-20160417.nc
SalishSea1500-RUN160_1h_grid_U_2D_20160418-20160418.nc
SalishSea1500-RUN160_1h_grid_U_2D_20160419-20160419.nc
SalishSea1500-RUN160_1h_grid_U_2D_20160420-20160420.nc
SalishSea1500-RUN160_1h_grid_U_2D_20160421-20160421.nc
SalishSea1500-RUN160_1h_grid_U_2D_20160422-20160422.nc
SalishSea1500-RUN160_1h_grid_U_2D_20160423-20160423.nc
SalishSea1500-RUN160_1h_grid_U_2D_20160424-20160424.nc
SalishSea1500-RUN160_1h_grid_U_2D_20160425-20160425.nc
SalishSea1500-RUN160_1h_grid_U_2D_20160426-20160426.nc
SalishSea1500-RUN160_1h_grid_U_2D_20160427-20160427.nc
SalishSea1500-RUN160_1h_grid_U_2D_20160428-20160428.nc
SalishSea1500-RUN160_1h_grid_U_2D_20160429-20160429.nc
SalishSea1500-RUN160_1h_grid_U_2D_20160430-20160430.nc
SalishSea1500-RUN160_1h_grid_U_2D_20160501-20160501.nc
SalishSea1500-RUN160_1h_grid_U_2D_20160502-20160502.nc
SalishSea1500-RUN160_1h_grid_U_2D_20160503-20160503.nc
SalishSea1500-RUN160_1h_grid_U_2D_20160504-20160504.nc
SalishSea1500-RUN160_1h_grid_U_2D_20160505-20160505.nc
SalishSea1500-RUN160_1h_grid_U_2D_20160506-20160506.nc
SalishSea1500-RUN160_1h_grid_U_2D_20160507-20160507.nc
SalishSea1500-RUN160_1h_grid_U_2D_20160508-20160508.nc
SalishSea1500-RUN160_1h_grid_U_2D_20160509-20160509.nc
SalishSea1500-RUN160_1h_grid_U_2D_20160510-20160510.nc
SalishSea1500-RUN160_1h_grid_U_2D_20160511-20160511.nc
SalishSea1500-RUN160_1h_grid_U_2D_20160512-20160512.nc
SalishSea1500-RUN160_1h_grid_U_2D_20160513-20160513.nc
SalishSea1500-RUN160_1h_grid_U_2D_20160514-20160514.nc
SalishSea1500-RUN160_1h_grid_U_2D_20160515-20160515.nc
SalishSea1500-RUN160_1h_grid_U_2D_20160516-20160516.nc
SalishSea1500-RUN160_1h_grid_U_2D_20160517-20160517.nc
SalishSea1500-RUN160_1h_grid_U_2D_20160518-20160518.nc
SalishSea1500-RUN160_1h_grid_U_2D_20160519-20160519.nc
SalishSea1500-RUN160_1h_grid_U_2D_20160520-20160520.nc
SalishSea1500-RUN160_1h_grid_U_2D_20160521-20160521.nc
SalishSea1500-RUN160_1h_grid_U_2D_20160522-20160522.nc
SalishSea1500-RUN160_1h_grid_U_2D_20160523-20160523.nc
SalishSea1500-RUN160_1h_grid_U_2D_20160524-20160524.nc
SalishSea1500-RUN160_1h_grid_U_2D_20160525-20160525.nc
SalishSea1500-RUN160_1h_grid_U_2D_20160526-20160526.nc
SalishSea1500-RUN160_1h_grid_U_2D_20160527-20160527.nc
SalishSea1500-RUN160_1h_grid_U_2D_20160528-20160528.nc
SalishSea1500-RUN160_1h_grid_U_2D_20160529-20160529.nc
SalishSea1500-RUN160_1h_grid_U_2D_20160530-20160530.nc
SalishSea1500-RUN160_1h_grid_U_2D_20160531-20160531.nc
SalishSea1500-RUN160_1h_grid_U_2D_20160601-20160601.nc
SalishSea1500-RUN160_1h_grid_U_2D_20160602-20160602.nc
SalishSea1500-RUN160_1h_grid_U_2D_20160603-20160603.nc
SalishSea1500-RUN160_1h_grid_U_2D_20160604-20160604.nc
SalishSea1500-RUN160_1h_grid_U_2D_20160605-20160605.nc
SalishSea1500-RUN160_1h_grid_U_2D_20160606-20160606.nc
SalishSea1500-RUN160_1h_grid_U_2D_20160607-20160607.nc
SalishSea1500-RUN160_1h_grid_U_2D_20160608-20160608.nc
SalishSea1500-RUN160_1h_grid_U_2D_20160609-20160609.nc
SalishSea1500-RUN160_1h_grid_U_2D_20160610-20160610.nc
SalishSea1500-RUN160_1h_grid_U_2D_20160611-20160611.nc
SalishSea1500-RUN160_1h_grid_U_2D_20160612-20160612.nc
SalishSea1500-RUN160_1h_grid_U_2D_20160613-20160613.nc
SalishSea1500-RUN160_1h_grid_U_2D_20160614-20160614.nc
SalishSea1500-RUN160_1h_grid_U_2D_20160615-20160615.nc
SalishSea1500-RUN160_1h_grid_V_20160308-20160308.nc
SalishSea1500-RUN160_1h_grid_V_20160309-20160309.nc
SalishSea1500-RUN160_1h_grid_V_20160310-20160310.nc
SalishSea1500-RUN160_1h_grid_V_20160311-20160311.nc
SalishSea1500-RUN160_1h_grid_V_20160312-20160312.nc
SalishSea1500-RUN160_1h_grid_V_20160313-20160313.nc
SalishSea1500-RUN160_1h_grid_V_20160314-20160314.nc
SalishSea1500-RUN160_1h_grid_V_20160315-20160315.nc
SalishSea1500-RUN160_1h_grid_V_20160316-20160316.nc
SalishSea1500-RUN160_1h_grid_V_20160317-20160317.nc
SalishSea1500-RUN160_1h_grid_V_20160318-20160318.nc
SalishSea1500-RUN160_1h_grid_V_20160319-20160319.nc
SalishSea1500-RUN160_1h_grid_V_20160320-20160320.nc
SalishSea1500-RUN160_1h_grid_V_20160321-20160321.nc
SalishSea1500-RUN160_1h_grid_V_20160322-20160322.nc
SalishSea1500-RUN160_1h_grid_V_20160323-20160323.nc
SalishSea1500-RUN160_1h_grid_V_20160324-20160324.nc
SalishSea1500-RUN160_1h_grid_V_20160325-20160325.nc
SalishSea1500-RUN160_1h_grid_V_20160326-20160326.nc
SalishSea1500-RUN160_1h_grid_V_20160327-20160327.nc
SalishSea1500-RUN160_1h_grid_V_20160328-20160328.nc
SalishSea1500-RUN160_1h_grid_V_20160329-20160329.nc
SalishSea1500-RUN160_1h_grid_V_20160330-20160330.nc
SalishSea1500-RUN160_1h_grid_V_20160331-20160331.nc
SalishSea1500-RUN160_1h_grid_V_20160401-20160401.nc
SalishSea1500-RUN160_1h_grid_V_20160402-20160402.nc
SalishSea1500-RUN160_1h_grid_V_20160403-20160403.nc
SalishSea1500-RUN160_1h_grid_V_20160404-20160404.nc
SalishSea1500-RUN160_1h_grid_V_20160405-20160405.nc
SalishSea1500-RUN160_1h_grid_V_20160406-20160406.nc
SalishSea1500-RUN160_1h_grid_V_20160407-20160407.nc
SalishSea1500-RUN160_1h_grid_V_20160408-20160408.nc
SalishSea1500-RUN160_1h_grid_V_20160409-20160409.nc
SalishSea1500-RUN160_1h_grid_V_20160410-20160410.nc
SalishSea1500-RUN160_1h_grid_V_20160411-20160411.nc
SalishSea1500-RUN160_1h_grid_V_20160412-20160412.nc
SalishSea1500-RUN160_1h_grid_V_20160413-20160413.nc
SalishSea1500-RUN160_1h_grid_V_20160414-20160414.nc
SalishSea1500-RUN160_1h_grid_V_20160415-20160415.nc
SalishSea1500-RUN160_1h_grid_V_20160416-20160416.nc
SalishSea1500-RUN160_1h_grid_V_20160417-20160417.nc
SalishSea1500-RUN160_1h_grid_V_20160418-20160418.nc
SalishSea1500-RUN160_1h_grid_V_20160419-20160419.nc
SalishSea1500-RUN160_1h_grid_V_20160420-20160420.nc
SalishSea1500-RUN160_1h_grid_V_20160421-20160421.nc
SalishSea1500-RUN160_1h_grid_V_20160422-20160422.nc
SalishSea1500-RUN160_1h_grid_V_20160423-20160423.nc
SalishSea1500-RUN160_1h_grid_V_20160424-20160424.nc
SalishSea1500-RUN160_1h_grid_V_20160425-20160425.nc
SalishSea1500-RUN160_1h_grid_V_20160426-20160426.nc
SalishSea1500-RUN160_1h_grid_V_20160427-20160427.nc
SalishSea1500-RUN160_1h_grid_V_20160428-20160428.nc
SalishSea1500-RUN160_1h_grid_V_20160429-20160429.nc
SalishSea1500-RUN160_1h_grid_V_20160430-20160430.nc
SalishSea1500-RUN160_1h_grid_V_20160501-20160501.nc
SalishSea1500-RUN160_1h_grid_V_20160502-20160502.nc
SalishSea1500-RUN160_1h_grid_V_20160503-20160503.nc
SalishSea1500-RUN160_1h_grid_V_20160504-20160504.nc
SalishSea1500-RUN160_1h_grid_V_20160505-20160505.nc
SalishSea1500-RUN160_1h_grid_V_20160506-20160506.nc
SalishSea1500-RUN160_1h_grid_V_20160507-20160507.nc
SalishSea1500-RUN160_1h_grid_V_20160508-20160508.nc
SalishSea1500-RUN160_1h_grid_V_20160509-20160509.nc
SalishSea1500-RUN160_1h_grid_V_20160510-20160510.nc
SalishSea1500-RUN160_1h_grid_V_20160511-20160511.nc
SalishSea1500-RUN160_1h_grid_V_20160512-20160512.nc
SalishSea1500-RUN160_1h_grid_V_20160513-20160513.nc
SalishSea1500-RUN160_1h_grid_V_20160514-20160514.nc
SalishSea1500-RUN160_1h_grid_V_20160515-20160515.nc
SalishSea1500-RUN160_1h_grid_V_20160516-20160516.nc
SalishSea1500-RUN160_1h_grid_V_20160517-20160517.nc
SalishSea1500-RUN160_1h_grid_V_20160518-20160518.nc
SalishSea1500-RUN160_1h_grid_V_20160519-20160519.nc
SalishSea1500-RUN160_1h_grid_V_20160520-20160520.nc
SalishSea1500-RUN160_1h_grid_V_20160521-20160521.nc
SalishSea1500-RUN160_1h_grid_V_20160522-20160522.nc
SalishSea1500-RUN160_1h_grid_V_20160523-20160523.nc
SalishSea1500-RUN160_1h_grid_V_20160524-20160524.nc
SalishSea1500-RUN160_1h_grid_V_20160525-20160525.nc
SalishSea1500-RUN160_1h_grid_V_20160526-20160526.nc
SalishSea1500-RUN160_1h_grid_V_20160527-20160527.nc
SalishSea1500-RUN160_1h_grid_V_20160528-20160528.nc
SalishSea1500-RUN160_1h_grid_V_20160529-20160529.nc
SalishSea1500-RUN160_1h_grid_V_20160530-20160530.nc
SalishSea1500-RUN160_1h_grid_V_20160531-20160531.nc
SalishSea1500-RUN160_1h_grid_V_20160601-20160601.nc
SalishSea1500-RUN160_1h_grid_V_20160602-20160602.nc
SalishSea1500-RUN160_1h_grid_V_20160603-20160603.nc
SalishSea1500-RUN160_1h_grid_V_20160604-20160604.nc
SalishSea1500-RUN160_1h_grid_V_20160605-20160605.nc
SalishSea1500-RUN160_1h_grid_V_20160606-20160606.nc
SalishSea1500-RUN160_1h_grid_V_20160607-20160607.nc
SalishSea1500-RUN160_1h_grid_V_20160608-20160608.nc
SalishSea1500-RUN160_1h_grid_V_20160609-20160609.nc
SalishSea1500-RUN160_1h_grid_V_20160610-20160610.nc
SalishSea1500-RUN160_1h_grid_V_20160611-20160611.nc
SalishSea1500-RUN160_1h_grid_V_20160612-20160612.nc
SalishSea1500-RUN160_1h_grid_V_20160613-20160613.nc
SalishSea1500-RUN160_1h_grid_V_20160614-20160614.nc
SalishSea1500-RUN160_1h_grid_V_20160615-20160615.nc
SalishSea1500-RUN160_1h_grid_V_2D_20160308-20160308.nc
SalishSea1500-RUN160_1h_grid_V_2D_20160309-20160309.nc
SalishSea1500-RUN160_1h_grid_V_2D_20160310-20160310.nc
SalishSea1500-RUN160_1h_grid_V_2D_20160311-20160311.nc
SalishSea1500-RUN160_1h_grid_V_2D_20160312-20160312.nc
SalishSea1500-RUN160_1h_grid_V_2D_20160313-20160313.nc
SalishSea1500-RUN160_1h_grid_V_2D_20160314-20160314.nc
SalishSea1500-RUN160_1h_grid_V_2D_20160315-20160315.nc
SalishSea1500-RUN160_1h_grid_V_2D_20160316-20160316.nc
SalishSea1500-RUN160_1h_grid_V_2D_20160317-20160317.nc
SalishSea1500-RUN160_1h_grid_V_2D_20160318-20160318.nc
SalishSea1500-RUN160_1h_grid_V_2D_20160319-20160319.nc
SalishSea1500-RUN160_1h_grid_V_2D_20160320-20160320.nc
SalishSea1500-RUN160_1h_grid_V_2D_20160321-20160321.nc
SalishSea1500-RUN160_1h_grid_V_2D_20160322-20160322.nc
SalishSea1500-RUN160_1h_grid_V_2D_20160323-20160323.nc
SalishSea1500-RUN160_1h_grid_V_2D_20160324-20160324.nc
SalishSea1500-RUN160_1h_grid_V_2D_20160325-20160325.nc
SalishSea1500-RUN160_1h_grid_V_2D_20160326-20160326.nc
SalishSea1500-RUN160_1h_grid_V_2D_20160327-20160327.nc
SalishSea1500-RUN160_1h_grid_V_2D_20160328-20160328.nc
SalishSea1500-RUN160_1h_grid_V_2D_20160329-20160329.nc
SalishSea1500-RUN160_1h_grid_V_2D_20160330-20160330.nc
SalishSea1500-RUN160_1h_grid_V_2D_20160331-20160331.nc
SalishSea1500-RUN160_1h_grid_V_2D_20160401-20160401.nc
SalishSea1500-RUN160_1h_grid_V_2D_20160402-20160402.nc
SalishSea1500-RUN160_1h_grid_V_2D_20160403-20160403.nc
SalishSea1500-RUN160_1h_grid_V_2D_20160404-20160404.nc
SalishSea1500-RUN160_1h_grid_V_2D_20160405-20160405.nc
SalishSea1500-RUN160_1h_grid_V_2D_20160406-20160406.nc
SalishSea1500-RUN160_1h_grid_V_2D_20160407-20160407.nc
SalishSea1500-RUN160_1h_grid_V_2D_20160408-20160408.nc
SalishSea1500-RUN160_1h_grid_V_2D_20160409-20160409.nc
SalishSea1500-RUN160_1h_grid_V_2D_20160410-20160410.nc
SalishSea1500-RUN160_1h_grid_V_2D_20160411-20160411.nc
SalishSea1500-RUN160_1h_grid_V_2D_20160412-20160412.nc
SalishSea1500-RUN160_1h_grid_V_2D_20160413-20160413.nc
SalishSea1500-RUN160_1h_grid_V_2D_20160414-20160414.nc
SalishSea1500-RUN160_1h_grid_V_2D_20160415-20160415.nc
SalishSea1500-RUN160_1h_grid_V_2D_20160416-20160416.nc
SalishSea1500-RUN160_1h_grid_V_2D_20160417-20160417.nc
SalishSea1500-RUN160_1h_grid_V_2D_20160418-20160418.nc
SalishSea1500-RUN160_1h_grid_V_2D_20160419-20160419.nc
SalishSea1500-RUN160_1h_grid_V_2D_20160420-20160420.nc
SalishSea1500-RUN160_1h_grid_V_2D_20160421-20160421.nc
SalishSea1500-RUN160_1h_grid_V_2D_20160422-20160422.nc
SalishSea1500-RUN160_1h_grid_V_2D_20160423-20160423.nc
SalishSea1500-RUN160_1h_grid_V_2D_20160424-20160424.nc
SalishSea1500-RUN160_1h_grid_V_2D_20160425-20160425.nc
SalishSea1500-RUN160_1h_grid_V_2D_20160426-20160426.nc
SalishSea1500-RUN160_1h_grid_V_2D_20160427-20160427.nc
SalishSea1500-RUN160_1h_grid_V_2D_20160428-20160428.nc
SalishSea1500-RUN160_1h_grid_V_2D_20160429-20160429.nc
SalishSea1500-RUN160_1h_grid_V_2D_20160430-20160430.nc
SalishSea1500-RUN160_1h_grid_V_2D_20160501-20160501.nc
SalishSea1500-RUN160_1h_grid_V_2D_20160502-20160502.nc
SalishSea1500-RUN160_1h_grid_V_2D_20160503-20160503.nc
SalishSea1500-RUN160_1h_grid_V_2D_20160504-20160504.nc
SalishSea1500-RUN160_1h_grid_V_2D_20160505-20160505.nc
SalishSea1500-RUN160_1h_grid_V_2D_20160506-20160506.nc
SalishSea1500-RUN160_1h_grid_V_2D_20160507-20160507.nc
SalishSea1500-RUN160_1h_grid_V_2D_20160508-20160508.nc
SalishSea1500-RUN160_1h_grid_V_2D_20160509-20160509.nc
SalishSea1500-RUN160_1h_grid_V_2D_20160510-20160510.nc
SalishSea1500-RUN160_1h_grid_V_2D_20160511-20160511.nc
SalishSea1500-RUN160_1h_grid_V_2D_20160512-20160512.nc
SalishSea1500-RUN160_1h_grid_V_2D_20160513-20160513.nc
SalishSea1500-RUN160_1h_grid_V_2D_20160514-20160514.nc
SalishSea1500-RUN160_1h_grid_V_2D_20160515-20160515.nc
SalishSea1500-RUN160_1h_grid_V_2D_20160516-20160516.nc
SalishSea1500-RUN160_1h_grid_V_2D_20160517-20160517.nc
SalishSea1500-RUN160_1h_grid_V_2D_20160518-20160518.nc
SalishSea1500-RUN160_1h_grid_V_2D_20160519-20160519.nc
SalishSea1500-RUN160_1h_grid_V_2D_20160520-20160520.nc
SalishSea1500-RUN160_1h_grid_V_2D_20160521-20160521.nc
SalishSea1500-RUN160_1h_grid_V_2D_20160522-20160522.nc
SalishSea1500-RUN160_1h_grid_V_2D_20160523-20160523.nc
SalishSea1500-RUN160_1h_grid_V_2D_20160524-20160524.nc
SalishSea1500-RUN160_1h_grid_V_2D_20160525-20160525.nc
SalishSea1500-RUN160_1h_grid_V_2D_20160526-20160526.nc
SalishSea1500-RUN160_1h_grid_V_2D_20160527-20160527.nc
SalishSea1500-RUN160_1h_grid_V_2D_20160528-20160528.nc
SalishSea1500-RUN160_1h_grid_V_2D_20160529-20160529.nc
SalishSea1500-RUN160_1h_grid_V_2D_20160530-20160530.nc
SalishSea1500-RUN160_1h_grid_V_2D_20160531-20160531.nc
SalishSea1500-RUN160_1h_grid_V_2D_20160601-20160601.nc
SalishSea1500-RUN160_1h_grid_V_2D_20160602-20160602.nc
SalishSea1500-RUN160_1h_grid_V_2D_20160603-20160603.nc
SalishSea1500-RUN160_1h_grid_V_2D_20160604-20160604.nc
SalishSea1500-RUN160_1h_grid_V_2D_20160605-20160605.nc
SalishSea1500-RUN160_1h_grid_V_2D_20160606-20160606.nc
SalishSea1500-RUN160_1h_grid_V_2D_20160607-20160607.nc
SalishSea1500-RUN160_1h_grid_V_2D_20160608-20160608.nc
SalishSea1500-RUN160_1h_grid_V_2D_20160609-20160609.nc
SalishSea1500-RUN160_1h_grid_V_2D_20160610-20160610.nc
SalishSea1500-RUN160_1h_grid_V_2D_20160611-20160611.nc
SalishSea1500-RUN160_1h_grid_V_2D_20160612-20160612.nc
SalishSea1500-RUN160_1h_grid_V_2D_20160613-20160613.nc
SalishSea1500-RUN160_1h_grid_V_2D_20160614-20160614.nc
SalishSea1500-RUN160_1h_grid_V_2D_20160615-20160615.nc
SalishSea1500-RUN160_1h_grid_W_20160308-20160308.nc
SalishSea1500-RUN160_1h_grid_W_20160309-20160309.nc
SalishSea1500-RUN160_1h_grid_W_20160310-20160310.nc
SalishSea1500-RUN160_1h_grid_W_20160311-20160311.nc
SalishSea1500-RUN160_1h_grid_W_20160312-20160312.nc
SalishSea1500-RUN160_1h_grid_W_20160313-20160313.nc
SalishSea1500-RUN160_1h_grid_W_20160314-20160314.nc
SalishSea1500-RUN160_1h_grid_W_20160315-20160315.nc
SalishSea1500-RUN160_1h_grid_W_20160316-20160316.nc
SalishSea1500-RUN160_1h_grid_W_20160317-20160317.nc
SalishSea1500-RUN160_1h_grid_W_20160318-20160318.nc
SalishSea1500-RUN160_1h_grid_W_20160319-20160319.nc
SalishSea1500-RUN160_1h_grid_W_20160320-20160320.nc
SalishSea1500-RUN160_1h_grid_W_20160321-20160321.nc
SalishSea1500-RUN160_1h_grid_W_20160322-20160322.nc
SalishSea1500-RUN160_1h_grid_W_20160323-20160323.nc
SalishSea1500-RUN160_1h_grid_W_20160324-20160324.nc
SalishSea1500-RUN160_1h_grid_W_20160325-20160325.nc
SalishSea1500-RUN160_1h_grid_W_20160326-20160326.nc
SalishSea1500-RUN160_1h_grid_W_20160327-20160327.nc
SalishSea1500-RUN160_1h_grid_W_20160328-20160328.nc
SalishSea1500-RUN160_1h_grid_W_20160329-20160329.nc
SalishSea1500-RUN160_1h_grid_W_20160330-20160330.nc
SalishSea1500-RUN160_1h_grid_W_20160331-20160331.nc
SalishSea1500-RUN160_1h_grid_W_20160401-20160401.nc
SalishSea1500-RUN160_1h_grid_W_20160402-20160402.nc
SalishSea1500-RUN160_1h_grid_W_20160403-20160403.nc
SalishSea1500-RUN160_1h_grid_W_20160404-20160404.nc
SalishSea1500-RUN160_1h_grid_W_20160405-20160405.nc
SalishSea1500-RUN160_1h_grid_W_20160406-20160406.nc
SalishSea1500-RUN160_1h_grid_W_20160407-20160407.nc
SalishSea1500-RUN160_1h_grid_W_20160408-20160408.nc
SalishSea1500-RUN160_1h_grid_W_20160409-20160409.nc
SalishSea1500-RUN160_1h_grid_W_20160410-20160410.nc
SalishSea1500-RUN160_1h_grid_W_20160411-20160411.nc
SalishSea1500-RUN160_1h_grid_W_20160412-20160412.nc
SalishSea1500-RUN160_1h_grid_W_20160413-20160413.nc
SalishSea1500-RUN160_1h_grid_W_20160414-20160414.nc
SalishSea1500-RUN160_1h_grid_W_20160415-20160415.nc
SalishSea1500-RUN160_1h_grid_W_20160416-20160416.nc
SalishSea1500-RUN160_1h_grid_W_20160417-20160417.nc
SalishSea1500-RUN160_1h_grid_W_20160418-20160418.nc
SalishSea1500-RUN160_1h_grid_W_20160419-20160419.nc
SalishSea1500-RUN160_1h_grid_W_20160420-20160420.nc
SalishSea1500-RUN160_1h_grid_W_20160421-20160421.nc
SalishSea1500-RUN160_1h_grid_W_20160422-20160422.nc
SalishSea1500-RUN160_1h_grid_W_20160423-20160423.nc
SalishSea1500-RUN160_1h_grid_W_20160424-20160424.nc
SalishSea1500-RUN160_1h_grid_W_20160425-20160425.nc
SalishSea1500-RUN160_1h_grid_W_20160426-20160426.nc
SalishSea1500-RUN160_1h_grid_W_20160427-20160427.nc
SalishSea1500-RUN160_1h_grid_W_20160428-20160428.nc
SalishSea1500-RUN160_1h_grid_W_20160429-20160429.nc
SalishSea1500-RUN160_1h_grid_W_20160430-20160430.nc
SalishSea1500-RUN160_1h_grid_W_20160501-20160501.nc
SalishSea1500-RUN160_1h_grid_W_20160502-20160502.nc
SalishSea1500-RUN160_1h_grid_W_20160503-20160503.nc
SalishSea1500-RUN160_1h_grid_W_20160504-20160504.nc
SalishSea1500-RUN160_1h_grid_W_20160505-20160505.nc
SalishSea1500-RUN160_1h_grid_W_20160506-20160506.nc
SalishSea1500-RUN160_1h_grid_W_20160507-20160507.nc
SalishSea1500-RUN160_1h_grid_W_20160508-20160508.nc
SalishSea1500-RUN160_1h_grid_W_20160509-20160509.nc
SalishSea1500-RUN160_1h_grid_W_20160510-20160510.nc
SalishSea1500-RUN160_1h_grid_W_20160511-20160511.nc
SalishSea1500-RUN160_1h_grid_W_20160512-20160512.nc
SalishSea1500-RUN160_1h_grid_W_20160513-20160513.nc
SalishSea1500-RUN160_1h_grid_W_20160514-20160514.nc
SalishSea1500-RUN160_1h_grid_W_20160515-20160515.nc
SalishSea1500-RUN160_1h_grid_W_20160516-20160516.nc
SalishSea1500-RUN160_1h_grid_W_20160517-20160517.nc
SalishSea1500-RUN160_1h_grid_W_20160518-20160518.nc
SalishSea1500-RUN160_1h_grid_W_20160519-20160519.nc
SalishSea1500-RUN160_1h_grid_W_20160520-20160520.nc
SalishSea1500-RUN160_1h_grid_W_20160521-20160521.nc
SalishSea1500-RUN160_1h_grid_W_20160522-20160522.nc
SalishSea1500-RUN160_1h_grid_W_20160523-20160523.nc
SalishSea1500-RUN160_1h_grid_W_20160524-20160524.nc
SalishSea1500-RUN160_1h_grid_W_20160525-20160525.nc
SalishSea1500-RUN160_1h_grid_W_20160526-20160526.nc
SalishSea1500-RUN160_1h_grid_W_20160527-20160527.nc
SalishSea1500-RUN160_1h_grid_W_20160528-20160528.nc
SalishSea1500-RUN160_1h_grid_W_20160529-20160529.nc
SalishSea1500-RUN160_1h_grid_W_20160530-20160530.nc
SalishSea1500-RUN160_1h_grid_W_20160531-20160531.nc
SalishSea1500-RUN160_1h_grid_W_20160601-20160601.nc
SalishSea1500-RUN160_1h_grid_W_20160602-20160602.nc
SalishSea1500-RUN160_1h_grid_W_20160603-20160603.nc
SalishSea1500-RUN160_1h_grid_W_20160604-20160604.nc
SalishSea1500-RUN160_1h_grid_W_20160605-20160605.nc
SalishSea1500-RUN160_1h_grid_W_20160606-20160606.nc
SalishSea1500-RUN160_1h_grid_W_20160607-20160607.nc
SalishSea1500-RUN160_1h_grid_W_20160608-20160608.nc
SalishSea1500-RUN160_1h_grid_W_20160609-20160609.nc
SalishSea1500-RUN160_1h_grid_W_20160610-20160610.nc
SalishSea1500-RUN160_1h_grid_W_20160611-20160611.nc
SalishSea1500-RUN160_1h_grid_W_20160612-20160612.nc
SalishSea1500-RUN160_1h_grid_W_20160613-20160613.nc
SalishSea1500-RUN160_1h_grid_W_20160614-20160614.nc
SalishSea1500-RUN160_1h_grid_W_20160615-20160615.nc

sent 82,654,496,362 bytes  received 22,816 bytes  90,086,669.40 bytes/sec
total size is 82,634,246,600  speedup is 1.00
sending incremental file list
SalishSea1500-RUN160_00144000_restart.nc

sent 283,294,416 bytes  received 35 bytes  80,941,271.71 bytes/sec
total size is 283,225,144  speedup is 1.00
Automatic resubmit for job 003
+ . ./environment.ksh
+ set -ax
+ MACHINE=gpsc4
+ CONTAINER=dfo/dfo_all_default_ubuntu-18.04-amd64_latest
+ PROJECT=rrg-nereusvc
+ TIMELIMIT=04:00:00
+ TIMELIMIT_PP=01:00:00
+ MEMLIMIT=3900M
+ QUEUE=dev
+ JPNI=5
+ JPNJ=19
+ NBPROC=95
+ NBPROC_XIO=1
+ expr 95 + 1
+ TOTPROC=96
+ MAXSUB=12
+ NDATEDEB=20151129
+ PASDETEMPS=120
+ NNBARO=20
+ NNSTOCK=72000
+ SPLIT_FREQ=100
+ MESHRUN=no
+ RESTART=no
+ CONF_NAME=SalishSea1500
+ CONF_NBR=RUN160
+ CONFIG=SalishSea1500-RUN160
+ SEAICE_MODULE=NONE
+ ATMOS_DATA=OPPwestSS
+ OBC_ACTIVE=no
+ TIDE_ACTIVE=no
+ TIDE_2Dfile=no
+ RIVER_ACTIVE=no
+ DIR_CALCU_EXE=/home/mdunphy/project/mdunphy/Software/NEMO36OPP/NEMOGCM/CONFIG/SalishSea1500/BLD/bin
+ DIR_CALCU_SHR=/home/mdunphy/project/mdunphy/Software/NEMO36OPP/NEMOGCM/CONFIG/SHARED
+ DIR_CALCU_RBL=/home/mdunphy/project/mdunphy/Software/NEMO36OPP/NEMOGCM/TOOLS/REBUILD_NEMO
+ DIR_CALCU_XIO=/home/mdunphy/project/mdunphy/Software/XIOS/bin
+ DIR_CALCU_CTL=/home/mdunphy/project/mdunphy/control/SalishSea1500-RUN160
+ DIR_CALCU_UTL=/home/mdunphy/bin
+ DIR_ARCHI_FORC=/home/mdunphy/project/mdunphy/Forcing/grid
+ DIR_ARCHI_ATMOS=/home/mdunphy/project/mdunphy/Forcing/OPPwestSS
+ DIR_ARCHI_INPUT=/home/mdunphy/project/mdunphy/Forcing/grid
+ DIR_ARCHI_CLIM=/unused
+ DIR_ARCHI_OBC=/unused
+ DIR_ARCHI_OBCN=/unused
+ DIR_ARCHI_TIDE=/unused
+ DIR_ARCHI_HOME=/home/mdunphy/project/mdunphy/nemo_results/SalishSea1500/SalishSea1500-RUN160
+ DIR_ARCHI_CDF=/home/mdunphy/project/mdunphy/nemo_results/SalishSea1500/SalishSea1500-RUN160/CDF
+ DIR_ARCHI_LOG=/home/mdunphy/project/mdunphy/nemo_results/SalishSea1500/SalishSea1500-RUN160/LOG
+ DIR_ARCHI_RST=/home/mdunphy/project/mdunphy/nemo_results/SalishSea1500/SalishSea1500-RUN160/RST
+ [ ! -d /home/mdunphy/project/mdunphy/nemo_results/SalishSea1500/SalishSea1500-RUN160 ]
+ [ ! -d /home/mdunphy/project/mdunphy/nemo_results/SalishSea1500/SalishSea1500-RUN160/RST ]
+ [ ! -d /home/mdunphy/project/mdunphy/nemo_results/SalishSea1500/SalishSea1500-RUN160/CDF ]
+ [ ! -d /home/mdunphy/project/mdunphy/nemo_results/SalishSea1500/SalishSea1500-RUN160/LOG ]
+ DIR_TMP_HOME=/home/mdunphy/scratch/nemo_temp/SalishSea1500/SalishSea1500-RUN160
+ DIR_TMP_RST=/home/mdunphy/scratch/nemo_temp/SalishSea1500/SalishSea1500-RUN160/RST
+ DIR_TMP_CDF=/home/mdunphy/scratch/nemo_temp/SalishSea1500/SalishSea1500-RUN160/CDF
+ DIR_TMP_LOG=/home/mdunphy/scratch/nemo_temp/SalishSea1500/SalishSea1500-RUN160/LOG
+ DIR_TMP_RUN=/home/mdunphy/scratch/nemo_temp/SalishSea1500/SalishSea1500-RUN160/RUN
+ DIR_TMP_ATM=/home/mdunphy/scratch/nemo_temp/SalishSea1500/SalishSea1500-RUN160/RUN/ATMDATA
+ DIR_TMP_OBC=/home/mdunphy/scratch/nemo_temp/SalishSea1500/SalishSea1500-RUN160/RUN/BDY
+ DIR_TMP_RVR=/home/mdunphy/scratch/nemo_temp/SalishSea1500/SalishSea1500-RUN160/RUN/RIVER
+ [ ! -d /home/mdunphy/scratch/nemo_temp/SalishSea1500/SalishSea1500-RUN160 ]
+ [ ! -d /home/mdunphy/scratch/nemo_temp/SalishSea1500/SalishSea1500-RUN160/RST ]
+ [ ! -d /home/mdunphy/scratch/nemo_temp/SalishSea1500/SalishSea1500-RUN160/CDF ]
+ [ ! -d /home/mdunphy/scratch/nemo_temp/SalishSea1500/SalishSea1500-RUN160/LOG ]
+ [ ! -d /home/mdunphy/scratch/nemo_temp/SalishSea1500/SalishSea1500-RUN160/RUN ]
+ EXEC_NAME=nemo.exe
+ BATMET_FIL=bathy_salishsea_1500m_20210406.nc
+ COORD_FIL=coordinates_salishsea_1500m.nc
+ BATLE_FIL=''
+ BFRI_FIL=''
+ SHLAT_FIL=''
+ TEMP_FIL=''
+ SAL_FIL=''
+ U_FIL=''
+ V_FIL=''
+ SSH_FIL=''
+ RUNOFF_FIL=''
+ RUNOFF_TEMP_FIL=''
+ RUNOFF_MASK_FIL=''
+ CHLA_FIL=''
+ RGB_FIL=''
+ INITICE_FIL=''
+ CICE_GRID=''
+ compo_list=M2
+ TIDE_PREF=''
+ TIDEH_FIL=''
+ TIDEU_FIL=''
+ TIDEV_FIL=''
+ TMX_K1=''
+ TMX_M2=''
+ TMX_MASK=''
+ TMX_MASK=''
+ DUST_FIL=''
+ RIVER_FIL=''
+ obc_list=''
+ obcpref2D=''
+ obcsuf2D=''
+ obcprefNorth=''
+ WEIGHTS_FIL=weights_bilin_OPPwestSS.nc
+ RESTART_FILE=/home/mdunphy/MEOPAR/forcing/restart/hindcast.201812/31dec15/SalishSea_01682640_restart.nc

Configuration name : SalishSea1500-RUN160
Number of procs : 95

Initialisation from climatology or analytical profiles


home : /home/mdunphy

CALCU directories :
~~~~~~~~~~~~~~~~~~~~~~~~~~~~
/home/mdunphy/project/mdunphy/Software/NEMO36OPP/NEMOGCM/CONFIG/SalishSea1500/BLD/bin : directory where is the NEMO executable
/home/mdunphy/project/mdunphy/Software/NEMO36OPP/NEMOGCM/CONFIG/SHARED : directory where is the shared files
/home/mdunphy/project/mdunphy/Software/XIOS/bin : directory where is the XIOS server
/home/mdunphy/project/mdunphy/control/SalishSea1500-RUN160 : directory where are control files of the run
/home/mdunphy/bin : directory where to find utilities

MACHINEARCHI directories :
~~~~~~~~~~~~~~~~~~~~~~~~~~~~
/home/mdunphy/project/mdunphy/Forcing/OPPwestSS : directory to stock the atmos forcing fields
/home/mdunphy/project/mdunphy/Forcing/grid : directory for the input files
/unused : directory for the climatology files
/unused : directory for the obc files
/home/mdunphy/project/mdunphy/nemo_results/SalishSea1500/SalishSea1500-RUN160 : directory to stock the results
/home/mdunphy/project/mdunphy/nemo_results/SalishSea1500/SalishSea1500-RUN160/RST : directory to stock the restarts
/home/mdunphy/project/mdunphy/nemo_results/SalishSea1500/SalishSea1500-RUN160/CDF : directory for combined netCDF results
/home/mdunphy/project/mdunphy/nemo_results/SalishSea1500/SalishSea1500-RUN160/LOG : directory for ice something ...

TEMP directories :
~~~~~~~~~~~~~~~~~~~~
/home/mdunphy/scratch/nemo_temp/SalishSea1500/SalishSea1500-RUN160 : home temp directory
/home/mdunphy/scratch/nemo_temp/SalishSea1500/SalishSea1500-RUN160/RST : directory for the restart
/home/mdunphy/scratch/nemo_temp/SalishSea1500/SalishSea1500-RUN160/CDF : directory for the cdf
/home/mdunphy/scratch/nemo_temp/SalishSea1500/SalishSea1500-RUN160/LOG : directory for the log
/home/mdunphy/scratch/nemo_temp/SalishSea1500/SalishSea1500-RUN160/RUN : directory to run
/home/mdunphy/scratch/nemo_temp/SalishSea1500/SalishSea1500-RUN160/RUN/ATMDATA : directory for the atmos forcing
/home/mdunphy/scratch/nemo_temp/SalishSea1500/SalishSea1500-RUN160/RUN/BDY : directory for the obc files

Run features :
~~~~~~~~~~~~~~
Executable name : nemo.exe
Bathymetry : bathy_salishsea_1500m_20210406.nc
Coordinates : coordinates_salishsea_1500m.nc
K1 tidal mixing :
M2 tidal mixing :
Mask tidal mixing :
Shlat :
Clim T :
Clim S :
Clim U :
Clim V :
Runoff :
Chlorophyl :
List of the open boundaries :

 G O O D   T O   G O !!!
100 days to run, starting 20160616 (24273) ending 20160924 (24373)
FOUND COMBINED RESTART FILE:  /home/mdunphy/project/mdunphy/nemo_results/SalishSea1500/SalishSea1500-RUN160/RST/SalishSea1500-RUN160_00144000_restart.nc
Submitting job, 96 cores, 04:00:00s runlimit, control path /home/mdunphy/project/mdunphy/control/SalishSea1500-RUN160
sbatch --time=04:00:00 --job-name=RUN160 --mem-per-cpu=3900M --ntasks=96 RUN160.ksh
Submitted batch job 48033506
