+ [ ! -z '' ]
+ . ./environment.ksh
+ set -ax
+ MACHINE=gpsc4
+ CONTAINER=dfo/dfo_all_default_ubuntu-18.04-amd64_latest
+ PROJECT=rrg-nereusvc
+ TIMELIMIT=6:00:00
+ TIMELIMIT_PP=2:00:00
+ MEMLIMIT=3900M
+ QUEUE=dev
+ JPNI=5
+ JPNJ=19
+ NBPROC=95
+ NBPROC_XIO=1
+ expr 95 + 1
+ TOTPROC=96
+ MAXSUB=92
+ NDATEDEB=19790101
+ PASDETEMPS=120
+ NNBARO=20
+ NNSTOCK=115200
+ SPLIT_FREQ=160
+ MESHRUN=no
+ RESTART=no
+ CONF_NAME=SalishSea1500
+ CONF_NBR=RUN216
+ CONFIG=SalishSea1500-RUN216
+ SEAICE_MODULE=NONE
+ ATMOS_DATA=NONE
+ OBC_ACTIVE=no
+ TIDE_ACTIVE=no
+ TIDE_2Dfile=no
+ RIVER_ACTIVE=no
+ DIR_CALCU_EXE=/home/mdunphy/project/mdunphy/Software/NEMO36OPP/NEMOGCM/CONFIG/SalishSea1500/BLD/bin
+ DIR_CALCU_SHR=/home/mdunphy/project/mdunphy/Software/NEMO36OPP/NEMOGCM/CONFIG/SHARED
+ DIR_CALCU_RBL=/home/mdunphy/project/mdunphy/Software/NEMO36OPP/NEMOGCM/TOOLS/REBUILD_NEMO
+ DIR_CALCU_XIO=/home/mdunphy/project/mdunphy/Software/XIOS/bin
+ DIR_CALCU_CTL=/home/mdunphy/project/mdunphy/control/SalishSea1500-RUN216
+ DIR_CALCU_UTL=/home/mdunphy/bin
+ DIR_ARCHI_FORC=/home/mdunphy/project/mdunphy/Forcing/grid
+ DIR_ARCHI_ATMOS=/home/mdunphy/project/mdunphy/Forcing/OPPwestSS
+ DIR_ARCHI_INPUT=/home/mdunphy/project/mdunphy/Forcing/grid
+ DIR_ARCHI_CLIM=/unused
+ DIR_ARCHI_OBC=/unused
+ DIR_ARCHI_OBCN=/unused
+ DIR_ARCHI_TIDE=/unused
+ DIR_ARCHI_HOME=/home/mdunphy/project/mdunphy/nemo_results/SalishSea1500/SalishSea1500-RUN216
+ DIR_ARCHI_CDF=/home/mdunphy/project/mdunphy/nemo_results/SalishSea1500/SalishSea1500-RUN216/CDF
+ DIR_ARCHI_LOG=/home/mdunphy/project/mdunphy/nemo_results/SalishSea1500/SalishSea1500-RUN216/LOG
+ DIR_ARCHI_RST=/home/mdunphy/project/mdunphy/nemo_results/SalishSea1500/SalishSea1500-RUN216/RST
+ [ ! -d /home/mdunphy/project/mdunphy/nemo_results/SalishSea1500/SalishSea1500-RUN216 ]
+ [ ! -d /home/mdunphy/project/mdunphy/nemo_results/SalishSea1500/SalishSea1500-RUN216/RST ]
+ [ ! -d /home/mdunphy/project/mdunphy/nemo_results/SalishSea1500/SalishSea1500-RUN216/CDF ]
+ [ ! -d /home/mdunphy/project/mdunphy/nemo_results/SalishSea1500/SalishSea1500-RUN216/LOG ]
+ DIR_TMP_HOME=/home/mdunphy/scratch/nemo_temp/SalishSea1500/SalishSea1500-RUN216
+ DIR_TMP_RST=/home/mdunphy/scratch/nemo_temp/SalishSea1500/SalishSea1500-RUN216/RST
+ DIR_TMP_CDF=/home/mdunphy/scratch/nemo_temp/SalishSea1500/SalishSea1500-RUN216/CDF
+ DIR_TMP_LOG=/home/mdunphy/scratch/nemo_temp/SalishSea1500/SalishSea1500-RUN216/LOG
+ DIR_TMP_RUN=/home/mdunphy/scratch/nemo_temp/SalishSea1500/SalishSea1500-RUN216/RUN
+ DIR_TMP_ATM=/home/mdunphy/scratch/nemo_temp/SalishSea1500/SalishSea1500-RUN216/RUN/ATMDATA
+ DIR_TMP_OBC=/home/mdunphy/scratch/nemo_temp/SalishSea1500/SalishSea1500-RUN216/RUN/BDY
+ DIR_TMP_RVR=/home/mdunphy/scratch/nemo_temp/SalishSea1500/SalishSea1500-RUN216/RUN/RIVER
+ [ ! -d /home/mdunphy/scratch/nemo_temp/SalishSea1500/SalishSea1500-RUN216 ]
+ [ ! -d /home/mdunphy/scratch/nemo_temp/SalishSea1500/SalishSea1500-RUN216/RST ]
+ [ ! -d /home/mdunphy/scratch/nemo_temp/SalishSea1500/SalishSea1500-RUN216/CDF ]
+ [ ! -d /home/mdunphy/scratch/nemo_temp/SalishSea1500/SalishSea1500-RUN216/LOG ]
+ [ ! -d /home/mdunphy/scratch/nemo_temp/SalishSea1500/SalishSea1500-RUN216/RUN ]
+ EXEC_NAME=nemo.exe
+ BATMET_FIL=bathy_salishsea_1500m_20210706.nc
+ COORD_FIL=coordinates_salishsea_1500m.nc
+ BATLE_FIL=''
+ BFRI_FIL=''
+ SHLAT_FIL=''
+ TEMP_FIL=''
+ SAL_FIL=''
+ U_FIL=''
+ V_FIL=''
+ SSH_FIL=''
+ RUNOFF_FIL=''
+ RUNOFF_TEMP_FIL=''
+ RUNOFF_MASK_FIL=''
+ CHLA_FIL=''
+ RGB_FIL=''
+ INITICE_FIL=''
+ CICE_GRID=''
+ compo_list=M2
+ TIDE_PREF=''
+ TIDEH_FIL=''
+ TIDEU_FIL=''
+ TIDEV_FIL=''
+ TMX_K1=''
+ TMX_M2=''
+ TMX_MASK=''
+ TMX_MASK=''
+ DUST_FIL=''
+ RIVER_FIL=''
+ obc_list=''
+ obcpref2D=''
+ obcsuf2D=''
+ obcprefNorth=''
+ WEIGHTS_FIL=weights_bilin_OPPwestSS.nc
+ RESTART_FILE=/home/mdunphy/MEOPAR/forcing/restart/hindcast.201812/31dec15/SalishSea_01682640_restart.nc

Configuration name : SalishSea1500-RUN216
Number of procs : 95

Initialisation from climatology or analytical profiles


home : /home/mdunphy

CALCU directories :
~~~~~~~~~~~~~~~~~~~~~~~~~~~~
/home/mdunphy/project/mdunphy/Software/NEMO36OPP/NEMOGCM/CONFIG/SalishSea1500/BLD/bin : directory where is the NEMO executable
/home/mdunphy/project/mdunphy/Software/NEMO36OPP/NEMOGCM/CONFIG/SHARED : directory where is the shared files
/home/mdunphy/project/mdunphy/Software/XIOS/bin : directory where is the XIOS server
/home/mdunphy/project/mdunphy/control/SalishSea1500-RUN216 : directory where are control files of the run
/home/mdunphy/bin : directory where to find utilities

MACHINEARCHI directories :
~~~~~~~~~~~~~~~~~~~~~~~~~~~~
/home/mdunphy/project/mdunphy/Forcing/OPPwestSS : directory to stock the atmos forcing fields
/home/mdunphy/project/mdunphy/Forcing/grid : directory for the input files
/unused : directory for the climatology files
/unused : directory for the obc files
/home/mdunphy/project/mdunphy/nemo_results/SalishSea1500/SalishSea1500-RUN216 : directory to stock the results
/home/mdunphy/project/mdunphy/nemo_results/SalishSea1500/SalishSea1500-RUN216/RST : directory to stock the restarts
/home/mdunphy/project/mdunphy/nemo_results/SalishSea1500/SalishSea1500-RUN216/CDF : directory for combined netCDF results
/home/mdunphy/project/mdunphy/nemo_results/SalishSea1500/SalishSea1500-RUN216/LOG : directory for ice something ...

TEMP directories :
~~~~~~~~~~~~~~~~~~~~
/home/mdunphy/scratch/nemo_temp/SalishSea1500/SalishSea1500-RUN216 : home temp directory
/home/mdunphy/scratch/nemo_temp/SalishSea1500/SalishSea1500-RUN216/RST : directory for the restart
/home/mdunphy/scratch/nemo_temp/SalishSea1500/SalishSea1500-RUN216/CDF : directory for the cdf
/home/mdunphy/scratch/nemo_temp/SalishSea1500/SalishSea1500-RUN216/LOG : directory for the log
/home/mdunphy/scratch/nemo_temp/SalishSea1500/SalishSea1500-RUN216/RUN : directory to run
/home/mdunphy/scratch/nemo_temp/SalishSea1500/SalishSea1500-RUN216/RUN/ATMDATA : directory for the atmos forcing
/home/mdunphy/scratch/nemo_temp/SalishSea1500/SalishSea1500-RUN216/RUN/BDY : directory for the obc files

Run features :
~~~~~~~~~~~~~~
Executable name : nemo.exe
Bathymetry : bathy_salishsea_1500m_20210706.nc
Coordinates : coordinates_salishsea_1500m.nc
K1 tidal mixing :
M2 tidal mixing :
Mask tidal mixing :
Shlat :
Clim T :
Clim S :
Clim U :
Clim V :
Runoff :
Chlorophyl :
List of the open boundaries :

Rebuild lddcheck
gra718
ldd /home/mdunphy/project/mdunphy/Software/NEMO36OPP/NEMOGCM/TOOLS/REBUILD_NEMO/BLD/bin/rebuild_nemo.exe
	linux-vdso.so.1 (0x00007ffcb5d2e000)
	libstdc++.so.6 => /cvmfs/soft.computecanada.ca/gentoo/2020/usr/lib/gcc/x86_64-pc-linux-gnu/11.3.0/libstdc++.so.6 (0x00002b2211d0b000)
	libz.so.1 => /cvmfs/soft.computecanada.ca/gentoo/2020/usr/lib64/libz.so.1 (0x00002b2211faf000)
	libnetcdff.so.7 => /cvmfs/soft.computecanada.ca/easybuild/software/2020/avx2/MPI/intel2020/openmpi4/netcdf-fortran-mpi/4.5.2/lib/libnetcdff.so.7 (0x00002b2211fc9000)
	libnetcdf.so.18 => /cvmfs/soft.computecanada.ca/easybuild/software/2020/avx2/MPI/intel2020/openmpi4/netcdf-mpi/4.7.4/lib64/libnetcdf.so.18 (0x00002b22124e7000)
	libm.so.6 => /cvmfs/soft.computecanada.ca/gentoo/2020/lib64/libm.so.6 (0x00002b22126d5000)
	libiomp5.so => /cvmfs/soft.computecanada.ca/easybuild/software/2020/Core/intel/2020.1.217/lib/intel64/libiomp5.so (0x00002b2212818000)
	libpthread.so.0 => /cvmfs/soft.computecanada.ca/gentoo/2020/lib64/libpthread.so.0 (0x00002b2212c22000)
	libmpi_usempif08.so.40 => /cvmfs/soft.computecanada.ca/easybuild/software/2020/avx2/Compiler/intel2020/openmpi/4.0.3/lib/libmpi_usempif08.so.40 (0x00002b2212c42000)
	libmpi_usempi_ignore_tkr.so.40 => /cvmfs/soft.computecanada.ca/easybuild/software/2020/avx2/Compiler/intel2020/openmpi/4.0.3/lib/libmpi_usempi_ignore_tkr.so.40 (0x00002b2212c7d000)
	libmpi_mpifh.so.40 => /cvmfs/soft.computecanada.ca/easybuild/software/2020/avx2/Compiler/intel2020/openmpi/4.0.3/lib/libmpi_mpifh.so.40 (0x00002b2212c8c000)
	libmpi.so.40 => /cvmfs/soft.computecanada.ca/easybuild/software/2020/avx2/Compiler/intel2020/openmpi/4.0.3/lib/libmpi.so.40 (0x00002b2212cfa000)
	libc.so.6 => /cvmfs/soft.computecanada.ca/gentoo/2020/lib64/libc.so.6 (0x00002b221303b000)
	libgcc_s.so.1 => /cvmfs/soft.computecanada.ca/gentoo/2020/usr/lib/gcc/x86_64-pc-linux-gnu/11.3.0/libgcc_s.so.1 (0x00002b22131f5000)
	libdl.so.2 => /cvmfs/soft.computecanada.ca/gentoo/2020/lib64/libdl.so.2 (0x00002b2213210000)
	/cvmfs/soft.computecanada.ca/gentoo/2020/lib64/ld-linux-x86-64.so.2 (0x00002b2211ca9000)
	libifport.so.5 => /cvmfs/soft.computecanada.ca/easybuild/software/2020/Core/intel/2020.1.217/lib/intel64/libifport.so.5 (0x00002b2213217000)
	libifcoremt.so.5 => /cvmfs/soft.computecanada.ca/easybuild/software/2020/Core/intel/2020.1.217/lib/intel64/libifcoremt.so.5 (0x00002b2213448000)
	libimf.so => /cvmfs/soft.computecanada.ca/easybuild/software/2020/Core/intel/2020.1.217/lib/intel64/libimf.so (0x00002b22137ed000)
	libsvml.so => /cvmfs/soft.computecanada.ca/easybuild/software/2020/Core/intel/2020.1.217/lib/intel64/libsvml.so (0x00002b2213ef0000)
	libintlc.so.5 => /cvmfs/soft.computecanada.ca/easybuild/software/2020/Core/intel/2020.1.217/lib/intel64/libintlc.so.5 (0x00002b22159fb000)
	libhdf5_hl.so.100 => /cvmfs/soft.computecanada.ca/easybuild/software/2020/avx2/MPI/intel2020/openmpi4/hdf5-mpi/1.10.6/lib/libhdf5_hl.so.100 (0x00002b2215c76000)
	libhdf5.so.103 => /cvmfs/soft.computecanada.ca/easybuild/software/2020/avx2/MPI/intel2020/openmpi4/hdf5-mpi/1.10.6/lib/libhdf5.so.103 (0x00002b2215ca0000)
	libsz.so.2 => /cvmfs/soft.computecanada.ca/gentoo/2020/usr/lib64/libsz.so.2 (0x00002b221619b000)
	libcurl.so.4 => /cvmfs/soft.computecanada.ca/gentoo/2020/usr/lib64/libcurl.so.4 (0x00002b22161b2000)
	libirng.so => /cvmfs/soft.computecanada.ca/easybuild/software/2020/Core/intel/2020.1.217/lib/intel64/libirng.so (0x00002b221623d000)
	libopen-rte.so.40 => /cvmfs/soft.computecanada.ca/easybuild/software/2020/avx2/Compiler/intel2020/openmpi/4.0.3/lib/libopen-rte.so.40 (0x00002b22165a9000)
	libopen-pal.so.40 => /cvmfs/soft.computecanada.ca/easybuild/software/2020/avx2/Compiler/intel2020/openmpi/4.0.3/lib/libopen-pal.so.40 (0x00002b22166e8000)
	librt.so.1 => /cvmfs/soft.computecanada.ca/gentoo/2020/lib64/librt.so.1 (0x00002b221698d000)
	libutil.so.1 => /cvmfs/soft.computecanada.ca/gentoo/2020/lib64/libutil.so.1 (0x00002b2216997000)
	libhwloc.so.5 => /cvmfs/soft.computecanada.ca/gentoo/2020/usr/lib64/libhwloc.so.5 (0x00002b221699c000)
	libevent-2.1.so.6 => /cvmfs/soft.computecanada.ca/gentoo/2020/usr/lib64/libevent-2.1.so.6 (0x00002b22169e0000)
	libevent_pthreads-2.1.so.6 => /cvmfs/soft.computecanada.ca/gentoo/2020/usr/lib64/libevent_pthreads-2.1.so.6 (0x00002b2216a35000)
	libnghttp2.so.14 => /cvmfs/soft.computecanada.ca/gentoo/2020/usr/lib64/libnghttp2.so.14 (0x00002b2216a3a000)
	libssl.so.1.1 => /cvmfs/soft.computecanada.ca/gentoo/2020/usr/lib64/libssl.so.1.1 (0x00002b2216a64000)
	libcrypto.so.1.1 => /cvmfs/soft.computecanada.ca/gentoo/2020/usr/lib64/libcrypto.so.1.1 (0x00002b2216af6000)
	libgssapi_krb5.so.2 => /cvmfs/soft.computecanada.ca/gentoo/2020/usr/lib64/libgssapi_krb5.so.2 (0x00002b2216db4000)
	libkrb5.so.3 => /cvmfs/soft.computecanada.ca/gentoo/2020/usr/lib64/libkrb5.so.3 (0x00002b2216e03000)
	libk5crypto.so.3 => /cvmfs/soft.computecanada.ca/gentoo/2020/usr/lib64/libk5crypto.so.3 (0x00002b2216ee2000)
	libcom_err.so.2 => /cvmfs/soft.computecanada.ca/gentoo/2020/usr/lib64/libcom_err.so.2 (0x00002b2216f18000)
	libzstd.so.1 => /cvmfs/soft.computecanada.ca/gentoo/2020/usr/lib64/libzstd.so.1 (0x00002b2216f1e000)
	libnuma.so.1 => /cvmfs/soft.computecanada.ca/gentoo/2020/usr/lib64/libnuma.so.1 (0x00002b2216fce000)
	libudev.so.1 => /cvmfs/soft.computecanada.ca/gentoo/2020/lib64/libudev.so.1 (0x00002b2216fdc000)
	libpciaccess.so.0 => /cvmfs/soft.computecanada.ca/gentoo/2020/usr/lib64/libpciaccess.so.0 (0x00002b2217004000)
	libxml2.so.2 => /cvmfs/soft.computecanada.ca/gentoo/2020/usr/lib64/libxml2.so.2 (0x00002b221700f000)
	libkrb5support.so.0 => /cvmfs/soft.computecanada.ca/gentoo/2020/usr/lib64/libkrb5support.so.0 (0x00002b2217178000)
	libkeyutils.so.1 => /cvmfs/soft.computecanada.ca/gentoo/2020/usr/lib64/libkeyutils.so.1 (0x00002b2217187000)
	libresolv.so.2 => /cvmfs/soft.computecanada.ca/gentoo/2020/lib64/libresolv.so.2 (0x00002b221718e000)
	libselinux.so.1 => /cvmfs/soft.computecanada.ca/gentoo/2020/lib64/libselinux.so.1 (0x00002b22171a6000)
	libicuuc.so.65 => /cvmfs/soft.computecanada.ca/gentoo/2020/usr/lib64/libicuuc.so.65 (0x00002b22171d1000)
	liblzma.so.5 => /cvmfs/soft.computecanada.ca/gentoo/2020/usr/lib64/liblzma.so.5 (0x00002b22173b3000)
	libpcre.so.1 => /cvmfs/soft.computecanada.ca/gentoo/2020/usr/lib64/libpcre.so.1 (0x00002b22173db000)
	libicudata.so.65 => /cvmfs/soft.computecanada.ca/gentoo/2020/usr/lib64/libicudata.so.65 (0x00002b221744e000)
Rebuilding SalishSea1500-RUN216_00115200_restart
Restart rebuild of SalishSea1500-RUN216_00115200_restart successful
sending incremental file list
layout.dat_R001_00000001_00115200
namelist_cfg_R001_00000001_00115200
namelist_ref_R001_00000001_00115200
nemo.stderr_R001_00000001_00115200
nemo.stdout_R001_00000001_00115200
ocean.output_R001_00000001_00115200
output.namelist.dyn_R001_00000001_00115200
solver.stat_R001_00000001_00115200
time.step_R001_00000001_00115200
timing.output_R001_00000001_00115200

sent 15,479,888 bytes  received 210 bytes  1,629,484.00 bytes/sec
total size is 15,475,255  speedup is 1.00
sending incremental file list
SalishSea1500-RUN216_00115200_restart.nc

sent 283,294,417 bytes  received 35 bytes  188,862,968.00 bytes/sec
total size is 283,225,144  speedup is 1.00
Automatic resubmit for job 002
+ . ./environment.ksh
+ set -ax
+ MACHINE=gpsc4
+ CONTAINER=dfo/dfo_all_default_ubuntu-18.04-amd64_latest
+ PROJECT=rrg-nereusvc
+ TIMELIMIT=6:00:00
+ TIMELIMIT_PP=2:00:00
+ MEMLIMIT=3900M
+ QUEUE=dev
+ JPNI=5
+ JPNJ=19
+ NBPROC=95
+ NBPROC_XIO=1
+ expr 95 + 1
+ TOTPROC=96
+ MAXSUB=92
+ NDATEDEB=19790101
+ PASDETEMPS=120
+ NNBARO=20
+ NNSTOCK=115200
+ SPLIT_FREQ=160
+ MESHRUN=no
+ RESTART=no
+ CONF_NAME=SalishSea1500
+ CONF_NBR=RUN216
+ CONFIG=SalishSea1500-RUN216
+ SEAICE_MODULE=NONE
+ ATMOS_DATA=NONE
+ OBC_ACTIVE=no
+ TIDE_ACTIVE=no
+ TIDE_2Dfile=no
+ RIVER_ACTIVE=no
+ DIR_CALCU_EXE=/home/mdunphy/project/mdunphy/Software/NEMO36OPP/NEMOGCM/CONFIG/SalishSea1500/BLD/bin
+ DIR_CALCU_SHR=/home/mdunphy/project/mdunphy/Software/NEMO36OPP/NEMOGCM/CONFIG/SHARED
+ DIR_CALCU_RBL=/home/mdunphy/project/mdunphy/Software/NEMO36OPP/NEMOGCM/TOOLS/REBUILD_NEMO
+ DIR_CALCU_XIO=/home/mdunphy/project/mdunphy/Software/XIOS/bin
+ DIR_CALCU_CTL=/home/mdunphy/project/mdunphy/control/SalishSea1500-RUN216
+ DIR_CALCU_UTL=/home/mdunphy/bin
+ DIR_ARCHI_FORC=/home/mdunphy/project/mdunphy/Forcing/grid
+ DIR_ARCHI_ATMOS=/home/mdunphy/project/mdunphy/Forcing/OPPwestSS
+ DIR_ARCHI_INPUT=/home/mdunphy/project/mdunphy/Forcing/grid
+ DIR_ARCHI_CLIM=/unused
+ DIR_ARCHI_OBC=/unused
+ DIR_ARCHI_OBCN=/unused
+ DIR_ARCHI_TIDE=/unused
+ DIR_ARCHI_HOME=/home/mdunphy/project/mdunphy/nemo_results/SalishSea1500/SalishSea1500-RUN216
+ DIR_ARCHI_CDF=/home/mdunphy/project/mdunphy/nemo_results/SalishSea1500/SalishSea1500-RUN216/CDF
+ DIR_ARCHI_LOG=/home/mdunphy/project/mdunphy/nemo_results/SalishSea1500/SalishSea1500-RUN216/LOG
+ DIR_ARCHI_RST=/home/mdunphy/project/mdunphy/nemo_results/SalishSea1500/SalishSea1500-RUN216/RST
+ [ ! -d /home/mdunphy/project/mdunphy/nemo_results/SalishSea1500/SalishSea1500-RUN216 ]
+ [ ! -d /home/mdunphy/project/mdunphy/nemo_results/SalishSea1500/SalishSea1500-RUN216/RST ]
+ [ ! -d /home/mdunphy/project/mdunphy/nemo_results/SalishSea1500/SalishSea1500-RUN216/CDF ]
+ [ ! -d /home/mdunphy/project/mdunphy/nemo_results/SalishSea1500/SalishSea1500-RUN216/LOG ]
+ DIR_TMP_HOME=/home/mdunphy/scratch/nemo_temp/SalishSea1500/SalishSea1500-RUN216
+ DIR_TMP_RST=/home/mdunphy/scratch/nemo_temp/SalishSea1500/SalishSea1500-RUN216/RST
+ DIR_TMP_CDF=/home/mdunphy/scratch/nemo_temp/SalishSea1500/SalishSea1500-RUN216/CDF
+ DIR_TMP_LOG=/home/mdunphy/scratch/nemo_temp/SalishSea1500/SalishSea1500-RUN216/LOG
+ DIR_TMP_RUN=/home/mdunphy/scratch/nemo_temp/SalishSea1500/SalishSea1500-RUN216/RUN
+ DIR_TMP_ATM=/home/mdunphy/scratch/nemo_temp/SalishSea1500/SalishSea1500-RUN216/RUN/ATMDATA
+ DIR_TMP_OBC=/home/mdunphy/scratch/nemo_temp/SalishSea1500/SalishSea1500-RUN216/RUN/BDY
+ DIR_TMP_RVR=/home/mdunphy/scratch/nemo_temp/SalishSea1500/SalishSea1500-RUN216/RUN/RIVER
+ [ ! -d /home/mdunphy/scratch/nemo_temp/SalishSea1500/SalishSea1500-RUN216 ]
+ [ ! -d /home/mdunphy/scratch/nemo_temp/SalishSea1500/SalishSea1500-RUN216/RST ]
+ [ ! -d /home/mdunphy/scratch/nemo_temp/SalishSea1500/SalishSea1500-RUN216/CDF ]
+ [ ! -d /home/mdunphy/scratch/nemo_temp/SalishSea1500/SalishSea1500-RUN216/LOG ]
+ [ ! -d /home/mdunphy/scratch/nemo_temp/SalishSea1500/SalishSea1500-RUN216/RUN ]
+ EXEC_NAME=nemo.exe
+ BATMET_FIL=bathy_salishsea_1500m_20210706.nc
+ COORD_FIL=coordinates_salishsea_1500m.nc
+ BATLE_FIL=''
+ BFRI_FIL=''
+ SHLAT_FIL=''
+ TEMP_FIL=''
+ SAL_FIL=''
+ U_FIL=''
+ V_FIL=''
+ SSH_FIL=''
+ RUNOFF_FIL=''
+ RUNOFF_TEMP_FIL=''
+ RUNOFF_MASK_FIL=''
+ CHLA_FIL=''
+ RGB_FIL=''
+ INITICE_FIL=''
+ CICE_GRID=''
+ compo_list=M2
+ TIDE_PREF=''
+ TIDEH_FIL=''
+ TIDEU_FIL=''
+ TIDEV_FIL=''
+ TMX_K1=''
+ TMX_M2=''
+ TMX_MASK=''
+ TMX_MASK=''
+ DUST_FIL=''
+ RIVER_FIL=''
+ obc_list=''
+ obcpref2D=''
+ obcsuf2D=''
+ obcprefNorth=''
+ WEIGHTS_FIL=weights_bilin_OPPwestSS.nc
+ RESTART_FILE=/home/mdunphy/MEOPAR/forcing/restart/hindcast.201812/31dec15/SalishSea_01682640_restart.nc

Configuration name : SalishSea1500-RUN216
Number of procs : 95

Initialisation from climatology or analytical profiles


home : /home/mdunphy

CALCU directories :
~~~~~~~~~~~~~~~~~~~~~~~~~~~~
/home/mdunphy/project/mdunphy/Software/NEMO36OPP/NEMOGCM/CONFIG/SalishSea1500/BLD/bin : directory where is the NEMO executable
/home/mdunphy/project/mdunphy/Software/NEMO36OPP/NEMOGCM/CONFIG/SHARED : directory where is the shared files
/home/mdunphy/project/mdunphy/Software/XIOS/bin : directory where is the XIOS server
/home/mdunphy/project/mdunphy/control/SalishSea1500-RUN216 : directory where are control files of the run
/home/mdunphy/bin : directory where to find utilities

MACHINEARCHI directories :
~~~~~~~~~~~~~~~~~~~~~~~~~~~~
/home/mdunphy/project/mdunphy/Forcing/OPPwestSS : directory to stock the atmos forcing fields
/home/mdunphy/project/mdunphy/Forcing/grid : directory for the input files
/unused : directory for the climatology files
/unused : directory for the obc files
/home/mdunphy/project/mdunphy/nemo_results/SalishSea1500/SalishSea1500-RUN216 : directory to stock the results
/home/mdunphy/project/mdunphy/nemo_results/SalishSea1500/SalishSea1500-RUN216/RST : directory to stock the restarts
/home/mdunphy/project/mdunphy/nemo_results/SalishSea1500/SalishSea1500-RUN216/CDF : directory for combined netCDF results
/home/mdunphy/project/mdunphy/nemo_results/SalishSea1500/SalishSea1500-RUN216/LOG : directory for ice something ...

TEMP directories :
~~~~~~~~~~~~~~~~~~~~
/home/mdunphy/scratch/nemo_temp/SalishSea1500/SalishSea1500-RUN216 : home temp directory
/home/mdunphy/scratch/nemo_temp/SalishSea1500/SalishSea1500-RUN216/RST : directory for the restart
/home/mdunphy/scratch/nemo_temp/SalishSea1500/SalishSea1500-RUN216/CDF : directory for the cdf
/home/mdunphy/scratch/nemo_temp/SalishSea1500/SalishSea1500-RUN216/LOG : directory for the log
/home/mdunphy/scratch/nemo_temp/SalishSea1500/SalishSea1500-RUN216/RUN : directory to run
/home/mdunphy/scratch/nemo_temp/SalishSea1500/SalishSea1500-RUN216/RUN/ATMDATA : directory for the atmos forcing
/home/mdunphy/scratch/nemo_temp/SalishSea1500/SalishSea1500-RUN216/RUN/BDY : directory for the obc files

Run features :
~~~~~~~~~~~~~~
Executable name : nemo.exe
Bathymetry : bathy_salishsea_1500m_20210706.nc
Coordinates : coordinates_salishsea_1500m.nc
K1 tidal mixing :
M2 tidal mixing :
Mask tidal mixing :
Shlat :
Clim T :
Clim S :
Clim U :
Clim V :
Runoff :
Chlorophyl :
List of the open boundaries :

 G O O D   T O   G O !!!
160 days to run, starting 19790610 (10752) ending 19791117 (10912)
FOUND COMBINED RESTART FILE:  /home/mdunphy/project/mdunphy/nemo_results/SalishSea1500/SalishSea1500-RUN216/RST/SalishSea1500-RUN216_00115200_restart.nc
Submitting job, 96 cores, 6:00:00s runlimit, control path /home/mdunphy/project/mdunphy/control/SalishSea1500-RUN216
sbatch --time=6:00:00 --job-name=RUN216 --mem-per-cpu=3900M -N 3 --ntasks=96 -o /home/mdunphy/scratch/nemo_temp/SalishSea1500/SalishSea1500-RUN216/RUN/nemo.stdout -e /home/mdunphy/scratch/nemo_temp/SalishSea1500/SalishSea1500-RUN216/RUN/nemo.stderr RUN216.ksh
Submitted batch job 9513748
