+ [ ! -z '' ]
+ . ./environment.ksh
+ set -ax
+ MACHINE=gpsc4
+ CONTAINER=dfo/dfo_all_default_ubuntu-18.04-amd64_latest
+ PROJECT=rrg-nereusvc
+ TIMELIMIT=01:00:00
+ TIMELIMIT_PP=01:00:00
+ MEMLIMIT=3000M
+ QUEUE=dev
+ JPNI=6
+ JPNJ=23
+ NBPROC=94
+ NBPROC_XIO=2
+ expr 94 + 2
+ TOTPROC=96
+ MAXSUB=26
+ NDATEDEB=20151129
+ PASDETEMPS=120
+ NNBARO=20
+ NNSTOCK=7200
+ SPLIT_FREQ=10
+ MESHRUN=no
+ RESTART=no
+ CONF_NAME=SalishSea1500
+ CONF_NBR=RUN100
+ CONFIG=SalishSea1500-RUN100
+ SEAICE_MODULE=NONE
+ ATMOS_DATA=OPPwest
+ OBC_ACTIVE=no
+ TIDE_ACTIVE=no
+ TIDE_2Dfile=no
+ RIVER_ACTIVE=no
+ DIR_CALCU_EXE=/home/goldford/projects/rrg-nereusvc/goldford/Software/NEMO36OPP/NEMOGCM/CONFIG/SalishSea1500/BLD/bin
+ DIR_CALCU_SHR=/home/goldford/projects/rrg-nereusvc/goldford/Software/NEMO36OPP/NEMOGCM/CONFIG/SHARED
+ DIR_CALCU_RBL=/home/goldford/projects/rrg-nereusvc/goldford/Software/NEMO36OPP/NEMOGCM/TOOLS/REBUILD_NEMO
+ DIR_CALCU_XIO=/home/goldford/projects/rrg-nereusvc/goldford/Software/XIOS/bin
+ DIR_CALCU_CTL=/home/goldford/projects/rrg-nereusvc/goldford/control/SalishSea1500-RUN100
+ DIR_CALCU_UTL=/home/goldford/bin
+ DIR_ARCHI_FORC=/home/goldford/projects/rrg-nereusvc/goldford/Forcing/grid
+ DIR_ARCHI_ATMOS=/home/goldford/projects/rrg-nereusvc/mdunphy/Forcing/OPPWest
+ DIR_ARCHI_INPUT=/home/goldford/projects/rrg-nereusvc/goldford/Forcing/grid
+ DIR_ARCHI_CLIM=/unused
+ DIR_ARCHI_OBC=/unused
+ DIR_ARCHI_OBCN=/unused
+ DIR_ARCHI_TIDE=/unused
+ DIR_ARCHI_HOME=/home/goldford/projects/rrg-nereusvc/goldford/nemo_results/SalishSea1500/SalishSea1500-RUN100
+ DIR_ARCHI_CDF=/home/goldford/projects/rrg-nereusvc/goldford/nemo_results/SalishSea1500/SalishSea1500-RUN100/CDF
+ DIR_ARCHI_LOG=/home/goldford/projects/rrg-nereusvc/goldford/nemo_results/SalishSea1500/SalishSea1500-RUN100/LOG
+ DIR_ARCHI_RST=/home/goldford/projects/rrg-nereusvc/goldford/nemo_results/SalishSea1500/SalishSea1500-RUN100/RST
+ [ ! -d /home/goldford/projects/rrg-nereusvc/goldford/nemo_results/SalishSea1500/SalishSea1500-RUN100 ]
+ [ ! -d /home/goldford/projects/rrg-nereusvc/goldford/nemo_results/SalishSea1500/SalishSea1500-RUN100/RST ]
+ [ ! -d /home/goldford/projects/rrg-nereusvc/goldford/nemo_results/SalishSea1500/SalishSea1500-RUN100/CDF ]
+ [ ! -d /home/goldford/projects/rrg-nereusvc/goldford/nemo_results/SalishSea1500/SalishSea1500-RUN100/LOG ]
+ DIR_TMP_HOME=/home/goldford/projects/rrg-nereusvc/goldford/nemo_temp/SalishSea1500/SalishSea1500-RUN100
+ DIR_TMP_RST=/home/goldford/projects/rrg-nereusvc/goldford/nemo_temp/SalishSea1500/SalishSea1500-RUN100/RST
+ DIR_TMP_CDF=/home/goldford/projects/rrg-nereusvc/goldford/nemo_temp/SalishSea1500/SalishSea1500-RUN100/CDF
+ DIR_TMP_LOG=/home/goldford/projects/rrg-nereusvc/goldford/nemo_temp/SalishSea1500/SalishSea1500-RUN100/LOG
+ DIR_TMP_RUN=/home/goldford/projects/rrg-nereusvc/goldford/nemo_temp/SalishSea1500/SalishSea1500-RUN100/RUN
+ DIR_TMP_ATM=/home/goldford/projects/rrg-nereusvc/goldford/nemo_temp/SalishSea1500/SalishSea1500-RUN100/RUN/ATMDATA
+ DIR_TMP_OBC=/home/goldford/projects/rrg-nereusvc/goldford/nemo_temp/SalishSea1500/SalishSea1500-RUN100/RUN/BDY
+ DIR_TMP_RVR=/home/goldford/projects/rrg-nereusvc/goldford/nemo_temp/SalishSea1500/SalishSea1500-RUN100/RUN/RIVER
+ [ ! -d /home/goldford/projects/rrg-nereusvc/goldford/nemo_temp/SalishSea1500/SalishSea1500-RUN100 ]
+ [ ! -d /home/goldford/projects/rrg-nereusvc/goldford/nemo_temp/SalishSea1500/SalishSea1500-RUN100/RST ]
+ [ ! -d /home/goldford/projects/rrg-nereusvc/goldford/nemo_temp/SalishSea1500/SalishSea1500-RUN100/CDF ]
+ [ ! -d /home/goldford/projects/rrg-nereusvc/goldford/nemo_temp/SalishSea1500/SalishSea1500-RUN100/LOG ]
+ [ ! -d /home/goldford/projects/rrg-nereusvc/goldford/nemo_temp/SalishSea1500/SalishSea1500-RUN100/RUN ]
+ EXEC_NAME=nemo.exe
+ BATMET_FIL=bathy_salishsea_1500m_20210406.nc
+ COORD_FIL=coordinates_salishsea_1500m.nc
+ BATLE_FIL=''
+ BFRI_FIL=''
+ SHLAT_FIL=''
+ TEMP_FIL=''
+ SAL_FIL=''
+ U_FIL=''
+ V_FIL=''
+ SSH_FIL=''
+ RUNOFF_FIL=''
+ RUNOFF_TEMP_FIL=''
+ RUNOFF_MASK_FIL=''
+ CHLA_FIL=''
+ RGB_FIL=''
+ INITICE_FIL=''
+ CICE_GRID=''
+ compo_list=M2
+ TIDE_PREF=''
+ TIDEH_FIL=''
+ TIDEU_FIL=''
+ TIDEV_FIL=''
+ TMX_K1=''
+ TMX_M2=''
+ TMX_MASK=''
+ TMX_MASK=''
+ DUST_FIL=''
+ RIVER_FIL=''
+ obc_list=''
+ obcpref2D=''
+ obcsuf2D=''
+ obcprefNorth=''
+ WEIGHTS_FIL=weights_bilin_OPPwest.nc
+ RESTART_FILE=/home/goldford/MEOPAR/forcing/restart/hindcast.201812/31dec15/SalishSea_01682640_restart.nc

Configuration name : SalishSea1500-RUN100
Number of procs : 94

Initialisation from climatology or analytical profiles


home : /home/goldford

CALCU directories :
~~~~~~~~~~~~~~~~~~~~~~~~~~~~
/home/goldford/projects/rrg-nereusvc/goldford/Software/NEMO36OPP/NEMOGCM/CONFIG/SalishSea1500/BLD/bin : directory where is the NEMO executable
/home/goldford/projects/rrg-nereusvc/goldford/Software/NEMO36OPP/NEMOGCM/CONFIG/SHARED : directory where is the shared files
/home/goldford/projects/rrg-nereusvc/goldford/Software/XIOS/bin : directory where is the XIOS server
/home/goldford/projects/rrg-nereusvc/goldford/control/SalishSea1500-RUN100 : directory where are control files of the run
/home/goldford/bin : directory where to find utilities

MACHINEARCHI directories :
~~~~~~~~~~~~~~~~~~~~~~~~~~~~
/home/goldford/projects/rrg-nereusvc/mdunphy/Forcing/OPPWest : directory to stock the atmos forcing fields
/home/goldford/projects/rrg-nereusvc/goldford/Forcing/grid : directory for the input files
/unused : directory for the climatology files
/unused : directory for the obc files
/home/goldford/projects/rrg-nereusvc/goldford/nemo_results/SalishSea1500/SalishSea1500-RUN100 : directory to stock the results
/home/goldford/projects/rrg-nereusvc/goldford/nemo_results/SalishSea1500/SalishSea1500-RUN100/RST : directory to stock the restarts
/home/goldford/projects/rrg-nereusvc/goldford/nemo_results/SalishSea1500/SalishSea1500-RUN100/CDF : directory for combined netCDF results
/home/goldford/projects/rrg-nereusvc/goldford/nemo_results/SalishSea1500/SalishSea1500-RUN100/LOG : directory for ice something ...

TEMP directories :
~~~~~~~~~~~~~~~~~~~~
/home/goldford/projects/rrg-nereusvc/goldford/nemo_temp/SalishSea1500/SalishSea1500-RUN100 : home temp directory
/home/goldford/projects/rrg-nereusvc/goldford/nemo_temp/SalishSea1500/SalishSea1500-RUN100/RST : directory for the restart
/home/goldford/projects/rrg-nereusvc/goldford/nemo_temp/SalishSea1500/SalishSea1500-RUN100/CDF : directory for the cdf
/home/goldford/projects/rrg-nereusvc/goldford/nemo_temp/SalishSea1500/SalishSea1500-RUN100/LOG : directory for the log
/home/goldford/projects/rrg-nereusvc/goldford/nemo_temp/SalishSea1500/SalishSea1500-RUN100/RUN : directory to run
/home/goldford/projects/rrg-nereusvc/goldford/nemo_temp/SalishSea1500/SalishSea1500-RUN100/RUN/ATMDATA : directory for the atmos forcing
/home/goldford/projects/rrg-nereusvc/goldford/nemo_temp/SalishSea1500/SalishSea1500-RUN100/RUN/BDY : directory for the obc files

Run features :
~~~~~~~~~~~~~~
Executable name : nemo.exe
Bathymetry : bathy_salishsea_1500m_20210406.nc
Coordinates : coordinates_salishsea_1500m.nc
K1 tidal mixing :
M2 tidal mixing :
Mask tidal mixing :
Shlat :
Clim T :
Clim S :
Clim U :
Clim V :
Runoff :
Chlorophyl :
List of the open boundaries :

*******************
* RUN * RUN * RUN *
*******************
/home/goldford/projects/rrg-nereusvc/goldford/nemo_temp/SalishSea1500/SalishSea1500-RUN100/RUN
malloc(): invalid size (unsorted)
malloc(): invalid size (unsorted)
slurmstepd: error: *** JOB 46898184 ON gra609 CANCELLED AT 2021-04-13T20:05:32 DUE TO TIME LIMIT ***
--------------------------------------------------------------------------
ORTE has lost communication with a remote daemon.

  HNP daemon   : [[43071,0],0] on node gra609
  Remote daemon: [[43071,0],3] on node gra619

This is usually due to either a failure of the TCP network
connection to the node, or possibly an internal failure of
the daemon itself. We cannot recover from this failure, and
therefore will terminate the job.
--------------------------------------------------------------------------
