+ [ ! -z '' ]
+ . ./environment.ksh
+ set -ax
+ MACHINE=gpsc4
+ CONTAINER=dfo/dfo_all_default_ubuntu-18.04-amd64_latest
+ PROJECT=rrg-nereusvc
+ TIMELIMIT=09:00:00
+ TIMELIMIT_PP=12:00:00
+ MEMLIMIT=3900M
+ QUEUE=dev
+ JPNI=5
+ JPNJ=19
+ NBPROC=95
+ NBPROC_XIO=1
+ expr 95 + 1
+ TOTPROC=96
+ MAXSUB=86
+ NDATEDEB=19790101
+ PASDETEMPS=120
+ NNBARO=20
+ NNSTOCK=122400
+ SPLIT_FREQ=170
+ MESHRUN=no
+ RESTART=no
+ CONF_NAME=SalishSea1500
+ CONF_NBR=RUN203
+ CONFIG=SalishSea1500-RUN203
+ SEAICE_MODULE=NONE
+ ATMOS_DATA=NONE
+ OBC_ACTIVE=no
+ TIDE_ACTIVE=no
+ TIDE_2Dfile=no
+ RIVER_ACTIVE=no
+ DIR_CALCU_EXE=/home/mdunphy/project/mdunphy/Software/NEMO36OPP/NEMOGCM/CONFIG/SalishSea1500/BLD/bin
+ DIR_CALCU_SHR=/home/mdunphy/project/mdunphy/Software/NEMO36OPP/NEMOGCM/CONFIG/SHARED
+ DIR_CALCU_RBL=/home/mdunphy/project/mdunphy/Software/NEMO36OPP/NEMOGCM/TOOLS/REBUILD_NEMO
+ DIR_CALCU_XIO=/home/mdunphy/project/mdunphy/Software/XIOS/bin
+ DIR_CALCU_CTL=/home/mdunphy/project/mdunphy/control/SalishSea1500-RUN203
+ DIR_CALCU_UTL=/home/mdunphy/bin
+ DIR_ARCHI_FORC=/home/mdunphy/project/mdunphy/Forcing/grid
+ DIR_ARCHI_ATMOS=/home/mdunphy/project/mdunphy/Forcing/OPPwestSS
+ DIR_ARCHI_INPUT=/home/mdunphy/project/mdunphy/Forcing/grid
+ DIR_ARCHI_CLIM=/unused
+ DIR_ARCHI_OBC=/unused
+ DIR_ARCHI_OBCN=/unused
+ DIR_ARCHI_TIDE=/unused
+ DIR_ARCHI_HOME=/home/mdunphy/project/mdunphy/nemo_results/SalishSea1500/SalishSea1500-RUN203
+ DIR_ARCHI_CDF=/home/mdunphy/project/mdunphy/nemo_results/SalishSea1500/SalishSea1500-RUN203/CDF
+ DIR_ARCHI_LOG=/home/mdunphy/project/mdunphy/nemo_results/SalishSea1500/SalishSea1500-RUN203/LOG
+ DIR_ARCHI_RST=/home/mdunphy/project/mdunphy/nemo_results/SalishSea1500/SalishSea1500-RUN203/RST
+ [ ! -d /home/mdunphy/project/mdunphy/nemo_results/SalishSea1500/SalishSea1500-RUN203 ]
+ [ ! -d /home/mdunphy/project/mdunphy/nemo_results/SalishSea1500/SalishSea1500-RUN203/RST ]
+ [ ! -d /home/mdunphy/project/mdunphy/nemo_results/SalishSea1500/SalishSea1500-RUN203/CDF ]
+ [ ! -d /home/mdunphy/project/mdunphy/nemo_results/SalishSea1500/SalishSea1500-RUN203/LOG ]
+ DIR_TMP_HOME=/home/mdunphy/scratch/nemo_temp/SalishSea1500/SalishSea1500-RUN203
+ DIR_TMP_RST=/home/mdunphy/scratch/nemo_temp/SalishSea1500/SalishSea1500-RUN203/RST
+ DIR_TMP_CDF=/home/mdunphy/scratch/nemo_temp/SalishSea1500/SalishSea1500-RUN203/CDF
+ DIR_TMP_LOG=/home/mdunphy/scratch/nemo_temp/SalishSea1500/SalishSea1500-RUN203/LOG
+ DIR_TMP_RUN=/home/mdunphy/scratch/nemo_temp/SalishSea1500/SalishSea1500-RUN203/RUN
+ DIR_TMP_ATM=/home/mdunphy/scratch/nemo_temp/SalishSea1500/SalishSea1500-RUN203/RUN/ATMDATA
+ DIR_TMP_OBC=/home/mdunphy/scratch/nemo_temp/SalishSea1500/SalishSea1500-RUN203/RUN/BDY
+ DIR_TMP_RVR=/home/mdunphy/scratch/nemo_temp/SalishSea1500/SalishSea1500-RUN203/RUN/RIVER
+ [ ! -d /home/mdunphy/scratch/nemo_temp/SalishSea1500/SalishSea1500-RUN203 ]
+ [ ! -d /home/mdunphy/scratch/nemo_temp/SalishSea1500/SalishSea1500-RUN203/RST ]
+ [ ! -d /home/mdunphy/scratch/nemo_temp/SalishSea1500/SalishSea1500-RUN203/CDF ]
+ [ ! -d /home/mdunphy/scratch/nemo_temp/SalishSea1500/SalishSea1500-RUN203/LOG ]
+ [ ! -d /home/mdunphy/scratch/nemo_temp/SalishSea1500/SalishSea1500-RUN203/RUN ]
+ EXEC_NAME=nemo.exe
+ BATMET_FIL=bathy_salishsea_1500m_20210706.nc
+ COORD_FIL=coordinates_salishsea_1500m.nc
+ BATLE_FIL=''
+ BFRI_FIL=''
+ SHLAT_FIL=''
+ TEMP_FIL=''
+ SAL_FIL=''
+ U_FIL=''
+ V_FIL=''
+ SSH_FIL=''
+ RUNOFF_FIL=''
+ RUNOFF_TEMP_FIL=''
+ RUNOFF_MASK_FIL=''
+ CHLA_FIL=''
+ RGB_FIL=''
+ INITICE_FIL=''
+ CICE_GRID=''
+ compo_list=M2
+ TIDE_PREF=''
+ TIDEH_FIL=''
+ TIDEU_FIL=''
+ TIDEV_FIL=''
+ TMX_K1=''
+ TMX_M2=''
+ TMX_MASK=''
+ TMX_MASK=''
+ DUST_FIL=''
+ RIVER_FIL=''
+ obc_list=''
+ obcpref2D=''
+ obcsuf2D=''
+ obcprefNorth=''
+ WEIGHTS_FIL=weights_bilin_OPPwestSS.nc
+ RESTART_FILE=/home/mdunphy/MEOPAR/forcing/restart/hindcast.201812/31dec15/SalishSea_01682640_restart.nc

Configuration name : SalishSea1500-RUN203
Number of procs : 95

Initialisation from climatology or analytical profiles


home : /home/mdunphy

CALCU directories :
~~~~~~~~~~~~~~~~~~~~~~~~~~~~
/home/mdunphy/project/mdunphy/Software/NEMO36OPP/NEMOGCM/CONFIG/SalishSea1500/BLD/bin : directory where is the NEMO executable
/home/mdunphy/project/mdunphy/Software/NEMO36OPP/NEMOGCM/CONFIG/SHARED : directory where is the shared files
/home/mdunphy/project/mdunphy/Software/XIOS/bin : directory where is the XIOS server
/home/mdunphy/project/mdunphy/control/SalishSea1500-RUN203 : directory where are control files of the run
/home/mdunphy/bin : directory where to find utilities

MACHINEARCHI directories :
~~~~~~~~~~~~~~~~~~~~~~~~~~~~
/home/mdunphy/project/mdunphy/Forcing/OPPwestSS : directory to stock the atmos forcing fields
/home/mdunphy/project/mdunphy/Forcing/grid : directory for the input files
/unused : directory for the climatology files
/unused : directory for the obc files
/home/mdunphy/project/mdunphy/nemo_results/SalishSea1500/SalishSea1500-RUN203 : directory to stock the results
/home/mdunphy/project/mdunphy/nemo_results/SalishSea1500/SalishSea1500-RUN203/RST : directory to stock the restarts
/home/mdunphy/project/mdunphy/nemo_results/SalishSea1500/SalishSea1500-RUN203/CDF : directory for combined netCDF results
/home/mdunphy/project/mdunphy/nemo_results/SalishSea1500/SalishSea1500-RUN203/LOG : directory for ice something ...

TEMP directories :
~~~~~~~~~~~~~~~~~~~~
/home/mdunphy/scratch/nemo_temp/SalishSea1500/SalishSea1500-RUN203 : home temp directory
/home/mdunphy/scratch/nemo_temp/SalishSea1500/SalishSea1500-RUN203/RST : directory for the restart
/home/mdunphy/scratch/nemo_temp/SalishSea1500/SalishSea1500-RUN203/CDF : directory for the cdf
/home/mdunphy/scratch/nemo_temp/SalishSea1500/SalishSea1500-RUN203/LOG : directory for the log
/home/mdunphy/scratch/nemo_temp/SalishSea1500/SalishSea1500-RUN203/RUN : directory to run
/home/mdunphy/scratch/nemo_temp/SalishSea1500/SalishSea1500-RUN203/RUN/ATMDATA : directory for the atmos forcing
/home/mdunphy/scratch/nemo_temp/SalishSea1500/SalishSea1500-RUN203/RUN/BDY : directory for the obc files

Run features :
~~~~~~~~~~~~~~
Executable name : nemo.exe
Bathymetry : bathy_salishsea_1500m_20210706.nc
Coordinates : coordinates_salishsea_1500m.nc
K1 tidal mixing :
M2 tidal mixing :
Mask tidal mixing :
Shlat :
Clim T :
Clim S :
Clim U :
Clim V :
Runoff :
Chlorophyl :
List of the open boundaries :

Rebuild lddcheck
gra743
ldd /home/mdunphy/project/mdunphy/Software/NEMO36OPP/NEMOGCM/TOOLS/REBUILD_NEMO/BLD/bin/rebuild_nemo.exe
	linux-vdso.so.1 (0x00007ffe373b9000)
	libstdc++.so.6 => /cvmfs/soft.computecanada.ca/gentoo/2020/usr/lib/gcc/x86_64-pc-linux-gnu/11.3.0/libstdc++.so.6 (0x00002abc37dce000)
	libz.so.1 => /cvmfs/soft.computecanada.ca/gentoo/2020/usr/lib64/libz.so.1 (0x00002abc38072000)
	libnetcdff.so.7 => /cvmfs/soft.computecanada.ca/easybuild/software/2020/avx2/MPI/intel2020/openmpi4/netcdf-fortran-mpi/4.5.2/lib/libnetcdff.so.7 (0x00002abc3808c000)
	libnetcdf.so.18 => /cvmfs/soft.computecanada.ca/easybuild/software/2020/avx2/MPI/intel2020/openmpi4/netcdf-mpi/4.7.4/lib64/libnetcdf.so.18 (0x00002abc385aa000)
	libm.so.6 => /cvmfs/soft.computecanada.ca/gentoo/2020/lib64/libm.so.6 (0x00002abc38798000)
	libiomp5.so => /cvmfs/soft.computecanada.ca/easybuild/software/2020/Core/intel/2020.1.217/lib/intel64/libiomp5.so (0x00002abc388db000)
	libpthread.so.0 => /cvmfs/soft.computecanada.ca/gentoo/2020/lib64/libpthread.so.0 (0x00002abc38ce5000)
	libmpi_usempif08.so.40 => /cvmfs/soft.computecanada.ca/easybuild/software/2020/avx2/Compiler/intel2020/openmpi/4.0.3/lib/libmpi_usempif08.so.40 (0x00002abc38d05000)
	libmpi_usempi_ignore_tkr.so.40 => /cvmfs/soft.computecanada.ca/easybuild/software/2020/avx2/Compiler/intel2020/openmpi/4.0.3/lib/libmpi_usempi_ignore_tkr.so.40 (0x00002abc38d40000)
	libmpi_mpifh.so.40 => /cvmfs/soft.computecanada.ca/easybuild/software/2020/avx2/Compiler/intel2020/openmpi/4.0.3/lib/libmpi_mpifh.so.40 (0x00002abc38d4f000)
	libmpi.so.40 => /cvmfs/soft.computecanada.ca/easybuild/software/2020/avx2/Compiler/intel2020/openmpi/4.0.3/lib/libmpi.so.40 (0x00002abc38dbd000)
	libc.so.6 => /cvmfs/soft.computecanada.ca/gentoo/2020/lib64/libc.so.6 (0x00002abc390fe000)
	libgcc_s.so.1 => /cvmfs/soft.computecanada.ca/gentoo/2020/usr/lib/gcc/x86_64-pc-linux-gnu/11.3.0/libgcc_s.so.1 (0x00002abc392b8000)
	libdl.so.2 => /cvmfs/soft.computecanada.ca/gentoo/2020/lib64/libdl.so.2 (0x00002abc392d3000)
	/cvmfs/soft.computecanada.ca/gentoo/2020/lib64/ld-linux-x86-64.so.2 (0x00002abc37d6d000)
	libifport.so.5 => /cvmfs/soft.computecanada.ca/easybuild/software/2020/Core/intel/2020.1.217/lib/intel64/libifport.so.5 (0x00002abc392da000)
	libifcoremt.so.5 => /cvmfs/soft.computecanada.ca/easybuild/software/2020/Core/intel/2020.1.217/lib/intel64/libifcoremt.so.5 (0x00002abc3950b000)
	libimf.so => /cvmfs/soft.computecanada.ca/easybuild/software/2020/Core/intel/2020.1.217/lib/intel64/libimf.so (0x00002abc398b0000)
	libsvml.so => /cvmfs/soft.computecanada.ca/easybuild/software/2020/Core/intel/2020.1.217/lib/intel64/libsvml.so (0x00002abc39fb3000)
	libintlc.so.5 => /cvmfs/soft.computecanada.ca/easybuild/software/2020/Core/intel/2020.1.217/lib/intel64/libintlc.so.5 (0x00002abc3babe000)
	libhdf5_hl.so.100 => /cvmfs/soft.computecanada.ca/easybuild/software/2020/avx2/MPI/intel2020/openmpi4/hdf5-mpi/1.10.6/lib/libhdf5_hl.so.100 (0x00002abc3bd39000)
	libhdf5.so.103 => /cvmfs/soft.computecanada.ca/easybuild/software/2020/avx2/MPI/intel2020/openmpi4/hdf5-mpi/1.10.6/lib/libhdf5.so.103 (0x00002abc3bd63000)
	libsz.so.2 => /cvmfs/soft.computecanada.ca/gentoo/2020/usr/lib64/libsz.so.2 (0x00002abc3c25e000)
	libcurl.so.4 => /cvmfs/soft.computecanada.ca/gentoo/2020/usr/lib64/libcurl.so.4 (0x00002abc3c275000)
	libirng.so => /cvmfs/soft.computecanada.ca/easybuild/software/2020/Core/intel/2020.1.217/lib/intel64/libirng.so (0x00002abc3c300000)
	libopen-rte.so.40 => /cvmfs/soft.computecanada.ca/easybuild/software/2020/avx2/Compiler/intel2020/openmpi/4.0.3/lib/libopen-rte.so.40 (0x00002abc3c66c000)
	libopen-pal.so.40 => /cvmfs/soft.computecanada.ca/easybuild/software/2020/avx2/Compiler/intel2020/openmpi/4.0.3/lib/libopen-pal.so.40 (0x00002abc3c7ab000)
	librt.so.1 => /cvmfs/soft.computecanada.ca/gentoo/2020/lib64/librt.so.1 (0x00002abc3ca50000)
	libutil.so.1 => /cvmfs/soft.computecanada.ca/gentoo/2020/lib64/libutil.so.1 (0x00002abc3ca5a000)
	libhwloc.so.5 => /cvmfs/soft.computecanada.ca/gentoo/2020/usr/lib64/libhwloc.so.5 (0x00002abc3ca5f000)
	libevent-2.1.so.6 => /cvmfs/soft.computecanada.ca/gentoo/2020/usr/lib64/libevent-2.1.so.6 (0x00002abc3caa3000)
	libevent_pthreads-2.1.so.6 => /cvmfs/soft.computecanada.ca/gentoo/2020/usr/lib64/libevent_pthreads-2.1.so.6 (0x00002abc3caf8000)
	libnghttp2.so.14 => /cvmfs/soft.computecanada.ca/gentoo/2020/usr/lib64/libnghttp2.so.14 (0x00002abc3cafd000)
	libssl.so.1.1 => /cvmfs/soft.computecanada.ca/gentoo/2020/usr/lib64/libssl.so.1.1 (0x00002abc3cb27000)
	libcrypto.so.1.1 => /cvmfs/soft.computecanada.ca/gentoo/2020/usr/lib64/libcrypto.so.1.1 (0x00002abc3cbb9000)
	libgssapi_krb5.so.2 => /cvmfs/soft.computecanada.ca/gentoo/2020/usr/lib64/libgssapi_krb5.so.2 (0x00002abc3ce73000)
	libkrb5.so.3 => /cvmfs/soft.computecanada.ca/gentoo/2020/usr/lib64/libkrb5.so.3 (0x00002abc3cec2000)
	libk5crypto.so.3 => /cvmfs/soft.computecanada.ca/gentoo/2020/usr/lib64/libk5crypto.so.3 (0x00002abc3cfa1000)
	libcom_err.so.2 => /cvmfs/soft.computecanada.ca/gentoo/2020/usr/lib64/libcom_err.so.2 (0x00002abc3cfd7000)
	libzstd.so.1 => /cvmfs/soft.computecanada.ca/gentoo/2020/usr/lib64/libzstd.so.1 (0x00002abc3cfdd000)
	libnuma.so.1 => /cvmfs/soft.computecanada.ca/gentoo/2020/usr/lib64/libnuma.so.1 (0x00002abc3d08d000)
	libudev.so.1 => /cvmfs/soft.computecanada.ca/gentoo/2020/lib64/libudev.so.1 (0x00002abc3d09b000)
	libpciaccess.so.0 => /cvmfs/soft.computecanada.ca/gentoo/2020/usr/lib64/libpciaccess.so.0 (0x00002abc3d0c3000)
	libxml2.so.2 => /cvmfs/soft.computecanada.ca/gentoo/2020/usr/lib64/libxml2.so.2 (0x00002abc3d0ce000)
	libkrb5support.so.0 => /cvmfs/soft.computecanada.ca/gentoo/2020/usr/lib64/libkrb5support.so.0 (0x00002abc3d237000)
	libkeyutils.so.1 => /cvmfs/soft.computecanada.ca/gentoo/2020/usr/lib64/libkeyutils.so.1 (0x00002abc3d246000)
	libresolv.so.2 => /cvmfs/soft.computecanada.ca/gentoo/2020/lib64/libresolv.so.2 (0x00002abc3d24d000)
	libselinux.so.1 => /cvmfs/soft.computecanada.ca/gentoo/2020/lib64/libselinux.so.1 (0x00002abc3d265000)
	libicuuc.so.65 => /cvmfs/soft.computecanada.ca/gentoo/2020/usr/lib64/libicuuc.so.65 (0x00002abc3d290000)
	liblzma.so.5 => /cvmfs/soft.computecanada.ca/gentoo/2020/usr/lib64/liblzma.so.5 (0x00002abc3d472000)
	libpcre.so.1 => /cvmfs/soft.computecanada.ca/gentoo/2020/usr/lib64/libpcre.so.1 (0x00002abc3d49a000)
	libicudata.so.65 => /cvmfs/soft.computecanada.ca/gentoo/2020/usr/lib64/libicudata.so.65 (0x00002abc3d50d000)
Rebuilding SalishSea1500-RUN203_10404000_restart
Restart rebuild of SalishSea1500-RUN203_10404000_restart successful
sending incremental file list
layout.dat_R085_10281601_10404000
namelist_cfg_R085_10281601_10404000
namelist_ref_R085_10281601_10404000
nemo.stderr_R085_10281601_10404000
nemo.stdout_R085_10281601_10404000
ocean.output_R085_10281601_10404000
output.namelist.dyn_R085_10281601_10404000
solver.stat_R085_10281601_10404000
time.step_R085_10281601_10404000
timing.output_R085_10281601_10404000

sent 16,395,900 bytes  received 210 bytes  2,981,110.91 bytes/sec
total size is 16,391,039  speedup is 1.00
sending incremental file list
SalishSea1500-RUN203_1d_grid_T_20180205-20180205.nc
SalishSea1500-RUN203_1d_grid_T_20180206-20180206.nc
SalishSea1500-RUN203_1d_grid_T_20180207-20180207.nc
SalishSea1500-RUN203_1d_grid_T_20180208-20180208.nc
SalishSea1500-RUN203_1d_grid_T_20180209-20180209.nc
SalishSea1500-RUN203_1d_grid_T_20180210-20180210.nc
SalishSea1500-RUN203_1d_grid_T_20180211-20180211.nc
SalishSea1500-RUN203_1d_grid_T_20180212-20180212.nc
SalishSea1500-RUN203_1d_grid_T_20180213-20180213.nc
SalishSea1500-RUN203_1d_grid_T_20180214-20180214.nc
SalishSea1500-RUN203_1d_grid_T_20180215-20180215.nc
SalishSea1500-RUN203_1d_grid_T_20180216-20180216.nc
SalishSea1500-RUN203_1d_grid_T_20180217-20180217.nc
SalishSea1500-RUN203_1d_grid_T_20180218-20180218.nc
SalishSea1500-RUN203_1d_grid_T_20180219-20180219.nc
SalishSea1500-RUN203_1d_grid_T_20180220-20180220.nc
SalishSea1500-RUN203_1d_grid_T_20180221-20180221.nc
SalishSea1500-RUN203_1d_grid_T_20180222-20180222.nc
SalishSea1500-RUN203_1d_grid_T_20180223-20180223.nc
SalishSea1500-RUN203_1d_grid_T_20180224-20180224.nc
SalishSea1500-RUN203_1d_grid_T_20180225-20180225.nc
SalishSea1500-RUN203_1d_grid_T_20180226-20180226.nc
SalishSea1500-RUN203_1d_grid_T_20180227-20180227.nc
SalishSea1500-RUN203_1d_grid_T_20180228-20180228.nc
SalishSea1500-RUN203_1d_grid_T_20180301-20180301.nc
SalishSea1500-RUN203_1d_grid_T_20180302-20180302.nc
SalishSea1500-RUN203_1d_grid_T_20180303-20180303.nc
SalishSea1500-RUN203_1d_grid_T_20180304-20180304.nc
SalishSea1500-RUN203_1d_grid_T_20180305-20180305.nc
SalishSea1500-RUN203_1d_grid_T_20180306-20180306.nc
SalishSea1500-RUN203_1d_grid_T_20180307-20180307.nc
SalishSea1500-RUN203_1d_grid_T_20180308-20180308.nc
SalishSea1500-RUN203_1d_grid_T_20180309-20180309.nc
SalishSea1500-RUN203_1d_grid_T_20180310-20180310.nc
SalishSea1500-RUN203_1d_grid_T_20180311-20180311.nc
SalishSea1500-RUN203_1d_grid_T_20180312-20180312.nc
SalishSea1500-RUN203_1d_grid_T_20180313-20180313.nc
SalishSea1500-RUN203_1d_grid_T_20180314-20180314.nc
SalishSea1500-RUN203_1d_grid_T_20180315-20180315.nc
SalishSea1500-RUN203_1d_grid_T_20180316-20180316.nc
SalishSea1500-RUN203_1d_grid_T_20180317-20180317.nc
SalishSea1500-RUN203_1d_grid_T_20180318-20180318.nc
SalishSea1500-RUN203_1d_grid_T_20180319-20180319.nc
SalishSea1500-RUN203_1d_grid_T_20180320-20180320.nc
SalishSea1500-RUN203_1d_grid_T_20180321-20180321.nc
SalishSea1500-RUN203_1d_grid_T_20180322-20180322.nc
SalishSea1500-RUN203_1d_grid_T_20180323-20180323.nc
SalishSea1500-RUN203_1d_grid_T_20180324-20180324.nc
SalishSea1500-RUN203_1d_grid_T_20180325-20180325.nc
SalishSea1500-RUN203_1d_grid_T_20180326-20180326.nc
SalishSea1500-RUN203_1d_grid_T_20180327-20180327.nc
SalishSea1500-RUN203_1d_grid_T_20180328-20180328.nc
SalishSea1500-RUN203_1d_grid_T_20180329-20180329.nc
SalishSea1500-RUN203_1d_grid_T_20180330-20180330.nc
SalishSea1500-RUN203_1d_grid_T_20180331-20180331.nc
SalishSea1500-RUN203_1d_grid_T_20180401-20180401.nc
SalishSea1500-RUN203_1d_grid_T_20180402-20180402.nc
SalishSea1500-RUN203_1d_grid_T_20180403-20180403.nc
SalishSea1500-RUN203_1d_grid_T_20180404-20180404.nc
SalishSea1500-RUN203_1d_grid_T_20180405-20180405.nc
SalishSea1500-RUN203_1d_grid_T_20180406-20180406.nc
SalishSea1500-RUN203_1d_grid_T_20180407-20180407.nc
SalishSea1500-RUN203_1d_grid_T_20180408-20180408.nc
SalishSea1500-RUN203_1d_grid_T_20180409-20180409.nc
SalishSea1500-RUN203_1d_grid_T_20180410-20180410.nc
SalishSea1500-RUN203_1d_grid_T_20180411-20180411.nc
SalishSea1500-RUN203_1d_grid_T_20180412-20180412.nc
SalishSea1500-RUN203_1d_grid_T_20180413-20180413.nc
SalishSea1500-RUN203_1d_grid_T_20180414-20180414.nc
SalishSea1500-RUN203_1d_grid_T_20180415-20180415.nc
SalishSea1500-RUN203_1d_grid_T_20180416-20180416.nc
SalishSea1500-RUN203_1d_grid_T_20180417-20180417.nc
SalishSea1500-RUN203_1d_grid_T_20180418-20180418.nc
SalishSea1500-RUN203_1d_grid_T_20180419-20180419.nc
SalishSea1500-RUN203_1d_grid_T_20180420-20180420.nc
SalishSea1500-RUN203_1d_grid_T_20180421-20180421.nc
SalishSea1500-RUN203_1d_grid_T_20180422-20180422.nc
SalishSea1500-RUN203_1d_grid_T_20180423-20180423.nc
SalishSea1500-RUN203_1d_grid_T_20180424-20180424.nc
SalishSea1500-RUN203_1d_grid_T_20180425-20180425.nc
SalishSea1500-RUN203_1d_grid_T_20180426-20180426.nc
SalishSea1500-RUN203_1d_grid_T_20180427-20180427.nc
SalishSea1500-RUN203_1d_grid_T_20180428-20180428.nc
SalishSea1500-RUN203_1d_grid_T_20180429-20180429.nc
SalishSea1500-RUN203_1d_grid_T_20180430-20180430.nc
SalishSea1500-RUN203_1d_grid_T_20180501-20180501.nc
SalishSea1500-RUN203_1d_grid_T_20180502-20180502.nc
SalishSea1500-RUN203_1d_grid_T_20180503-20180503.nc
SalishSea1500-RUN203_1d_grid_T_20180504-20180504.nc
SalishSea1500-RUN203_1d_grid_T_20180505-20180505.nc
SalishSea1500-RUN203_1d_grid_T_20180506-20180506.nc
SalishSea1500-RUN203_1d_grid_T_20180507-20180507.nc
SalishSea1500-RUN203_1d_grid_T_20180508-20180508.nc
SalishSea1500-RUN203_1d_grid_T_20180509-20180509.nc
SalishSea1500-RUN203_1d_grid_T_20180510-20180510.nc
SalishSea1500-RUN203_1d_grid_T_20180511-20180511.nc
SalishSea1500-RUN203_1d_grid_T_20180512-20180512.nc
SalishSea1500-RUN203_1d_grid_T_20180513-20180513.nc
SalishSea1500-RUN203_1d_grid_T_20180514-20180514.nc
SalishSea1500-RUN203_1d_grid_T_20180515-20180515.nc
SalishSea1500-RUN203_1d_grid_T_20180516-20180516.nc
SalishSea1500-RUN203_1d_grid_T_20180517-20180517.nc
SalishSea1500-RUN203_1d_grid_T_20180518-20180518.nc
SalishSea1500-RUN203_1d_grid_T_20180519-20180519.nc
SalishSea1500-RUN203_1d_grid_T_20180520-20180520.nc
SalishSea1500-RUN203_1d_grid_T_20180521-20180521.nc
SalishSea1500-RUN203_1d_grid_T_20180522-20180522.nc
SalishSea1500-RUN203_1d_grid_T_20180523-20180523.nc
SalishSea1500-RUN203_1d_grid_T_20180524-20180524.nc
SalishSea1500-RUN203_1d_grid_T_20180525-20180525.nc
SalishSea1500-RUN203_1d_grid_T_20180526-20180526.nc
SalishSea1500-RUN203_1d_grid_T_20180527-20180527.nc
SalishSea1500-RUN203_1d_grid_T_20180528-20180528.nc
SalishSea1500-RUN203_1d_grid_T_20180529-20180529.nc
SalishSea1500-RUN203_1d_grid_T_20180530-20180530.nc
SalishSea1500-RUN203_1d_grid_T_20180531-20180531.nc
SalishSea1500-RUN203_1d_grid_T_20180601-20180601.nc
SalishSea1500-RUN203_1d_grid_T_20180602-20180602.nc
SalishSea1500-RUN203_1d_grid_T_20180603-20180603.nc
SalishSea1500-RUN203_1d_grid_T_20180604-20180604.nc
SalishSea1500-RUN203_1d_grid_T_20180605-20180605.nc
SalishSea1500-RUN203_1d_grid_T_20180606-20180606.nc
SalishSea1500-RUN203_1d_grid_T_20180607-20180607.nc
SalishSea1500-RUN203_1d_grid_T_20180608-20180608.nc
SalishSea1500-RUN203_1d_grid_T_20180609-20180609.nc
SalishSea1500-RUN203_1d_grid_T_20180610-20180610.nc
SalishSea1500-RUN203_1d_grid_T_20180611-20180611.nc
SalishSea1500-RUN203_1d_grid_T_20180612-20180612.nc
SalishSea1500-RUN203_1d_grid_T_20180613-20180613.nc
SalishSea1500-RUN203_1d_grid_T_20180614-20180614.nc
SalishSea1500-RUN203_1d_grid_T_20180615-20180615.nc
SalishSea1500-RUN203_1d_grid_T_20180616-20180616.nc
SalishSea1500-RUN203_1d_grid_T_20180617-20180617.nc
SalishSea1500-RUN203_1d_grid_T_20180618-20180618.nc
SalishSea1500-RUN203_1d_grid_T_20180619-20180619.nc
SalishSea1500-RUN203_1d_grid_T_20180620-20180620.nc
SalishSea1500-RUN203_1d_grid_T_20180621-20180621.nc
SalishSea1500-RUN203_1d_grid_T_20180622-20180622.nc
SalishSea1500-RUN203_1d_grid_T_20180623-20180623.nc
SalishSea1500-RUN203_1d_grid_T_20180624-20180624.nc
SalishSea1500-RUN203_1d_grid_T_20180625-20180625.nc
SalishSea1500-RUN203_1d_grid_T_20180626-20180626.nc
SalishSea1500-RUN203_1d_grid_T_20180627-20180627.nc
SalishSea1500-RUN203_1d_grid_T_20180628-20180628.nc
SalishSea1500-RUN203_1d_grid_T_20180629-20180629.nc
SalishSea1500-RUN203_1d_grid_T_20180630-20180630.nc
SalishSea1500-RUN203_1d_grid_T_20180701-20180701.nc
SalishSea1500-RUN203_1d_grid_T_20180702-20180702.nc
SalishSea1500-RUN203_1d_grid_T_20180703-20180703.nc
SalishSea1500-RUN203_1d_grid_T_20180704-20180704.nc
SalishSea1500-RUN203_1d_grid_T_20180705-20180705.nc
SalishSea1500-RUN203_1d_grid_T_20180706-20180706.nc
SalishSea1500-RUN203_1d_grid_T_20180707-20180707.nc
SalishSea1500-RUN203_1d_grid_T_20180708-20180708.nc
SalishSea1500-RUN203_1d_grid_T_20180709-20180709.nc
SalishSea1500-RUN203_1d_grid_T_20180710-20180710.nc
SalishSea1500-RUN203_1d_grid_T_20180711-20180711.nc
SalishSea1500-RUN203_1d_grid_T_20180712-20180712.nc
SalishSea1500-RUN203_1d_grid_T_20180713-20180713.nc
SalishSea1500-RUN203_1d_grid_T_20180714-20180714.nc
SalishSea1500-RUN203_1d_grid_T_20180715-20180715.nc
SalishSea1500-RUN203_1d_grid_T_20180716-20180716.nc
SalishSea1500-RUN203_1d_grid_T_20180717-20180717.nc
SalishSea1500-RUN203_1d_grid_T_20180718-20180718.nc
SalishSea1500-RUN203_1d_grid_T_20180719-20180719.nc
SalishSea1500-RUN203_1d_grid_T_20180720-20180720.nc
SalishSea1500-RUN203_1d_grid_T_20180721-20180721.nc
SalishSea1500-RUN203_1d_grid_T_20180722-20180722.nc
SalishSea1500-RUN203_1d_grid_T_20180723-20180723.nc
SalishSea1500-RUN203_1d_grid_T_20180724-20180724.nc
SalishSea1500-RUN203_1d_grid_T_2D_20180205-20180205.nc
SalishSea1500-RUN203_1d_grid_T_2D_20180206-20180206.nc
SalishSea1500-RUN203_1d_grid_T_2D_20180207-20180207.nc
SalishSea1500-RUN203_1d_grid_T_2D_20180208-20180208.nc
SalishSea1500-RUN203_1d_grid_T_2D_20180209-20180209.nc
SalishSea1500-RUN203_1d_grid_T_2D_20180210-20180210.nc
SalishSea1500-RUN203_1d_grid_T_2D_20180211-20180211.nc
SalishSea1500-RUN203_1d_grid_T_2D_20180212-20180212.nc
SalishSea1500-RUN203_1d_grid_T_2D_20180213-20180213.nc
SalishSea1500-RUN203_1d_grid_T_2D_20180214-20180214.nc
SalishSea1500-RUN203_1d_grid_T_2D_20180215-20180215.nc
SalishSea1500-RUN203_1d_grid_T_2D_20180216-20180216.nc
SalishSea1500-RUN203_1d_grid_T_2D_20180217-20180217.nc
SalishSea1500-RUN203_1d_grid_T_2D_20180218-20180218.nc
SalishSea1500-RUN203_1d_grid_T_2D_20180219-20180219.nc
SalishSea1500-RUN203_1d_grid_T_2D_20180220-20180220.nc
SalishSea1500-RUN203_1d_grid_T_2D_20180221-20180221.nc
SalishSea1500-RUN203_1d_grid_T_2D_20180222-20180222.nc
SalishSea1500-RUN203_1d_grid_T_2D_20180223-20180223.nc
SalishSea1500-RUN203_1d_grid_T_2D_20180224-20180224.nc
SalishSea1500-RUN203_1d_grid_T_2D_20180225-20180225.nc
SalishSea1500-RUN203_1d_grid_T_2D_20180226-20180226.nc
SalishSea1500-RUN203_1d_grid_T_2D_20180227-20180227.nc
SalishSea1500-RUN203_1d_grid_T_2D_20180228-20180228.nc
SalishSea1500-RUN203_1d_grid_T_2D_20180301-20180301.nc
SalishSea1500-RUN203_1d_grid_T_2D_20180302-20180302.nc
SalishSea1500-RUN203_1d_grid_T_2D_20180303-20180303.nc
SalishSea1500-RUN203_1d_grid_T_2D_20180304-20180304.nc
SalishSea1500-RUN203_1d_grid_T_2D_20180305-20180305.nc
SalishSea1500-RUN203_1d_grid_T_2D_20180306-20180306.nc
SalishSea1500-RUN203_1d_grid_T_2D_20180307-20180307.nc
SalishSea1500-RUN203_1d_grid_T_2D_20180308-20180308.nc
SalishSea1500-RUN203_1d_grid_T_2D_20180309-20180309.nc
SalishSea1500-RUN203_1d_grid_T_2D_20180310-20180310.nc
SalishSea1500-RUN203_1d_grid_T_2D_20180311-20180311.nc
SalishSea1500-RUN203_1d_grid_T_2D_20180312-20180312.nc
SalishSea1500-RUN203_1d_grid_T_2D_20180313-20180313.nc
SalishSea1500-RUN203_1d_grid_T_2D_20180314-20180314.nc
SalishSea1500-RUN203_1d_grid_T_2D_20180315-20180315.nc
SalishSea1500-RUN203_1d_grid_T_2D_20180316-20180316.nc
SalishSea1500-RUN203_1d_grid_T_2D_20180317-20180317.nc
SalishSea1500-RUN203_1d_grid_T_2D_20180318-20180318.nc
SalishSea1500-RUN203_1d_grid_T_2D_20180319-20180319.nc
SalishSea1500-RUN203_1d_grid_T_2D_20180320-20180320.nc
SalishSea1500-RUN203_1d_grid_T_2D_20180321-20180321.nc
SalishSea1500-RUN203_1d_grid_T_2D_20180322-20180322.nc
SalishSea1500-RUN203_1d_grid_T_2D_20180323-20180323.nc
SalishSea1500-RUN203_1d_grid_T_2D_20180324-20180324.nc
SalishSea1500-RUN203_1d_grid_T_2D_20180325-20180325.nc
SalishSea1500-RUN203_1d_grid_T_2D_20180326-20180326.nc
SalishSea1500-RUN203_1d_grid_T_2D_20180327-20180327.nc
SalishSea1500-RUN203_1d_grid_T_2D_20180328-20180328.nc
SalishSea1500-RUN203_1d_grid_T_2D_20180329-20180329.nc
SalishSea1500-RUN203_1d_grid_T_2D_20180330-20180330.nc
SalishSea1500-RUN203_1d_grid_T_2D_20180331-20180331.nc
SalishSea1500-RUN203_1d_grid_T_2D_20180401-20180401.nc
SalishSea1500-RUN203_1d_grid_T_2D_20180402-20180402.nc
SalishSea1500-RUN203_1d_grid_T_2D_20180403-20180403.nc
SalishSea1500-RUN203_1d_grid_T_2D_20180404-20180404.nc
SalishSea1500-RUN203_1d_grid_T_2D_20180405-20180405.nc
SalishSea1500-RUN203_1d_grid_T_2D_20180406-20180406.nc
SalishSea1500-RUN203_1d_grid_T_2D_20180407-20180407.nc
SalishSea1500-RUN203_1d_grid_T_2D_20180408-20180408.nc
SalishSea1500-RUN203_1d_grid_T_2D_20180409-20180409.nc
SalishSea1500-RUN203_1d_grid_T_2D_20180410-20180410.nc
SalishSea1500-RUN203_1d_grid_T_2D_20180411-20180411.nc
SalishSea1500-RUN203_1d_grid_T_2D_20180412-20180412.nc
SalishSea1500-RUN203_1d_grid_T_2D_20180413-20180413.nc
SalishSea1500-RUN203_1d_grid_T_2D_20180414-20180414.nc
SalishSea1500-RUN203_1d_grid_T_2D_20180415-20180415.nc
SalishSea1500-RUN203_1d_grid_T_2D_20180416-20180416.nc
SalishSea1500-RUN203_1d_grid_T_2D_20180417-20180417.nc
SalishSea1500-RUN203_1d_grid_T_2D_20180418-20180418.nc
SalishSea1500-RUN203_1d_grid_T_2D_20180419-20180419.nc
SalishSea1500-RUN203_1d_grid_T_2D_20180420-20180420.nc
SalishSea1500-RUN203_1d_grid_T_2D_20180421-20180421.nc
SalishSea1500-RUN203_1d_grid_T_2D_20180422-20180422.nc
SalishSea1500-RUN203_1d_grid_T_2D_20180423-20180423.nc
SalishSea1500-RUN203_1d_grid_T_2D_20180424-20180424.nc
SalishSea1500-RUN203_1d_grid_T_2D_20180425-20180425.nc
SalishSea1500-RUN203_1d_grid_T_2D_20180426-20180426.nc
SalishSea1500-RUN203_1d_grid_T_2D_20180427-20180427.nc
SalishSea1500-RUN203_1d_grid_T_2D_20180428-20180428.nc
SalishSea1500-RUN203_1d_grid_T_2D_20180429-20180429.nc
SalishSea1500-RUN203_1d_grid_T_2D_20180430-20180430.nc
SalishSea1500-RUN203_1d_grid_T_2D_20180501-20180501.nc
SalishSea1500-RUN203_1d_grid_T_2D_20180502-20180502.nc
SalishSea1500-RUN203_1d_grid_T_2D_20180503-20180503.nc
SalishSea1500-RUN203_1d_grid_T_2D_20180504-20180504.nc
SalishSea1500-RUN203_1d_grid_T_2D_20180505-20180505.nc
SalishSea1500-RUN203_1d_grid_T_2D_20180506-20180506.nc
SalishSea1500-RUN203_1d_grid_T_2D_20180507-20180507.nc
SalishSea1500-RUN203_1d_grid_T_2D_20180508-20180508.nc
SalishSea1500-RUN203_1d_grid_T_2D_20180509-20180509.nc
SalishSea1500-RUN203_1d_grid_T_2D_20180510-20180510.nc
SalishSea1500-RUN203_1d_grid_T_2D_20180511-20180511.nc
SalishSea1500-RUN203_1d_grid_T_2D_20180512-20180512.nc
SalishSea1500-RUN203_1d_grid_T_2D_20180513-20180513.nc
SalishSea1500-RUN203_1d_grid_T_2D_20180514-20180514.nc
SalishSea1500-RUN203_1d_grid_T_2D_20180515-20180515.nc
SalishSea1500-RUN203_1d_grid_T_2D_20180516-20180516.nc
SalishSea1500-RUN203_1d_grid_T_2D_20180517-20180517.nc
SalishSea1500-RUN203_1d_grid_T_2D_20180518-20180518.nc
SalishSea1500-RUN203_1d_grid_T_2D_20180519-20180519.nc
SalishSea1500-RUN203_1d_grid_T_2D_20180520-20180520.nc
SalishSea1500-RUN203_1d_grid_T_2D_20180521-20180521.nc
SalishSea1500-RUN203_1d_grid_T_2D_20180522-20180522.nc
SalishSea1500-RUN203_1d_grid_T_2D_20180523-20180523.nc
SalishSea1500-RUN203_1d_grid_T_2D_20180524-20180524.nc
SalishSea1500-RUN203_1d_grid_T_2D_20180525-20180525.nc
SalishSea1500-RUN203_1d_grid_T_2D_20180526-20180526.nc
SalishSea1500-RUN203_1d_grid_T_2D_20180527-20180527.nc
SalishSea1500-RUN203_1d_grid_T_2D_20180528-20180528.nc
SalishSea1500-RUN203_1d_grid_T_2D_20180529-20180529.nc
SalishSea1500-RUN203_1d_grid_T_2D_20180530-20180530.nc
SalishSea1500-RUN203_1d_grid_T_2D_20180531-20180531.nc
SalishSea1500-RUN203_1d_grid_T_2D_20180601-20180601.nc
SalishSea1500-RUN203_1d_grid_T_2D_20180602-20180602.nc
SalishSea1500-RUN203_1d_grid_T_2D_20180603-20180603.nc
SalishSea1500-RUN203_1d_grid_T_2D_20180604-20180604.nc
SalishSea1500-RUN203_1d_grid_T_2D_20180605-20180605.nc
SalishSea1500-RUN203_1d_grid_T_2D_20180606-20180606.nc
SalishSea1500-RUN203_1d_grid_T_2D_20180607-20180607.nc
SalishSea1500-RUN203_1d_grid_T_2D_20180608-20180608.nc
SalishSea1500-RUN203_1d_grid_T_2D_20180609-20180609.nc
SalishSea1500-RUN203_1d_grid_T_2D_20180610-20180610.nc
SalishSea1500-RUN203_1d_grid_T_2D_20180611-20180611.nc
SalishSea1500-RUN203_1d_grid_T_2D_20180612-20180612.nc
SalishSea1500-RUN203_1d_grid_T_2D_20180613-20180613.nc
SalishSea1500-RUN203_1d_grid_T_2D_20180614-20180614.nc
SalishSea1500-RUN203_1d_grid_T_2D_20180615-20180615.nc
SalishSea1500-RUN203_1d_grid_T_2D_20180616-20180616.nc
SalishSea1500-RUN203_1d_grid_T_2D_20180617-20180617.nc
SalishSea1500-RUN203_1d_grid_T_2D_20180618-20180618.nc
SalishSea1500-RUN203_1d_grid_T_2D_20180619-20180619.nc
SalishSea1500-RUN203_1d_grid_T_2D_20180620-20180620.nc
SalishSea1500-RUN203_1d_grid_T_2D_20180621-20180621.nc
SalishSea1500-RUN203_1d_grid_T_2D_20180622-20180622.nc
SalishSea1500-RUN203_1d_grid_T_2D_20180623-20180623.nc
SalishSea1500-RUN203_1d_grid_T_2D_20180624-20180624.nc
SalishSea1500-RUN203_1d_grid_T_2D_20180625-20180625.nc
SalishSea1500-RUN203_1d_grid_T_2D_20180626-20180626.nc
SalishSea1500-RUN203_1d_grid_T_2D_20180627-20180627.nc
SalishSea1500-RUN203_1d_grid_T_2D_20180628-20180628.nc
SalishSea1500-RUN203_1d_grid_T_2D_20180629-20180629.nc
SalishSea1500-RUN203_1d_grid_T_2D_20180630-20180630.nc
SalishSea1500-RUN203_1d_grid_T_2D_20180701-20180701.nc
SalishSea1500-RUN203_1d_grid_T_2D_20180702-20180702.nc
SalishSea1500-RUN203_1d_grid_T_2D_20180703-20180703.nc
SalishSea1500-RUN203_1d_grid_T_2D_20180704-20180704.nc
SalishSea1500-RUN203_1d_grid_T_2D_20180705-20180705.nc
SalishSea1500-RUN203_1d_grid_T_2D_20180706-20180706.nc
SalishSea1500-RUN203_1d_grid_T_2D_20180707-20180707.nc
SalishSea1500-RUN203_1d_grid_T_2D_20180708-20180708.nc
SalishSea1500-RUN203_1d_grid_T_2D_20180709-20180709.nc
SalishSea1500-RUN203_1d_grid_T_2D_20180710-20180710.nc
SalishSea1500-RUN203_1d_grid_T_2D_20180711-20180711.nc
SalishSea1500-RUN203_1d_grid_T_2D_20180712-20180712.nc
SalishSea1500-RUN203_1d_grid_T_2D_20180713-20180713.nc
SalishSea1500-RUN203_1d_grid_T_2D_20180714-20180714.nc
SalishSea1500-RUN203_1d_grid_T_2D_20180715-20180715.nc
SalishSea1500-RUN203_1d_grid_T_2D_20180716-20180716.nc
SalishSea1500-RUN203_1d_grid_T_2D_20180717-20180717.nc
SalishSea1500-RUN203_1d_grid_T_2D_20180718-20180718.nc
SalishSea1500-RUN203_1d_grid_T_2D_20180719-20180719.nc
SalishSea1500-RUN203_1d_grid_T_2D_20180720-20180720.nc
SalishSea1500-RUN203_1d_grid_T_2D_20180721-20180721.nc
SalishSea1500-RUN203_1d_grid_T_2D_20180722-20180722.nc
SalishSea1500-RUN203_1d_grid_T_2D_20180723-20180723.nc
SalishSea1500-RUN203_1d_grid_T_2D_20180724-20180724.nc
SalishSea1500-RUN203_1d_grid_U_20180205-20180205.nc
SalishSea1500-RUN203_1d_grid_U_20180206-20180206.nc
SalishSea1500-RUN203_1d_grid_U_20180207-20180207.nc
SalishSea1500-RUN203_1d_grid_U_20180208-20180208.nc
SalishSea1500-RUN203_1d_grid_U_20180209-20180209.nc
SalishSea1500-RUN203_1d_grid_U_20180210-20180210.nc
SalishSea1500-RUN203_1d_grid_U_20180211-20180211.nc
SalishSea1500-RUN203_1d_grid_U_20180212-20180212.nc
SalishSea1500-RUN203_1d_grid_U_20180213-20180213.nc
SalishSea1500-RUN203_1d_grid_U_20180214-20180214.nc
SalishSea1500-RUN203_1d_grid_U_20180215-20180215.nc
SalishSea1500-RUN203_1d_grid_U_20180216-20180216.nc
SalishSea1500-RUN203_1d_grid_U_20180217-20180217.nc
SalishSea1500-RUN203_1d_grid_U_20180218-20180218.nc
SalishSea1500-RUN203_1d_grid_U_20180219-20180219.nc
SalishSea1500-RUN203_1d_grid_U_20180220-20180220.nc
SalishSea1500-RUN203_1d_grid_U_20180221-20180221.nc
SalishSea1500-RUN203_1d_grid_U_20180222-20180222.nc
SalishSea1500-RUN203_1d_grid_U_20180223-20180223.nc
SalishSea1500-RUN203_1d_grid_U_20180224-20180224.nc
SalishSea1500-RUN203_1d_grid_U_20180225-20180225.nc
SalishSea1500-RUN203_1d_grid_U_20180226-20180226.nc
SalishSea1500-RUN203_1d_grid_U_20180227-20180227.nc
SalishSea1500-RUN203_1d_grid_U_20180228-20180228.nc
SalishSea1500-RUN203_1d_grid_U_20180301-20180301.nc
SalishSea1500-RUN203_1d_grid_U_20180302-20180302.nc
SalishSea1500-RUN203_1d_grid_U_20180303-20180303.nc
SalishSea1500-RUN203_1d_grid_U_20180304-20180304.nc
SalishSea1500-RUN203_1d_grid_U_20180305-20180305.nc
SalishSea1500-RUN203_1d_grid_U_20180306-20180306.nc
SalishSea1500-RUN203_1d_grid_U_20180307-20180307.nc
SalishSea1500-RUN203_1d_grid_U_20180308-20180308.nc
SalishSea1500-RUN203_1d_grid_U_20180309-20180309.nc
SalishSea1500-RUN203_1d_grid_U_20180310-20180310.nc
SalishSea1500-RUN203_1d_grid_U_20180311-20180311.nc
SalishSea1500-RUN203_1d_grid_U_20180312-20180312.nc
SalishSea1500-RUN203_1d_grid_U_20180313-20180313.nc
SalishSea1500-RUN203_1d_grid_U_20180314-20180314.nc
SalishSea1500-RUN203_1d_grid_U_20180315-20180315.nc
SalishSea1500-RUN203_1d_grid_U_20180316-20180316.nc
SalishSea1500-RUN203_1d_grid_U_20180317-20180317.nc
SalishSea1500-RUN203_1d_grid_U_20180318-20180318.nc
SalishSea1500-RUN203_1d_grid_U_20180319-20180319.nc
SalishSea1500-RUN203_1d_grid_U_20180320-20180320.nc
SalishSea1500-RUN203_1d_grid_U_20180321-20180321.nc
SalishSea1500-RUN203_1d_grid_U_20180322-20180322.nc
SalishSea1500-RUN203_1d_grid_U_20180323-20180323.nc
SalishSea1500-RUN203_1d_grid_U_20180324-20180324.nc
SalishSea1500-RUN203_1d_grid_U_20180325-20180325.nc
SalishSea1500-RUN203_1d_grid_U_20180326-20180326.nc
SalishSea1500-RUN203_1d_grid_U_20180327-20180327.nc
SalishSea1500-RUN203_1d_grid_U_20180328-20180328.nc
SalishSea1500-RUN203_1d_grid_U_20180329-20180329.nc
SalishSea1500-RUN203_1d_grid_U_20180330-20180330.nc
SalishSea1500-RUN203_1d_grid_U_20180331-20180331.nc
SalishSea1500-RUN203_1d_grid_U_20180401-20180401.nc
SalishSea1500-RUN203_1d_grid_U_20180402-20180402.nc
SalishSea1500-RUN203_1d_grid_U_20180403-20180403.nc
SalishSea1500-RUN203_1d_grid_U_20180404-20180404.nc
SalishSea1500-RUN203_1d_grid_U_20180405-20180405.nc
SalishSea1500-RUN203_1d_grid_U_20180406-20180406.nc
SalishSea1500-RUN203_1d_grid_U_20180407-20180407.nc
SalishSea1500-RUN203_1d_grid_U_20180408-20180408.nc
SalishSea1500-RUN203_1d_grid_U_20180409-20180409.nc
SalishSea1500-RUN203_1d_grid_U_20180410-20180410.nc
SalishSea1500-RUN203_1d_grid_U_20180411-20180411.nc
SalishSea1500-RUN203_1d_grid_U_20180412-20180412.nc
SalishSea1500-RUN203_1d_grid_U_20180413-20180413.nc
SalishSea1500-RUN203_1d_grid_U_20180414-20180414.nc
SalishSea1500-RUN203_1d_grid_U_20180415-20180415.nc
SalishSea1500-RUN203_1d_grid_U_20180416-20180416.nc
SalishSea1500-RUN203_1d_grid_U_20180417-20180417.nc
SalishSea1500-RUN203_1d_grid_U_20180418-20180418.nc
SalishSea1500-RUN203_1d_grid_U_20180419-20180419.nc
SalishSea1500-RUN203_1d_grid_U_20180420-20180420.nc
SalishSea1500-RUN203_1d_grid_U_20180421-20180421.nc
SalishSea1500-RUN203_1d_grid_U_20180422-20180422.nc
SalishSea1500-RUN203_1d_grid_U_20180423-20180423.nc
SalishSea1500-RUN203_1d_grid_U_20180424-20180424.nc
SalishSea1500-RUN203_1d_grid_U_20180425-20180425.nc
SalishSea1500-RUN203_1d_grid_U_20180426-20180426.nc
SalishSea1500-RUN203_1d_grid_U_20180427-20180427.nc
SalishSea1500-RUN203_1d_grid_U_20180428-20180428.nc
SalishSea1500-RUN203_1d_grid_U_20180429-20180429.nc
SalishSea1500-RUN203_1d_grid_U_20180430-20180430.nc
SalishSea1500-RUN203_1d_grid_U_20180501-20180501.nc
SalishSea1500-RUN203_1d_grid_U_20180502-20180502.nc
SalishSea1500-RUN203_1d_grid_U_20180503-20180503.nc
SalishSea1500-RUN203_1d_grid_U_20180504-20180504.nc
SalishSea1500-RUN203_1d_grid_U_20180505-20180505.nc
SalishSea1500-RUN203_1d_grid_U_20180506-20180506.nc
SalishSea1500-RUN203_1d_grid_U_20180507-20180507.nc
SalishSea1500-RUN203_1d_grid_U_20180508-20180508.nc
SalishSea1500-RUN203_1d_grid_U_20180509-20180509.nc
SalishSea1500-RUN203_1d_grid_U_20180510-20180510.nc
SalishSea1500-RUN203_1d_grid_U_20180511-20180511.nc
SalishSea1500-RUN203_1d_grid_U_20180512-20180512.nc
SalishSea1500-RUN203_1d_grid_U_20180513-20180513.nc
SalishSea1500-RUN203_1d_grid_U_20180514-20180514.nc
SalishSea1500-RUN203_1d_grid_U_20180515-20180515.nc
SalishSea1500-RUN203_1d_grid_U_20180516-20180516.nc
SalishSea1500-RUN203_1d_grid_U_20180517-20180517.nc
SalishSea1500-RUN203_1d_grid_U_20180518-20180518.nc
SalishSea1500-RUN203_1d_grid_U_20180519-20180519.nc
SalishSea1500-RUN203_1d_grid_U_20180520-20180520.nc
SalishSea1500-RUN203_1d_grid_U_20180521-20180521.nc
SalishSea1500-RUN203_1d_grid_U_20180522-20180522.nc
SalishSea1500-RUN203_1d_grid_U_20180523-20180523.nc
SalishSea1500-RUN203_1d_grid_U_20180524-20180524.nc
SalishSea1500-RUN203_1d_grid_U_20180525-20180525.nc
SalishSea1500-RUN203_1d_grid_U_20180526-20180526.nc
SalishSea1500-RUN203_1d_grid_U_20180527-20180527.nc
SalishSea1500-RUN203_1d_grid_U_20180528-20180528.nc
SalishSea1500-RUN203_1d_grid_U_20180529-20180529.nc
SalishSea1500-RUN203_1d_grid_U_20180530-20180530.nc
SalishSea1500-RUN203_1d_grid_U_20180531-20180531.nc
SalishSea1500-RUN203_1d_grid_U_20180601-20180601.nc
SalishSea1500-RUN203_1d_grid_U_20180602-20180602.nc
SalishSea1500-RUN203_1d_grid_U_20180603-20180603.nc
SalishSea1500-RUN203_1d_grid_U_20180604-20180604.nc
SalishSea1500-RUN203_1d_grid_U_20180605-20180605.nc
SalishSea1500-RUN203_1d_grid_U_20180606-20180606.nc
SalishSea1500-RUN203_1d_grid_U_20180607-20180607.nc
SalishSea1500-RUN203_1d_grid_U_20180608-20180608.nc
SalishSea1500-RUN203_1d_grid_U_20180609-20180609.nc
SalishSea1500-RUN203_1d_grid_U_20180610-20180610.nc
SalishSea1500-RUN203_1d_grid_U_20180611-20180611.nc
SalishSea1500-RUN203_1d_grid_U_20180612-20180612.nc
SalishSea1500-RUN203_1d_grid_U_20180613-20180613.nc
SalishSea1500-RUN203_1d_grid_U_20180614-20180614.nc
SalishSea1500-RUN203_1d_grid_U_20180615-20180615.nc
SalishSea1500-RUN203_1d_grid_U_20180616-20180616.nc
SalishSea1500-RUN203_1d_grid_U_20180617-20180617.nc
SalishSea1500-RUN203_1d_grid_U_20180618-20180618.nc
SalishSea1500-RUN203_1d_grid_U_20180619-20180619.nc
SalishSea1500-RUN203_1d_grid_U_20180620-20180620.nc
SalishSea1500-RUN203_1d_grid_U_20180621-20180621.nc
SalishSea1500-RUN203_1d_grid_U_20180622-20180622.nc
SalishSea1500-RUN203_1d_grid_U_20180623-20180623.nc
SalishSea1500-RUN203_1d_grid_U_20180624-20180624.nc
SalishSea1500-RUN203_1d_grid_U_20180625-20180625.nc
SalishSea1500-RUN203_1d_grid_U_20180626-20180626.nc
SalishSea1500-RUN203_1d_grid_U_20180627-20180627.nc
SalishSea1500-RUN203_1d_grid_U_20180628-20180628.nc
SalishSea1500-RUN203_1d_grid_U_20180629-20180629.nc
SalishSea1500-RUN203_1d_grid_U_20180630-20180630.nc
SalishSea1500-RUN203_1d_grid_U_20180701-20180701.nc
SalishSea1500-RUN203_1d_grid_U_20180702-20180702.nc
SalishSea1500-RUN203_1d_grid_U_20180703-20180703.nc
SalishSea1500-RUN203_1d_grid_U_20180704-20180704.nc
SalishSea1500-RUN203_1d_grid_U_20180705-20180705.nc
SalishSea1500-RUN203_1d_grid_U_20180706-20180706.nc
SalishSea1500-RUN203_1d_grid_U_20180707-20180707.nc
SalishSea1500-RUN203_1d_grid_U_20180708-20180708.nc
SalishSea1500-RUN203_1d_grid_U_20180709-20180709.nc
SalishSea1500-RUN203_1d_grid_U_20180710-20180710.nc
SalishSea1500-RUN203_1d_grid_U_20180711-20180711.nc
SalishSea1500-RUN203_1d_grid_U_20180712-20180712.nc
SalishSea1500-RUN203_1d_grid_U_20180713-20180713.nc
SalishSea1500-RUN203_1d_grid_U_20180714-20180714.nc
SalishSea1500-RUN203_1d_grid_U_20180715-20180715.nc
SalishSea1500-RUN203_1d_grid_U_20180716-20180716.nc
SalishSea1500-RUN203_1d_grid_U_20180717-20180717.nc
SalishSea1500-RUN203_1d_grid_U_20180718-20180718.nc
SalishSea1500-RUN203_1d_grid_U_20180719-20180719.nc
SalishSea1500-RUN203_1d_grid_U_20180720-20180720.nc
SalishSea1500-RUN203_1d_grid_U_20180721-20180721.nc
SalishSea1500-RUN203_1d_grid_U_20180722-20180722.nc
SalishSea1500-RUN203_1d_grid_U_20180723-20180723.nc
SalishSea1500-RUN203_1d_grid_U_20180724-20180724.nc
SalishSea1500-RUN203_1d_grid_V_20180205-20180205.nc
SalishSea1500-RUN203_1d_grid_V_20180206-20180206.nc
SalishSea1500-RUN203_1d_grid_V_20180207-20180207.nc
SalishSea1500-RUN203_1d_grid_V_20180208-20180208.nc
SalishSea1500-RUN203_1d_grid_V_20180209-20180209.nc
SalishSea1500-RUN203_1d_grid_V_20180210-20180210.nc
SalishSea1500-RUN203_1d_grid_V_20180211-20180211.nc
SalishSea1500-RUN203_1d_grid_V_20180212-20180212.nc
SalishSea1500-RUN203_1d_grid_V_20180213-20180213.nc
SalishSea1500-RUN203_1d_grid_V_20180214-20180214.nc
SalishSea1500-RUN203_1d_grid_V_20180215-20180215.nc
SalishSea1500-RUN203_1d_grid_V_20180216-20180216.nc
SalishSea1500-RUN203_1d_grid_V_20180217-20180217.nc
SalishSea1500-RUN203_1d_grid_V_20180218-20180218.nc
SalishSea1500-RUN203_1d_grid_V_20180219-20180219.nc
SalishSea1500-RUN203_1d_grid_V_20180220-20180220.nc
SalishSea1500-RUN203_1d_grid_V_20180221-20180221.nc
SalishSea1500-RUN203_1d_grid_V_20180222-20180222.nc
SalishSea1500-RUN203_1d_grid_V_20180223-20180223.nc
SalishSea1500-RUN203_1d_grid_V_20180224-20180224.nc
SalishSea1500-RUN203_1d_grid_V_20180225-20180225.nc
SalishSea1500-RUN203_1d_grid_V_20180226-20180226.nc
SalishSea1500-RUN203_1d_grid_V_20180227-20180227.nc
SalishSea1500-RUN203_1d_grid_V_20180228-20180228.nc
SalishSea1500-RUN203_1d_grid_V_20180301-20180301.nc
SalishSea1500-RUN203_1d_grid_V_20180302-20180302.nc
SalishSea1500-RUN203_1d_grid_V_20180303-20180303.nc
SalishSea1500-RUN203_1d_grid_V_20180304-20180304.nc
SalishSea1500-RUN203_1d_grid_V_20180305-20180305.nc
SalishSea1500-RUN203_1d_grid_V_20180306-20180306.nc
SalishSea1500-RUN203_1d_grid_V_20180307-20180307.nc
SalishSea1500-RUN203_1d_grid_V_20180308-20180308.nc
SalishSea1500-RUN203_1d_grid_V_20180309-20180309.nc
SalishSea1500-RUN203_1d_grid_V_20180310-20180310.nc
SalishSea1500-RUN203_1d_grid_V_20180311-20180311.nc
SalishSea1500-RUN203_1d_grid_V_20180312-20180312.nc
SalishSea1500-RUN203_1d_grid_V_20180313-20180313.nc
SalishSea1500-RUN203_1d_grid_V_20180314-20180314.nc
SalishSea1500-RUN203_1d_grid_V_20180315-20180315.nc
SalishSea1500-RUN203_1d_grid_V_20180316-20180316.nc
SalishSea1500-RUN203_1d_grid_V_20180317-20180317.nc
SalishSea1500-RUN203_1d_grid_V_20180318-20180318.nc
SalishSea1500-RUN203_1d_grid_V_20180319-20180319.nc
SalishSea1500-RUN203_1d_grid_V_20180320-20180320.nc
SalishSea1500-RUN203_1d_grid_V_20180321-20180321.nc
SalishSea1500-RUN203_1d_grid_V_20180322-20180322.nc
SalishSea1500-RUN203_1d_grid_V_20180323-20180323.nc
SalishSea1500-RUN203_1d_grid_V_20180324-20180324.nc
SalishSea1500-RUN203_1d_grid_V_20180325-20180325.nc
SalishSea1500-RUN203_1d_grid_V_20180326-20180326.nc
SalishSea1500-RUN203_1d_grid_V_20180327-20180327.nc
SalishSea1500-RUN203_1d_grid_V_20180328-20180328.nc
SalishSea1500-RUN203_1d_grid_V_20180329-20180329.nc
SalishSea1500-RUN203_1d_grid_V_20180330-20180330.nc
SalishSea1500-RUN203_1d_grid_V_20180331-20180331.nc
SalishSea1500-RUN203_1d_grid_V_20180401-20180401.nc
SalishSea1500-RUN203_1d_grid_V_20180402-20180402.nc
SalishSea1500-RUN203_1d_grid_V_20180403-20180403.nc
SalishSea1500-RUN203_1d_grid_V_20180404-20180404.nc
SalishSea1500-RUN203_1d_grid_V_20180405-20180405.nc
SalishSea1500-RUN203_1d_grid_V_20180406-20180406.nc
SalishSea1500-RUN203_1d_grid_V_20180407-20180407.nc
SalishSea1500-RUN203_1d_grid_V_20180408-20180408.nc
SalishSea1500-RUN203_1d_grid_V_20180409-20180409.nc
SalishSea1500-RUN203_1d_grid_V_20180410-20180410.nc
SalishSea1500-RUN203_1d_grid_V_20180411-20180411.nc
SalishSea1500-RUN203_1d_grid_V_20180412-20180412.nc
SalishSea1500-RUN203_1d_grid_V_20180413-20180413.nc
SalishSea1500-RUN203_1d_grid_V_20180414-20180414.nc
SalishSea1500-RUN203_1d_grid_V_20180415-20180415.nc
SalishSea1500-RUN203_1d_grid_V_20180416-20180416.nc
SalishSea1500-RUN203_1d_grid_V_20180417-20180417.nc
SalishSea1500-RUN203_1d_grid_V_20180418-20180418.nc
SalishSea1500-RUN203_1d_grid_V_20180419-20180419.nc
SalishSea1500-RUN203_1d_grid_V_20180420-20180420.nc
SalishSea1500-RUN203_1d_grid_V_20180421-20180421.nc
SalishSea1500-RUN203_1d_grid_V_20180422-20180422.nc
SalishSea1500-RUN203_1d_grid_V_20180423-20180423.nc
SalishSea1500-RUN203_1d_grid_V_20180424-20180424.nc
SalishSea1500-RUN203_1d_grid_V_20180425-20180425.nc
SalishSea1500-RUN203_1d_grid_V_20180426-20180426.nc
SalishSea1500-RUN203_1d_grid_V_20180427-20180427.nc
SalishSea1500-RUN203_1d_grid_V_20180428-20180428.nc
SalishSea1500-RUN203_1d_grid_V_20180429-20180429.nc
SalishSea1500-RUN203_1d_grid_V_20180430-20180430.nc
SalishSea1500-RUN203_1d_grid_V_20180501-20180501.nc
SalishSea1500-RUN203_1d_grid_V_20180502-20180502.nc
SalishSea1500-RUN203_1d_grid_V_20180503-20180503.nc
SalishSea1500-RUN203_1d_grid_V_20180504-20180504.nc
SalishSea1500-RUN203_1d_grid_V_20180505-20180505.nc
SalishSea1500-RUN203_1d_grid_V_20180506-20180506.nc
SalishSea1500-RUN203_1d_grid_V_20180507-20180507.nc
SalishSea1500-RUN203_1d_grid_V_20180508-20180508.nc
SalishSea1500-RUN203_1d_grid_V_20180509-20180509.nc
SalishSea1500-RUN203_1d_grid_V_20180510-20180510.nc
SalishSea1500-RUN203_1d_grid_V_20180511-20180511.nc
SalishSea1500-RUN203_1d_grid_V_20180512-20180512.nc
SalishSea1500-RUN203_1d_grid_V_20180513-20180513.nc
SalishSea1500-RUN203_1d_grid_V_20180514-20180514.nc
SalishSea1500-RUN203_1d_grid_V_20180515-20180515.nc
SalishSea1500-RUN203_1d_grid_V_20180516-20180516.nc
SalishSea1500-RUN203_1d_grid_V_20180517-20180517.nc
SalishSea1500-RUN203_1d_grid_V_20180518-20180518.nc
SalishSea1500-RUN203_1d_grid_V_20180519-20180519.nc
SalishSea1500-RUN203_1d_grid_V_20180520-20180520.nc
SalishSea1500-RUN203_1d_grid_V_20180521-20180521.nc
SalishSea1500-RUN203_1d_grid_V_20180522-20180522.nc
SalishSea1500-RUN203_1d_grid_V_20180523-20180523.nc
SalishSea1500-RUN203_1d_grid_V_20180524-20180524.nc
SalishSea1500-RUN203_1d_grid_V_20180525-20180525.nc
SalishSea1500-RUN203_1d_grid_V_20180526-20180526.nc
SalishSea1500-RUN203_1d_grid_V_20180527-20180527.nc
SalishSea1500-RUN203_1d_grid_V_20180528-20180528.nc
SalishSea1500-RUN203_1d_grid_V_20180529-20180529.nc
SalishSea1500-RUN203_1d_grid_V_20180530-20180530.nc
SalishSea1500-RUN203_1d_grid_V_20180531-20180531.nc
SalishSea1500-RUN203_1d_grid_V_20180601-20180601.nc
SalishSea1500-RUN203_1d_grid_V_20180602-20180602.nc
SalishSea1500-RUN203_1d_grid_V_20180603-20180603.nc
SalishSea1500-RUN203_1d_grid_V_20180604-20180604.nc
SalishSea1500-RUN203_1d_grid_V_20180605-20180605.nc
SalishSea1500-RUN203_1d_grid_V_20180606-20180606.nc
SalishSea1500-RUN203_1d_grid_V_20180607-20180607.nc
SalishSea1500-RUN203_1d_grid_V_20180608-20180608.nc
SalishSea1500-RUN203_1d_grid_V_20180609-20180609.nc
SalishSea1500-RUN203_1d_grid_V_20180610-20180610.nc
SalishSea1500-RUN203_1d_grid_V_20180611-20180611.nc
SalishSea1500-RUN203_1d_grid_V_20180612-20180612.nc
SalishSea1500-RUN203_1d_grid_V_20180613-20180613.nc
SalishSea1500-RUN203_1d_grid_V_20180614-20180614.nc
SalishSea1500-RUN203_1d_grid_V_20180615-20180615.nc
SalishSea1500-RUN203_1d_grid_V_20180616-20180616.nc
SalishSea1500-RUN203_1d_grid_V_20180617-20180617.nc
SalishSea1500-RUN203_1d_grid_V_20180618-20180618.nc
SalishSea1500-RUN203_1d_grid_V_20180619-20180619.nc
SalishSea1500-RUN203_1d_grid_V_20180620-20180620.nc
SalishSea1500-RUN203_1d_grid_V_20180621-20180621.nc
SalishSea1500-RUN203_1d_grid_V_20180622-20180622.nc
SalishSea1500-RUN203_1d_grid_V_20180623-20180623.nc
SalishSea1500-RUN203_1d_grid_V_20180624-20180624.nc
SalishSea1500-RUN203_1d_grid_V_20180625-20180625.nc
SalishSea1500-RUN203_1d_grid_V_20180626-20180626.nc
SalishSea1500-RUN203_1d_grid_V_20180627-20180627.nc
SalishSea1500-RUN203_1d_grid_V_20180628-20180628.nc
SalishSea1500-RUN203_1d_grid_V_20180629-20180629.nc
SalishSea1500-RUN203_1d_grid_V_20180630-20180630.nc
SalishSea1500-RUN203_1d_grid_V_20180701-20180701.nc
SalishSea1500-RUN203_1d_grid_V_20180702-20180702.nc
SalishSea1500-RUN203_1d_grid_V_20180703-20180703.nc
SalishSea1500-RUN203_1d_grid_V_20180704-20180704.nc
SalishSea1500-RUN203_1d_grid_V_20180705-20180705.nc
SalishSea1500-RUN203_1d_grid_V_20180706-20180706.nc
SalishSea1500-RUN203_1d_grid_V_20180707-20180707.nc
SalishSea1500-RUN203_1d_grid_V_20180708-20180708.nc
SalishSea1500-RUN203_1d_grid_V_20180709-20180709.nc
SalishSea1500-RUN203_1d_grid_V_20180710-20180710.nc
SalishSea1500-RUN203_1d_grid_V_20180711-20180711.nc
SalishSea1500-RUN203_1d_grid_V_20180712-20180712.nc
SalishSea1500-RUN203_1d_grid_V_20180713-20180713.nc
SalishSea1500-RUN203_1d_grid_V_20180714-20180714.nc
SalishSea1500-RUN203_1d_grid_V_20180715-20180715.nc
SalishSea1500-RUN203_1d_grid_V_20180716-20180716.nc
SalishSea1500-RUN203_1d_grid_V_20180717-20180717.nc
SalishSea1500-RUN203_1d_grid_V_20180718-20180718.nc
SalishSea1500-RUN203_1d_grid_V_20180719-20180719.nc
SalishSea1500-RUN203_1d_grid_V_20180720-20180720.nc
SalishSea1500-RUN203_1d_grid_V_20180721-20180721.nc
SalishSea1500-RUN203_1d_grid_V_20180722-20180722.nc
SalishSea1500-RUN203_1d_grid_V_20180723-20180723.nc
SalishSea1500-RUN203_1d_grid_V_20180724-20180724.nc
SalishSea1500-RUN203_1d_grid_W_20180205-20180205.nc
SalishSea1500-RUN203_1d_grid_W_20180206-20180206.nc
SalishSea1500-RUN203_1d_grid_W_20180207-20180207.nc
SalishSea1500-RUN203_1d_grid_W_20180208-20180208.nc
SalishSea1500-RUN203_1d_grid_W_20180209-20180209.nc
SalishSea1500-RUN203_1d_grid_W_20180210-20180210.nc
SalishSea1500-RUN203_1d_grid_W_20180211-20180211.nc
SalishSea1500-RUN203_1d_grid_W_20180212-20180212.nc
SalishSea1500-RUN203_1d_grid_W_20180213-20180213.nc
SalishSea1500-RUN203_1d_grid_W_20180214-20180214.nc
SalishSea1500-RUN203_1d_grid_W_20180215-20180215.nc
SalishSea1500-RUN203_1d_grid_W_20180216-20180216.nc
SalishSea1500-RUN203_1d_grid_W_20180217-20180217.nc
SalishSea1500-RUN203_1d_grid_W_20180218-20180218.nc
SalishSea1500-RUN203_1d_grid_W_20180219-20180219.nc
SalishSea1500-RUN203_1d_grid_W_20180220-20180220.nc
SalishSea1500-RUN203_1d_grid_W_20180221-20180221.nc
SalishSea1500-RUN203_1d_grid_W_20180222-20180222.nc
SalishSea1500-RUN203_1d_grid_W_20180223-20180223.nc
SalishSea1500-RUN203_1d_grid_W_20180224-20180224.nc
SalishSea1500-RUN203_1d_grid_W_20180225-20180225.nc
SalishSea1500-RUN203_1d_grid_W_20180226-20180226.nc
SalishSea1500-RUN203_1d_grid_W_20180227-20180227.nc
SalishSea1500-RUN203_1d_grid_W_20180228-20180228.nc
SalishSea1500-RUN203_1d_grid_W_20180301-20180301.nc
SalishSea1500-RUN203_1d_grid_W_20180302-20180302.nc
SalishSea1500-RUN203_1d_grid_W_20180303-20180303.nc
SalishSea1500-RUN203_1d_grid_W_20180304-20180304.nc
SalishSea1500-RUN203_1d_grid_W_20180305-20180305.nc
SalishSea1500-RUN203_1d_grid_W_20180306-20180306.nc
SalishSea1500-RUN203_1d_grid_W_20180307-20180307.nc
SalishSea1500-RUN203_1d_grid_W_20180308-20180308.nc
SalishSea1500-RUN203_1d_grid_W_20180309-20180309.nc
SalishSea1500-RUN203_1d_grid_W_20180310-20180310.nc
SalishSea1500-RUN203_1d_grid_W_20180311-20180311.nc
SalishSea1500-RUN203_1d_grid_W_20180312-20180312.nc
SalishSea1500-RUN203_1d_grid_W_20180313-20180313.nc
SalishSea1500-RUN203_1d_grid_W_20180314-20180314.nc
SalishSea1500-RUN203_1d_grid_W_20180315-20180315.nc
SalishSea1500-RUN203_1d_grid_W_20180316-20180316.nc
SalishSea1500-RUN203_1d_grid_W_20180317-20180317.nc
SalishSea1500-RUN203_1d_grid_W_20180318-20180318.nc
SalishSea1500-RUN203_1d_grid_W_20180319-20180319.nc
SalishSea1500-RUN203_1d_grid_W_20180320-20180320.nc
SalishSea1500-RUN203_1d_grid_W_20180321-20180321.nc
SalishSea1500-RUN203_1d_grid_W_20180322-20180322.nc
SalishSea1500-RUN203_1d_grid_W_20180323-20180323.nc
SalishSea1500-RUN203_1d_grid_W_20180324-20180324.nc
SalishSea1500-RUN203_1d_grid_W_20180325-20180325.nc
SalishSea1500-RUN203_1d_grid_W_20180326-20180326.nc
SalishSea1500-RUN203_1d_grid_W_20180327-20180327.nc
SalishSea1500-RUN203_1d_grid_W_20180328-20180328.nc
SalishSea1500-RUN203_1d_grid_W_20180329-20180329.nc
SalishSea1500-RUN203_1d_grid_W_20180330-20180330.nc
SalishSea1500-RUN203_1d_grid_W_20180331-20180331.nc
SalishSea1500-RUN203_1d_grid_W_20180401-20180401.nc
SalishSea1500-RUN203_1d_grid_W_20180402-20180402.nc
SalishSea1500-RUN203_1d_grid_W_20180403-20180403.nc
SalishSea1500-RUN203_1d_grid_W_20180404-20180404.nc
SalishSea1500-RUN203_1d_grid_W_20180405-20180405.nc
SalishSea1500-RUN203_1d_grid_W_20180406-20180406.nc
SalishSea1500-RUN203_1d_grid_W_20180407-20180407.nc
SalishSea1500-RUN203_1d_grid_W_20180408-20180408.nc
SalishSea1500-RUN203_1d_grid_W_20180409-20180409.nc
SalishSea1500-RUN203_1d_grid_W_20180410-20180410.nc
SalishSea1500-RUN203_1d_grid_W_20180411-20180411.nc
SalishSea1500-RUN203_1d_grid_W_20180412-20180412.nc
SalishSea1500-RUN203_1d_grid_W_20180413-20180413.nc
SalishSea1500-RUN203_1d_grid_W_20180414-20180414.nc
SalishSea1500-RUN203_1d_grid_W_20180415-20180415.nc
SalishSea1500-RUN203_1d_grid_W_20180416-20180416.nc
SalishSea1500-RUN203_1d_grid_W_20180417-20180417.nc
SalishSea1500-RUN203_1d_grid_W_20180418-20180418.nc
SalishSea1500-RUN203_1d_grid_W_20180419-20180419.nc
SalishSea1500-RUN203_1d_grid_W_20180420-20180420.nc
SalishSea1500-RUN203_1d_grid_W_20180421-20180421.nc
SalishSea1500-RUN203_1d_grid_W_20180422-20180422.nc
SalishSea1500-RUN203_1d_grid_W_20180423-20180423.nc
SalishSea1500-RUN203_1d_grid_W_20180424-20180424.nc
SalishSea1500-RUN203_1d_grid_W_20180425-20180425.nc
SalishSea1500-RUN203_1d_grid_W_20180426-20180426.nc
SalishSea1500-RUN203_1d_grid_W_20180427-20180427.nc
SalishSea1500-RUN203_1d_grid_W_20180428-20180428.nc
SalishSea1500-RUN203_1d_grid_W_20180429-20180429.nc
SalishSea1500-RUN203_1d_grid_W_20180430-20180430.nc
SalishSea1500-RUN203_1d_grid_W_20180501-20180501.nc
SalishSea1500-RUN203_1d_grid_W_20180502-20180502.nc
SalishSea1500-RUN203_1d_grid_W_20180503-20180503.nc
SalishSea1500-RUN203_1d_grid_W_20180504-20180504.nc
SalishSea1500-RUN203_1d_grid_W_20180505-20180505.nc
SalishSea1500-RUN203_1d_grid_W_20180506-20180506.nc
SalishSea1500-RUN203_1d_grid_W_20180507-20180507.nc
SalishSea1500-RUN203_1d_grid_W_20180508-20180508.nc
SalishSea1500-RUN203_1d_grid_W_20180509-20180509.nc
SalishSea1500-RUN203_1d_grid_W_20180510-20180510.nc
SalishSea1500-RUN203_1d_grid_W_20180511-20180511.nc
SalishSea1500-RUN203_1d_grid_W_20180512-20180512.nc
SalishSea1500-RUN203_1d_grid_W_20180513-20180513.nc
SalishSea1500-RUN203_1d_grid_W_20180514-20180514.nc
SalishSea1500-RUN203_1d_grid_W_20180515-20180515.nc
SalishSea1500-RUN203_1d_grid_W_20180516-20180516.nc
SalishSea1500-RUN203_1d_grid_W_20180517-20180517.nc
SalishSea1500-RUN203_1d_grid_W_20180518-20180518.nc
SalishSea1500-RUN203_1d_grid_W_20180519-20180519.nc
SalishSea1500-RUN203_1d_grid_W_20180520-20180520.nc
SalishSea1500-RUN203_1d_grid_W_20180521-20180521.nc
SalishSea1500-RUN203_1d_grid_W_20180522-20180522.nc
SalishSea1500-RUN203_1d_grid_W_20180523-20180523.nc
SalishSea1500-RUN203_1d_grid_W_20180524-20180524.nc
SalishSea1500-RUN203_1d_grid_W_20180525-20180525.nc
SalishSea1500-RUN203_1d_grid_W_20180526-20180526.nc
SalishSea1500-RUN203_1d_grid_W_20180527-20180527.nc
SalishSea1500-RUN203_1d_grid_W_20180528-20180528.nc
SalishSea1500-RUN203_1d_grid_W_20180529-20180529.nc
SalishSea1500-RUN203_1d_grid_W_20180530-20180530.nc
SalishSea1500-RUN203_1d_grid_W_20180531-20180531.nc
SalishSea1500-RUN203_1d_grid_W_20180601-20180601.nc
SalishSea1500-RUN203_1d_grid_W_20180602-20180602.nc
SalishSea1500-RUN203_1d_grid_W_20180603-20180603.nc
SalishSea1500-RUN203_1d_grid_W_20180604-20180604.nc
SalishSea1500-RUN203_1d_grid_W_20180605-20180605.nc
SalishSea1500-RUN203_1d_grid_W_20180606-20180606.nc
SalishSea1500-RUN203_1d_grid_W_20180607-20180607.nc
SalishSea1500-RUN203_1d_grid_W_20180608-20180608.nc
SalishSea1500-RUN203_1d_grid_W_20180609-20180609.nc
SalishSea1500-RUN203_1d_grid_W_20180610-20180610.nc
SalishSea1500-RUN203_1d_grid_W_20180611-20180611.nc
SalishSea1500-RUN203_1d_grid_W_20180612-20180612.nc
SalishSea1500-RUN203_1d_grid_W_20180613-20180613.nc
SalishSea1500-RUN203_1d_grid_W_20180614-20180614.nc
SalishSea1500-RUN203_1d_grid_W_20180615-20180615.nc
SalishSea1500-RUN203_1d_grid_W_20180616-20180616.nc
SalishSea1500-RUN203_1d_grid_W_20180617-20180617.nc
SalishSea1500-RUN203_1d_grid_W_20180618-20180618.nc
SalishSea1500-RUN203_1d_grid_W_20180619-20180619.nc
SalishSea1500-RUN203_1d_grid_W_20180620-20180620.nc
SalishSea1500-RUN203_1d_grid_W_20180621-20180621.nc
SalishSea1500-RUN203_1d_grid_W_20180622-20180622.nc
SalishSea1500-RUN203_1d_grid_W_20180623-20180623.nc
SalishSea1500-RUN203_1d_grid_W_20180624-20180624.nc
SalishSea1500-RUN203_1d_grid_W_20180625-20180625.nc
SalishSea1500-RUN203_1d_grid_W_20180626-20180626.nc
SalishSea1500-RUN203_1d_grid_W_20180627-20180627.nc
SalishSea1500-RUN203_1d_grid_W_20180628-20180628.nc
SalishSea1500-RUN203_1d_grid_W_20180629-20180629.nc
SalishSea1500-RUN203_1d_grid_W_20180630-20180630.nc
SalishSea1500-RUN203_1d_grid_W_20180701-20180701.nc
SalishSea1500-RUN203_1d_grid_W_20180702-20180702.nc
SalishSea1500-RUN203_1d_grid_W_20180703-20180703.nc
SalishSea1500-RUN203_1d_grid_W_20180704-20180704.nc
SalishSea1500-RUN203_1d_grid_W_20180705-20180705.nc
SalishSea1500-RUN203_1d_grid_W_20180706-20180706.nc
SalishSea1500-RUN203_1d_grid_W_20180707-20180707.nc
SalishSea1500-RUN203_1d_grid_W_20180708-20180708.nc
SalishSea1500-RUN203_1d_grid_W_20180709-20180709.nc
SalishSea1500-RUN203_1d_grid_W_20180710-20180710.nc
SalishSea1500-RUN203_1d_grid_W_20180711-20180711.nc
SalishSea1500-RUN203_1d_grid_W_20180712-20180712.nc
SalishSea1500-RUN203_1d_grid_W_20180713-20180713.nc
SalishSea1500-RUN203_1d_grid_W_20180714-20180714.nc
SalishSea1500-RUN203_1d_grid_W_20180715-20180715.nc
SalishSea1500-RUN203_1d_grid_W_20180716-20180716.nc
SalishSea1500-RUN203_1d_grid_W_20180717-20180717.nc
SalishSea1500-RUN203_1d_grid_W_20180718-20180718.nc
SalishSea1500-RUN203_1d_grid_W_20180719-20180719.nc
SalishSea1500-RUN203_1d_grid_W_20180720-20180720.nc
SalishSea1500-RUN203_1d_grid_W_20180721-20180721.nc
SalishSea1500-RUN203_1d_grid_W_20180722-20180722.nc
SalishSea1500-RUN203_1d_grid_W_20180723-20180723.nc
SalishSea1500-RUN203_1d_grid_W_20180724-20180724.nc
SalishSea1500-RUN203_1h_grid_T_20180205-20180205.nc
SalishSea1500-RUN203_1h_grid_T_20180206-20180206.nc
SalishSea1500-RUN203_1h_grid_T_20180207-20180207.nc
SalishSea1500-RUN203_1h_grid_T_20180208-20180208.nc
SalishSea1500-RUN203_1h_grid_T_20180209-20180209.nc
SalishSea1500-RUN203_1h_grid_T_20180210-20180210.nc
SalishSea1500-RUN203_1h_grid_T_20180211-20180211.nc
SalishSea1500-RUN203_1h_grid_T_20180212-20180212.nc
SalishSea1500-RUN203_1h_grid_T_20180213-20180213.nc
SalishSea1500-RUN203_1h_grid_T_20180214-20180214.nc
SalishSea1500-RUN203_1h_grid_T_20180215-20180215.nc
SalishSea1500-RUN203_1h_grid_T_20180216-20180216.nc
SalishSea1500-RUN203_1h_grid_T_20180217-20180217.nc
SalishSea1500-RUN203_1h_grid_T_20180218-20180218.nc
SalishSea1500-RUN203_1h_grid_T_20180219-20180219.nc
SalishSea1500-RUN203_1h_grid_T_20180220-20180220.nc
SalishSea1500-RUN203_1h_grid_T_20180221-20180221.nc
SalishSea1500-RUN203_1h_grid_T_20180222-20180222.nc
SalishSea1500-RUN203_1h_grid_T_20180223-20180223.nc
SalishSea1500-RUN203_1h_grid_T_20180224-20180224.nc
SalishSea1500-RUN203_1h_grid_T_20180225-20180225.nc
SalishSea1500-RUN203_1h_grid_T_20180226-20180226.nc
SalishSea1500-RUN203_1h_grid_T_20180227-20180227.nc
SalishSea1500-RUN203_1h_grid_T_20180228-20180228.nc
SalishSea1500-RUN203_1h_grid_T_20180301-20180301.nc
SalishSea1500-RUN203_1h_grid_T_20180302-20180302.nc
SalishSea1500-RUN203_1h_grid_T_20180303-20180303.nc
SalishSea1500-RUN203_1h_grid_T_20180304-20180304.nc
SalishSea1500-RUN203_1h_grid_T_20180305-20180305.nc
SalishSea1500-RUN203_1h_grid_T_20180306-20180306.nc
SalishSea1500-RUN203_1h_grid_T_20180307-20180307.nc
SalishSea1500-RUN203_1h_grid_T_20180308-20180308.nc
SalishSea1500-RUN203_1h_grid_T_20180309-20180309.nc
SalishSea1500-RUN203_1h_grid_T_20180310-20180310.nc
SalishSea1500-RUN203_1h_grid_T_20180311-20180311.nc
SalishSea1500-RUN203_1h_grid_T_20180312-20180312.nc
SalishSea1500-RUN203_1h_grid_T_20180313-20180313.nc
SalishSea1500-RUN203_1h_grid_T_20180314-20180314.nc
SalishSea1500-RUN203_1h_grid_T_20180315-20180315.nc
SalishSea1500-RUN203_1h_grid_T_20180316-20180316.nc
SalishSea1500-RUN203_1h_grid_T_20180317-20180317.nc
SalishSea1500-RUN203_1h_grid_T_20180318-20180318.nc
SalishSea1500-RUN203_1h_grid_T_20180319-20180319.nc
SalishSea1500-RUN203_1h_grid_T_20180320-20180320.nc
SalishSea1500-RUN203_1h_grid_T_20180321-20180321.nc
SalishSea1500-RUN203_1h_grid_T_20180322-20180322.nc
SalishSea1500-RUN203_1h_grid_T_20180323-20180323.nc
SalishSea1500-RUN203_1h_grid_T_20180324-20180324.nc
SalishSea1500-RUN203_1h_grid_T_20180325-20180325.nc
SalishSea1500-RUN203_1h_grid_T_20180326-20180326.nc
SalishSea1500-RUN203_1h_grid_T_20180327-20180327.nc
SalishSea1500-RUN203_1h_grid_T_20180328-20180328.nc
SalishSea1500-RUN203_1h_grid_T_20180329-20180329.nc
SalishSea1500-RUN203_1h_grid_T_20180330-20180330.nc
SalishSea1500-RUN203_1h_grid_T_20180331-20180331.nc
SalishSea1500-RUN203_1h_grid_T_20180401-20180401.nc
SalishSea1500-RUN203_1h_grid_T_20180402-20180402.nc
SalishSea1500-RUN203_1h_grid_T_20180403-20180403.nc
SalishSea1500-RUN203_1h_grid_T_20180404-20180404.nc
SalishSea1500-RUN203_1h_grid_T_20180405-20180405.nc
SalishSea1500-RUN203_1h_grid_T_20180406-20180406.nc
SalishSea1500-RUN203_1h_grid_T_20180407-20180407.nc
SalishSea1500-RUN203_1h_grid_T_20180408-20180408.nc
SalishSea1500-RUN203_1h_grid_T_20180409-20180409.nc
SalishSea1500-RUN203_1h_grid_T_20180410-20180410.nc
SalishSea1500-RUN203_1h_grid_T_20180411-20180411.nc
SalishSea1500-RUN203_1h_grid_T_20180412-20180412.nc
SalishSea1500-RUN203_1h_grid_T_20180413-20180413.nc
SalishSea1500-RUN203_1h_grid_T_20180414-20180414.nc
SalishSea1500-RUN203_1h_grid_T_20180415-20180415.nc
SalishSea1500-RUN203_1h_grid_T_20180416-20180416.nc
SalishSea1500-RUN203_1h_grid_T_20180417-20180417.nc
SalishSea1500-RUN203_1h_grid_T_20180418-20180418.nc
SalishSea1500-RUN203_1h_grid_T_20180419-20180419.nc
SalishSea1500-RUN203_1h_grid_T_20180420-20180420.nc
SalishSea1500-RUN203_1h_grid_T_20180421-20180421.nc
SalishSea1500-RUN203_1h_grid_T_20180422-20180422.nc
SalishSea1500-RUN203_1h_grid_T_20180423-20180423.nc
SalishSea1500-RUN203_1h_grid_T_20180424-20180424.nc
SalishSea1500-RUN203_1h_grid_T_20180425-20180425.nc
SalishSea1500-RUN203_1h_grid_T_20180426-20180426.nc
SalishSea1500-RUN203_1h_grid_T_20180427-20180427.nc
SalishSea1500-RUN203_1h_grid_T_20180428-20180428.nc
SalishSea1500-RUN203_1h_grid_T_20180429-20180429.nc
SalishSea1500-RUN203_1h_grid_T_20180430-20180430.nc
SalishSea1500-RUN203_1h_grid_T_20180501-20180501.nc
SalishSea1500-RUN203_1h_grid_T_20180502-20180502.nc
SalishSea1500-RUN203_1h_grid_T_20180503-20180503.nc
SalishSea1500-RUN203_1h_grid_T_20180504-20180504.nc
SalishSea1500-RUN203_1h_grid_T_20180505-20180505.nc
SalishSea1500-RUN203_1h_grid_T_20180506-20180506.nc
SalishSea1500-RUN203_1h_grid_T_20180507-20180507.nc
SalishSea1500-RUN203_1h_grid_T_20180508-20180508.nc
SalishSea1500-RUN203_1h_grid_T_20180509-20180509.nc
SalishSea1500-RUN203_1h_grid_T_20180510-20180510.nc
SalishSea1500-RUN203_1h_grid_T_20180511-20180511.nc
SalishSea1500-RUN203_1h_grid_T_20180512-20180512.nc
SalishSea1500-RUN203_1h_grid_T_20180513-20180513.nc
SalishSea1500-RUN203_1h_grid_T_20180514-20180514.nc
SalishSea1500-RUN203_1h_grid_T_20180515-20180515.nc
SalishSea1500-RUN203_1h_grid_T_20180516-20180516.nc
SalishSea1500-RUN203_1h_grid_T_20180517-20180517.nc
SalishSea1500-RUN203_1h_grid_T_20180518-20180518.nc
SalishSea1500-RUN203_1h_grid_T_20180519-20180519.nc
SalishSea1500-RUN203_1h_grid_T_20180520-20180520.nc
SalishSea1500-RUN203_1h_grid_T_20180521-20180521.nc
SalishSea1500-RUN203_1h_grid_T_20180522-20180522.nc
SalishSea1500-RUN203_1h_grid_T_20180523-20180523.nc
SalishSea1500-RUN203_1h_grid_T_20180524-20180524.nc
SalishSea1500-RUN203_1h_grid_T_20180525-20180525.nc
SalishSea1500-RUN203_1h_grid_T_20180526-20180526.nc
SalishSea1500-RUN203_1h_grid_T_20180527-20180527.nc
SalishSea1500-RUN203_1h_grid_T_20180528-20180528.nc
SalishSea1500-RUN203_1h_grid_T_20180529-20180529.nc
SalishSea1500-RUN203_1h_grid_T_20180530-20180530.nc
SalishSea1500-RUN203_1h_grid_T_20180531-20180531.nc
SalishSea1500-RUN203_1h_grid_T_20180601-20180601.nc
SalishSea1500-RUN203_1h_grid_T_20180602-20180602.nc
SalishSea1500-RUN203_1h_grid_T_20180603-20180603.nc
SalishSea1500-RUN203_1h_grid_T_20180604-20180604.nc
SalishSea1500-RUN203_1h_grid_T_20180605-20180605.nc
SalishSea1500-RUN203_1h_grid_T_20180606-20180606.nc
SalishSea1500-RUN203_1h_grid_T_20180607-20180607.nc
SalishSea1500-RUN203_1h_grid_T_20180608-20180608.nc
SalishSea1500-RUN203_1h_grid_T_20180609-20180609.nc
SalishSea1500-RUN203_1h_grid_T_20180610-20180610.nc
SalishSea1500-RUN203_1h_grid_T_20180611-20180611.nc
SalishSea1500-RUN203_1h_grid_T_20180612-20180612.nc
SalishSea1500-RUN203_1h_grid_T_20180613-20180613.nc
SalishSea1500-RUN203_1h_grid_T_20180614-20180614.nc
SalishSea1500-RUN203_1h_grid_T_20180615-20180615.nc
SalishSea1500-RUN203_1h_grid_T_20180616-20180616.nc
SalishSea1500-RUN203_1h_grid_T_20180617-20180617.nc
SalishSea1500-RUN203_1h_grid_T_20180618-20180618.nc
SalishSea1500-RUN203_1h_grid_T_20180619-20180619.nc
SalishSea1500-RUN203_1h_grid_T_20180620-20180620.nc
SalishSea1500-RUN203_1h_grid_T_20180621-20180621.nc
SalishSea1500-RUN203_1h_grid_T_20180622-20180622.nc
SalishSea1500-RUN203_1h_grid_T_20180623-20180623.nc
SalishSea1500-RUN203_1h_grid_T_20180624-20180624.nc
SalishSea1500-RUN203_1h_grid_T_20180625-20180625.nc
SalishSea1500-RUN203_1h_grid_T_20180626-20180626.nc
SalishSea1500-RUN203_1h_grid_T_20180627-20180627.nc
SalishSea1500-RUN203_1h_grid_T_20180628-20180628.nc
SalishSea1500-RUN203_1h_grid_T_20180629-20180629.nc
SalishSea1500-RUN203_1h_grid_T_20180630-20180630.nc
SalishSea1500-RUN203_1h_grid_T_20180701-20180701.nc
SalishSea1500-RUN203_1h_grid_T_20180702-20180702.nc
SalishSea1500-RUN203_1h_grid_T_20180703-20180703.nc
SalishSea1500-RUN203_1h_grid_T_20180704-20180704.nc
SalishSea1500-RUN203_1h_grid_T_20180705-20180705.nc
SalishSea1500-RUN203_1h_grid_T_20180706-20180706.nc
SalishSea1500-RUN203_1h_grid_T_20180707-20180707.nc
SalishSea1500-RUN203_1h_grid_T_20180708-20180708.nc
SalishSea1500-RUN203_1h_grid_T_20180709-20180709.nc
SalishSea1500-RUN203_1h_grid_T_20180710-20180710.nc
SalishSea1500-RUN203_1h_grid_T_20180711-20180711.nc
SalishSea1500-RUN203_1h_grid_T_20180712-20180712.nc
SalishSea1500-RUN203_1h_grid_T_20180713-20180713.nc
SalishSea1500-RUN203_1h_grid_T_20180714-20180714.nc
SalishSea1500-RUN203_1h_grid_T_20180715-20180715.nc
SalishSea1500-RUN203_1h_grid_T_20180716-20180716.nc
SalishSea1500-RUN203_1h_grid_T_20180717-20180717.nc
SalishSea1500-RUN203_1h_grid_T_20180718-20180718.nc
SalishSea1500-RUN203_1h_grid_T_20180719-20180719.nc
SalishSea1500-RUN203_1h_grid_T_20180720-20180720.nc
SalishSea1500-RUN203_1h_grid_T_20180721-20180721.nc
SalishSea1500-RUN203_1h_grid_T_20180722-20180722.nc
SalishSea1500-RUN203_1h_grid_T_20180723-20180723.nc
SalishSea1500-RUN203_1h_grid_T_20180724-20180724.nc
SalishSea1500-RUN203_1h_grid_T_2D_20180205-20180205.nc
SalishSea1500-RUN203_1h_grid_T_2D_20180206-20180206.nc
SalishSea1500-RUN203_1h_grid_T_2D_20180207-20180207.nc
/var/spool/slurmd/job63136951/slurm_script: line 95: 29086: Killed
sending incremental file list
SalishSea1500-RUN203_10404000_restart.nc

sent 283,294,416 bytes  received 35 bytes  8,211,433.36 bytes/sec
total size is 283,225,144  speedup is 1.00
Automatic resubmit for job 086
+ . ./environment.ksh
+ set -ax
+ MACHINE=gpsc4
+ CONTAINER=dfo/dfo_all_default_ubuntu-18.04-amd64_latest
+ PROJECT=rrg-nereusvc
+ TIMELIMIT=09:00:00
+ TIMELIMIT_PP=12:00:00
+ MEMLIMIT=3900M
+ QUEUE=dev
+ JPNI=5
+ JPNJ=19
+ NBPROC=95
+ NBPROC_XIO=1
+ expr 95 + 1
+ TOTPROC=96
+ MAXSUB=86
+ NDATEDEB=19790101
+ PASDETEMPS=120
+ NNBARO=20
+ NNSTOCK=122400
+ SPLIT_FREQ=170
+ MESHRUN=no
+ RESTART=no
+ CONF_NAME=SalishSea1500
+ CONF_NBR=RUN203
+ CONFIG=SalishSea1500-RUN203
+ SEAICE_MODULE=NONE
+ ATMOS_DATA=NONE
+ OBC_ACTIVE=no
+ TIDE_ACTIVE=no
+ TIDE_2Dfile=no
+ RIVER_ACTIVE=no
+ DIR_CALCU_EXE=/home/mdunphy/project/mdunphy/Software/NEMO36OPP/NEMOGCM/CONFIG/SalishSea1500/BLD/bin
+ DIR_CALCU_SHR=/home/mdunphy/project/mdunphy/Software/NEMO36OPP/NEMOGCM/CONFIG/SHARED
+ DIR_CALCU_RBL=/home/mdunphy/project/mdunphy/Software/NEMO36OPP/NEMOGCM/TOOLS/REBUILD_NEMO
+ DIR_CALCU_XIO=/home/mdunphy/project/mdunphy/Software/XIOS/bin
+ DIR_CALCU_CTL=/home/mdunphy/project/mdunphy/control/SalishSea1500-RUN203
+ DIR_CALCU_UTL=/home/mdunphy/bin
+ DIR_ARCHI_FORC=/home/mdunphy/project/mdunphy/Forcing/grid
+ DIR_ARCHI_ATMOS=/home/mdunphy/project/mdunphy/Forcing/OPPwestSS
+ DIR_ARCHI_INPUT=/home/mdunphy/project/mdunphy/Forcing/grid
+ DIR_ARCHI_CLIM=/unused
+ DIR_ARCHI_OBC=/unused
+ DIR_ARCHI_OBCN=/unused
+ DIR_ARCHI_TIDE=/unused
+ DIR_ARCHI_HOME=/home/mdunphy/project/mdunphy/nemo_results/SalishSea1500/SalishSea1500-RUN203
+ DIR_ARCHI_CDF=/home/mdunphy/project/mdunphy/nemo_results/SalishSea1500/SalishSea1500-RUN203/CDF
+ DIR_ARCHI_LOG=/home/mdunphy/project/mdunphy/nemo_results/SalishSea1500/SalishSea1500-RUN203/LOG
+ DIR_ARCHI_RST=/home/mdunphy/project/mdunphy/nemo_results/SalishSea1500/SalishSea1500-RUN203/RST
+ [ ! -d /home/mdunphy/project/mdunphy/nemo_results/SalishSea1500/SalishSea1500-RUN203 ]
+ [ ! -d /home/mdunphy/project/mdunphy/nemo_results/SalishSea1500/SalishSea1500-RUN203/RST ]
+ [ ! -d /home/mdunphy/project/mdunphy/nemo_results/SalishSea1500/SalishSea1500-RUN203/CDF ]
+ [ ! -d /home/mdunphy/project/mdunphy/nemo_results/SalishSea1500/SalishSea1500-RUN203/LOG ]
+ DIR_TMP_HOME=/home/mdunphy/scratch/nemo_temp/SalishSea1500/SalishSea1500-RUN203
+ DIR_TMP_RST=/home/mdunphy/scratch/nemo_temp/SalishSea1500/SalishSea1500-RUN203/RST
+ DIR_TMP_CDF=/home/mdunphy/scratch/nemo_temp/SalishSea1500/SalishSea1500-RUN203/CDF
+ DIR_TMP_LOG=/home/mdunphy/scratch/nemo_temp/SalishSea1500/SalishSea1500-RUN203/LOG
+ DIR_TMP_RUN=/home/mdunphy/scratch/nemo_temp/SalishSea1500/SalishSea1500-RUN203/RUN
+ DIR_TMP_ATM=/home/mdunphy/scratch/nemo_temp/SalishSea1500/SalishSea1500-RUN203/RUN/ATMDATA
+ DIR_TMP_OBC=/home/mdunphy/scratch/nemo_temp/SalishSea1500/SalishSea1500-RUN203/RUN/BDY
+ DIR_TMP_RVR=/home/mdunphy/scratch/nemo_temp/SalishSea1500/SalishSea1500-RUN203/RUN/RIVER
+ [ ! -d /home/mdunphy/scratch/nemo_temp/SalishSea1500/SalishSea1500-RUN203 ]
+ [ ! -d /home/mdunphy/scratch/nemo_temp/SalishSea1500/SalishSea1500-RUN203/RST ]
+ [ ! -d /home/mdunphy/scratch/nemo_temp/SalishSea1500/SalishSea1500-RUN203/CDF ]
+ [ ! -d /home/mdunphy/scratch/nemo_temp/SalishSea1500/SalishSea1500-RUN203/LOG ]
+ [ ! -d /home/mdunphy/scratch/nemo_temp/SalishSea1500/SalishSea1500-RUN203/RUN ]
+ EXEC_NAME=nemo.exe
+ BATMET_FIL=bathy_salishsea_1500m_20210706.nc
+ COORD_FIL=coordinates_salishsea_1500m.nc
+ BATLE_FIL=''
+ BFRI_FIL=''
+ SHLAT_FIL=''
+ TEMP_FIL=''
+ SAL_FIL=''
+ U_FIL=''
+ V_FIL=''
+ SSH_FIL=''
+ RUNOFF_FIL=''
+ RUNOFF_TEMP_FIL=''
+ RUNOFF_MASK_FIL=''
+ CHLA_FIL=''
+ RGB_FIL=''
+ INITICE_FIL=''
+ CICE_GRID=''
+ compo_list=M2
+ TIDE_PREF=''
+ TIDEH_FIL=''
+ TIDEU_FIL=''
+ TIDEV_FIL=''
+ TMX_K1=''
+ TMX_M2=''
+ TMX_MASK=''
+ TMX_MASK=''
+ DUST_FIL=''
+ RIVER_FIL=''
+ obc_list=''
+ obcpref2D=''
+ obcsuf2D=''
+ obcprefNorth=''
+ WEIGHTS_FIL=weights_bilin_OPPwestSS.nc
+ RESTART_FILE=/home/mdunphy/MEOPAR/forcing/restart/hindcast.201812/31dec15/SalishSea_01682640_restart.nc

Configuration name : SalishSea1500-RUN203
Number of procs : 95

Initialisation from climatology or analytical profiles


home : /home/mdunphy

CALCU directories :
~~~~~~~~~~~~~~~~~~~~~~~~~~~~
/home/mdunphy/project/mdunphy/Software/NEMO36OPP/NEMOGCM/CONFIG/SalishSea1500/BLD/bin : directory where is the NEMO executable
/home/mdunphy/project/mdunphy/Software/NEMO36OPP/NEMOGCM/CONFIG/SHARED : directory where is the shared files
/home/mdunphy/project/mdunphy/Software/XIOS/bin : directory where is the XIOS server
/home/mdunphy/project/mdunphy/control/SalishSea1500-RUN203 : directory where are control files of the run
/home/mdunphy/bin : directory where to find utilities

MACHINEARCHI directories :
~~~~~~~~~~~~~~~~~~~~~~~~~~~~
/home/mdunphy/project/mdunphy/Forcing/OPPwestSS : directory to stock the atmos forcing fields
/home/mdunphy/project/mdunphy/Forcing/grid : directory for the input files
/unused : directory for the climatology files
/unused : directory for the obc files
/home/mdunphy/project/mdunphy/nemo_results/SalishSea1500/SalishSea1500-RUN203 : directory to stock the results
/home/mdunphy/project/mdunphy/nemo_results/SalishSea1500/SalishSea1500-RUN203/RST : directory to stock the restarts
/home/mdunphy/project/mdunphy/nemo_results/SalishSea1500/SalishSea1500-RUN203/CDF : directory for combined netCDF results
/home/mdunphy/project/mdunphy/nemo_results/SalishSea1500/SalishSea1500-RUN203/LOG : directory for ice something ...

TEMP directories :
~~~~~~~~~~~~~~~~~~~~
/home/mdunphy/scratch/nemo_temp/SalishSea1500/SalishSea1500-RUN203 : home temp directory
/home/mdunphy/scratch/nemo_temp/SalishSea1500/SalishSea1500-RUN203/RST : directory for the restart
/home/mdunphy/scratch/nemo_temp/SalishSea1500/SalishSea1500-RUN203/CDF : directory for the cdf
/home/mdunphy/scratch/nemo_temp/SalishSea1500/SalishSea1500-RUN203/LOG : directory for the log
/home/mdunphy/scratch/nemo_temp/SalishSea1500/SalishSea1500-RUN203/RUN : directory to run
/home/mdunphy/scratch/nemo_temp/SalishSea1500/SalishSea1500-RUN203/RUN/ATMDATA : directory for the atmos forcing
/home/mdunphy/scratch/nemo_temp/SalishSea1500/SalishSea1500-RUN203/RUN/BDY : directory for the obc files

Run features :
~~~~~~~~~~~~~~
Executable name : nemo.exe
Bathymetry : bathy_salishsea_1500m_20210706.nc
Coordinates : coordinates_salishsea_1500m.nc
K1 tidal mixing :
M2 tidal mixing :
Mask tidal mixing :
Shlat :
Clim T :
Clim S :
Clim U :
Clim V :
Runoff :
Chlorophyl :
List of the open boundaries :

 G O O D   T O   G O !!!
170 days to run, starting 20180725 (25042) ending 20190111 (25212)
FOUND COMBINED RESTART FILE:  /home/mdunphy/project/mdunphy/nemo_results/SalishSea1500/SalishSea1500-RUN203/RST/SalishSea1500-RUN203_10404000_restart.nc
Submitting job, 96 cores, 09:00:00s runlimit, control path /home/mdunphy/project/mdunphy/control/SalishSea1500-RUN203
sbatch --time=09:00:00 --job-name=RUN203 --mem-per-cpu=3900M --ntasks=96 -o /home/mdunphy/scratch/nemo_temp/SalishSea1500/SalishSea1500-RUN203/RUN/nemo.stdout -e /home/mdunphy/scratch/nemo_temp/SalishSea1500/SalishSea1500-RUN203/RUN/nemo.stderr RUN203.ksh
Submitted batch job 63138070
slurmstepd: error: Detected 1 oom-kill event(s) in StepId=63136951.batch cgroup. Some of your processes may have been killed by the cgroup out-of-memory handler.
